[0.012s] Invoking command in '/home/ross/DroneSim_ws/build/ros_gz_example_description': CMAKE_PREFIX_PATH=${CMAKE_PREFIX_PATH}:/opt/ros/humble /usr/bin/cmake --build /home/ross/DroneSim_ws/build/ros_gz_example_description -- -j12 -l12
[0.040s] Invoked command in '/home/ross/DroneSim_ws/build/ros_gz_example_description' returned '0': CMAKE_PREFIX_PATH=${CMAKE_PREFIX_PATH}:/opt/ros/humble /usr/bin/cmake --build /home/ross/DroneSim_ws/build/ros_gz_example_description -- -j12 -l12
[0.062s] Invoking command in '/home/ross/DroneSim_ws/build/ros_gz_example_description': CMAKE_PREFIX_PATH=${CMAKE_PREFIX_PATH}:/opt/ros/humble /usr/bin/cmake --install /home/ross/DroneSim_ws/build/ros_gz_example_description
[0.067s] -- Install configuration: ""
[0.067s] -- Up-to-date: /home/ross/DroneSim_ws/install/ros_gz_example_description/share/ros_gz_example_description/models
[0.068s] -- Up-to-date: /home/ross/DroneSim_ws/install/ros_gz_example_description/share/ros_gz_example_description/models/diff_drive
[0.068s] -- Up-to-date: /home/ross/DroneSim_ws/install/ros_gz_example_description/share/ros_gz_example_description/models/diff_drive/model.config
[0.068s] -- Up-to-date: /home/ross/DroneSim_ws/install/ros_gz_example_description/share/ros_gz_example_description/models/diff_drive/model.sdf
[0.068s] -- Up-to-date: /home/ross/DroneSim_ws/install/ros_gz_example_description/share/ros_gz_example_description/models/rrbot
[0.068s] -- Up-to-date: /home/ross/DroneSim_ws/install/ros_gz_example_description/share/ros_gz_example_description/models/rrbot/model.sdf
[0.068s] -- Up-to-date: /home/ross/DroneSim_ws/install/ros_gz_example_description/share/ros_gz_example_description/environment/ros_gz_example_description.dsv
[0.068s] -- Up-to-date: /home/ross/DroneSim_ws/install/ros_gz_example_description/share/ros_gz_example_description/environment/ros_gz_example_description.sh
[0.068s] -- Up-to-date: /home/ross/DroneSim_ws/install/ros_gz_example_description/share/ament_index/resource_index/package_run_dependencies/ros_gz_example_description
[0.068s] -- Up-to-date: /home/ross/DroneSim_ws/install/ros_gz_example_description/share/ament_index/resource_index/parent_prefix_path/ros_gz_example_description
[0.069s] -- Up-to-date: /home/ross/DroneSim_ws/install/ros_gz_example_description/share/ros_gz_example_description/environment/ament_prefix_path.sh
[0.069s] -- Up-to-date: /home/ross/DroneSim_ws/install/ros_gz_example_description/share/ros_gz_example_description/environment/ament_prefix_path.dsv
[0.069s] -- Up-to-date: /home/ross/DroneSim_ws/install/ros_gz_example_description/share/ros_gz_example_description/environment/path.sh
[0.070s] -- Up-to-date: /home/ross/DroneSim_ws/install/ros_gz_example_description/share/ros_gz_example_description/environment/path.dsv
[0.070s] -- Up-to-date: /home/ross/DroneSim_ws/install/ros_gz_example_description/share/ros_gz_example_description/local_setup.bash
[0.070s] -- Up-to-date: /home/ross/DroneSim_ws/install/ros_gz_example_description/share/ros_gz_example_description/local_setup.sh
[0.070s] -- Up-to-date: /home/ross/DroneSim_ws/install/ros_gz_example_description/share/ros_gz_example_description/local_setup.zsh
[0.070s] -- Up-to-date: /home/ross/DroneSim_ws/install/ros_gz_example_description/share/ros_gz_example_description/local_setup.dsv
[0.071s] -- Installing: /home/ross/DroneSim_ws/install/ros_gz_example_description/share/ros_gz_example_description/package.dsv
[0.071s] -- Up-to-date: /home/ross/DroneSim_ws/install/ros_gz_example_description/share/ament_index/resource_index/packages/ros_gz_example_description
[0.071s] -- Up-to-date: /home/ross/DroneSim_ws/install/ros_gz_example_description/share/ros_gz_example_description/cmake/ros_gz_example_descriptionConfig.cmake
[0.071s] -- Up-to-date: /home/ross/DroneSim_ws/install/ros_gz_example_description/share/ros_gz_example_description/cmake/ros_gz_example_descriptionConfig-version.cmake
[0.071s] -- Up-to-date: /home/ross/DroneSim_ws/install/ros_gz_example_description/share/ros_gz_example_description/package.xml
[0.075s] Invoked command in '/home/ross/DroneSim_ws/build/ros_gz_example_description' returned '0': CMAKE_PREFIX_PATH=${CMAKE_PREFIX_PATH}:/opt/ros/humble /usr/bin/cmake --install /home/ross/DroneSim_ws/build/ros_gz_example_description
