[0.119s] DEBUG:colcon:Command line arguments: ['/usr/bin/colcon', 'build', '--cmake-args', '-DBUILD_TESTING=ON']
[0.119s] DEBUG:colcon:Parsed command line arguments: Namespace(log_base=None, log_level=None, verb_name='build', build_base='build', install_base='install', merge_install=False, symlink_install=False, test_result_base=None, continue_on_error=False, executor='parallel', parallel_workers=12, event_handlers=None, ignore_user_meta=False, metas=['./colcon.meta'], base_paths=['.'], packages_ignore=None, packages_ignore_regex=None, paths=None, packages_up_to=None, packages_up_to_regex=None, packages_above=None, packages_above_and_dependencies=None, packages_above_depth=None, packages_select_by_dep=None, packages_skip_by_dep=None, packages_skip_up_to=None, packages_select_build_failed=False, packages_skip_build_finished=False, packages_select_test_failures=False, packages_skip_test_passed=False, packages_select=None, packages_skip=None, packages_select_regex=None, packages_skip_regex=None, packages_start=None, packages_end=None, allow_overriding=[], cmake_args=['-DBUILD_TESTING=ON'], cmake_target=None, cmake_target_skip_unavailable=False, cmake_clean_cache=False, cmake_clean_first=False, cmake_force_configure=False, ament_cmake_args=None, catkin_cmake_args=None, catkin_skip_building_tests=False, verb_parser=<colcon_defaults.argument_parser.defaults.DefaultArgumentsDecorator object at 0x7b91ddb12a70>, verb_extension=<colcon_core.verb.build.BuildVerb object at 0x7b91ddb12620>, main=<bound method BuildVerb.main of <colcon_core.verb.build.BuildVerb object at 0x7b91ddb12620>>)
[0.154s] Level 1:colcon.colcon_core.package_discovery:discover_packages(colcon_meta) check parameters
[0.154s] Level 1:colcon.colcon_core.package_discovery:discover_packages(recursive) check parameters
[0.154s] Level 1:colcon.colcon_core.package_discovery:discover_packages(ignore) check parameters
[0.154s] Level 1:colcon.colcon_core.package_discovery:discover_packages(path) check parameters
[0.154s] Level 1:colcon.colcon_core.package_discovery:discover_packages(colcon_meta) discover
[0.154s] Level 1:colcon.colcon_core.package_discovery:discover_packages(recursive) discover
[0.154s] INFO:colcon.colcon_core.package_discovery:Crawling recursively for packages in '/home/ross/DroneSim_ws'
[0.154s] Level 1:colcon.colcon_core.package_identification:_identify(.) by extensions ['ignore', 'ignore_ament_install']
[0.154s] Level 1:colcon.colcon_core.package_identification:_identify(.) by extension 'ignore'
[0.154s] Level 1:colcon.colcon_core.package_identification:_identify(.) by extension 'ignore_ament_install'
[0.154s] Level 1:colcon.colcon_core.package_identification:_identify(.) by extensions ['colcon_pkg']
[0.154s] Level 1:colcon.colcon_core.package_identification:_identify(.) by extension 'colcon_pkg'
[0.154s] Level 1:colcon.colcon_core.package_identification:_identify(.) by extensions ['colcon_meta']
[0.154s] Level 1:colcon.colcon_core.package_identification:_identify(.) by extension 'colcon_meta'
[0.154s] Level 1:colcon.colcon_core.package_identification:_identify(.) by extensions ['ros']
[0.154s] Level 1:colcon.colcon_core.package_identification:_identify(.) by extension 'ros'
[0.168s] Level 1:colcon.colcon_core.package_identification:_identify(.) by extensions ['cmake', 'python']
[0.168s] Level 1:colcon.colcon_core.package_identification:_identify(.) by extension 'cmake'
[0.168s] Level 1:colcon.colcon_core.package_identification:_identify(.) by extension 'python'
[0.168s] Level 1:colcon.colcon_core.package_identification:_identify(.) by extensions ['python_setup_py']
[0.168s] Level 1:colcon.colcon_core.package_identification:_identify(.) by extension 'python_setup_py'
[0.168s] Level 1:colcon.colcon_core.package_identification:_identify(build) by extensions ['ignore', 'ignore_ament_install']
[0.168s] Level 1:colcon.colcon_core.package_identification:_identify(build) by extension 'ignore'
[0.168s] Level 1:colcon.colcon_core.package_identification:_identify(build) ignored
[0.168s] Level 1:colcon.colcon_core.package_identification:_identify(install) by extensions ['ignore', 'ignore_ament_install']
[0.168s] Level 1:colcon.colcon_core.package_identification:_identify(install) by extension 'ignore'
[0.168s] Level 1:colcon.colcon_core.package_identification:_identify(install) ignored
[0.169s] Level 1:colcon.colcon_core.package_identification:_identify(log) by extensions ['ignore', 'ignore_ament_install']
[0.169s] Level 1:colcon.colcon_core.package_identification:_identify(log) by extension 'ignore'
[0.169s] Level 1:colcon.colcon_core.package_identification:_identify(log) ignored
[0.169s] Level 1:colcon.colcon_core.package_identification:_identify(src) by extensions ['ignore', 'ignore_ament_install']
[0.169s] Level 1:colcon.colcon_core.package_identification:_identify(src) by extension 'ignore'
[0.169s] Level 1:colcon.colcon_core.package_identification:_identify(src) by extension 'ignore_ament_install'
[0.169s] Level 1:colcon.colcon_core.package_identification:_identify(src) by extensions ['colcon_pkg']
[0.169s] Level 1:colcon.colcon_core.package_identification:_identify(src) by extension 'colcon_pkg'
[0.169s] Level 1:colcon.colcon_core.package_identification:_identify(src) by extensions ['colcon_meta']
[0.169s] Level 1:colcon.colcon_core.package_identification:_identify(src) by extension 'colcon_meta'
[0.169s] Level 1:colcon.colcon_core.package_identification:_identify(src) by extensions ['ros']
[0.169s] Level 1:colcon.colcon_core.package_identification:_identify(src) by extension 'ros'
[0.169s] Level 1:colcon.colcon_core.package_identification:_identify(src) by extensions ['cmake', 'python']
[0.169s] Level 1:colcon.colcon_core.package_identification:_identify(src) by extension 'cmake'
[0.169s] Level 1:colcon.colcon_core.package_identification:_identify(src) by extension 'python'
[0.169s] Level 1:colcon.colcon_core.package_identification:_identify(src) by extensions ['python_setup_py']
[0.169s] Level 1:colcon.colcon_core.package_identification:_identify(src) by extension 'python_setup_py'
[0.169s] Level 1:colcon.colcon_core.package_identification:_identify(src/ros_gz_project_template-fortress) by extensions ['ignore', 'ignore_ament_install']
[0.169s] Level 1:colcon.colcon_core.package_identification:_identify(src/ros_gz_project_template-fortress) by extension 'ignore'
[0.169s] Level 1:colcon.colcon_core.package_identification:_identify(src/ros_gz_project_template-fortress) by extension 'ignore_ament_install'
[0.170s] Level 1:colcon.colcon_core.package_identification:_identify(src/ros_gz_project_template-fortress) by extensions ['colcon_pkg']
[0.170s] Level 1:colcon.colcon_core.package_identification:_identify(src/ros_gz_project_template-fortress) by extension 'colcon_pkg'
[0.170s] Level 1:colcon.colcon_core.package_identification:_identify(src/ros_gz_project_template-fortress) by extensions ['colcon_meta']
[0.170s] Level 1:colcon.colcon_core.package_identification:_identify(src/ros_gz_project_template-fortress) by extension 'colcon_meta'
[0.170s] Level 1:colcon.colcon_core.package_identification:_identify(src/ros_gz_project_template-fortress) by extensions ['ros']
[0.170s] Level 1:colcon.colcon_core.package_identification:_identify(src/ros_gz_project_template-fortress) by extension 'ros'
[0.170s] Level 1:colcon.colcon_core.package_identification:_identify(src/ros_gz_project_template-fortress) by extensions ['cmake', 'python']
[0.170s] Level 1:colcon.colcon_core.package_identification:_identify(src/ros_gz_project_template-fortress) by extension 'cmake'
[0.170s] Level 1:colcon.colcon_core.package_identification:_identify(src/ros_gz_project_template-fortress) by extension 'python'
[0.170s] Level 1:colcon.colcon_core.package_identification:_identify(src/ros_gz_project_template-fortress) by extensions ['python_setup_py']
[0.170s] Level 1:colcon.colcon_core.package_identification:_identify(src/ros_gz_project_template-fortress) by extension 'python_setup_py'
[0.170s] Level 1:colcon.colcon_core.package_identification:_identify(src/ros_gz_project_template-fortress/ros_gz_example_application) by extensions ['ignore', 'ignore_ament_install']
[0.170s] Level 1:colcon.colcon_core.package_identification:_identify(src/ros_gz_project_template-fortress/ros_gz_example_application) by extension 'ignore'
[0.170s] Level 1:colcon.colcon_core.package_identification:_identify(src/ros_gz_project_template-fortress/ros_gz_example_application) by extension 'ignore_ament_install'
[0.170s] Level 1:colcon.colcon_core.package_identification:_identify(src/ros_gz_project_template-fortress/ros_gz_example_application) by extensions ['colcon_pkg']
[0.170s] Level 1:colcon.colcon_core.package_identification:_identify(src/ros_gz_project_template-fortress/ros_gz_example_application) by extension 'colcon_pkg'
[0.170s] Level 1:colcon.colcon_core.package_identification:_identify(src/ros_gz_project_template-fortress/ros_gz_example_application) by extensions ['colcon_meta']
[0.170s] Level 1:colcon.colcon_core.package_identification:_identify(src/ros_gz_project_template-fortress/ros_gz_example_application) by extension 'colcon_meta'
[0.170s] Level 1:colcon.colcon_core.package_identification:_identify(src/ros_gz_project_template-fortress/ros_gz_example_application) by extensions ['ros']
[0.170s] Level 1:colcon.colcon_core.package_identification:_identify(src/ros_gz_project_template-fortress/ros_gz_example_application) by extension 'ros'
[0.172s] DEBUG:colcon.colcon_core.package_identification:Package 'src/ros_gz_project_template-fortress/ros_gz_example_application' with type 'ros.ament_cmake' and name 'ros_gz_example_application'
[0.172s] Level 1:colcon.colcon_core.package_identification:_identify(src/ros_gz_project_template-fortress/ros_gz_example_bringup) by extensions ['ignore', 'ignore_ament_install']
[0.173s] Level 1:colcon.colcon_core.package_identification:_identify(src/ros_gz_project_template-fortress/ros_gz_example_bringup) by extension 'ignore'
[0.173s] Level 1:colcon.colcon_core.package_identification:_identify(src/ros_gz_project_template-fortress/ros_gz_example_bringup) by extension 'ignore_ament_install'
[0.173s] Level 1:colcon.colcon_core.package_identification:_identify(src/ros_gz_project_template-fortress/ros_gz_example_bringup) by extensions ['colcon_pkg']
[0.173s] Level 1:colcon.colcon_core.package_identification:_identify(src/ros_gz_project_template-fortress/ros_gz_example_bringup) by extension 'colcon_pkg'
[0.173s] Level 1:colcon.colcon_core.package_identification:_identify(src/ros_gz_project_template-fortress/ros_gz_example_bringup) by extensions ['colcon_meta']
[0.173s] Level 1:colcon.colcon_core.package_identification:_identify(src/ros_gz_project_template-fortress/ros_gz_example_bringup) by extension 'colcon_meta'
[0.173s] Level 1:colcon.colcon_core.package_identification:_identify(src/ros_gz_project_template-fortress/ros_gz_example_bringup) by extensions ['ros']
[0.173s] Level 1:colcon.colcon_core.package_identification:_identify(src/ros_gz_project_template-fortress/ros_gz_example_bringup) by extension 'ros'
[0.174s] DEBUG:colcon.colcon_core.package_identification:Package 'src/ros_gz_project_template-fortress/ros_gz_example_bringup' with type 'ros.ament_cmake' and name 'ros_gz_example_bringup'
[0.174s] Level 1:colcon.colcon_core.package_identification:_identify(src/ros_gz_project_template-fortress/ros_gz_example_description) by extensions ['ignore', 'ignore_ament_install']
[0.174s] Level 1:colcon.colcon_core.package_identification:_identify(src/ros_gz_project_template-fortress/ros_gz_example_description) by extension 'ignore'
[0.174s] Level 1:colcon.colcon_core.package_identification:_identify(src/ros_gz_project_template-fortress/ros_gz_example_description) by extension 'ignore_ament_install'
[0.174s] Level 1:colcon.colcon_core.package_identification:_identify(src/ros_gz_project_template-fortress/ros_gz_example_description) by extensions ['colcon_pkg']
[0.174s] Level 1:colcon.colcon_core.package_identification:_identify(src/ros_gz_project_template-fortress/ros_gz_example_description) by extension 'colcon_pkg'
[0.174s] Level 1:colcon.colcon_core.package_identification:_identify(src/ros_gz_project_template-fortress/ros_gz_example_description) by extensions ['colcon_meta']
[0.174s] Level 1:colcon.colcon_core.package_identification:_identify(src/ros_gz_project_template-fortress/ros_gz_example_description) by extension 'colcon_meta'
[0.174s] Level 1:colcon.colcon_core.package_identification:_identify(src/ros_gz_project_template-fortress/ros_gz_example_description) by extensions ['ros']
[0.174s] Level 1:colcon.colcon_core.package_identification:_identify(src/ros_gz_project_template-fortress/ros_gz_example_description) by extension 'ros'
[0.175s] DEBUG:colcon.colcon_core.package_identification:Package 'src/ros_gz_project_template-fortress/ros_gz_example_description' with type 'ros.ament_cmake' and name 'ros_gz_example_description'
[0.175s] Level 1:colcon.colcon_core.package_identification:_identify(src/ros_gz_project_template-fortress/ros_gz_example_gazebo) by extensions ['ignore', 'ignore_ament_install']
[0.175s] Level 1:colcon.colcon_core.package_identification:_identify(src/ros_gz_project_template-fortress/ros_gz_example_gazebo) by extension 'ignore'
[0.175s] Level 1:colcon.colcon_core.package_identification:_identify(src/ros_gz_project_template-fortress/ros_gz_example_gazebo) by extension 'ignore_ament_install'
[0.175s] Level 1:colcon.colcon_core.package_identification:_identify(src/ros_gz_project_template-fortress/ros_gz_example_gazebo) by extensions ['colcon_pkg']
[0.175s] Level 1:colcon.colcon_core.package_identification:_identify(src/ros_gz_project_template-fortress/ros_gz_example_gazebo) by extension 'colcon_pkg'
[0.175s] Level 1:colcon.colcon_core.package_identification:_identify(src/ros_gz_project_template-fortress/ros_gz_example_gazebo) by extensions ['colcon_meta']
[0.175s] Level 1:colcon.colcon_core.package_identification:_identify(src/ros_gz_project_template-fortress/ros_gz_example_gazebo) by extension 'colcon_meta'
[0.175s] Level 1:colcon.colcon_core.package_identification:_identify(src/ros_gz_project_template-fortress/ros_gz_example_gazebo) by extensions ['ros']
[0.175s] Level 1:colcon.colcon_core.package_identification:_identify(src/ros_gz_project_template-fortress/ros_gz_example_gazebo) by extension 'ros'
[0.176s] DEBUG:colcon.colcon_core.package_identification:Package 'src/ros_gz_project_template-fortress/ros_gz_example_gazebo' with type 'ros.ament_cmake' and name 'ros_gz_example_gazebo'
[0.176s] Level 1:colcon.colcon_core.package_discovery:discover_packages(recursive) using defaults
[0.176s] Level 1:colcon.colcon_core.package_discovery:discover_packages(ignore) discover
[0.176s] Level 1:colcon.colcon_core.package_discovery:discover_packages(ignore) using defaults
[0.176s] Level 1:colcon.colcon_core.package_discovery:discover_packages(path) discover
[0.176s] Level 1:colcon.colcon_core.package_discovery:discover_packages(path) using defaults
[0.195s] Level 1:colcon.colcon_core.package_discovery:discover_packages(prefix_path) check parameters
[0.195s] Level 1:colcon.colcon_core.package_discovery:discover_packages(prefix_path) discover
[0.198s] DEBUG:colcon.colcon_installed_package_information.package_discovery:Found 4 installed packages in /home/ross/DroneSim_ws/install
[0.199s] DEBUG:colcon.colcon_installed_package_information.package_discovery:Found 22 installed packages in /home/ross/aerostack2_ws/install
[0.200s] DEBUG:colcon.colcon_installed_package_information.package_discovery:Found 1 installed packages in /home/ross/esl2024-main/install
[0.201s] DEBUG:colcon.colcon_installed_package_information.package_discovery:Found 352 installed packages in /opt/ros/humble
[0.203s] Level 1:colcon.colcon_core.package_discovery:discover_packages(prefix_path) using defaults
[0.250s] Level 5:colcon.colcon_core.verb:set package 'ros_gz_example_application' build argument 'cmake_args' from command line to '['-DBUILD_TESTING=ON']'
[0.250s] Level 5:colcon.colcon_core.verb:set package 'ros_gz_example_application' build argument 'cmake_target' from command line to 'None'
[0.250s] Level 5:colcon.colcon_core.verb:set package 'ros_gz_example_application' build argument 'cmake_target_skip_unavailable' from command line to 'False'
[0.250s] Level 5:colcon.colcon_core.verb:set package 'ros_gz_example_application' build argument 'cmake_clean_cache' from command line to 'False'
[0.250s] Level 5:colcon.colcon_core.verb:set package 'ros_gz_example_application' build argument 'cmake_clean_first' from command line to 'False'
[0.250s] Level 5:colcon.colcon_core.verb:set package 'ros_gz_example_application' build argument 'cmake_force_configure' from command line to 'False'
[0.250s] Level 5:colcon.colcon_core.verb:set package 'ros_gz_example_application' build argument 'ament_cmake_args' from command line to 'None'
[0.250s] Level 5:colcon.colcon_core.verb:set package 'ros_gz_example_application' build argument 'catkin_cmake_args' from command line to 'None'
[0.251s] Level 5:colcon.colcon_core.verb:set package 'ros_gz_example_application' build argument 'catkin_skip_building_tests' from command line to 'False'
[0.251s] DEBUG:colcon.colcon_core.verb:Building package 'ros_gz_example_application' with the following arguments: {'ament_cmake_args': None, 'build_base': '/home/ross/DroneSim_ws/build/ros_gz_example_application', 'catkin_cmake_args': None, 'catkin_skip_building_tests': False, 'cmake_args': ['-DBUILD_TESTING=ON'], 'cmake_clean_cache': False, 'cmake_clean_first': False, 'cmake_force_configure': False, 'cmake_target': None, 'cmake_target_skip_unavailable': False, 'install_base': '/home/ross/DroneSim_ws/install/ros_gz_example_application', 'merge_install': False, 'path': '/home/ross/DroneSim_ws/src/ros_gz_project_template-fortress/ros_gz_example_application', 'symlink_install': False, 'test_result_base': None}
[0.251s] Level 5:colcon.colcon_core.verb:set package 'ros_gz_example_description' build argument 'cmake_args' from command line to '['-DBUILD_TESTING=ON']'
[0.251s] Level 5:colcon.colcon_core.verb:set package 'ros_gz_example_description' build argument 'cmake_target' from command line to 'None'
[0.251s] Level 5:colcon.colcon_core.verb:set package 'ros_gz_example_description' build argument 'cmake_target_skip_unavailable' from command line to 'False'
[0.251s] Level 5:colcon.colcon_core.verb:set package 'ros_gz_example_description' build argument 'cmake_clean_cache' from command line to 'False'
[0.251s] Level 5:colcon.colcon_core.verb:set package 'ros_gz_example_description' build argument 'cmake_clean_first' from command line to 'False'
[0.251s] Level 5:colcon.colcon_core.verb:set package 'ros_gz_example_description' build argument 'cmake_force_configure' from command line to 'False'
[0.251s] Level 5:colcon.colcon_core.verb:set package 'ros_gz_example_description' build argument 'ament_cmake_args' from command line to 'None'
[0.251s] Level 5:colcon.colcon_core.verb:set package 'ros_gz_example_description' build argument 'catkin_cmake_args' from command line to 'None'
[0.251s] Level 5:colcon.colcon_core.verb:set package 'ros_gz_example_description' build argument 'catkin_skip_building_tests' from command line to 'False'
[0.251s] DEBUG:colcon.colcon_core.verb:Building package 'ros_gz_example_description' with the following arguments: {'ament_cmake_args': None, 'build_base': '/home/ross/DroneSim_ws/build/ros_gz_example_description', 'catkin_cmake_args': None, 'catkin_skip_building_tests': False, 'cmake_args': ['-DBUILD_TESTING=ON'], 'cmake_clean_cache': False, 'cmake_clean_first': False, 'cmake_force_configure': False, 'cmake_target': None, 'cmake_target_skip_unavailable': False, 'install_base': '/home/ross/DroneSim_ws/install/ros_gz_example_description', 'merge_install': False, 'path': '/home/ross/DroneSim_ws/src/ros_gz_project_template-fortress/ros_gz_example_description', 'symlink_install': False, 'test_result_base': None}
[0.251s] Level 5:colcon.colcon_core.verb:set package 'ros_gz_example_gazebo' build argument 'cmake_args' from command line to '['-DBUILD_TESTING=ON']'
[0.251s] Level 5:colcon.colcon_core.verb:set package 'ros_gz_example_gazebo' build argument 'cmake_target' from command line to 'None'
[0.251s] Level 5:colcon.colcon_core.verb:set package 'ros_gz_example_gazebo' build argument 'cmake_target_skip_unavailable' from command line to 'False'
[0.252s] Level 5:colcon.colcon_core.verb:set package 'ros_gz_example_gazebo' build argument 'cmake_clean_cache' from command line to 'False'
[0.252s] Level 5:colcon.colcon_core.verb:set package 'ros_gz_example_gazebo' build argument 'cmake_clean_first' from command line to 'False'
[0.252s] Level 5:colcon.colcon_core.verb:set package 'ros_gz_example_gazebo' build argument 'cmake_force_configure' from command line to 'False'
[0.252s] Level 5:colcon.colcon_core.verb:set package 'ros_gz_example_gazebo' build argument 'ament_cmake_args' from command line to 'None'
[0.252s] Level 5:colcon.colcon_core.verb:set package 'ros_gz_example_gazebo' build argument 'catkin_cmake_args' from command line to 'None'
[0.252s] Level 5:colcon.colcon_core.verb:set package 'ros_gz_example_gazebo' build argument 'catkin_skip_building_tests' from command line to 'False'
[0.252s] DEBUG:colcon.colcon_core.verb:Building package 'ros_gz_example_gazebo' with the following arguments: {'ament_cmake_args': None, 'build_base': '/home/ross/DroneSim_ws/build/ros_gz_example_gazebo', 'catkin_cmake_args': None, 'catkin_skip_building_tests': False, 'cmake_args': ['-DBUILD_TESTING=ON'], 'cmake_clean_cache': False, 'cmake_clean_first': False, 'cmake_force_configure': False, 'cmake_target': None, 'cmake_target_skip_unavailable': False, 'install_base': '/home/ross/DroneSim_ws/install/ros_gz_example_gazebo', 'merge_install': False, 'path': '/home/ross/DroneSim_ws/src/ros_gz_project_template-fortress/ros_gz_example_gazebo', 'symlink_install': False, 'test_result_base': None}
[0.252s] Level 5:colcon.colcon_core.verb:set package 'ros_gz_example_bringup' build argument 'cmake_args' from command line to '['-DBUILD_TESTING=ON']'
[0.252s] Level 5:colcon.colcon_core.verb:set package 'ros_gz_example_bringup' build argument 'cmake_target' from command line to 'None'
[0.252s] Level 5:colcon.colcon_core.verb:set package 'ros_gz_example_bringup' build argument 'cmake_target_skip_unavailable' from command line to 'False'
[0.252s] Level 5:colcon.colcon_core.verb:set package 'ros_gz_example_bringup' build argument 'cmake_clean_cache' from command line to 'False'
[0.252s] Level 5:colcon.colcon_core.verb:set package 'ros_gz_example_bringup' build argument 'cmake_clean_first' from command line to 'False'
[0.252s] Level 5:colcon.colcon_core.verb:set package 'ros_gz_example_bringup' build argument 'cmake_force_configure' from command line to 'False'
[0.252s] Level 5:colcon.colcon_core.verb:set package 'ros_gz_example_bringup' build argument 'ament_cmake_args' from command line to 'None'
[0.252s] Level 5:colcon.colcon_core.verb:set package 'ros_gz_example_bringup' build argument 'catkin_cmake_args' from command line to 'None'
[0.252s] Level 5:colcon.colcon_core.verb:set package 'ros_gz_example_bringup' build argument 'catkin_skip_building_tests' from command line to 'False'
[0.252s] DEBUG:colcon.colcon_core.verb:Building package 'ros_gz_example_bringup' with the following arguments: {'ament_cmake_args': None, 'build_base': '/home/ross/DroneSim_ws/build/ros_gz_example_bringup', 'catkin_cmake_args': None, 'catkin_skip_building_tests': False, 'cmake_args': ['-DBUILD_TESTING=ON'], 'cmake_clean_cache': False, 'cmake_clean_first': False, 'cmake_force_configure': False, 'cmake_target': None, 'cmake_target_skip_unavailable': False, 'install_base': '/home/ross/DroneSim_ws/install/ros_gz_example_bringup', 'merge_install': False, 'path': '/home/ross/DroneSim_ws/src/ros_gz_project_template-fortress/ros_gz_example_bringup', 'symlink_install': False, 'test_result_base': None}
[0.252s] INFO:colcon.colcon_core.executor:Executing jobs using 'parallel' executor
[0.253s] DEBUG:colcon.colcon_parallel_executor.executor.parallel:run_until_complete
[0.253s] INFO:colcon.colcon_ros.task.ament_cmake.build:Building ROS package in '/home/ross/DroneSim_ws/src/ros_gz_project_template-fortress/ros_gz_example_description' with build type 'ament_cmake'
[0.253s] INFO:colcon.colcon_cmake.task.cmake.build:Building CMake package in '/home/ross/DroneSim_ws/src/ros_gz_project_template-fortress/ros_gz_example_description'
[0.257s] INFO:colcon.colcon_core.plugin_system:Skipping extension 'colcon_core.shell.bat': Not used on non-Windows systems
[0.257s] INFO:colcon.colcon_core.shell:Skip shell extension 'powershell' for command environment: Not usable outside of PowerShell
[0.257s] DEBUG:colcon.colcon_core.shell:Skip shell extension 'dsv' for command environment
[0.261s] INFO:colcon.colcon_ros.task.ament_cmake.build:Building ROS package in '/home/ross/DroneSim_ws/src/ros_gz_project_template-fortress/ros_gz_example_application' with build type 'ament_cmake'
[0.261s] INFO:colcon.colcon_cmake.task.cmake.build:Building CMake package in '/home/ross/DroneSim_ws/src/ros_gz_project_template-fortress/ros_gz_example_application'
[0.262s] INFO:colcon.colcon_core.shell:Skip shell extension 'powershell' for command environment: Not usable outside of PowerShell
[0.262s] DEBUG:colcon.colcon_core.shell:Skip shell extension 'dsv' for command environment
[0.272s] DEBUG:colcon.colcon_core.event_handler.log_command:Invoking command in '/home/ross/DroneSim_ws/build/ros_gz_example_description': CMAKE_PREFIX_PATH=${CMAKE_PREFIX_PATH}:/home/ross/aerostack2_ws/install/as2_keyboard_teleoperation:/home/ross/aerostack2_ws/install/as2_python_api:/opt/ros/humble /usr/bin/cmake --build /home/ross/DroneSim_ws/build/ros_gz_example_description -- -j12 -l12
[0.277s] DEBUG:colcon.colcon_core.event_handler.log_command:Invoking command in '/home/ross/DroneSim_ws/build/ros_gz_example_application': CMAKE_PREFIX_PATH=${CMAKE_PREFIX_PATH}:/home/ross/aerostack2_ws/install/as2_keyboard_teleoperation:/home/ross/aerostack2_ws/install/as2_python_api:/opt/ros/humble /usr/bin/cmake --build /home/ross/DroneSim_ws/build/ros_gz_example_application -- -j12 -l12
[0.308s] DEBUG:colcon.colcon_core.event_handler.log_command:Invoked command in '/home/ross/DroneSim_ws/build/ros_gz_example_application' returned '0': CMAKE_PREFIX_PATH=${CMAKE_PREFIX_PATH}:/home/ross/aerostack2_ws/install/as2_keyboard_teleoperation:/home/ross/aerostack2_ws/install/as2_python_api:/opt/ros/humble /usr/bin/cmake --build /home/ross/DroneSim_ws/build/ros_gz_example_application -- -j12 -l12
[0.310s] DEBUG:colcon.colcon_core.event_handler.log_command:Invoked command in '/home/ross/DroneSim_ws/build/ros_gz_example_description' returned '0': CMAKE_PREFIX_PATH=${CMAKE_PREFIX_PATH}:/home/ross/aerostack2_ws/install/as2_keyboard_teleoperation:/home/ross/aerostack2_ws/install/as2_python_api:/opt/ros/humble /usr/bin/cmake --build /home/ross/DroneSim_ws/build/ros_gz_example_description -- -j12 -l12
[0.336s] DEBUG:colcon.colcon_core.event_handler.log_command:Invoking command in '/home/ross/DroneSim_ws/build/ros_gz_example_application': CMAKE_PREFIX_PATH=${CMAKE_PREFIX_PATH}:/home/ross/aerostack2_ws/install/as2_keyboard_teleoperation:/home/ross/aerostack2_ws/install/as2_python_api:/opt/ros/humble /usr/bin/cmake --install /home/ross/DroneSim_ws/build/ros_gz_example_application
[0.338s] DEBUG:colcon.colcon_core.event_handler.log_command:Invoking command in '/home/ross/DroneSim_ws/build/ros_gz_example_description': CMAKE_PREFIX_PATH=${CMAKE_PREFIX_PATH}:/home/ross/aerostack2_ws/install/as2_keyboard_teleoperation:/home/ross/aerostack2_ws/install/as2_python_api:/opt/ros/humble /usr/bin/cmake --install /home/ross/DroneSim_ws/build/ros_gz_example_description
[0.344s] Level 1:colcon.colcon_core.environment:create_environment_scripts_only(ros_gz_example_application)
[0.345s] DEBUG:colcon.colcon_core.event_handler.log_command:Invoked command in '/home/ross/DroneSim_ws/build/ros_gz_example_application' returned '0': CMAKE_PREFIX_PATH=${CMAKE_PREFIX_PATH}:/home/ross/aerostack2_ws/install/as2_keyboard_teleoperation:/home/ross/aerostack2_ws/install/as2_python_api:/opt/ros/humble /usr/bin/cmake --install /home/ross/DroneSim_ws/build/ros_gz_example_application
[0.354s] Level 1:colcon.colcon_core.environment:checking '/home/ross/DroneSim_ws/install/ros_gz_example_application' for CMake module files
[0.354s] Level 1:colcon.colcon_core.environment:checking '/home/ross/DroneSim_ws/install/ros_gz_example_application' for CMake config files
[0.354s] Level 1:colcon.colcon_core.shell:create_environment_hook('ros_gz_example_application', 'cmake_prefix_path')
[0.355s] INFO:colcon.colcon_core.shell:Creating environment hook '/home/ross/DroneSim_ws/install/ros_gz_example_application/share/ros_gz_example_application/hook/cmake_prefix_path.ps1'
[0.355s] INFO:colcon.colcon_core.shell:Creating environment descriptor '/home/ross/DroneSim_ws/install/ros_gz_example_application/share/ros_gz_example_application/hook/cmake_prefix_path.dsv'
[0.355s] INFO:colcon.colcon_core.shell:Creating environment hook '/home/ross/DroneSim_ws/install/ros_gz_example_application/share/ros_gz_example_application/hook/cmake_prefix_path.sh'
[0.356s] Level 1:colcon.colcon_core.environment:checking '/home/ross/DroneSim_ws/install/ros_gz_example_application/bin'
[0.356s] Level 1:colcon.colcon_core.environment:checking '/home/ross/DroneSim_ws/install/ros_gz_example_application/lib/pkgconfig/ros_gz_example_application.pc'
[0.356s] Level 1:colcon.colcon_core.environment:checking '/home/ross/DroneSim_ws/install/ros_gz_example_application/lib/python3.10/site-packages'
[0.356s] Level 1:colcon.colcon_core.environment:checking '/home/ross/DroneSim_ws/install/ros_gz_example_application/bin'
[0.357s] INFO:colcon.colcon_core.shell:Creating package script '/home/ross/DroneSim_ws/install/ros_gz_example_application/share/ros_gz_example_application/package.ps1'
[0.357s] INFO:colcon.colcon_core.shell:Creating package descriptor '/home/ross/DroneSim_ws/install/ros_gz_example_application/share/ros_gz_example_application/package.dsv'
[0.358s] INFO:colcon.colcon_core.shell:Creating package script '/home/ross/DroneSim_ws/install/ros_gz_example_application/share/ros_gz_example_application/package.sh'
[0.358s] INFO:colcon.colcon_core.shell:Creating package script '/home/ross/DroneSim_ws/install/ros_gz_example_application/share/ros_gz_example_application/package.bash'
[0.359s] INFO:colcon.colcon_core.shell:Creating package script '/home/ross/DroneSim_ws/install/ros_gz_example_application/share/ros_gz_example_application/package.zsh'
[0.360s] Level 1:colcon.colcon_core.environment:create_file_with_runtime_dependencies(/home/ross/DroneSim_ws/install/ros_gz_example_application/share/colcon-core/packages/ros_gz_example_application)
[0.361s] Level 1:colcon.colcon_core.environment:create_environment_scripts_only(ros_gz_example_description)
[0.361s] Level 1:colcon.colcon_core.environment:checking '/home/ross/DroneSim_ws/install/ros_gz_example_description' for CMake module files
[0.361s] DEBUG:colcon.colcon_core.event_handler.log_command:Invoked command in '/home/ross/DroneSim_ws/build/ros_gz_example_description' returned '0': CMAKE_PREFIX_PATH=${CMAKE_PREFIX_PATH}:/home/ross/aerostack2_ws/install/as2_keyboard_teleoperation:/home/ross/aerostack2_ws/install/as2_python_api:/opt/ros/humble /usr/bin/cmake --install /home/ross/DroneSim_ws/build/ros_gz_example_description
[0.362s] Level 1:colcon.colcon_core.environment:checking '/home/ross/DroneSim_ws/install/ros_gz_example_description' for CMake config files
[0.362s] Level 1:colcon.colcon_core.shell:create_environment_hook('ros_gz_example_description', 'cmake_prefix_path')
[0.362s] INFO:colcon.colcon_core.shell:Creating environment hook '/home/ross/DroneSim_ws/install/ros_gz_example_description/share/ros_gz_example_description/hook/cmake_prefix_path.ps1'
[0.362s] INFO:colcon.colcon_core.shell:Creating environment descriptor '/home/ross/DroneSim_ws/install/ros_gz_example_description/share/ros_gz_example_description/hook/cmake_prefix_path.dsv'
[0.363s] INFO:colcon.colcon_core.shell:Creating environment hook '/home/ross/DroneSim_ws/install/ros_gz_example_description/share/ros_gz_example_description/hook/cmake_prefix_path.sh'
[0.363s] Level 1:colcon.colcon_core.environment:checking '/home/ross/DroneSim_ws/install/ros_gz_example_description/bin'
[0.363s] Level 1:colcon.colcon_core.environment:checking '/home/ross/DroneSim_ws/install/ros_gz_example_description/lib/pkgconfig/ros_gz_example_description.pc'
[0.363s] Level 1:colcon.colcon_core.environment:checking '/home/ross/DroneSim_ws/install/ros_gz_example_description/lib/python3.10/site-packages'
[0.363s] Level 1:colcon.colcon_core.environment:checking '/home/ross/DroneSim_ws/install/ros_gz_example_description/bin'
[0.364s] INFO:colcon.colcon_core.shell:Creating package script '/home/ross/DroneSim_ws/install/ros_gz_example_description/share/ros_gz_example_description/package.ps1'
[0.364s] INFO:colcon.colcon_core.shell:Creating package descriptor '/home/ross/DroneSim_ws/install/ros_gz_example_description/share/ros_gz_example_description/package.dsv'
[0.364s] INFO:colcon.colcon_core.shell:Creating package script '/home/ross/DroneSim_ws/install/ros_gz_example_description/share/ros_gz_example_description/package.sh'
[0.365s] INFO:colcon.colcon_core.shell:Creating package script '/home/ross/DroneSim_ws/install/ros_gz_example_description/share/ros_gz_example_description/package.bash'
[0.365s] INFO:colcon.colcon_core.shell:Creating package script '/home/ross/DroneSim_ws/install/ros_gz_example_description/share/ros_gz_example_description/package.zsh'
[0.365s] Level 1:colcon.colcon_core.environment:create_file_with_runtime_dependencies(/home/ross/DroneSim_ws/install/ros_gz_example_description/share/colcon-core/packages/ros_gz_example_description)
[0.379s] Level 1:colcon.colcon_core.environment:create_environment_scripts_only(ros_gz_example_application)
[0.379s] Level 1:colcon.colcon_core.environment:checking '/home/ross/DroneSim_ws/install/ros_gz_example_application' for CMake module files
[0.380s] Level 1:colcon.colcon_core.environment:checking '/home/ross/DroneSim_ws/install/ros_gz_example_application' for CMake config files
[0.380s] Level 1:colcon.colcon_core.shell:create_environment_hook('ros_gz_example_application', 'cmake_prefix_path')
[0.380s] INFO:colcon.colcon_core.shell:Creating environment hook '/home/ross/DroneSim_ws/install/ros_gz_example_application/share/ros_gz_example_application/hook/cmake_prefix_path.ps1'
[0.380s] INFO:colcon.colcon_core.shell:Creating environment descriptor '/home/ross/DroneSim_ws/install/ros_gz_example_application/share/ros_gz_example_application/hook/cmake_prefix_path.dsv'
[0.381s] INFO:colcon.colcon_core.shell:Creating environment hook '/home/ross/DroneSim_ws/install/ros_gz_example_application/share/ros_gz_example_application/hook/cmake_prefix_path.sh'
[0.381s] Level 1:colcon.colcon_core.environment:checking '/home/ross/DroneSim_ws/install/ros_gz_example_application/bin'
[0.381s] Level 1:colcon.colcon_core.environment:checking '/home/ross/DroneSim_ws/install/ros_gz_example_application/lib/pkgconfig/ros_gz_example_application.pc'
[0.381s] Level 1:colcon.colcon_core.environment:checking '/home/ross/DroneSim_ws/install/ros_gz_example_application/lib/python3.10/site-packages'
[0.381s] Level 1:colcon.colcon_core.environment:checking '/home/ross/DroneSim_ws/install/ros_gz_example_application/bin'
[0.382s] INFO:colcon.colcon_core.shell:Creating package script '/home/ross/DroneSim_ws/install/ros_gz_example_application/share/ros_gz_example_application/package.ps1'
[0.382s] INFO:colcon.colcon_core.shell:Creating package descriptor '/home/ross/DroneSim_ws/install/ros_gz_example_application/share/ros_gz_example_application/package.dsv'
[0.382s] INFO:colcon.colcon_core.shell:Creating package script '/home/ross/DroneSim_ws/install/ros_gz_example_application/share/ros_gz_example_application/package.sh'
[0.383s] INFO:colcon.colcon_core.shell:Creating package script '/home/ross/DroneSim_ws/install/ros_gz_example_application/share/ros_gz_example_application/package.bash'
[0.383s] INFO:colcon.colcon_core.shell:Creating package script '/home/ross/DroneSim_ws/install/ros_gz_example_application/share/ros_gz_example_application/package.zsh'
[0.383s] Level 1:colcon.colcon_core.environment:create_file_with_runtime_dependencies(/home/ross/DroneSim_ws/install/ros_gz_example_application/share/colcon-core/packages/ros_gz_example_application)
[0.385s] Level 1:colcon.colcon_core.environment:create_environment_scripts_only(ros_gz_example_description)
[0.385s] Level 1:colcon.colcon_core.environment:checking '/home/ross/DroneSim_ws/install/ros_gz_example_description' for CMake module files
[0.385s] Level 1:colcon.colcon_core.environment:checking '/home/ross/DroneSim_ws/install/ros_gz_example_description' for CMake config files
[0.386s] Level 1:colcon.colcon_core.shell:create_environment_hook('ros_gz_example_description', 'cmake_prefix_path')
[0.386s] INFO:colcon.colcon_core.shell:Creating environment hook '/home/ross/DroneSim_ws/install/ros_gz_example_description/share/ros_gz_example_description/hook/cmake_prefix_path.ps1'
[0.386s] INFO:colcon.colcon_core.shell:Creating environment descriptor '/home/ross/DroneSim_ws/install/ros_gz_example_description/share/ros_gz_example_description/hook/cmake_prefix_path.dsv'
[0.386s] INFO:colcon.colcon_core.shell:Creating environment hook '/home/ross/DroneSim_ws/install/ros_gz_example_description/share/ros_gz_example_description/hook/cmake_prefix_path.sh'
[0.387s] Level 1:colcon.colcon_core.environment:checking '/home/ross/DroneSim_ws/install/ros_gz_example_description/bin'
[0.387s] Level 1:colcon.colcon_core.environment:checking '/home/ross/DroneSim_ws/install/ros_gz_example_description/lib/pkgconfig/ros_gz_example_description.pc'
[0.387s] Level 1:colcon.colcon_core.environment:checking '/home/ross/DroneSim_ws/install/ros_gz_example_description/lib/python3.10/site-packages'
[0.387s] Level 1:colcon.colcon_core.environment:checking '/home/ross/DroneSim_ws/install/ros_gz_example_description/bin'
[0.387s] INFO:colcon.colcon_core.shell:Creating package script '/home/ross/DroneSim_ws/install/ros_gz_example_description/share/ros_gz_example_description/package.ps1'
[0.388s] INFO:colcon.colcon_core.shell:Creating package descriptor '/home/ross/DroneSim_ws/install/ros_gz_example_description/share/ros_gz_example_description/package.dsv'
[0.388s] INFO:colcon.colcon_core.shell:Creating package script '/home/ross/DroneSim_ws/install/ros_gz_example_description/share/ros_gz_example_description/package.sh'
[0.388s] INFO:colcon.colcon_core.shell:Creating package script '/home/ross/DroneSim_ws/install/ros_gz_example_description/share/ros_gz_example_description/package.bash'
[0.389s] INFO:colcon.colcon_core.shell:Creating package script '/home/ross/DroneSim_ws/install/ros_gz_example_description/share/ros_gz_example_description/package.zsh'
[0.389s] Level 1:colcon.colcon_core.environment:create_file_with_runtime_dependencies(/home/ross/DroneSim_ws/install/ros_gz_example_description/share/colcon-core/packages/ros_gz_example_description)
[0.389s] INFO:colcon.colcon_ros.task.ament_cmake.build:Building ROS package in '/home/ross/DroneSim_ws/src/ros_gz_project_template-fortress/ros_gz_example_gazebo' with build type 'ament_cmake'
[0.389s] INFO:colcon.colcon_cmake.task.cmake.build:Building CMake package in '/home/ross/DroneSim_ws/src/ros_gz_project_template-fortress/ros_gz_example_gazebo'
[0.390s] INFO:colcon.colcon_core.shell:Skip shell extension 'powershell' for command environment: Not usable outside of PowerShell
[0.390s] DEBUG:colcon.colcon_core.shell:Skip shell extension 'dsv' for command environment
[0.401s] DEBUG:colcon.colcon_core.event_handler.log_command:Invoking command in '/home/ross/DroneSim_ws/build/ros_gz_example_gazebo': CMAKE_PREFIX_PATH=/home/ross/DroneSim_ws/install/ros_gz_example_description:/home/ross/DroneSim_ws/install/ros_gz_example_bringup:/home/ross/DroneSim_ws/install/ros_gz_example_gazebo:/home/ross/DroneSim_ws/install/ros_gz_example_application:/home/ross/aerostack2_ws/install/aerostack2:/home/ross/aerostack2_ws/install/as2_usb_camera_interface:/home/ross/aerostack2_ws/install/as2_state_estimator:/home/ross/aerostack2_ws/install/as2_realsense_interface:/home/ross/aerostack2_ws/install/as2_platform_multirotor_simulator:/home/ross/aerostack2_ws/install/as2_platform_gazebo:/home/ross/aerostack2_ws/install/as2_motion_controller:/home/ross/aerostack2_ws/install/as2_behaviors_trajectory_generation:/home/ross/aerostack2_ws/install/as2_behaviors_motion:/home/ross/aerostack2_ws/install/as2_motion_reference_handlers:/home/ross/aerostack2_ws/install/as2_gazebo_assets:/home/ross/aerostack2_ws/install/as2_behaviors_platform:/home/ross/aerostack2_ws/install/as2_behaviors_perception:/home/ross/aerostack2_ws/install/as2_behavior_tree:/home/ross/aerostack2_ws/install/as2_behavior:/home/ross/aerostack2_ws/install/as2_alphanumeric_viewer:/home/ross/aerostack2_ws/install/as2_core:/home/ross/aerostack2_ws/install/as2_msgs:/home/ross/aerostack2_ws/install/as2_gazebo_classic_assets:/home/ross/aerostack2_ws/install/as2_cli:/home/ross/esl2024-main/install/my_robot_description:/home/ross/aerostack2_ws/install/as2_keyboard_teleoperation:/home/ross/aerostack2_ws/install/as2_python_api:/opt/ros/humble IGN_GAZEBO_RESOURCE_PATH=/home/ross/DroneSim_ws/install/ros_gz_example_description/share/ros_gz_example_description/models:${IGN_GAZEBO_RESOURCE_PATH} /usr/bin/cmake --build /home/ross/DroneSim_ws/build/ros_gz_example_gazebo -- -j12 -l12
[0.466s] DEBUG:colcon.colcon_core.event_handler.log_command:Invoked command in '/home/ross/DroneSim_ws/build/ros_gz_example_gazebo' returned '0': CMAKE_PREFIX_PATH=/home/ross/DroneSim_ws/install/ros_gz_example_description:/home/ross/DroneSim_ws/install/ros_gz_example_bringup:/home/ross/DroneSim_ws/install/ros_gz_example_gazebo:/home/ross/DroneSim_ws/install/ros_gz_example_application:/home/ross/aerostack2_ws/install/aerostack2:/home/ross/aerostack2_ws/install/as2_usb_camera_interface:/home/ross/aerostack2_ws/install/as2_state_estimator:/home/ross/aerostack2_ws/install/as2_realsense_interface:/home/ross/aerostack2_ws/install/as2_platform_multirotor_simulator:/home/ross/aerostack2_ws/install/as2_platform_gazebo:/home/ross/aerostack2_ws/install/as2_motion_controller:/home/ross/aerostack2_ws/install/as2_behaviors_trajectory_generation:/home/ross/aerostack2_ws/install/as2_behaviors_motion:/home/ross/aerostack2_ws/install/as2_motion_reference_handlers:/home/ross/aerostack2_ws/install/as2_gazebo_assets:/home/ross/aerostack2_ws/install/as2_behaviors_platform:/home/ross/aerostack2_ws/install/as2_behaviors_perception:/home/ross/aerostack2_ws/install/as2_behavior_tree:/home/ross/aerostack2_ws/install/as2_behavior:/home/ross/aerostack2_ws/install/as2_alphanumeric_viewer:/home/ross/aerostack2_ws/install/as2_core:/home/ross/aerostack2_ws/install/as2_msgs:/home/ross/aerostack2_ws/install/as2_gazebo_classic_assets:/home/ross/aerostack2_ws/install/as2_cli:/home/ross/esl2024-main/install/my_robot_description:/home/ross/aerostack2_ws/install/as2_keyboard_teleoperation:/home/ross/aerostack2_ws/install/as2_python_api:/opt/ros/humble IGN_GAZEBO_RESOURCE_PATH=/home/ross/DroneSim_ws/install/ros_gz_example_description/share/ros_gz_example_description/models:${IGN_GAZEBO_RESOURCE_PATH} /usr/bin/cmake --build /home/ross/DroneSim_ws/build/ros_gz_example_gazebo -- -j12 -l12
[0.492s] DEBUG:colcon.colcon_core.event_handler.log_command:Invoking command in '/home/ross/DroneSim_ws/build/ros_gz_example_gazebo': CMAKE_PREFIX_PATH=/home/ross/DroneSim_ws/install/ros_gz_example_description:/home/ross/DroneSim_ws/install/ros_gz_example_bringup:/home/ross/DroneSim_ws/install/ros_gz_example_gazebo:/home/ross/DroneSim_ws/install/ros_gz_example_application:/home/ross/aerostack2_ws/install/aerostack2:/home/ross/aerostack2_ws/install/as2_usb_camera_interface:/home/ross/aerostack2_ws/install/as2_state_estimator:/home/ross/aerostack2_ws/install/as2_realsense_interface:/home/ross/aerostack2_ws/install/as2_platform_multirotor_simulator:/home/ross/aerostack2_ws/install/as2_platform_gazebo:/home/ross/aerostack2_ws/install/as2_motion_controller:/home/ross/aerostack2_ws/install/as2_behaviors_trajectory_generation:/home/ross/aerostack2_ws/install/as2_behaviors_motion:/home/ross/aerostack2_ws/install/as2_motion_reference_handlers:/home/ross/aerostack2_ws/install/as2_gazebo_assets:/home/ross/aerostack2_ws/install/as2_behaviors_platform:/home/ross/aerostack2_ws/install/as2_behaviors_perception:/home/ross/aerostack2_ws/install/as2_behavior_tree:/home/ross/aerostack2_ws/install/as2_behavior:/home/ross/aerostack2_ws/install/as2_alphanumeric_viewer:/home/ross/aerostack2_ws/install/as2_core:/home/ross/aerostack2_ws/install/as2_msgs:/home/ross/aerostack2_ws/install/as2_gazebo_classic_assets:/home/ross/aerostack2_ws/install/as2_cli:/home/ross/esl2024-main/install/my_robot_description:/home/ross/aerostack2_ws/install/as2_keyboard_teleoperation:/home/ross/aerostack2_ws/install/as2_python_api:/opt/ros/humble IGN_GAZEBO_RESOURCE_PATH=/home/ross/DroneSim_ws/install/ros_gz_example_description/share/ros_gz_example_description/models:${IGN_GAZEBO_RESOURCE_PATH} /usr/bin/cmake --install /home/ross/DroneSim_ws/build/ros_gz_example_gazebo
[0.501s] Level 1:colcon.colcon_core.environment:create_environment_scripts_only(ros_gz_example_gazebo)
[0.501s] Level 1:colcon.colcon_core.environment:checking '/home/ross/DroneSim_ws/install/ros_gz_example_gazebo' for CMake module files
[0.501s] DEBUG:colcon.colcon_core.event_handler.log_command:Invoked command in '/home/ross/DroneSim_ws/build/ros_gz_example_gazebo' returned '0': CMAKE_PREFIX_PATH=/home/ross/DroneSim_ws/install/ros_gz_example_description:/home/ross/DroneSim_ws/install/ros_gz_example_bringup:/home/ross/DroneSim_ws/install/ros_gz_example_gazebo:/home/ross/DroneSim_ws/install/ros_gz_example_application:/home/ross/aerostack2_ws/install/aerostack2:/home/ross/aerostack2_ws/install/as2_usb_camera_interface:/home/ross/aerostack2_ws/install/as2_state_estimator:/home/ross/aerostack2_ws/install/as2_realsense_interface:/home/ross/aerostack2_ws/install/as2_platform_multirotor_simulator:/home/ross/aerostack2_ws/install/as2_platform_gazebo:/home/ross/aerostack2_ws/install/as2_motion_controller:/home/ross/aerostack2_ws/install/as2_behaviors_trajectory_generation:/home/ross/aerostack2_ws/install/as2_behaviors_motion:/home/ross/aerostack2_ws/install/as2_motion_reference_handlers:/home/ross/aerostack2_ws/install/as2_gazebo_assets:/home/ross/aerostack2_ws/install/as2_behaviors_platform:/home/ross/aerostack2_ws/install/as2_behaviors_perception:/home/ross/aerostack2_ws/install/as2_behavior_tree:/home/ross/aerostack2_ws/install/as2_behavior:/home/ross/aerostack2_ws/install/as2_alphanumeric_viewer:/home/ross/aerostack2_ws/install/as2_core:/home/ross/aerostack2_ws/install/as2_msgs:/home/ross/aerostack2_ws/install/as2_gazebo_classic_assets:/home/ross/aerostack2_ws/install/as2_cli:/home/ross/esl2024-main/install/my_robot_description:/home/ross/aerostack2_ws/install/as2_keyboard_teleoperation:/home/ross/aerostack2_ws/install/as2_python_api:/opt/ros/humble IGN_GAZEBO_RESOURCE_PATH=/home/ross/DroneSim_ws/install/ros_gz_example_description/share/ros_gz_example_description/models:${IGN_GAZEBO_RESOURCE_PATH} /usr/bin/cmake --install /home/ross/DroneSim_ws/build/ros_gz_example_gazebo
[0.502s] Level 1:colcon.colcon_core.environment:checking '/home/ross/DroneSim_ws/install/ros_gz_example_gazebo' for CMake config files
[0.502s] Level 1:colcon.colcon_core.shell:create_environment_hook('ros_gz_example_gazebo', 'cmake_prefix_path')
[0.502s] INFO:colcon.colcon_core.shell:Creating environment hook '/home/ross/DroneSim_ws/install/ros_gz_example_gazebo/share/ros_gz_example_gazebo/hook/cmake_prefix_path.ps1'
[0.502s] INFO:colcon.colcon_core.shell:Creating environment descriptor '/home/ross/DroneSim_ws/install/ros_gz_example_gazebo/share/ros_gz_example_gazebo/hook/cmake_prefix_path.dsv'
[0.503s] INFO:colcon.colcon_core.shell:Creating environment hook '/home/ross/DroneSim_ws/install/ros_gz_example_gazebo/share/ros_gz_example_gazebo/hook/cmake_prefix_path.sh'
[0.503s] Level 1:colcon.colcon_core.environment:checking '/home/ross/DroneSim_ws/install/ros_gz_example_gazebo/lib'
[0.503s] Level 1:colcon.colcon_core.environment:checking '/home/ross/DroneSim_ws/install/ros_gz_example_gazebo/bin'
[0.503s] Level 1:colcon.colcon_core.environment:checking '/home/ross/DroneSim_ws/install/ros_gz_example_gazebo/lib/pkgconfig/ros_gz_example_gazebo.pc'
[0.503s] Level 1:colcon.colcon_core.environment:checking '/home/ross/DroneSim_ws/install/ros_gz_example_gazebo/lib/python3.10/site-packages'
[0.504s] Level 1:colcon.colcon_core.environment:checking '/home/ross/DroneSim_ws/install/ros_gz_example_gazebo/bin'
[0.504s] INFO:colcon.colcon_core.shell:Creating package script '/home/ross/DroneSim_ws/install/ros_gz_example_gazebo/share/ros_gz_example_gazebo/package.ps1'
[0.504s] INFO:colcon.colcon_core.shell:Creating package descriptor '/home/ross/DroneSim_ws/install/ros_gz_example_gazebo/share/ros_gz_example_gazebo/package.dsv'
[0.504s] INFO:colcon.colcon_core.shell:Creating package script '/home/ross/DroneSim_ws/install/ros_gz_example_gazebo/share/ros_gz_example_gazebo/package.sh'
[0.505s] INFO:colcon.colcon_core.shell:Creating package script '/home/ross/DroneSim_ws/install/ros_gz_example_gazebo/share/ros_gz_example_gazebo/package.bash'
[0.505s] INFO:colcon.colcon_core.shell:Creating package script '/home/ross/DroneSim_ws/install/ros_gz_example_gazebo/share/ros_gz_example_gazebo/package.zsh'
[0.505s] Level 1:colcon.colcon_core.environment:create_file_with_runtime_dependencies(/home/ross/DroneSim_ws/install/ros_gz_example_gazebo/share/colcon-core/packages/ros_gz_example_gazebo)
[0.531s] Level 1:colcon.colcon_core.environment:create_environment_scripts_only(ros_gz_example_gazebo)
[0.531s] Level 1:colcon.colcon_core.environment:checking '/home/ross/DroneSim_ws/install/ros_gz_example_gazebo' for CMake module files
[0.531s] Level 1:colcon.colcon_core.environment:checking '/home/ross/DroneSim_ws/install/ros_gz_example_gazebo' for CMake config files
[0.531s] Level 1:colcon.colcon_core.shell:create_environment_hook('ros_gz_example_gazebo', 'cmake_prefix_path')
[0.532s] INFO:colcon.colcon_core.shell:Creating environment hook '/home/ross/DroneSim_ws/install/ros_gz_example_gazebo/share/ros_gz_example_gazebo/hook/cmake_prefix_path.ps1'
[0.532s] INFO:colcon.colcon_core.shell:Creating environment descriptor '/home/ross/DroneSim_ws/install/ros_gz_example_gazebo/share/ros_gz_example_gazebo/hook/cmake_prefix_path.dsv'
[0.532s] INFO:colcon.colcon_core.shell:Creating environment hook '/home/ross/DroneSim_ws/install/ros_gz_example_gazebo/share/ros_gz_example_gazebo/hook/cmake_prefix_path.sh'
[0.533s] Level 1:colcon.colcon_core.environment:checking '/home/ross/DroneSim_ws/install/ros_gz_example_gazebo/lib'
[0.533s] Level 1:colcon.colcon_core.environment:checking '/home/ross/DroneSim_ws/install/ros_gz_example_gazebo/bin'
[0.533s] Level 1:colcon.colcon_core.environment:checking '/home/ross/DroneSim_ws/install/ros_gz_example_gazebo/lib/pkgconfig/ros_gz_example_gazebo.pc'
[0.533s] Level 1:colcon.colcon_core.environment:checking '/home/ross/DroneSim_ws/install/ros_gz_example_gazebo/lib/python3.10/site-packages'
[0.533s] Level 1:colcon.colcon_core.environment:checking '/home/ross/DroneSim_ws/install/ros_gz_example_gazebo/bin'
[0.533s] INFO:colcon.colcon_core.shell:Creating package script '/home/ross/DroneSim_ws/install/ros_gz_example_gazebo/share/ros_gz_example_gazebo/package.ps1'
[0.534s] INFO:colcon.colcon_core.shell:Creating package descriptor '/home/ross/DroneSim_ws/install/ros_gz_example_gazebo/share/ros_gz_example_gazebo/package.dsv'
[0.534s] INFO:colcon.colcon_core.shell:Creating package script '/home/ross/DroneSim_ws/install/ros_gz_example_gazebo/share/ros_gz_example_gazebo/package.sh'
[0.534s] INFO:colcon.colcon_core.shell:Creating package script '/home/ross/DroneSim_ws/install/ros_gz_example_gazebo/share/ros_gz_example_gazebo/package.bash'
[0.535s] INFO:colcon.colcon_core.shell:Creating package script '/home/ross/DroneSim_ws/install/ros_gz_example_gazebo/share/ros_gz_example_gazebo/package.zsh'
[0.535s] Level 1:colcon.colcon_core.environment:create_file_with_runtime_dependencies(/home/ross/DroneSim_ws/install/ros_gz_example_gazebo/share/colcon-core/packages/ros_gz_example_gazebo)
[0.535s] INFO:colcon.colcon_ros.task.ament_cmake.build:Building ROS package in '/home/ross/DroneSim_ws/src/ros_gz_project_template-fortress/ros_gz_example_bringup' with build type 'ament_cmake'
[0.535s] INFO:colcon.colcon_cmake.task.cmake.build:Building CMake package in '/home/ross/DroneSim_ws/src/ros_gz_project_template-fortress/ros_gz_example_bringup'
[0.535s] INFO:colcon.colcon_core.shell:Skip shell extension 'powershell' for command environment: Not usable outside of PowerShell
[0.535s] DEBUG:colcon.colcon_core.shell:Skip shell extension 'dsv' for command environment
[0.546s] DEBUG:colcon.colcon_core.event_handler.log_command:Invoking command in '/home/ross/DroneSim_ws/build/ros_gz_example_bringup': CMAKE_PREFIX_PATH=/home/ross/DroneSim_ws/install/ros_gz_example_gazebo:/home/ross/DroneSim_ws/install/ros_gz_example_description:/home/ross/DroneSim_ws/install/ros_gz_example_bringup:/home/ross/DroneSim_ws/install/ros_gz_example_application:/home/ross/aerostack2_ws/install/aerostack2:/home/ross/aerostack2_ws/install/as2_usb_camera_interface:/home/ross/aerostack2_ws/install/as2_state_estimator:/home/ross/aerostack2_ws/install/as2_realsense_interface:/home/ross/aerostack2_ws/install/as2_platform_multirotor_simulator:/home/ross/aerostack2_ws/install/as2_platform_gazebo:/home/ross/aerostack2_ws/install/as2_motion_controller:/home/ross/aerostack2_ws/install/as2_behaviors_trajectory_generation:/home/ross/aerostack2_ws/install/as2_behaviors_motion:/home/ross/aerostack2_ws/install/as2_motion_reference_handlers:/home/ross/aerostack2_ws/install/as2_gazebo_assets:/home/ross/aerostack2_ws/install/as2_behaviors_platform:/home/ross/aerostack2_ws/install/as2_behaviors_perception:/home/ross/aerostack2_ws/install/as2_behavior_tree:/home/ross/aerostack2_ws/install/as2_behavior:/home/ross/aerostack2_ws/install/as2_alphanumeric_viewer:/home/ross/aerostack2_ws/install/as2_core:/home/ross/aerostack2_ws/install/as2_msgs:/home/ross/aerostack2_ws/install/as2_gazebo_classic_assets:/home/ross/aerostack2_ws/install/as2_cli:/home/ross/esl2024-main/install/my_robot_description:/home/ross/aerostack2_ws/install/as2_keyboard_teleoperation:/home/ross/aerostack2_ws/install/as2_python_api:/opt/ros/humble IGN_GAZEBO_PLUGIN_PATH=/home/ross/DroneSim_ws/install/ros_gz_example_gazebo/lib/ros_gz_example_gazebo IGN_GAZEBO_RESOURCE_PATH=/home/ross/DroneSim_ws/install/ros_gz_example_description/share/ros_gz_example_description/models:${IGN_GAZEBO_RESOURCE_PATH} /usr/bin/cmake --build /home/ross/DroneSim_ws/build/ros_gz_example_bringup -- -j12 -l12
[0.580s] DEBUG:colcon.colcon_core.event_handler.log_command:Invoked command in '/home/ross/DroneSim_ws/build/ros_gz_example_bringup' returned '0': CMAKE_PREFIX_PATH=/home/ross/DroneSim_ws/install/ros_gz_example_gazebo:/home/ross/DroneSim_ws/install/ros_gz_example_description:/home/ross/DroneSim_ws/install/ros_gz_example_bringup:/home/ross/DroneSim_ws/install/ros_gz_example_application:/home/ross/aerostack2_ws/install/aerostack2:/home/ross/aerostack2_ws/install/as2_usb_camera_interface:/home/ross/aerostack2_ws/install/as2_state_estimator:/home/ross/aerostack2_ws/install/as2_realsense_interface:/home/ross/aerostack2_ws/install/as2_platform_multirotor_simulator:/home/ross/aerostack2_ws/install/as2_platform_gazebo:/home/ross/aerostack2_ws/install/as2_motion_controller:/home/ross/aerostack2_ws/install/as2_behaviors_trajectory_generation:/home/ross/aerostack2_ws/install/as2_behaviors_motion:/home/ross/aerostack2_ws/install/as2_motion_reference_handlers:/home/ross/aerostack2_ws/install/as2_gazebo_assets:/home/ross/aerostack2_ws/install/as2_behaviors_platform:/home/ross/aerostack2_ws/install/as2_behaviors_perception:/home/ross/aerostack2_ws/install/as2_behavior_tree:/home/ross/aerostack2_ws/install/as2_behavior:/home/ross/aerostack2_ws/install/as2_alphanumeric_viewer:/home/ross/aerostack2_ws/install/as2_core:/home/ross/aerostack2_ws/install/as2_msgs:/home/ross/aerostack2_ws/install/as2_gazebo_classic_assets:/home/ross/aerostack2_ws/install/as2_cli:/home/ross/esl2024-main/install/my_robot_description:/home/ross/aerostack2_ws/install/as2_keyboard_teleoperation:/home/ross/aerostack2_ws/install/as2_python_api:/opt/ros/humble IGN_GAZEBO_PLUGIN_PATH=/home/ross/DroneSim_ws/install/ros_gz_example_gazebo/lib/ros_gz_example_gazebo IGN_GAZEBO_RESOURCE_PATH=/home/ross/DroneSim_ws/install/ros_gz_example_description/share/ros_gz_example_description/models:${IGN_GAZEBO_RESOURCE_PATH} /usr/bin/cmake --build /home/ross/DroneSim_ws/build/ros_gz_example_bringup -- -j12 -l12
[0.599s] DEBUG:colcon.colcon_core.event_handler.log_command:Invoking command in '/home/ross/DroneSim_ws/build/ros_gz_example_bringup': CMAKE_PREFIX_PATH=/home/ross/DroneSim_ws/install/ros_gz_example_gazebo:/home/ross/DroneSim_ws/install/ros_gz_example_description:/home/ross/DroneSim_ws/install/ros_gz_example_bringup:/home/ross/DroneSim_ws/install/ros_gz_example_application:/home/ross/aerostack2_ws/install/aerostack2:/home/ross/aerostack2_ws/install/as2_usb_camera_interface:/home/ross/aerostack2_ws/install/as2_state_estimator:/home/ross/aerostack2_ws/install/as2_realsense_interface:/home/ross/aerostack2_ws/install/as2_platform_multirotor_simulator:/home/ross/aerostack2_ws/install/as2_platform_gazebo:/home/ross/aerostack2_ws/install/as2_motion_controller:/home/ross/aerostack2_ws/install/as2_behaviors_trajectory_generation:/home/ross/aerostack2_ws/install/as2_behaviors_motion:/home/ross/aerostack2_ws/install/as2_motion_reference_handlers:/home/ross/aerostack2_ws/install/as2_gazebo_assets:/home/ross/aerostack2_ws/install/as2_behaviors_platform:/home/ross/aerostack2_ws/install/as2_behaviors_perception:/home/ross/aerostack2_ws/install/as2_behavior_tree:/home/ross/aerostack2_ws/install/as2_behavior:/home/ross/aerostack2_ws/install/as2_alphanumeric_viewer:/home/ross/aerostack2_ws/install/as2_core:/home/ross/aerostack2_ws/install/as2_msgs:/home/ross/aerostack2_ws/install/as2_gazebo_classic_assets:/home/ross/aerostack2_ws/install/as2_cli:/home/ross/esl2024-main/install/my_robot_description:/home/ross/aerostack2_ws/install/as2_keyboard_teleoperation:/home/ross/aerostack2_ws/install/as2_python_api:/opt/ros/humble IGN_GAZEBO_PLUGIN_PATH=/home/ross/DroneSim_ws/install/ros_gz_example_gazebo/lib/ros_gz_example_gazebo IGN_GAZEBO_RESOURCE_PATH=/home/ross/DroneSim_ws/install/ros_gz_example_description/share/ros_gz_example_description/models:${IGN_GAZEBO_RESOURCE_PATH} /usr/bin/cmake --install /home/ross/DroneSim_ws/build/ros_gz_example_bringup
[0.607s] Level 1:colcon.colcon_core.environment:create_environment_scripts_only(ros_gz_example_bringup)
[0.608s] DEBUG:colcon.colcon_core.event_handler.log_command:Invoked command in '/home/ross/DroneSim_ws/build/ros_gz_example_bringup' returned '0': CMAKE_PREFIX_PATH=/home/ross/DroneSim_ws/install/ros_gz_example_gazebo:/home/ross/DroneSim_ws/install/ros_gz_example_description:/home/ross/DroneSim_ws/install/ros_gz_example_bringup:/home/ross/DroneSim_ws/install/ros_gz_example_application:/home/ross/aerostack2_ws/install/aerostack2:/home/ross/aerostack2_ws/install/as2_usb_camera_interface:/home/ross/aerostack2_ws/install/as2_state_estimator:/home/ross/aerostack2_ws/install/as2_realsense_interface:/home/ross/aerostack2_ws/install/as2_platform_multirotor_simulator:/home/ross/aerostack2_ws/install/as2_platform_gazebo:/home/ross/aerostack2_ws/install/as2_motion_controller:/home/ross/aerostack2_ws/install/as2_behaviors_trajectory_generation:/home/ross/aerostack2_ws/install/as2_behaviors_motion:/home/ross/aerostack2_ws/install/as2_motion_reference_handlers:/home/ross/aerostack2_ws/install/as2_gazebo_assets:/home/ross/aerostack2_ws/install/as2_behaviors_platform:/home/ross/aerostack2_ws/install/as2_behaviors_perception:/home/ross/aerostack2_ws/install/as2_behavior_tree:/home/ross/aerostack2_ws/install/as2_behavior:/home/ross/aerostack2_ws/install/as2_alphanumeric_viewer:/home/ross/aerostack2_ws/install/as2_core:/home/ross/aerostack2_ws/install/as2_msgs:/home/ross/aerostack2_ws/install/as2_gazebo_classic_assets:/home/ross/aerostack2_ws/install/as2_cli:/home/ross/esl2024-main/install/my_robot_description:/home/ross/aerostack2_ws/install/as2_keyboard_teleoperation:/home/ross/aerostack2_ws/install/as2_python_api:/opt/ros/humble IGN_GAZEBO_PLUGIN_PATH=/home/ross/DroneSim_ws/install/ros_gz_example_gazebo/lib/ros_gz_example_gazebo IGN_GAZEBO_RESOURCE_PATH=/home/ross/DroneSim_ws/install/ros_gz_example_description/share/ros_gz_example_description/models:${IGN_GAZEBO_RESOURCE_PATH} /usr/bin/cmake --install /home/ross/DroneSim_ws/build/ros_gz_example_bringup
[0.608s] Level 1:colcon.colcon_core.environment:checking '/home/ross/DroneSim_ws/install/ros_gz_example_bringup' for CMake module files
[0.608s] Level 1:colcon.colcon_core.environment:checking '/home/ross/DroneSim_ws/install/ros_gz_example_bringup' for CMake config files
[0.609s] Level 1:colcon.colcon_core.shell:create_environment_hook('ros_gz_example_bringup', 'cmake_prefix_path')
[0.609s] INFO:colcon.colcon_core.shell:Creating environment hook '/home/ross/DroneSim_ws/install/ros_gz_example_bringup/share/ros_gz_example_bringup/hook/cmake_prefix_path.ps1'
[0.609s] INFO:colcon.colcon_core.shell:Creating environment descriptor '/home/ross/DroneSim_ws/install/ros_gz_example_bringup/share/ros_gz_example_bringup/hook/cmake_prefix_path.dsv'
[0.609s] INFO:colcon.colcon_core.shell:Creating environment hook '/home/ross/DroneSim_ws/install/ros_gz_example_bringup/share/ros_gz_example_bringup/hook/cmake_prefix_path.sh'
[0.610s] Level 1:colcon.colcon_core.environment:checking '/home/ross/DroneSim_ws/install/ros_gz_example_bringup/bin'
[0.610s] Level 1:colcon.colcon_core.environment:checking '/home/ross/DroneSim_ws/install/ros_gz_example_bringup/lib/pkgconfig/ros_gz_example_bringup.pc'
[0.610s] Level 1:colcon.colcon_core.environment:checking '/home/ross/DroneSim_ws/install/ros_gz_example_bringup/lib/python3.10/site-packages'
[0.610s] Level 1:colcon.colcon_core.environment:checking '/home/ross/DroneSim_ws/install/ros_gz_example_bringup/bin'
[0.611s] INFO:colcon.colcon_core.shell:Creating package script '/home/ross/DroneSim_ws/install/ros_gz_example_bringup/share/ros_gz_example_bringup/package.ps1'
[0.611s] INFO:colcon.colcon_core.shell:Creating package descriptor '/home/ross/DroneSim_ws/install/ros_gz_example_bringup/share/ros_gz_example_bringup/package.dsv'
[0.611s] INFO:colcon.colcon_core.shell:Creating package script '/home/ross/DroneSim_ws/install/ros_gz_example_bringup/share/ros_gz_example_bringup/package.sh'
[0.611s] INFO:colcon.colcon_core.shell:Creating package script '/home/ross/DroneSim_ws/install/ros_gz_example_bringup/share/ros_gz_example_bringup/package.bash'
[0.612s] INFO:colcon.colcon_core.shell:Creating package script '/home/ross/DroneSim_ws/install/ros_gz_example_bringup/share/ros_gz_example_bringup/package.zsh'
[0.612s] Level 1:colcon.colcon_core.environment:create_file_with_runtime_dependencies(/home/ross/DroneSim_ws/install/ros_gz_example_bringup/share/colcon-core/packages/ros_gz_example_bringup)
[0.631s] Level 1:colcon.colcon_core.environment:create_environment_scripts_only(ros_gz_example_bringup)
[0.631s] Level 1:colcon.colcon_core.environment:checking '/home/ross/DroneSim_ws/install/ros_gz_example_bringup' for CMake module files
[0.631s] Level 1:colcon.colcon_core.environment:checking '/home/ross/DroneSim_ws/install/ros_gz_example_bringup' for CMake config files
[0.632s] Level 1:colcon.colcon_core.shell:create_environment_hook('ros_gz_example_bringup', 'cmake_prefix_path')
[0.632s] INFO:colcon.colcon_core.shell:Creating environment hook '/home/ross/DroneSim_ws/install/ros_gz_example_bringup/share/ros_gz_example_bringup/hook/cmake_prefix_path.ps1'
[0.632s] INFO:colcon.colcon_core.shell:Creating environment descriptor '/home/ross/DroneSim_ws/install/ros_gz_example_bringup/share/ros_gz_example_bringup/hook/cmake_prefix_path.dsv'
[0.632s] INFO:colcon.colcon_core.shell:Creating environment hook '/home/ross/DroneSim_ws/install/ros_gz_example_bringup/share/ros_gz_example_bringup/hook/cmake_prefix_path.sh'
[0.633s] Level 1:colcon.colcon_core.environment:checking '/home/ross/DroneSim_ws/install/ros_gz_example_bringup/bin'
[0.633s] Level 1:colcon.colcon_core.environment:checking '/home/ross/DroneSim_ws/install/ros_gz_example_bringup/lib/pkgconfig/ros_gz_example_bringup.pc'
[0.633s] Level 1:colcon.colcon_core.environment:checking '/home/ross/DroneSim_ws/install/ros_gz_example_bringup/lib/python3.10/site-packages'
[0.633s] Level 1:colcon.colcon_core.environment:checking '/home/ross/DroneSim_ws/install/ros_gz_example_bringup/bin'
[0.633s] INFO:colcon.colcon_core.shell:Creating package script '/home/ross/DroneSim_ws/install/ros_gz_example_bringup/share/ros_gz_example_bringup/package.ps1'
[0.634s] INFO:colcon.colcon_core.shell:Creating package descriptor '/home/ross/DroneSim_ws/install/ros_gz_example_bringup/share/ros_gz_example_bringup/package.dsv'
[0.634s] INFO:colcon.colcon_core.shell:Creating package script '/home/ross/DroneSim_ws/install/ros_gz_example_bringup/share/ros_gz_example_bringup/package.sh'
[0.634s] INFO:colcon.colcon_core.shell:Creating package script '/home/ross/DroneSim_ws/install/ros_gz_example_bringup/share/ros_gz_example_bringup/package.bash'
[0.635s] INFO:colcon.colcon_core.shell:Creating package script '/home/ross/DroneSim_ws/install/ros_gz_example_bringup/share/ros_gz_example_bringup/package.zsh'
[0.635s] Level 1:colcon.colcon_core.environment:create_file_with_runtime_dependencies(/home/ross/DroneSim_ws/install/ros_gz_example_bringup/share/colcon-core/packages/ros_gz_example_bringup)
[0.635s] DEBUG:colcon.colcon_parallel_executor.executor.parallel:closing loop
[0.635s] DEBUG:colcon.colcon_parallel_executor.executor.parallel:loop closed
[0.636s] DEBUG:colcon.colcon_parallel_executor.executor.parallel:run_until_complete finished with '0'
[0.636s] DEBUG:colcon.colcon_core.event_reactor:joining thread
[0.641s] INFO:colcon.colcon_core.plugin_system:Skipping extension 'colcon_notification.desktop_notification.terminal_notifier': Not used on non-Darwin systems
[0.641s] INFO:colcon.colcon_core.plugin_system:Skipping extension 'colcon_notification.desktop_notification.win32': Not used on non-Windows systems
[0.641s] INFO:colcon.colcon_notification.desktop_notification:Sending desktop notification using 'notify2'
[0.652s] DEBUG:colcon.colcon_core.event_reactor:joined thread
[0.652s] INFO:colcon.colcon_core.shell:Creating prefix script '/home/ross/DroneSim_ws/install/local_setup.ps1'
[0.653s] INFO:colcon.colcon_core.shell:Creating prefix util module '/home/ross/DroneSim_ws/install/_local_setup_util_ps1.py'
[0.656s] INFO:colcon.colcon_core.shell:Creating prefix chain script '/home/ross/DroneSim_ws/install/setup.ps1'
[0.658s] INFO:colcon.colcon_core.shell:Creating prefix script '/home/ross/DroneSim_ws/install/local_setup.sh'
[0.659s] INFO:colcon.colcon_core.shell:Creating prefix util module '/home/ross/DroneSim_ws/install/_local_setup_util_sh.py'
[0.659s] INFO:colcon.colcon_core.shell:Creating prefix chain script '/home/ross/DroneSim_ws/install/setup.sh'
[0.661s] INFO:colcon.colcon_core.shell:Creating prefix script '/home/ross/DroneSim_ws/install/local_setup.bash'
[0.662s] INFO:colcon.colcon_core.shell:Creating prefix chain script '/home/ross/DroneSim_ws/install/setup.bash'
[0.664s] INFO:colcon.colcon_core.shell:Creating prefix script '/home/ross/DroneSim_ws/install/local_setup.zsh'
[0.665s] INFO:colcon.colcon_core.shell:Creating prefix chain script '/home/ross/DroneSim_ws/install/setup.zsh'
