[0.012s] Invoking command in '/home/ross/DroneSim_ws/build/ros_gz_example_application': CMAKE_PREFIX_PATH=${CMAKE_PREFIX_PATH}:/home/ross/aerostack2_ws/install/as2_keyboard_teleoperation:/home/ross/aerostack2_ws/install/as2_python_api:/opt/ros/humble /usr/bin/cmake --build /home/ross/DroneSim_ws/build/ros_gz_example_application -- -j12 -l12
[0.044s] Invoked command in '/home/ross/DroneSim_ws/build/ros_gz_example_application' returned '0': CMAKE_PREFIX_PATH=${CMAKE_PREFIX_PATH}:/home/ross/aerostack2_ws/install/as2_keyboard_teleoperation:/home/ross/aerostack2_ws/install/as2_python_api:/opt/ros/humble /usr/bin/cmake --build /home/ross/DroneSim_ws/build/ros_gz_example_application -- -j12 -l12
[0.069s] Invoking command in '/home/ross/DroneSim_ws/build/ros_gz_example_application': CMAKE_PREFIX_PATH=${CMAKE_PREFIX_PATH}:/home/ross/aerostack2_ws/install/as2_keyboard_teleoperation:/home/ross/aerostack2_ws/install/as2_python_api:/opt/ros/humble /usr/bin/cmake --install /home/ross/DroneSim_ws/build/ros_gz_example_application
[0.078s] -- Install configuration: ""
[0.078s] -- Up-to-date: /home/ross/DroneSim_ws/install/ros_gz_example_application/share/ament_index/resource_index/package_run_dependencies/ros_gz_example_application
[0.080s] -- Up-to-date: /home/ross/DroneSim_ws/install/ros_gz_example_application/share/ament_index/resource_index/parent_prefix_path/ros_gz_example_application
[0.081s] -- Up-to-date: /home/ross/DroneSim_ws/install/ros_gz_example_application/share/ros_gz_example_application/environment/ament_prefix_path.sh
[0.081s] -- Up-to-date: /home/ross/DroneSim_ws/install/ros_gz_example_application/share/ros_gz_example_application/environment/ament_prefix_path.dsv
[0.081s] -- Up-to-date: /home/ross/DroneSim_ws/install/ros_gz_example_application/share/ros_gz_example_application/environment/path.sh
[0.082s] -- Up-to-date: /home/ross/DroneSim_ws/install/ros_gz_example_application/share/ros_gz_example_application/environment/path.dsv
[0.082s] -- Up-to-date: /home/ross/DroneSim_ws/install/ros_gz_example_application/share/ros_gz_example_application/local_setup.bash
[0.082s] -- Up-to-date: /home/ross/DroneSim_ws/install/ros_gz_example_application/share/ros_gz_example_application/local_setup.sh
[0.082s] -- Up-to-date: /home/ross/DroneSim_ws/install/ros_gz_example_application/share/ros_gz_example_application/local_setup.zsh
[0.082s] -- Up-to-date: /home/ross/DroneSim_ws/install/ros_gz_example_application/share/ros_gz_example_application/local_setup.dsv
[0.082s] -- Installing: /home/ross/DroneSim_ws/install/ros_gz_example_application/share/ros_gz_example_application/package.dsv
[0.082s] -- Up-to-date: /home/ross/DroneSim_ws/install/ros_gz_example_application/share/ament_index/resource_index/packages/ros_gz_example_application
[0.083s] -- Up-to-date: /home/ross/DroneSim_ws/install/ros_gz_example_application/share/ros_gz_example_application/cmake/ros_gz_example_applicationConfig.cmake
[0.083s] -- Up-to-date: /home/ross/DroneSim_ws/install/ros_gz_example_application/share/ros_gz_example_application/cmake/ros_gz_example_applicationConfig-version.cmake
[0.083s] -- Up-to-date: /home/ross/DroneSim_ws/install/ros_gz_example_application/share/ros_gz_example_application/package.xml
[0.084s] Invoked command in '/home/ross/DroneSim_ws/build/ros_gz_example_application' returned '0': CMAKE_PREFIX_PATH=${CMAKE_PREFIX_PATH}:/home/ross/aerostack2_ws/install/as2_keyboard_teleoperation:/home/ross/aerostack2_ws/install/as2_python_api:/opt/ros/humble /usr/bin/cmake --install /home/ross/DroneSim_ws/build/ros_gz_example_application
