[0.009s] Invoking command in '/home/ross/DroneSim_ws/build/ros_gz_example_gazebo': AMENT_PREFIX_PATH=/home/ross/DroneSim_ws/install/ros_gz_example_description:${AMENT_PREFIX_PATH} CMAKE_PREFIX_PATH=/home/ross/DroneSim_ws/install/ros_gz_example_description:/opt/ros/humble IGN_GAZEBO_RESOURCE_PATH=/home/ross/DroneSim_ws/install/ros_gz_example_description/share/ros_gz_example_description/models /usr/bin/cmake --build /home/ross/DroneSim_ws/build/ros_gz_example_gazebo -- -j12 -l12
[0.042s] [35m[1mConsolidate compiler generated dependencies of target BasicSystem[0m
[0.042s] [35m[1mConsolidate compiler generated dependencies of target FullSystem[0m
[0.055s] [100%] Built target BasicSystem
[0.055s] [100%] Built target FullSystem
[0.063s] Invoked command in '/home/ross/DroneSim_ws/build/ros_gz_example_gazebo' returned '0': AMENT_PREFIX_PATH=/home/ross/DroneSim_ws/install/ros_gz_example_description:${AMENT_PREFIX_PATH} CMAKE_PREFIX_PATH=/home/ross/DroneSim_ws/install/ros_gz_example_description:/opt/ros/humble IGN_GAZEBO_RESOURCE_PATH=/home/ross/DroneSim_ws/install/ros_gz_example_description/share/ros_gz_example_description/models /usr/bin/cmake --build /home/ross/DroneSim_ws/build/ros_gz_example_gazebo -- -j12 -l12
[0.084s] Invoking command in '/home/ross/DroneSim_ws/build/ros_gz_example_gazebo': AMENT_PREFIX_PATH=/home/ross/DroneSim_ws/install/ros_gz_example_description:${AMENT_PREFIX_PATH} CMAKE_PREFIX_PATH=/home/ross/DroneSim_ws/install/ros_gz_example_description:/opt/ros/humble IGN_GAZEBO_RESOURCE_PATH=/home/ross/DroneSim_ws/install/ros_gz_example_description/share/ros_gz_example_description/models /usr/bin/cmake --install /home/ross/DroneSim_ws/build/ros_gz_example_gazebo
[0.090s] -- Install configuration: ""
[0.090s] -- Up-to-date: /home/ross/DroneSim_ws/install/ros_gz_example_gazebo/lib/ros_gz_example_gazebo/libBasicSystem.so
[0.090s] -- Up-to-date: /home/ross/DroneSim_ws/install/ros_gz_example_gazebo/lib/ros_gz_example_gazebo/libFullSystem.so
[0.090s] -- Up-to-date: /home/ross/DroneSim_ws/install/ros_gz_example_gazebo/share/ros_gz_example_gazebo/worlds
[0.090s] -- Up-to-date: /home/ross/DroneSim_ws/install/ros_gz_example_gazebo/share/ros_gz_example_gazebo/worlds/diff_drive.sdf
[0.090s] -- Up-to-date: /home/ross/DroneSim_ws/install/ros_gz_example_gazebo/share/ros_gz_example_gazebo/environment/ros_gz_example_gazebo.dsv
[0.090s] -- Up-to-date: /home/ross/DroneSim_ws/install/ros_gz_example_gazebo/share/ros_gz_example_gazebo/environment/ros_gz_example_gazebo.sh
[0.090s] -- Up-to-date: /home/ross/DroneSim_ws/install/ros_gz_example_gazebo/share/ament_index/resource_index/package_run_dependencies/ros_gz_example_gazebo
[0.090s] -- Up-to-date: /home/ross/DroneSim_ws/install/ros_gz_example_gazebo/share/ament_index/resource_index/parent_prefix_path/ros_gz_example_gazebo
[0.091s] -- Up-to-date: /home/ross/DroneSim_ws/install/ros_gz_example_gazebo/share/ros_gz_example_gazebo/environment/ament_prefix_path.sh
[0.091s] -- Up-to-date: /home/ross/DroneSim_ws/install/ros_gz_example_gazebo/share/ros_gz_example_gazebo/environment/ament_prefix_path.dsv
[0.091s] -- Up-to-date: /home/ross/DroneSim_ws/install/ros_gz_example_gazebo/share/ros_gz_example_gazebo/environment/path.sh
[0.091s] -- Up-to-date: /home/ross/DroneSim_ws/install/ros_gz_example_gazebo/share/ros_gz_example_gazebo/environment/path.dsv
[0.091s] -- Up-to-date: /home/ross/DroneSim_ws/install/ros_gz_example_gazebo/share/ros_gz_example_gazebo/local_setup.bash
[0.091s] -- Up-to-date: /home/ross/DroneSim_ws/install/ros_gz_example_gazebo/share/ros_gz_example_gazebo/local_setup.sh
[0.091s] -- Up-to-date: /home/ross/DroneSim_ws/install/ros_gz_example_gazebo/share/ros_gz_example_gazebo/local_setup.zsh
[0.091s] -- Up-to-date: /home/ross/DroneSim_ws/install/ros_gz_example_gazebo/share/ros_gz_example_gazebo/local_setup.dsv
[0.091s] -- Installing: /home/ross/DroneSim_ws/install/ros_gz_example_gazebo/share/ros_gz_example_gazebo/package.dsv
[0.091s] -- Up-to-date: /home/ross/DroneSim_ws/install/ros_gz_example_gazebo/share/ament_index/resource_index/packages/ros_gz_example_gazebo
[0.091s] -- Up-to-date: /home/ross/DroneSim_ws/install/ros_gz_example_gazebo/share/ros_gz_example_gazebo/cmake/ros_gz_example_gazeboConfig.cmake
[0.091s] -- Up-to-date: /home/ross/DroneSim_ws/install/ros_gz_example_gazebo/share/ros_gz_example_gazebo/cmake/ros_gz_example_gazeboConfig-version.cmake
[0.092s] -- Up-to-date: /home/ross/DroneSim_ws/install/ros_gz_example_gazebo/share/ros_gz_example_gazebo/package.xml
[0.093s] Invoked command in '/home/ross/DroneSim_ws/build/ros_gz_example_gazebo' returned '0': AMENT_PREFIX_PATH=/home/ross/DroneSim_ws/install/ros_gz_example_description:${AMENT_PREFIX_PATH} CMAKE_PREFIX_PATH=/home/ross/DroneSim_ws/install/ros_gz_example_description:/opt/ros/humble IGN_GAZEBO_RESOURCE_PATH=/home/ross/DroneSim_ws/install/ros_gz_example_description/share/ros_gz_example_description/models /usr/bin/cmake --install /home/ross/DroneSim_ws/build/ros_gz_example_gazebo
