[0.010s] Invoking command in '/home/ross/DroneSim_ws/build/ros_gz_example_application': CMAKE_PREFIX_PATH=${CMAKE_PREFIX_PATH}:/opt/ros/humble /usr/bin/cmake --build /home/ross/DroneSim_ws/build/ros_gz_example_application -- -j12 -l12
[0.038s] Invoked command in '/home/ross/DroneSim_ws/build/ros_gz_example_application' returned '0': CMAKE_PREFIX_PATH=${CMAKE_PREFIX_PATH}:/opt/ros/humble /usr/bin/cmake --build /home/ross/DroneSim_ws/build/ros_gz_example_application -- -j12 -l12
[0.059s] Invoking command in '/home/ross/DroneSim_ws/build/ros_gz_example_application': CMAKE_PREFIX_PATH=${CMAKE_PREFIX_PATH}:/opt/ros/humble /usr/bin/cmake --install /home/ross/DroneSim_ws/build/ros_gz_example_application
[0.065s] -- Install configuration: ""
[0.065s] -- Up-to-date: /home/ross/DroneSim_ws/install/ros_gz_example_application/share/ament_index/resource_index/package_run_dependencies/ros_gz_example_application
[0.066s] -- Up-to-date: /home/ross/DroneSim_ws/install/ros_gz_example_application/share/ament_index/resource_index/parent_prefix_path/ros_gz_example_application
[0.066s] -- Up-to-date: /home/ross/DroneSim_ws/install/ros_gz_example_application/share/ros_gz_example_application/environment/ament_prefix_path.sh
[0.071s] -- Up-to-date: /home/ross/DroneSim_ws/install/ros_gz_example_application/share/ros_gz_example_application/environment/ament_prefix_path.dsv
[0.073s] -- Up-to-date: /home/ross/DroneSim_ws/install/ros_gz_example_application/share/ros_gz_example_application/environment/path.sh
[0.073s] -- Up-to-date: /home/ross/DroneSim_ws/install/ros_gz_example_application/share/ros_gz_example_application/environment/path.dsv
[0.073s] -- Up-to-date: /home/ross/DroneSim_ws/install/ros_gz_example_application/share/ros_gz_example_application/local_setup.bash
[0.074s] -- Up-to-date: /home/ross/DroneSim_ws/install/ros_gz_example_application/share/ros_gz_example_application/local_setup.sh
[0.074s] -- Up-to-date: /home/ross/DroneSim_ws/install/ros_gz_example_application/share/ros_gz_example_application/local_setup.zsh
[0.075s] -- Up-to-date: /home/ross/DroneSim_ws/install/ros_gz_example_application/share/ros_gz_example_application/local_setup.dsv
[0.075s] -- Installing: /home/ross/DroneSim_ws/install/ros_gz_example_application/share/ros_gz_example_application/package.dsv
[0.075s] -- Up-to-date: /home/ross/DroneSim_ws/install/ros_gz_example_application/share/ament_index/resource_index/packages/ros_gz_example_application
[0.076s] -- Up-to-date: /home/ross/DroneSim_ws/install/ros_gz_example_application/share/ros_gz_example_application/cmake/ros_gz_example_applicationConfig.cmake
[0.076s] -- Up-to-date: /home/ross/DroneSim_ws/install/ros_gz_example_application/share/ros_gz_example_application/cmake/ros_gz_example_applicationConfig-version.cmake
[0.077s] -- Up-to-date: /home/ross/DroneSim_ws/install/ros_gz_example_application/share/ros_gz_example_application/package.xml
[0.077s] Invoked command in '/home/ross/DroneSim_ws/build/ros_gz_example_application' returned '0': CMAKE_PREFIX_PATH=${CMAKE_PREFIX_PATH}:/opt/ros/humble /usr/bin/cmake --install /home/ross/DroneSim_ws/build/ros_gz_example_application
