[0.095s] DEBUG:colcon:Command line arguments: ['/usr/bin/colcon', 'build', '--cmake-args', '-DBUILD_TESTING=ON']
[0.095s] DEBUG:colcon:Parsed command line arguments: Namespace(log_base=None, log_level=None, verb_name='build', build_base='build', install_base='install', merge_install=False, symlink_install=False, test_result_base=None, continue_on_error=False, executor='parallel', parallel_workers=12, event_handlers=None, ignore_user_meta=False, metas=['./colcon.meta'], base_paths=['.'], packages_ignore=None, packages_ignore_regex=None, paths=None, packages_up_to=None, packages_up_to_regex=None, packages_above=None, packages_above_and_dependencies=None, packages_above_depth=None, packages_select_by_dep=None, packages_skip_by_dep=None, packages_skip_up_to=None, packages_select_build_failed=False, packages_skip_build_finished=False, packages_select_test_failures=False, packages_skip_test_passed=False, packages_select=None, packages_skip=None, packages_select_regex=None, packages_skip_regex=None, packages_start=None, packages_end=None, allow_overriding=[], cmake_args=['-DBUILD_TESTING=ON'], cmake_target=None, cmake_target_skip_unavailable=False, cmake_clean_cache=False, cmake_clean_first=False, cmake_force_configure=False, ament_cmake_args=None, catkin_cmake_args=None, catkin_skip_building_tests=False, verb_parser=<colcon_defaults.argument_parser.defaults.DefaultArgumentsDecorator object at 0x72311822aa70>, verb_extension=<colcon_core.verb.build.BuildVerb object at 0x72311822a620>, main=<bound method BuildVerb.main of <colcon_core.verb.build.BuildVerb object at 0x72311822a620>>)
[0.127s] Level 1:colcon.colcon_core.package_discovery:discover_packages(colcon_meta) check parameters
[0.127s] Level 1:colcon.colcon_core.package_discovery:discover_packages(recursive) check parameters
[0.127s] Level 1:colcon.colcon_core.package_discovery:discover_packages(ignore) check parameters
[0.127s] Level 1:colcon.colcon_core.package_discovery:discover_packages(path) check parameters
[0.127s] Level 1:colcon.colcon_core.package_discovery:discover_packages(colcon_meta) discover
[0.127s] Level 1:colcon.colcon_core.package_discovery:discover_packages(recursive) discover
[0.127s] INFO:colcon.colcon_core.package_discovery:Crawling recursively for packages in '/home/ross/DroneSim_ws'
[0.127s] Level 1:colcon.colcon_core.package_identification:_identify(.) by extensions ['ignore', 'ignore_ament_install']
[0.127s] Level 1:colcon.colcon_core.package_identification:_identify(.) by extension 'ignore'
[0.127s] Level 1:colcon.colcon_core.package_identification:_identify(.) by extension 'ignore_ament_install'
[0.127s] Level 1:colcon.colcon_core.package_identification:_identify(.) by extensions ['colcon_pkg']
[0.127s] Level 1:colcon.colcon_core.package_identification:_identify(.) by extension 'colcon_pkg'
[0.127s] Level 1:colcon.colcon_core.package_identification:_identify(.) by extensions ['colcon_meta']
[0.127s] Level 1:colcon.colcon_core.package_identification:_identify(.) by extension 'colcon_meta'
[0.127s] Level 1:colcon.colcon_core.package_identification:_identify(.) by extensions ['ros']
[0.127s] Level 1:colcon.colcon_core.package_identification:_identify(.) by extension 'ros'
[0.140s] Level 1:colcon.colcon_core.package_identification:_identify(.) by extensions ['cmake', 'python']
[0.141s] Level 1:colcon.colcon_core.package_identification:_identify(.) by extension 'cmake'
[0.141s] Level 1:colcon.colcon_core.package_identification:_identify(.) by extension 'python'
[0.141s] Level 1:colcon.colcon_core.package_identification:_identify(.) by extensions ['python_setup_py']
[0.141s] Level 1:colcon.colcon_core.package_identification:_identify(.) by extension 'python_setup_py'
[0.141s] Level 1:colcon.colcon_core.package_identification:_identify(build) by extensions ['ignore', 'ignore_ament_install']
[0.141s] Level 1:colcon.colcon_core.package_identification:_identify(build) by extension 'ignore'
[0.141s] Level 1:colcon.colcon_core.package_identification:_identify(build) ignored
[0.141s] Level 1:colcon.colcon_core.package_identification:_identify(install) by extensions ['ignore', 'ignore_ament_install']
[0.141s] Level 1:colcon.colcon_core.package_identification:_identify(install) by extension 'ignore'
[0.141s] Level 1:colcon.colcon_core.package_identification:_identify(install) ignored
[0.141s] Level 1:colcon.colcon_core.package_identification:_identify(log) by extensions ['ignore', 'ignore_ament_install']
[0.141s] Level 1:colcon.colcon_core.package_identification:_identify(log) by extension 'ignore'
[0.141s] Level 1:colcon.colcon_core.package_identification:_identify(log) ignored
[0.141s] Level 1:colcon.colcon_core.package_identification:_identify(src) by extensions ['ignore', 'ignore_ament_install']
[0.141s] Level 1:colcon.colcon_core.package_identification:_identify(src) by extension 'ignore'
[0.142s] Level 1:colcon.colcon_core.package_identification:_identify(src) by extension 'ignore_ament_install'
[0.142s] Level 1:colcon.colcon_core.package_identification:_identify(src) by extensions ['colcon_pkg']
[0.142s] Level 1:colcon.colcon_core.package_identification:_identify(src) by extension 'colcon_pkg'
[0.142s] Level 1:colcon.colcon_core.package_identification:_identify(src) by extensions ['colcon_meta']
[0.142s] Level 1:colcon.colcon_core.package_identification:_identify(src) by extension 'colcon_meta'
[0.142s] Level 1:colcon.colcon_core.package_identification:_identify(src) by extensions ['ros']
[0.142s] Level 1:colcon.colcon_core.package_identification:_identify(src) by extension 'ros'
[0.142s] Level 1:colcon.colcon_core.package_identification:_identify(src) by extensions ['cmake', 'python']
[0.142s] Level 1:colcon.colcon_core.package_identification:_identify(src) by extension 'cmake'
[0.142s] Level 1:colcon.colcon_core.package_identification:_identify(src) by extension 'python'
[0.142s] Level 1:colcon.colcon_core.package_identification:_identify(src) by extensions ['python_setup_py']
[0.142s] Level 1:colcon.colcon_core.package_identification:_identify(src) by extension 'python_setup_py'
[0.142s] Level 1:colcon.colcon_core.package_identification:_identify(src/ros_gz_project_template-fortress) by extensions ['ignore', 'ignore_ament_install']
[0.142s] Level 1:colcon.colcon_core.package_identification:_identify(src/ros_gz_project_template-fortress) by extension 'ignore'
[0.142s] Level 1:colcon.colcon_core.package_identification:_identify(src/ros_gz_project_template-fortress) by extension 'ignore_ament_install'
[0.142s] Level 1:colcon.colcon_core.package_identification:_identify(src/ros_gz_project_template-fortress) by extensions ['colcon_pkg']
[0.142s] Level 1:colcon.colcon_core.package_identification:_identify(src/ros_gz_project_template-fortress) by extension 'colcon_pkg'
[0.142s] Level 1:colcon.colcon_core.package_identification:_identify(src/ros_gz_project_template-fortress) by extensions ['colcon_meta']
[0.142s] Level 1:colcon.colcon_core.package_identification:_identify(src/ros_gz_project_template-fortress) by extension 'colcon_meta'
[0.142s] Level 1:colcon.colcon_core.package_identification:_identify(src/ros_gz_project_template-fortress) by extensions ['ros']
[0.142s] Level 1:colcon.colcon_core.package_identification:_identify(src/ros_gz_project_template-fortress) by extension 'ros'
[0.142s] Level 1:colcon.colcon_core.package_identification:_identify(src/ros_gz_project_template-fortress) by extensions ['cmake', 'python']
[0.142s] Level 1:colcon.colcon_core.package_identification:_identify(src/ros_gz_project_template-fortress) by extension 'cmake'
[0.142s] Level 1:colcon.colcon_core.package_identification:_identify(src/ros_gz_project_template-fortress) by extension 'python'
[0.142s] Level 1:colcon.colcon_core.package_identification:_identify(src/ros_gz_project_template-fortress) by extensions ['python_setup_py']
[0.143s] Level 1:colcon.colcon_core.package_identification:_identify(src/ros_gz_project_template-fortress) by extension 'python_setup_py'
[0.143s] Level 1:colcon.colcon_core.package_identification:_identify(src/ros_gz_project_template-fortress/ros_gz_example_application) by extensions ['ignore', 'ignore_ament_install']
[0.143s] Level 1:colcon.colcon_core.package_identification:_identify(src/ros_gz_project_template-fortress/ros_gz_example_application) by extension 'ignore'
[0.143s] Level 1:colcon.colcon_core.package_identification:_identify(src/ros_gz_project_template-fortress/ros_gz_example_application) by extension 'ignore_ament_install'
[0.143s] Level 1:colcon.colcon_core.package_identification:_identify(src/ros_gz_project_template-fortress/ros_gz_example_application) by extensions ['colcon_pkg']
[0.143s] Level 1:colcon.colcon_core.package_identification:_identify(src/ros_gz_project_template-fortress/ros_gz_example_application) by extension 'colcon_pkg'
[0.143s] Level 1:colcon.colcon_core.package_identification:_identify(src/ros_gz_project_template-fortress/ros_gz_example_application) by extensions ['colcon_meta']
[0.143s] Level 1:colcon.colcon_core.package_identification:_identify(src/ros_gz_project_template-fortress/ros_gz_example_application) by extension 'colcon_meta'
[0.143s] Level 1:colcon.colcon_core.package_identification:_identify(src/ros_gz_project_template-fortress/ros_gz_example_application) by extensions ['ros']
[0.143s] Level 1:colcon.colcon_core.package_identification:_identify(src/ros_gz_project_template-fortress/ros_gz_example_application) by extension 'ros'
[0.145s] DEBUG:colcon.colcon_core.package_identification:Package 'src/ros_gz_project_template-fortress/ros_gz_example_application' with type 'ros.ament_cmake' and name 'ros_gz_example_application'
[0.145s] Level 1:colcon.colcon_core.package_identification:_identify(src/ros_gz_project_template-fortress/ros_gz_example_bringup) by extensions ['ignore', 'ignore_ament_install']
[0.145s] Level 1:colcon.colcon_core.package_identification:_identify(src/ros_gz_project_template-fortress/ros_gz_example_bringup) by extension 'ignore'
[0.145s] Level 1:colcon.colcon_core.package_identification:_identify(src/ros_gz_project_template-fortress/ros_gz_example_bringup) by extension 'ignore_ament_install'
[0.145s] Level 1:colcon.colcon_core.package_identification:_identify(src/ros_gz_project_template-fortress/ros_gz_example_bringup) by extensions ['colcon_pkg']
[0.145s] Level 1:colcon.colcon_core.package_identification:_identify(src/ros_gz_project_template-fortress/ros_gz_example_bringup) by extension 'colcon_pkg'
[0.145s] Level 1:colcon.colcon_core.package_identification:_identify(src/ros_gz_project_template-fortress/ros_gz_example_bringup) by extensions ['colcon_meta']
[0.145s] Level 1:colcon.colcon_core.package_identification:_identify(src/ros_gz_project_template-fortress/ros_gz_example_bringup) by extension 'colcon_meta'
[0.145s] Level 1:colcon.colcon_core.package_identification:_identify(src/ros_gz_project_template-fortress/ros_gz_example_bringup) by extensions ['ros']
[0.145s] Level 1:colcon.colcon_core.package_identification:_identify(src/ros_gz_project_template-fortress/ros_gz_example_bringup) by extension 'ros'
[0.146s] DEBUG:colcon.colcon_core.package_identification:Package 'src/ros_gz_project_template-fortress/ros_gz_example_bringup' with type 'ros.ament_cmake' and name 'ros_gz_example_bringup'
[0.146s] Level 1:colcon.colcon_core.package_identification:_identify(src/ros_gz_project_template-fortress/ros_gz_example_description) by extensions ['ignore', 'ignore_ament_install']
[0.146s] Level 1:colcon.colcon_core.package_identification:_identify(src/ros_gz_project_template-fortress/ros_gz_example_description) by extension 'ignore'
[0.146s] Level 1:colcon.colcon_core.package_identification:_identify(src/ros_gz_project_template-fortress/ros_gz_example_description) by extension 'ignore_ament_install'
[0.146s] Level 1:colcon.colcon_core.package_identification:_identify(src/ros_gz_project_template-fortress/ros_gz_example_description) by extensions ['colcon_pkg']
[0.146s] Level 1:colcon.colcon_core.package_identification:_identify(src/ros_gz_project_template-fortress/ros_gz_example_description) by extension 'colcon_pkg'
[0.146s] Level 1:colcon.colcon_core.package_identification:_identify(src/ros_gz_project_template-fortress/ros_gz_example_description) by extensions ['colcon_meta']
[0.146s] Level 1:colcon.colcon_core.package_identification:_identify(src/ros_gz_project_template-fortress/ros_gz_example_description) by extension 'colcon_meta'
[0.146s] Level 1:colcon.colcon_core.package_identification:_identify(src/ros_gz_project_template-fortress/ros_gz_example_description) by extensions ['ros']
[0.146s] Level 1:colcon.colcon_core.package_identification:_identify(src/ros_gz_project_template-fortress/ros_gz_example_description) by extension 'ros'
[0.147s] DEBUG:colcon.colcon_core.package_identification:Package 'src/ros_gz_project_template-fortress/ros_gz_example_description' with type 'ros.ament_cmake' and name 'ros_gz_example_description'
[0.147s] Level 1:colcon.colcon_core.package_identification:_identify(src/ros_gz_project_template-fortress/ros_gz_example_gazebo) by extensions ['ignore', 'ignore_ament_install']
[0.147s] Level 1:colcon.colcon_core.package_identification:_identify(src/ros_gz_project_template-fortress/ros_gz_example_gazebo) by extension 'ignore'
[0.147s] Level 1:colcon.colcon_core.package_identification:_identify(src/ros_gz_project_template-fortress/ros_gz_example_gazebo) by extension 'ignore_ament_install'
[0.147s] Level 1:colcon.colcon_core.package_identification:_identify(src/ros_gz_project_template-fortress/ros_gz_example_gazebo) by extensions ['colcon_pkg']
[0.147s] Level 1:colcon.colcon_core.package_identification:_identify(src/ros_gz_project_template-fortress/ros_gz_example_gazebo) by extension 'colcon_pkg'
[0.147s] Level 1:colcon.colcon_core.package_identification:_identify(src/ros_gz_project_template-fortress/ros_gz_example_gazebo) by extensions ['colcon_meta']
[0.147s] Level 1:colcon.colcon_core.package_identification:_identify(src/ros_gz_project_template-fortress/ros_gz_example_gazebo) by extension 'colcon_meta'
[0.147s] Level 1:colcon.colcon_core.package_identification:_identify(src/ros_gz_project_template-fortress/ros_gz_example_gazebo) by extensions ['ros']
[0.147s] Level 1:colcon.colcon_core.package_identification:_identify(src/ros_gz_project_template-fortress/ros_gz_example_gazebo) by extension 'ros'
[0.148s] DEBUG:colcon.colcon_core.package_identification:Package 'src/ros_gz_project_template-fortress/ros_gz_example_gazebo' with type 'ros.ament_cmake' and name 'ros_gz_example_gazebo'
[0.148s] Level 1:colcon.colcon_core.package_discovery:discover_packages(recursive) using defaults
[0.148s] Level 1:colcon.colcon_core.package_discovery:discover_packages(ignore) discover
[0.148s] Level 1:colcon.colcon_core.package_discovery:discover_packages(ignore) using defaults
[0.148s] Level 1:colcon.colcon_core.package_discovery:discover_packages(path) discover
[0.148s] Level 1:colcon.colcon_core.package_discovery:discover_packages(path) using defaults
[0.164s] Level 1:colcon.colcon_core.package_discovery:discover_packages(prefix_path) check parameters
[0.164s] Level 1:colcon.colcon_core.package_discovery:discover_packages(prefix_path) discover
[0.167s] DEBUG:colcon.colcon_installed_package_information.package_discovery:Found 22 installed packages in /home/ross/aerostack2_ws/install
[0.168s] DEBUG:colcon.colcon_installed_package_information.package_discovery:Found 4 installed packages in /home/ross/DroneSim_ws/install
[0.168s] DEBUG:colcon.colcon_installed_package_information.package_discovery:Found 1 installed packages in /home/ross/esl2024-main/install
[0.169s] DEBUG:colcon.colcon_installed_package_information.package_discovery:Found 352 installed packages in /opt/ros/humble
[0.171s] Level 1:colcon.colcon_core.package_discovery:discover_packages(prefix_path) using defaults
[0.212s] Level 5:colcon.colcon_core.verb:set package 'ros_gz_example_application' build argument 'cmake_args' from command line to '['-DBUILD_TESTING=ON']'
[0.213s] Level 5:colcon.colcon_core.verb:set package 'ros_gz_example_application' build argument 'cmake_target' from command line to 'None'
[0.213s] Level 5:colcon.colcon_core.verb:set package 'ros_gz_example_application' build argument 'cmake_target_skip_unavailable' from command line to 'False'
[0.213s] Level 5:colcon.colcon_core.verb:set package 'ros_gz_example_application' build argument 'cmake_clean_cache' from command line to 'False'
[0.213s] Level 5:colcon.colcon_core.verb:set package 'ros_gz_example_application' build argument 'cmake_clean_first' from command line to 'False'
[0.213s] Level 5:colcon.colcon_core.verb:set package 'ros_gz_example_application' build argument 'cmake_force_configure' from command line to 'False'
[0.213s] Level 5:colcon.colcon_core.verb:set package 'ros_gz_example_application' build argument 'ament_cmake_args' from command line to 'None'
[0.213s] Level 5:colcon.colcon_core.verb:set package 'ros_gz_example_application' build argument 'catkin_cmake_args' from command line to 'None'
[0.213s] Level 5:colcon.colcon_core.verb:set package 'ros_gz_example_application' build argument 'catkin_skip_building_tests' from command line to 'False'
[0.213s] DEBUG:colcon.colcon_core.verb:Building package 'ros_gz_example_application' with the following arguments: {'ament_cmake_args': None, 'build_base': '/home/ross/DroneSim_ws/build/ros_gz_example_application', 'catkin_cmake_args': None, 'catkin_skip_building_tests': False, 'cmake_args': ['-DBUILD_TESTING=ON'], 'cmake_clean_cache': False, 'cmake_clean_first': False, 'cmake_force_configure': False, 'cmake_target': None, 'cmake_target_skip_unavailable': False, 'install_base': '/home/ross/DroneSim_ws/install/ros_gz_example_application', 'merge_install': False, 'path': '/home/ross/DroneSim_ws/src/ros_gz_project_template-fortress/ros_gz_example_application', 'symlink_install': False, 'test_result_base': None}
[0.213s] Level 5:colcon.colcon_core.verb:set package 'ros_gz_example_description' build argument 'cmake_args' from command line to '['-DBUILD_TESTING=ON']'
[0.213s] Level 5:colcon.colcon_core.verb:set package 'ros_gz_example_description' build argument 'cmake_target' from command line to 'None'
[0.213s] Level 5:colcon.colcon_core.verb:set package 'ros_gz_example_description' build argument 'cmake_target_skip_unavailable' from command line to 'False'
[0.213s] Level 5:colcon.colcon_core.verb:set package 'ros_gz_example_description' build argument 'cmake_clean_cache' from command line to 'False'
[0.213s] Level 5:colcon.colcon_core.verb:set package 'ros_gz_example_description' build argument 'cmake_clean_first' from command line to 'False'
[0.213s] Level 5:colcon.colcon_core.verb:set package 'ros_gz_example_description' build argument 'cmake_force_configure' from command line to 'False'
[0.213s] Level 5:colcon.colcon_core.verb:set package 'ros_gz_example_description' build argument 'ament_cmake_args' from command line to 'None'
[0.213s] Level 5:colcon.colcon_core.verb:set package 'ros_gz_example_description' build argument 'catkin_cmake_args' from command line to 'None'
[0.213s] Level 5:colcon.colcon_core.verb:set package 'ros_gz_example_description' build argument 'catkin_skip_building_tests' from command line to 'False'
[0.213s] DEBUG:colcon.colcon_core.verb:Building package 'ros_gz_example_description' with the following arguments: {'ament_cmake_args': None, 'build_base': '/home/ross/DroneSim_ws/build/ros_gz_example_description', 'catkin_cmake_args': None, 'catkin_skip_building_tests': False, 'cmake_args': ['-DBUILD_TESTING=ON'], 'cmake_clean_cache': False, 'cmake_clean_first': False, 'cmake_force_configure': False, 'cmake_target': None, 'cmake_target_skip_unavailable': False, 'install_base': '/home/ross/DroneSim_ws/install/ros_gz_example_description', 'merge_install': False, 'path': '/home/ross/DroneSim_ws/src/ros_gz_project_template-fortress/ros_gz_example_description', 'symlink_install': False, 'test_result_base': None}
[0.214s] Level 5:colcon.colcon_core.verb:set package 'ros_gz_example_gazebo' build argument 'cmake_args' from command line to '['-DBUILD_TESTING=ON']'
[0.214s] Level 5:colcon.colcon_core.verb:set package 'ros_gz_example_gazebo' build argument 'cmake_target' from command line to 'None'
[0.214s] Level 5:colcon.colcon_core.verb:set package 'ros_gz_example_gazebo' build argument 'cmake_target_skip_unavailable' from command line to 'False'
[0.214s] Level 5:colcon.colcon_core.verb:set package 'ros_gz_example_gazebo' build argument 'cmake_clean_cache' from command line to 'False'
[0.214s] Level 5:colcon.colcon_core.verb:set package 'ros_gz_example_gazebo' build argument 'cmake_clean_first' from command line to 'False'
[0.214s] Level 5:colcon.colcon_core.verb:set package 'ros_gz_example_gazebo' build argument 'cmake_force_configure' from command line to 'False'
[0.214s] Level 5:colcon.colcon_core.verb:set package 'ros_gz_example_gazebo' build argument 'ament_cmake_args' from command line to 'None'
[0.214s] Level 5:colcon.colcon_core.verb:set package 'ros_gz_example_gazebo' build argument 'catkin_cmake_args' from command line to 'None'
[0.214s] Level 5:colcon.colcon_core.verb:set package 'ros_gz_example_gazebo' build argument 'catkin_skip_building_tests' from command line to 'False'
[0.214s] DEBUG:colcon.colcon_core.verb:Building package 'ros_gz_example_gazebo' with the following arguments: {'ament_cmake_args': None, 'build_base': '/home/ross/DroneSim_ws/build/ros_gz_example_gazebo', 'catkin_cmake_args': None, 'catkin_skip_building_tests': False, 'cmake_args': ['-DBUILD_TESTING=ON'], 'cmake_clean_cache': False, 'cmake_clean_first': False, 'cmake_force_configure': False, 'cmake_target': None, 'cmake_target_skip_unavailable': False, 'install_base': '/home/ross/DroneSim_ws/install/ros_gz_example_gazebo', 'merge_install': False, 'path': '/home/ross/DroneSim_ws/src/ros_gz_project_template-fortress/ros_gz_example_gazebo', 'symlink_install': False, 'test_result_base': None}
[0.214s] Level 5:colcon.colcon_core.verb:set package 'ros_gz_example_bringup' build argument 'cmake_args' from command line to '['-DBUILD_TESTING=ON']'
[0.214s] Level 5:colcon.colcon_core.verb:set package 'ros_gz_example_bringup' build argument 'cmake_target' from command line to 'None'
[0.214s] Level 5:colcon.colcon_core.verb:set package 'ros_gz_example_bringup' build argument 'cmake_target_skip_unavailable' from command line to 'False'
[0.214s] Level 5:colcon.colcon_core.verb:set package 'ros_gz_example_bringup' build argument 'cmake_clean_cache' from command line to 'False'
[0.214s] Level 5:colcon.colcon_core.verb:set package 'ros_gz_example_bringup' build argument 'cmake_clean_first' from command line to 'False'
[0.214s] Level 5:colcon.colcon_core.verb:set package 'ros_gz_example_bringup' build argument 'cmake_force_configure' from command line to 'False'
[0.214s] Level 5:colcon.colcon_core.verb:set package 'ros_gz_example_bringup' build argument 'ament_cmake_args' from command line to 'None'
[0.214s] Level 5:colcon.colcon_core.verb:set package 'ros_gz_example_bringup' build argument 'catkin_cmake_args' from command line to 'None'
[0.214s] Level 5:colcon.colcon_core.verb:set package 'ros_gz_example_bringup' build argument 'catkin_skip_building_tests' from command line to 'False'
[0.214s] DEBUG:colcon.colcon_core.verb:Building package 'ros_gz_example_bringup' with the following arguments: {'ament_cmake_args': None, 'build_base': '/home/ross/DroneSim_ws/build/ros_gz_example_bringup', 'catkin_cmake_args': None, 'catkin_skip_building_tests': False, 'cmake_args': ['-DBUILD_TESTING=ON'], 'cmake_clean_cache': False, 'cmake_clean_first': False, 'cmake_force_configure': False, 'cmake_target': None, 'cmake_target_skip_unavailable': False, 'install_base': '/home/ross/DroneSim_ws/install/ros_gz_example_bringup', 'merge_install': False, 'path': '/home/ross/DroneSim_ws/src/ros_gz_project_template-fortress/ros_gz_example_bringup', 'symlink_install': False, 'test_result_base': None}
[0.214s] INFO:colcon.colcon_core.executor:Executing jobs using 'parallel' executor
[0.215s] DEBUG:colcon.colcon_parallel_executor.executor.parallel:run_until_complete
[0.215s] INFO:colcon.colcon_ros.task.ament_cmake.build:Building ROS package in '/home/ross/DroneSim_ws/src/ros_gz_project_template-fortress/ros_gz_example_description' with build type 'ament_cmake'
[0.215s] INFO:colcon.colcon_cmake.task.cmake.build:Building CMake package in '/home/ross/DroneSim_ws/src/ros_gz_project_template-fortress/ros_gz_example_description'
[0.217s] INFO:colcon.colcon_core.plugin_system:Skipping extension 'colcon_core.shell.bat': Not used on non-Windows systems
[0.217s] INFO:colcon.colcon_core.shell:Skip shell extension 'powershell' for command environment: Not usable outside of PowerShell
[0.217s] DEBUG:colcon.colcon_core.shell:Skip shell extension 'dsv' for command environment
[0.222s] INFO:colcon.colcon_ros.task.ament_cmake.build:Building ROS package in '/home/ross/DroneSim_ws/src/ros_gz_project_template-fortress/ros_gz_example_application' with build type 'ament_cmake'
[0.222s] INFO:colcon.colcon_cmake.task.cmake.build:Building CMake package in '/home/ross/DroneSim_ws/src/ros_gz_project_template-fortress/ros_gz_example_application'
[0.222s] INFO:colcon.colcon_core.shell:Skip shell extension 'powershell' for command environment: Not usable outside of PowerShell
[0.222s] DEBUG:colcon.colcon_core.shell:Skip shell extension 'dsv' for command environment
[0.231s] DEBUG:colcon.colcon_core.event_handler.log_command:Invoking command in '/home/ross/DroneSim_ws/build/ros_gz_example_description': CMAKE_PREFIX_PATH=${CMAKE_PREFIX_PATH}:/home/ross/aerostack2_ws/install/as2_keyboard_teleoperation:/home/ross/aerostack2_ws/install/as2_python_api:/opt/ros/humble /usr/bin/cmake --build /home/ross/DroneSim_ws/build/ros_gz_example_description -- -j12 -l12
[0.235s] DEBUG:colcon.colcon_core.event_handler.log_command:Invoking command in '/home/ross/DroneSim_ws/build/ros_gz_example_application': CMAKE_PREFIX_PATH=${CMAKE_PREFIX_PATH}:/home/ross/aerostack2_ws/install/as2_keyboard_teleoperation:/home/ross/aerostack2_ws/install/as2_python_api:/opt/ros/humble /usr/bin/cmake --build /home/ross/DroneSim_ws/build/ros_gz_example_application -- -j12 -l12
[0.266s] DEBUG:colcon.colcon_core.event_handler.log_command:Invoked command in '/home/ross/DroneSim_ws/build/ros_gz_example_application' returned '0': CMAKE_PREFIX_PATH=${CMAKE_PREFIX_PATH}:/home/ross/aerostack2_ws/install/as2_keyboard_teleoperation:/home/ross/aerostack2_ws/install/as2_python_api:/opt/ros/humble /usr/bin/cmake --build /home/ross/DroneSim_ws/build/ros_gz_example_application -- -j12 -l12
[0.267s] DEBUG:colcon.colcon_core.event_handler.log_command:Invoked command in '/home/ross/DroneSim_ws/build/ros_gz_example_description' returned '0': CMAKE_PREFIX_PATH=${CMAKE_PREFIX_PATH}:/home/ross/aerostack2_ws/install/as2_keyboard_teleoperation:/home/ross/aerostack2_ws/install/as2_python_api:/opt/ros/humble /usr/bin/cmake --build /home/ross/DroneSim_ws/build/ros_gz_example_description -- -j12 -l12
[0.292s] DEBUG:colcon.colcon_core.event_handler.log_command:Invoking command in '/home/ross/DroneSim_ws/build/ros_gz_example_application': CMAKE_PREFIX_PATH=${CMAKE_PREFIX_PATH}:/home/ross/aerostack2_ws/install/as2_keyboard_teleoperation:/home/ross/aerostack2_ws/install/as2_python_api:/opt/ros/humble /usr/bin/cmake --install /home/ross/DroneSim_ws/build/ros_gz_example_application
[0.295s] DEBUG:colcon.colcon_core.event_handler.log_command:Invoking command in '/home/ross/DroneSim_ws/build/ros_gz_example_description': CMAKE_PREFIX_PATH=${CMAKE_PREFIX_PATH}:/home/ross/aerostack2_ws/install/as2_keyboard_teleoperation:/home/ross/aerostack2_ws/install/as2_python_api:/opt/ros/humble /usr/bin/cmake --install /home/ross/DroneSim_ws/build/ros_gz_example_description
[0.305s] Level 1:colcon.colcon_core.environment:create_environment_scripts_only(ros_gz_example_application)
[0.308s] DEBUG:colcon.colcon_core.event_handler.log_command:Invoked command in '/home/ross/DroneSim_ws/build/ros_gz_example_application' returned '0': CMAKE_PREFIX_PATH=${CMAKE_PREFIX_PATH}:/home/ross/aerostack2_ws/install/as2_keyboard_teleoperation:/home/ross/aerostack2_ws/install/as2_python_api:/opt/ros/humble /usr/bin/cmake --install /home/ross/DroneSim_ws/build/ros_gz_example_application
[0.309s] Level 1:colcon.colcon_core.environment:checking '/home/ross/DroneSim_ws/install/ros_gz_example_application' for CMake module files
[0.310s] Level 1:colcon.colcon_core.environment:checking '/home/ross/DroneSim_ws/install/ros_gz_example_application' for CMake config files
[0.310s] Level 1:colcon.colcon_core.shell:create_environment_hook('ros_gz_example_application', 'cmake_prefix_path')
[0.310s] INFO:colcon.colcon_core.shell:Creating environment hook '/home/ross/DroneSim_ws/install/ros_gz_example_application/share/ros_gz_example_application/hook/cmake_prefix_path.ps1'
[0.311s] INFO:colcon.colcon_core.shell:Creating environment descriptor '/home/ross/DroneSim_ws/install/ros_gz_example_application/share/ros_gz_example_application/hook/cmake_prefix_path.dsv'
[0.311s] INFO:colcon.colcon_core.shell:Creating environment hook '/home/ross/DroneSim_ws/install/ros_gz_example_application/share/ros_gz_example_application/hook/cmake_prefix_path.sh'
[0.312s] Level 1:colcon.colcon_core.environment:checking '/home/ross/DroneSim_ws/install/ros_gz_example_application/bin'
[0.312s] Level 1:colcon.colcon_core.environment:checking '/home/ross/DroneSim_ws/install/ros_gz_example_application/lib/pkgconfig/ros_gz_example_application.pc'
[0.312s] Level 1:colcon.colcon_core.environment:checking '/home/ross/DroneSim_ws/install/ros_gz_example_application/lib/python3.10/site-packages'
[0.312s] Level 1:colcon.colcon_core.environment:checking '/home/ross/DroneSim_ws/install/ros_gz_example_application/bin'
[0.312s] INFO:colcon.colcon_core.shell:Creating package script '/home/ross/DroneSim_ws/install/ros_gz_example_application/share/ros_gz_example_application/package.ps1'
[0.313s] INFO:colcon.colcon_core.shell:Creating package descriptor '/home/ross/DroneSim_ws/install/ros_gz_example_application/share/ros_gz_example_application/package.dsv'
[0.313s] INFO:colcon.colcon_core.shell:Creating package script '/home/ross/DroneSim_ws/install/ros_gz_example_application/share/ros_gz_example_application/package.sh'
[0.314s] INFO:colcon.colcon_core.shell:Creating package script '/home/ross/DroneSim_ws/install/ros_gz_example_application/share/ros_gz_example_application/package.bash'
[0.315s] INFO:colcon.colcon_core.shell:Creating package script '/home/ross/DroneSim_ws/install/ros_gz_example_application/share/ros_gz_example_application/package.zsh'
[0.315s] Level 1:colcon.colcon_core.environment:create_file_with_runtime_dependencies(/home/ross/DroneSim_ws/install/ros_gz_example_application/share/colcon-core/packages/ros_gz_example_application)
[0.316s] Level 1:colcon.colcon_core.environment:create_environment_scripts_only(ros_gz_example_description)
[0.316s] Level 1:colcon.colcon_core.environment:checking '/home/ross/DroneSim_ws/install/ros_gz_example_description' for CMake module files
[0.317s] DEBUG:colcon.colcon_core.event_handler.log_command:Invoked command in '/home/ross/DroneSim_ws/build/ros_gz_example_description' returned '0': CMAKE_PREFIX_PATH=${CMAKE_PREFIX_PATH}:/home/ross/aerostack2_ws/install/as2_keyboard_teleoperation:/home/ross/aerostack2_ws/install/as2_python_api:/opt/ros/humble /usr/bin/cmake --install /home/ross/DroneSim_ws/build/ros_gz_example_description
[0.317s] Level 1:colcon.colcon_core.environment:checking '/home/ross/DroneSim_ws/install/ros_gz_example_description' for CMake config files
[0.317s] Level 1:colcon.colcon_core.shell:create_environment_hook('ros_gz_example_description', 'cmake_prefix_path')
[0.317s] INFO:colcon.colcon_core.shell:Creating environment hook '/home/ross/DroneSim_ws/install/ros_gz_example_description/share/ros_gz_example_description/hook/cmake_prefix_path.ps1'
[0.318s] INFO:colcon.colcon_core.shell:Creating environment descriptor '/home/ross/DroneSim_ws/install/ros_gz_example_description/share/ros_gz_example_description/hook/cmake_prefix_path.dsv'
[0.318s] INFO:colcon.colcon_core.shell:Creating environment hook '/home/ross/DroneSim_ws/install/ros_gz_example_description/share/ros_gz_example_description/hook/cmake_prefix_path.sh'
[0.318s] Level 1:colcon.colcon_core.environment:checking '/home/ross/DroneSim_ws/install/ros_gz_example_description/bin'
[0.318s] Level 1:colcon.colcon_core.environment:checking '/home/ross/DroneSim_ws/install/ros_gz_example_description/lib/pkgconfig/ros_gz_example_description.pc'
[0.318s] Level 1:colcon.colcon_core.environment:checking '/home/ross/DroneSim_ws/install/ros_gz_example_description/lib/python3.10/site-packages'
[0.319s] Level 1:colcon.colcon_core.environment:checking '/home/ross/DroneSim_ws/install/ros_gz_example_description/bin'
[0.319s] INFO:colcon.colcon_core.shell:Creating package script '/home/ross/DroneSim_ws/install/ros_gz_example_description/share/ros_gz_example_description/package.ps1'
[0.319s] INFO:colcon.colcon_core.shell:Creating package descriptor '/home/ross/DroneSim_ws/install/ros_gz_example_description/share/ros_gz_example_description/package.dsv'
[0.319s] INFO:colcon.colcon_core.shell:Creating package script '/home/ross/DroneSim_ws/install/ros_gz_example_description/share/ros_gz_example_description/package.sh'
[0.320s] INFO:colcon.colcon_core.shell:Creating package script '/home/ross/DroneSim_ws/install/ros_gz_example_description/share/ros_gz_example_description/package.bash'
[0.320s] INFO:colcon.colcon_core.shell:Creating package script '/home/ross/DroneSim_ws/install/ros_gz_example_description/share/ros_gz_example_description/package.zsh'
[0.320s] Level 1:colcon.colcon_core.environment:create_file_with_runtime_dependencies(/home/ross/DroneSim_ws/install/ros_gz_example_description/share/colcon-core/packages/ros_gz_example_description)
[0.335s] Level 1:colcon.colcon_core.environment:create_environment_scripts_only(ros_gz_example_application)
[0.335s] Level 1:colcon.colcon_core.environment:checking '/home/ross/DroneSim_ws/install/ros_gz_example_application' for CMake module files
[0.335s] Level 1:colcon.colcon_core.environment:checking '/home/ross/DroneSim_ws/install/ros_gz_example_application' for CMake config files
[0.335s] Level 1:colcon.colcon_core.shell:create_environment_hook('ros_gz_example_application', 'cmake_prefix_path')
[0.336s] INFO:colcon.colcon_core.shell:Creating environment hook '/home/ross/DroneSim_ws/install/ros_gz_example_application/share/ros_gz_example_application/hook/cmake_prefix_path.ps1'
[0.336s] INFO:colcon.colcon_core.shell:Creating environment descriptor '/home/ross/DroneSim_ws/install/ros_gz_example_application/share/ros_gz_example_application/hook/cmake_prefix_path.dsv'
[0.336s] INFO:colcon.colcon_core.shell:Creating environment hook '/home/ross/DroneSim_ws/install/ros_gz_example_application/share/ros_gz_example_application/hook/cmake_prefix_path.sh'
[0.337s] Level 1:colcon.colcon_core.environment:checking '/home/ross/DroneSim_ws/install/ros_gz_example_application/bin'
[0.337s] Level 1:colcon.colcon_core.environment:checking '/home/ross/DroneSim_ws/install/ros_gz_example_application/lib/pkgconfig/ros_gz_example_application.pc'
[0.337s] Level 1:colcon.colcon_core.environment:checking '/home/ross/DroneSim_ws/install/ros_gz_example_application/lib/python3.10/site-packages'
[0.337s] Level 1:colcon.colcon_core.environment:checking '/home/ross/DroneSim_ws/install/ros_gz_example_application/bin'
[0.337s] INFO:colcon.colcon_core.shell:Creating package script '/home/ross/DroneSim_ws/install/ros_gz_example_application/share/ros_gz_example_application/package.ps1'
[0.338s] INFO:colcon.colcon_core.shell:Creating package descriptor '/home/ross/DroneSim_ws/install/ros_gz_example_application/share/ros_gz_example_application/package.dsv'
[0.338s] INFO:colcon.colcon_core.shell:Creating package script '/home/ross/DroneSim_ws/install/ros_gz_example_application/share/ros_gz_example_application/package.sh'
[0.338s] INFO:colcon.colcon_core.shell:Creating package script '/home/ross/DroneSim_ws/install/ros_gz_example_application/share/ros_gz_example_application/package.bash'
[0.339s] INFO:colcon.colcon_core.shell:Creating package script '/home/ross/DroneSim_ws/install/ros_gz_example_application/share/ros_gz_example_application/package.zsh'
[0.339s] Level 1:colcon.colcon_core.environment:create_file_with_runtime_dependencies(/home/ross/DroneSim_ws/install/ros_gz_example_application/share/colcon-core/packages/ros_gz_example_application)
[0.340s] Level 1:colcon.colcon_core.environment:create_environment_scripts_only(ros_gz_example_description)
[0.340s] Level 1:colcon.colcon_core.environment:checking '/home/ross/DroneSim_ws/install/ros_gz_example_description' for CMake module files
[0.340s] Level 1:colcon.colcon_core.environment:checking '/home/ross/DroneSim_ws/install/ros_gz_example_description' for CMake config files
[0.341s] Level 1:colcon.colcon_core.shell:create_environment_hook('ros_gz_example_description', 'cmake_prefix_path')
[0.341s] INFO:colcon.colcon_core.shell:Creating environment hook '/home/ross/DroneSim_ws/install/ros_gz_example_description/share/ros_gz_example_description/hook/cmake_prefix_path.ps1'
[0.341s] INFO:colcon.colcon_core.shell:Creating environment descriptor '/home/ross/DroneSim_ws/install/ros_gz_example_description/share/ros_gz_example_description/hook/cmake_prefix_path.dsv'
[0.341s] INFO:colcon.colcon_core.shell:Creating environment hook '/home/ross/DroneSim_ws/install/ros_gz_example_description/share/ros_gz_example_description/hook/cmake_prefix_path.sh'
[0.342s] Level 1:colcon.colcon_core.environment:checking '/home/ross/DroneSim_ws/install/ros_gz_example_description/bin'
[0.342s] Level 1:colcon.colcon_core.environment:checking '/home/ross/DroneSim_ws/install/ros_gz_example_description/lib/pkgconfig/ros_gz_example_description.pc'
[0.342s] Level 1:colcon.colcon_core.environment:checking '/home/ross/DroneSim_ws/install/ros_gz_example_description/lib/python3.10/site-packages'
[0.342s] Level 1:colcon.colcon_core.environment:checking '/home/ross/DroneSim_ws/install/ros_gz_example_description/bin'
[0.343s] INFO:colcon.colcon_core.shell:Creating package script '/home/ross/DroneSim_ws/install/ros_gz_example_description/share/ros_gz_example_description/package.ps1'
[0.343s] INFO:colcon.colcon_core.shell:Creating package descriptor '/home/ross/DroneSim_ws/install/ros_gz_example_description/share/ros_gz_example_description/package.dsv'
[0.343s] INFO:colcon.colcon_core.shell:Creating package script '/home/ross/DroneSim_ws/install/ros_gz_example_description/share/ros_gz_example_description/package.sh'
[0.344s] INFO:colcon.colcon_core.shell:Creating package script '/home/ross/DroneSim_ws/install/ros_gz_example_description/share/ros_gz_example_description/package.bash'
[0.344s] INFO:colcon.colcon_core.shell:Creating package script '/home/ross/DroneSim_ws/install/ros_gz_example_description/share/ros_gz_example_description/package.zsh'
[0.344s] Level 1:colcon.colcon_core.environment:create_file_with_runtime_dependencies(/home/ross/DroneSim_ws/install/ros_gz_example_description/share/colcon-core/packages/ros_gz_example_description)
[0.345s] INFO:colcon.colcon_ros.task.ament_cmake.build:Building ROS package in '/home/ross/DroneSim_ws/src/ros_gz_project_template-fortress/ros_gz_example_gazebo' with build type 'ament_cmake'
[0.345s] INFO:colcon.colcon_cmake.task.cmake.build:Building CMake package in '/home/ross/DroneSim_ws/src/ros_gz_project_template-fortress/ros_gz_example_gazebo'
[0.345s] INFO:colcon.colcon_core.shell:Skip shell extension 'powershell' for command environment: Not usable outside of PowerShell
[0.345s] DEBUG:colcon.colcon_core.shell:Skip shell extension 'dsv' for command environment
[0.354s] DEBUG:colcon.colcon_core.event_handler.log_command:Invoking command in '/home/ross/DroneSim_ws/build/ros_gz_example_gazebo': CMAKE_PREFIX_PATH=/home/ross/DroneSim_ws/install/ros_gz_example_description:/home/ross/DroneSim_ws/install/ros_gz_example_bringup:/home/ross/DroneSim_ws/install/ros_gz_example_gazebo:/home/ross/DroneSim_ws/install/ros_gz_example_application:/home/ross/aerostack2_ws/install/aerostack2:/home/ross/aerostack2_ws/install/as2_usb_camera_interface:/home/ross/aerostack2_ws/install/as2_state_estimator:/home/ross/aerostack2_ws/install/as2_platform_multirotor_simulator:/home/ross/aerostack2_ws/install/as2_platform_gazebo:/home/ross/aerostack2_ws/install/as2_motion_controller:/home/ross/aerostack2_ws/install/as2_behaviors_trajectory_generation:/home/ross/aerostack2_ws/install/as2_behaviors_motion:/home/ross/aerostack2_ws/install/as2_motion_reference_handlers:/home/ross/aerostack2_ws/install/as2_gazebo_assets:/home/ross/aerostack2_ws/install/as2_behaviors_platform:/home/ross/aerostack2_ws/install/as2_behaviors_perception:/home/ross/aerostack2_ws/install/as2_behavior_tree:/home/ross/aerostack2_ws/install/as2_behavior:/home/ross/aerostack2_ws/install/as2_alphanumeric_viewer:/home/ross/aerostack2_ws/install/as2_core:/home/ross/aerostack2_ws/install/as2_msgs:/home/ross/aerostack2_ws/install/as2_gazebo_classic_assets:/home/ross/aerostack2_ws/install/as2_cli:/home/ross/esl2024-main/install/my_robot_description:/home/ross/aerostack2_ws/install/as2_keyboard_teleoperation:/home/ross/aerostack2_ws/install/as2_python_api:/opt/ros/humble IGN_GAZEBO_RESOURCE_PATH=/home/ross/DroneSim_ws/install/ros_gz_example_description/share/ros_gz_example_description/models:${IGN_GAZEBO_RESOURCE_PATH} /usr/bin/cmake --build /home/ross/DroneSim_ws/build/ros_gz_example_gazebo -- -j12 -l12
[0.410s] DEBUG:colcon.colcon_core.event_handler.log_command:Invoked command in '/home/ross/DroneSim_ws/build/ros_gz_example_gazebo' returned '0': CMAKE_PREFIX_PATH=/home/ross/DroneSim_ws/install/ros_gz_example_description:/home/ross/DroneSim_ws/install/ros_gz_example_bringup:/home/ross/DroneSim_ws/install/ros_gz_example_gazebo:/home/ross/DroneSim_ws/install/ros_gz_example_application:/home/ross/aerostack2_ws/install/aerostack2:/home/ross/aerostack2_ws/install/as2_usb_camera_interface:/home/ross/aerostack2_ws/install/as2_state_estimator:/home/ross/aerostack2_ws/install/as2_platform_multirotor_simulator:/home/ross/aerostack2_ws/install/as2_platform_gazebo:/home/ross/aerostack2_ws/install/as2_motion_controller:/home/ross/aerostack2_ws/install/as2_behaviors_trajectory_generation:/home/ross/aerostack2_ws/install/as2_behaviors_motion:/home/ross/aerostack2_ws/install/as2_motion_reference_handlers:/home/ross/aerostack2_ws/install/as2_gazebo_assets:/home/ross/aerostack2_ws/install/as2_behaviors_platform:/home/ross/aerostack2_ws/install/as2_behaviors_perception:/home/ross/aerostack2_ws/install/as2_behavior_tree:/home/ross/aerostack2_ws/install/as2_behavior:/home/ross/aerostack2_ws/install/as2_alphanumeric_viewer:/home/ross/aerostack2_ws/install/as2_core:/home/ross/aerostack2_ws/install/as2_msgs:/home/ross/aerostack2_ws/install/as2_gazebo_classic_assets:/home/ross/aerostack2_ws/install/as2_cli:/home/ross/esl2024-main/install/my_robot_description:/home/ross/aerostack2_ws/install/as2_keyboard_teleoperation:/home/ross/aerostack2_ws/install/as2_python_api:/opt/ros/humble IGN_GAZEBO_RESOURCE_PATH=/home/ross/DroneSim_ws/install/ros_gz_example_description/share/ros_gz_example_description/models:${IGN_GAZEBO_RESOURCE_PATH} /usr/bin/cmake --build /home/ross/DroneSim_ws/build/ros_gz_example_gazebo -- -j12 -l12
[0.437s] DEBUG:colcon.colcon_core.event_handler.log_command:Invoking command in '/home/ross/DroneSim_ws/build/ros_gz_example_gazebo': CMAKE_PREFIX_PATH=/home/ross/DroneSim_ws/install/ros_gz_example_description:/home/ross/DroneSim_ws/install/ros_gz_example_bringup:/home/ross/DroneSim_ws/install/ros_gz_example_gazebo:/home/ross/DroneSim_ws/install/ros_gz_example_application:/home/ross/aerostack2_ws/install/aerostack2:/home/ross/aerostack2_ws/install/as2_usb_camera_interface:/home/ross/aerostack2_ws/install/as2_state_estimator:/home/ross/aerostack2_ws/install/as2_platform_multirotor_simulator:/home/ross/aerostack2_ws/install/as2_platform_gazebo:/home/ross/aerostack2_ws/install/as2_motion_controller:/home/ross/aerostack2_ws/install/as2_behaviors_trajectory_generation:/home/ross/aerostack2_ws/install/as2_behaviors_motion:/home/ross/aerostack2_ws/install/as2_motion_reference_handlers:/home/ross/aerostack2_ws/install/as2_gazebo_assets:/home/ross/aerostack2_ws/install/as2_behaviors_platform:/home/ross/aerostack2_ws/install/as2_behaviors_perception:/home/ross/aerostack2_ws/install/as2_behavior_tree:/home/ross/aerostack2_ws/install/as2_behavior:/home/ross/aerostack2_ws/install/as2_alphanumeric_viewer:/home/ross/aerostack2_ws/install/as2_core:/home/ross/aerostack2_ws/install/as2_msgs:/home/ross/aerostack2_ws/install/as2_gazebo_classic_assets:/home/ross/aerostack2_ws/install/as2_cli:/home/ross/esl2024-main/install/my_robot_description:/home/ross/aerostack2_ws/install/as2_keyboard_teleoperation:/home/ross/aerostack2_ws/install/as2_python_api:/opt/ros/humble IGN_GAZEBO_RESOURCE_PATH=/home/ross/DroneSim_ws/install/ros_gz_example_description/share/ros_gz_example_description/models:${IGN_GAZEBO_RESOURCE_PATH} /usr/bin/cmake --install /home/ross/DroneSim_ws/build/ros_gz_example_gazebo
[0.447s] Level 1:colcon.colcon_core.environment:create_environment_scripts_only(ros_gz_example_gazebo)
[0.447s] Level 1:colcon.colcon_core.environment:checking '/home/ross/DroneSim_ws/install/ros_gz_example_gazebo' for CMake module files
[0.447s] DEBUG:colcon.colcon_core.event_handler.log_command:Invoked command in '/home/ross/DroneSim_ws/build/ros_gz_example_gazebo' returned '0': CMAKE_PREFIX_PATH=/home/ross/DroneSim_ws/install/ros_gz_example_description:/home/ross/DroneSim_ws/install/ros_gz_example_bringup:/home/ross/DroneSim_ws/install/ros_gz_example_gazebo:/home/ross/DroneSim_ws/install/ros_gz_example_application:/home/ross/aerostack2_ws/install/aerostack2:/home/ross/aerostack2_ws/install/as2_usb_camera_interface:/home/ross/aerostack2_ws/install/as2_state_estimator:/home/ross/aerostack2_ws/install/as2_platform_multirotor_simulator:/home/ross/aerostack2_ws/install/as2_platform_gazebo:/home/ross/aerostack2_ws/install/as2_motion_controller:/home/ross/aerostack2_ws/install/as2_behaviors_trajectory_generation:/home/ross/aerostack2_ws/install/as2_behaviors_motion:/home/ross/aerostack2_ws/install/as2_motion_reference_handlers:/home/ross/aerostack2_ws/install/as2_gazebo_assets:/home/ross/aerostack2_ws/install/as2_behaviors_platform:/home/ross/aerostack2_ws/install/as2_behaviors_perception:/home/ross/aerostack2_ws/install/as2_behavior_tree:/home/ross/aerostack2_ws/install/as2_behavior:/home/ross/aerostack2_ws/install/as2_alphanumeric_viewer:/home/ross/aerostack2_ws/install/as2_core:/home/ross/aerostack2_ws/install/as2_msgs:/home/ross/aerostack2_ws/install/as2_gazebo_classic_assets:/home/ross/aerostack2_ws/install/as2_cli:/home/ross/esl2024-main/install/my_robot_description:/home/ross/aerostack2_ws/install/as2_keyboard_teleoperation:/home/ross/aerostack2_ws/install/as2_python_api:/opt/ros/humble IGN_GAZEBO_RESOURCE_PATH=/home/ross/DroneSim_ws/install/ros_gz_example_description/share/ros_gz_example_description/models:${IGN_GAZEBO_RESOURCE_PATH} /usr/bin/cmake --install /home/ross/DroneSim_ws/build/ros_gz_example_gazebo
[0.448s] Level 1:colcon.colcon_core.environment:checking '/home/ross/DroneSim_ws/install/ros_gz_example_gazebo' for CMake config files
[0.448s] Level 1:colcon.colcon_core.shell:create_environment_hook('ros_gz_example_gazebo', 'cmake_prefix_path')
[0.448s] INFO:colcon.colcon_core.shell:Creating environment hook '/home/ross/DroneSim_ws/install/ros_gz_example_gazebo/share/ros_gz_example_gazebo/hook/cmake_prefix_path.ps1'
[0.448s] INFO:colcon.colcon_core.shell:Creating environment descriptor '/home/ross/DroneSim_ws/install/ros_gz_example_gazebo/share/ros_gz_example_gazebo/hook/cmake_prefix_path.dsv'
[0.449s] INFO:colcon.colcon_core.shell:Creating environment hook '/home/ross/DroneSim_ws/install/ros_gz_example_gazebo/share/ros_gz_example_gazebo/hook/cmake_prefix_path.sh'
[0.449s] Level 1:colcon.colcon_core.environment:checking '/home/ross/DroneSim_ws/install/ros_gz_example_gazebo/lib'
[0.449s] Level 1:colcon.colcon_core.environment:checking '/home/ross/DroneSim_ws/install/ros_gz_example_gazebo/bin'
[0.449s] Level 1:colcon.colcon_core.environment:checking '/home/ross/DroneSim_ws/install/ros_gz_example_gazebo/lib/pkgconfig/ros_gz_example_gazebo.pc'
[0.449s] Level 1:colcon.colcon_core.environment:checking '/home/ross/DroneSim_ws/install/ros_gz_example_gazebo/lib/python3.10/site-packages'
[0.450s] Level 1:colcon.colcon_core.environment:checking '/home/ross/DroneSim_ws/install/ros_gz_example_gazebo/bin'
[0.450s] INFO:colcon.colcon_core.shell:Creating package script '/home/ross/DroneSim_ws/install/ros_gz_example_gazebo/share/ros_gz_example_gazebo/package.ps1'
[0.450s] INFO:colcon.colcon_core.shell:Creating package descriptor '/home/ross/DroneSim_ws/install/ros_gz_example_gazebo/share/ros_gz_example_gazebo/package.dsv'
[0.450s] INFO:colcon.colcon_core.shell:Creating package script '/home/ross/DroneSim_ws/install/ros_gz_example_gazebo/share/ros_gz_example_gazebo/package.sh'
[0.451s] INFO:colcon.colcon_core.shell:Creating package script '/home/ross/DroneSim_ws/install/ros_gz_example_gazebo/share/ros_gz_example_gazebo/package.bash'
[0.451s] INFO:colcon.colcon_core.shell:Creating package script '/home/ross/DroneSim_ws/install/ros_gz_example_gazebo/share/ros_gz_example_gazebo/package.zsh'
[0.451s] Level 1:colcon.colcon_core.environment:create_file_with_runtime_dependencies(/home/ross/DroneSim_ws/install/ros_gz_example_gazebo/share/colcon-core/packages/ros_gz_example_gazebo)
[0.476s] Level 1:colcon.colcon_core.environment:create_environment_scripts_only(ros_gz_example_gazebo)
[0.477s] Level 1:colcon.colcon_core.environment:checking '/home/ross/DroneSim_ws/install/ros_gz_example_gazebo' for CMake module files
[0.477s] Level 1:colcon.colcon_core.environment:checking '/home/ross/DroneSim_ws/install/ros_gz_example_gazebo' for CMake config files
[0.477s] Level 1:colcon.colcon_core.shell:create_environment_hook('ros_gz_example_gazebo', 'cmake_prefix_path')
[0.477s] INFO:colcon.colcon_core.shell:Creating environment hook '/home/ross/DroneSim_ws/install/ros_gz_example_gazebo/share/ros_gz_example_gazebo/hook/cmake_prefix_path.ps1'
[0.478s] INFO:colcon.colcon_core.shell:Creating environment descriptor '/home/ross/DroneSim_ws/install/ros_gz_example_gazebo/share/ros_gz_example_gazebo/hook/cmake_prefix_path.dsv'
[0.478s] INFO:colcon.colcon_core.shell:Creating environment hook '/home/ross/DroneSim_ws/install/ros_gz_example_gazebo/share/ros_gz_example_gazebo/hook/cmake_prefix_path.sh'
[0.478s] Level 1:colcon.colcon_core.environment:checking '/home/ross/DroneSim_ws/install/ros_gz_example_gazebo/lib'
[0.478s] Level 1:colcon.colcon_core.environment:checking '/home/ross/DroneSim_ws/install/ros_gz_example_gazebo/bin'
[0.479s] Level 1:colcon.colcon_core.environment:checking '/home/ross/DroneSim_ws/install/ros_gz_example_gazebo/lib/pkgconfig/ros_gz_example_gazebo.pc'
[0.479s] Level 1:colcon.colcon_core.environment:checking '/home/ross/DroneSim_ws/install/ros_gz_example_gazebo/lib/python3.10/site-packages'
[0.479s] Level 1:colcon.colcon_core.environment:checking '/home/ross/DroneSim_ws/install/ros_gz_example_gazebo/bin'
[0.479s] INFO:colcon.colcon_core.shell:Creating package script '/home/ross/DroneSim_ws/install/ros_gz_example_gazebo/share/ros_gz_example_gazebo/package.ps1'
[0.479s] INFO:colcon.colcon_core.shell:Creating package descriptor '/home/ross/DroneSim_ws/install/ros_gz_example_gazebo/share/ros_gz_example_gazebo/package.dsv'
[0.480s] INFO:colcon.colcon_core.shell:Creating package script '/home/ross/DroneSim_ws/install/ros_gz_example_gazebo/share/ros_gz_example_gazebo/package.sh'
[0.480s] INFO:colcon.colcon_core.shell:Creating package script '/home/ross/DroneSim_ws/install/ros_gz_example_gazebo/share/ros_gz_example_gazebo/package.bash'
[0.480s] INFO:colcon.colcon_core.shell:Creating package script '/home/ross/DroneSim_ws/install/ros_gz_example_gazebo/share/ros_gz_example_gazebo/package.zsh'
[0.481s] Level 1:colcon.colcon_core.environment:create_file_with_runtime_dependencies(/home/ross/DroneSim_ws/install/ros_gz_example_gazebo/share/colcon-core/packages/ros_gz_example_gazebo)
[0.481s] INFO:colcon.colcon_ros.task.ament_cmake.build:Building ROS package in '/home/ross/DroneSim_ws/src/ros_gz_project_template-fortress/ros_gz_example_bringup' with build type 'ament_cmake'
[0.481s] INFO:colcon.colcon_cmake.task.cmake.build:Building CMake package in '/home/ross/DroneSim_ws/src/ros_gz_project_template-fortress/ros_gz_example_bringup'
[0.481s] INFO:colcon.colcon_core.shell:Skip shell extension 'powershell' for command environment: Not usable outside of PowerShell
[0.481s] DEBUG:colcon.colcon_core.shell:Skip shell extension 'dsv' for command environment
[0.491s] DEBUG:colcon.colcon_core.event_handler.log_command:Invoking command in '/home/ross/DroneSim_ws/build/ros_gz_example_bringup': CMAKE_PREFIX_PATH=/home/ross/DroneSim_ws/install/ros_gz_example_gazebo:/home/ross/DroneSim_ws/install/ros_gz_example_description:/home/ross/DroneSim_ws/install/ros_gz_example_bringup:/home/ross/DroneSim_ws/install/ros_gz_example_application:/home/ross/aerostack2_ws/install/aerostack2:/home/ross/aerostack2_ws/install/as2_usb_camera_interface:/home/ross/aerostack2_ws/install/as2_state_estimator:/home/ross/aerostack2_ws/install/as2_platform_multirotor_simulator:/home/ross/aerostack2_ws/install/as2_platform_gazebo:/home/ross/aerostack2_ws/install/as2_motion_controller:/home/ross/aerostack2_ws/install/as2_behaviors_trajectory_generation:/home/ross/aerostack2_ws/install/as2_behaviors_motion:/home/ross/aerostack2_ws/install/as2_motion_reference_handlers:/home/ross/aerostack2_ws/install/as2_gazebo_assets:/home/ross/aerostack2_ws/install/as2_behaviors_platform:/home/ross/aerostack2_ws/install/as2_behaviors_perception:/home/ross/aerostack2_ws/install/as2_behavior_tree:/home/ross/aerostack2_ws/install/as2_behavior:/home/ross/aerostack2_ws/install/as2_alphanumeric_viewer:/home/ross/aerostack2_ws/install/as2_core:/home/ross/aerostack2_ws/install/as2_msgs:/home/ross/aerostack2_ws/install/as2_gazebo_classic_assets:/home/ross/aerostack2_ws/install/as2_cli:/home/ross/esl2024-main/install/my_robot_description:/home/ross/aerostack2_ws/install/as2_keyboard_teleoperation:/home/ross/aerostack2_ws/install/as2_python_api:/opt/ros/humble IGN_GAZEBO_PLUGIN_PATH=/home/ross/DroneSim_ws/install/ros_gz_example_gazebo/lib/ros_gz_example_gazebo IGN_GAZEBO_RESOURCE_PATH=/home/ross/DroneSim_ws/install/ros_gz_example_description/share/ros_gz_example_description/models:${IGN_GAZEBO_RESOURCE_PATH} /usr/bin/cmake --build /home/ross/DroneSim_ws/build/ros_gz_example_bringup -- -j12 -l12
[0.523s] DEBUG:colcon.colcon_core.event_handler.log_command:Invoked command in '/home/ross/DroneSim_ws/build/ros_gz_example_bringup' returned '0': CMAKE_PREFIX_PATH=/home/ross/DroneSim_ws/install/ros_gz_example_gazebo:/home/ross/DroneSim_ws/install/ros_gz_example_description:/home/ross/DroneSim_ws/install/ros_gz_example_bringup:/home/ross/DroneSim_ws/install/ros_gz_example_application:/home/ross/aerostack2_ws/install/aerostack2:/home/ross/aerostack2_ws/install/as2_usb_camera_interface:/home/ross/aerostack2_ws/install/as2_state_estimator:/home/ross/aerostack2_ws/install/as2_platform_multirotor_simulator:/home/ross/aerostack2_ws/install/as2_platform_gazebo:/home/ross/aerostack2_ws/install/as2_motion_controller:/home/ross/aerostack2_ws/install/as2_behaviors_trajectory_generation:/home/ross/aerostack2_ws/install/as2_behaviors_motion:/home/ross/aerostack2_ws/install/as2_motion_reference_handlers:/home/ross/aerostack2_ws/install/as2_gazebo_assets:/home/ross/aerostack2_ws/install/as2_behaviors_platform:/home/ross/aerostack2_ws/install/as2_behaviors_perception:/home/ross/aerostack2_ws/install/as2_behavior_tree:/home/ross/aerostack2_ws/install/as2_behavior:/home/ross/aerostack2_ws/install/as2_alphanumeric_viewer:/home/ross/aerostack2_ws/install/as2_core:/home/ross/aerostack2_ws/install/as2_msgs:/home/ross/aerostack2_ws/install/as2_gazebo_classic_assets:/home/ross/aerostack2_ws/install/as2_cli:/home/ross/esl2024-main/install/my_robot_description:/home/ross/aerostack2_ws/install/as2_keyboard_teleoperation:/home/ross/aerostack2_ws/install/as2_python_api:/opt/ros/humble IGN_GAZEBO_PLUGIN_PATH=/home/ross/DroneSim_ws/install/ros_gz_example_gazebo/lib/ros_gz_example_gazebo IGN_GAZEBO_RESOURCE_PATH=/home/ross/DroneSim_ws/install/ros_gz_example_description/share/ros_gz_example_description/models:${IGN_GAZEBO_RESOURCE_PATH} /usr/bin/cmake --build /home/ross/DroneSim_ws/build/ros_gz_example_bringup -- -j12 -l12
[0.543s] DEBUG:colcon.colcon_core.event_handler.log_command:Invoking command in '/home/ross/DroneSim_ws/build/ros_gz_example_bringup': CMAKE_PREFIX_PATH=/home/ross/DroneSim_ws/install/ros_gz_example_gazebo:/home/ross/DroneSim_ws/install/ros_gz_example_description:/home/ross/DroneSim_ws/install/ros_gz_example_bringup:/home/ross/DroneSim_ws/install/ros_gz_example_application:/home/ross/aerostack2_ws/install/aerostack2:/home/ross/aerostack2_ws/install/as2_usb_camera_interface:/home/ross/aerostack2_ws/install/as2_state_estimator:/home/ross/aerostack2_ws/install/as2_platform_multirotor_simulator:/home/ross/aerostack2_ws/install/as2_platform_gazebo:/home/ross/aerostack2_ws/install/as2_motion_controller:/home/ross/aerostack2_ws/install/as2_behaviors_trajectory_generation:/home/ross/aerostack2_ws/install/as2_behaviors_motion:/home/ross/aerostack2_ws/install/as2_motion_reference_handlers:/home/ross/aerostack2_ws/install/as2_gazebo_assets:/home/ross/aerostack2_ws/install/as2_behaviors_platform:/home/ross/aerostack2_ws/install/as2_behaviors_perception:/home/ross/aerostack2_ws/install/as2_behavior_tree:/home/ross/aerostack2_ws/install/as2_behavior:/home/ross/aerostack2_ws/install/as2_alphanumeric_viewer:/home/ross/aerostack2_ws/install/as2_core:/home/ross/aerostack2_ws/install/as2_msgs:/home/ross/aerostack2_ws/install/as2_gazebo_classic_assets:/home/ross/aerostack2_ws/install/as2_cli:/home/ross/esl2024-main/install/my_robot_description:/home/ross/aerostack2_ws/install/as2_keyboard_teleoperation:/home/ross/aerostack2_ws/install/as2_python_api:/opt/ros/humble IGN_GAZEBO_PLUGIN_PATH=/home/ross/DroneSim_ws/install/ros_gz_example_gazebo/lib/ros_gz_example_gazebo IGN_GAZEBO_RESOURCE_PATH=/home/ross/DroneSim_ws/install/ros_gz_example_description/share/ros_gz_example_description/models:${IGN_GAZEBO_RESOURCE_PATH} /usr/bin/cmake --install /home/ross/DroneSim_ws/build/ros_gz_example_bringup
[0.551s] Level 1:colcon.colcon_core.environment:create_environment_scripts_only(ros_gz_example_bringup)
[0.552s] Level 1:colcon.colcon_core.environment:checking '/home/ross/DroneSim_ws/install/ros_gz_example_bringup' for CMake module files
[0.552s] DEBUG:colcon.colcon_core.event_handler.log_command:Invoked command in '/home/ross/DroneSim_ws/build/ros_gz_example_bringup' returned '0': CMAKE_PREFIX_PATH=/home/ross/DroneSim_ws/install/ros_gz_example_gazebo:/home/ross/DroneSim_ws/install/ros_gz_example_description:/home/ross/DroneSim_ws/install/ros_gz_example_bringup:/home/ross/DroneSim_ws/install/ros_gz_example_application:/home/ross/aerostack2_ws/install/aerostack2:/home/ross/aerostack2_ws/install/as2_usb_camera_interface:/home/ross/aerostack2_ws/install/as2_state_estimator:/home/ross/aerostack2_ws/install/as2_platform_multirotor_simulator:/home/ross/aerostack2_ws/install/as2_platform_gazebo:/home/ross/aerostack2_ws/install/as2_motion_controller:/home/ross/aerostack2_ws/install/as2_behaviors_trajectory_generation:/home/ross/aerostack2_ws/install/as2_behaviors_motion:/home/ross/aerostack2_ws/install/as2_motion_reference_handlers:/home/ross/aerostack2_ws/install/as2_gazebo_assets:/home/ross/aerostack2_ws/install/as2_behaviors_platform:/home/ross/aerostack2_ws/install/as2_behaviors_perception:/home/ross/aerostack2_ws/install/as2_behavior_tree:/home/ross/aerostack2_ws/install/as2_behavior:/home/ross/aerostack2_ws/install/as2_alphanumeric_viewer:/home/ross/aerostack2_ws/install/as2_core:/home/ross/aerostack2_ws/install/as2_msgs:/home/ross/aerostack2_ws/install/as2_gazebo_classic_assets:/home/ross/aerostack2_ws/install/as2_cli:/home/ross/esl2024-main/install/my_robot_description:/home/ross/aerostack2_ws/install/as2_keyboard_teleoperation:/home/ross/aerostack2_ws/install/as2_python_api:/opt/ros/humble IGN_GAZEBO_PLUGIN_PATH=/home/ross/DroneSim_ws/install/ros_gz_example_gazebo/lib/ros_gz_example_gazebo IGN_GAZEBO_RESOURCE_PATH=/home/ross/DroneSim_ws/install/ros_gz_example_description/share/ros_gz_example_description/models:${IGN_GAZEBO_RESOURCE_PATH} /usr/bin/cmake --install /home/ross/DroneSim_ws/build/ros_gz_example_bringup
[0.552s] Level 1:colcon.colcon_core.environment:checking '/home/ross/DroneSim_ws/install/ros_gz_example_bringup' for CMake config files
[0.552s] Level 1:colcon.colcon_core.shell:create_environment_hook('ros_gz_example_bringup', 'cmake_prefix_path')
[0.553s] INFO:colcon.colcon_core.shell:Creating environment hook '/home/ross/DroneSim_ws/install/ros_gz_example_bringup/share/ros_gz_example_bringup/hook/cmake_prefix_path.ps1'
[0.553s] INFO:colcon.colcon_core.shell:Creating environment descriptor '/home/ross/DroneSim_ws/install/ros_gz_example_bringup/share/ros_gz_example_bringup/hook/cmake_prefix_path.dsv'
[0.553s] INFO:colcon.colcon_core.shell:Creating environment hook '/home/ross/DroneSim_ws/install/ros_gz_example_bringup/share/ros_gz_example_bringup/hook/cmake_prefix_path.sh'
[0.554s] Level 1:colcon.colcon_core.environment:checking '/home/ross/DroneSim_ws/install/ros_gz_example_bringup/bin'
[0.554s] Level 1:colcon.colcon_core.environment:checking '/home/ross/DroneSim_ws/install/ros_gz_example_bringup/lib/pkgconfig/ros_gz_example_bringup.pc'
[0.554s] Level 1:colcon.colcon_core.environment:checking '/home/ross/DroneSim_ws/install/ros_gz_example_bringup/lib/python3.10/site-packages'
[0.554s] Level 1:colcon.colcon_core.environment:checking '/home/ross/DroneSim_ws/install/ros_gz_example_bringup/bin'
[0.554s] INFO:colcon.colcon_core.shell:Creating package script '/home/ross/DroneSim_ws/install/ros_gz_example_bringup/share/ros_gz_example_bringup/package.ps1'
[0.555s] INFO:colcon.colcon_core.shell:Creating package descriptor '/home/ross/DroneSim_ws/install/ros_gz_example_bringup/share/ros_gz_example_bringup/package.dsv'
[0.555s] INFO:colcon.colcon_core.shell:Creating package script '/home/ross/DroneSim_ws/install/ros_gz_example_bringup/share/ros_gz_example_bringup/package.sh'
[0.555s] INFO:colcon.colcon_core.shell:Creating package script '/home/ross/DroneSim_ws/install/ros_gz_example_bringup/share/ros_gz_example_bringup/package.bash'
[0.556s] INFO:colcon.colcon_core.shell:Creating package script '/home/ross/DroneSim_ws/install/ros_gz_example_bringup/share/ros_gz_example_bringup/package.zsh'
[0.556s] Level 1:colcon.colcon_core.environment:create_file_with_runtime_dependencies(/home/ross/DroneSim_ws/install/ros_gz_example_bringup/share/colcon-core/packages/ros_gz_example_bringup)
[0.575s] Level 1:colcon.colcon_core.environment:create_environment_scripts_only(ros_gz_example_bringup)
[0.575s] Level 1:colcon.colcon_core.environment:checking '/home/ross/DroneSim_ws/install/ros_gz_example_bringup' for CMake module files
[0.575s] Level 1:colcon.colcon_core.environment:checking '/home/ross/DroneSim_ws/install/ros_gz_example_bringup' for CMake config files
[0.575s] Level 1:colcon.colcon_core.shell:create_environment_hook('ros_gz_example_bringup', 'cmake_prefix_path')
[0.576s] INFO:colcon.colcon_core.shell:Creating environment hook '/home/ross/DroneSim_ws/install/ros_gz_example_bringup/share/ros_gz_example_bringup/hook/cmake_prefix_path.ps1'
[0.576s] INFO:colcon.colcon_core.shell:Creating environment descriptor '/home/ross/DroneSim_ws/install/ros_gz_example_bringup/share/ros_gz_example_bringup/hook/cmake_prefix_path.dsv'
[0.576s] INFO:colcon.colcon_core.shell:Creating environment hook '/home/ross/DroneSim_ws/install/ros_gz_example_bringup/share/ros_gz_example_bringup/hook/cmake_prefix_path.sh'
[0.577s] Level 1:colcon.colcon_core.environment:checking '/home/ross/DroneSim_ws/install/ros_gz_example_bringup/bin'
[0.577s] Level 1:colcon.colcon_core.environment:checking '/home/ross/DroneSim_ws/install/ros_gz_example_bringup/lib/pkgconfig/ros_gz_example_bringup.pc'
[0.577s] Level 1:colcon.colcon_core.environment:checking '/home/ross/DroneSim_ws/install/ros_gz_example_bringup/lib/python3.10/site-packages'
[0.577s] Level 1:colcon.colcon_core.environment:checking '/home/ross/DroneSim_ws/install/ros_gz_example_bringup/bin'
[0.577s] INFO:colcon.colcon_core.shell:Creating package script '/home/ross/DroneSim_ws/install/ros_gz_example_bringup/share/ros_gz_example_bringup/package.ps1'
[0.578s] INFO:colcon.colcon_core.shell:Creating package descriptor '/home/ross/DroneSim_ws/install/ros_gz_example_bringup/share/ros_gz_example_bringup/package.dsv'
[0.578s] INFO:colcon.colcon_core.shell:Creating package script '/home/ross/DroneSim_ws/install/ros_gz_example_bringup/share/ros_gz_example_bringup/package.sh'
[0.578s] INFO:colcon.colcon_core.shell:Creating package script '/home/ross/DroneSim_ws/install/ros_gz_example_bringup/share/ros_gz_example_bringup/package.bash'
[0.579s] INFO:colcon.colcon_core.shell:Creating package script '/home/ross/DroneSim_ws/install/ros_gz_example_bringup/share/ros_gz_example_bringup/package.zsh'
[0.579s] Level 1:colcon.colcon_core.environment:create_file_with_runtime_dependencies(/home/ross/DroneSim_ws/install/ros_gz_example_bringup/share/colcon-core/packages/ros_gz_example_bringup)
[0.579s] DEBUG:colcon.colcon_parallel_executor.executor.parallel:closing loop
[0.579s] DEBUG:colcon.colcon_parallel_executor.executor.parallel:loop closed
[0.579s] DEBUG:colcon.colcon_parallel_executor.executor.parallel:run_until_complete finished with '0'
[0.579s] DEBUG:colcon.colcon_core.event_reactor:joining thread
[0.584s] INFO:colcon.colcon_core.plugin_system:Skipping extension 'colcon_notification.desktop_notification.terminal_notifier': Not used on non-Darwin systems
[0.584s] INFO:colcon.colcon_core.plugin_system:Skipping extension 'colcon_notification.desktop_notification.win32': Not used on non-Windows systems
[0.584s] INFO:colcon.colcon_notification.desktop_notification:Sending desktop notification using 'notify2'
[0.596s] DEBUG:colcon.colcon_core.event_reactor:joined thread
[0.596s] INFO:colcon.colcon_core.shell:Creating prefix script '/home/ross/DroneSim_ws/install/local_setup.ps1'
[0.597s] INFO:colcon.colcon_core.shell:Creating prefix util module '/home/ross/DroneSim_ws/install/_local_setup_util_ps1.py'
[0.598s] INFO:colcon.colcon_core.shell:Creating prefix chain script '/home/ross/DroneSim_ws/install/setup.ps1'
[0.600s] INFO:colcon.colcon_core.shell:Creating prefix script '/home/ross/DroneSim_ws/install/local_setup.sh'
[0.600s] INFO:colcon.colcon_core.shell:Creating prefix util module '/home/ross/DroneSim_ws/install/_local_setup_util_sh.py'
[0.601s] INFO:colcon.colcon_core.shell:Creating prefix chain script '/home/ross/DroneSim_ws/install/setup.sh'
[0.602s] INFO:colcon.colcon_core.shell:Creating prefix script '/home/ross/DroneSim_ws/install/local_setup.bash'
[0.603s] INFO:colcon.colcon_core.shell:Creating prefix chain script '/home/ross/DroneSim_ws/install/setup.bash'
[0.604s] INFO:colcon.colcon_core.shell:Creating prefix script '/home/ross/DroneSim_ws/install/local_setup.zsh'
[0.605s] INFO:colcon.colcon_core.shell:Creating prefix chain script '/home/ross/DroneSim_ws/install/setup.zsh'
