[0mCMake Error: The current CMakeCache.txt directory /home/ross/Desktop/GazeboIgnitionFortressSim/DroneSim_ws/build/ros_gz_example_description/CMakeCache.txt is different than the directory /home/ross/DroneSim_ws/build/ros_gz_example_description where CMakeCache.txt was created. This may result in binaries being created in the wrong place. If you are not sure, reedit the CMakeCache.txt[0m
-- Install configuration: ""
-- Up-to-date: /home/ross/DroneSim_ws/install/ros_gz_example_description/share/ros_gz_example_description/models
-- Up-to-date: /home/ross/DroneSim_ws/install/ros_gz_example_description/share/ros_gz_example_description/models/x500_base
-- Up-to-date: /home/ross/DroneSim_ws/install/ros_gz_example_description/share/ros_gz_example_description/models/x500_base/model.config
-- Up-to-date: /home/ross/DroneSim_ws/install/ros_gz_example_description/share/ros_gz_example_description/models/x500_base/LICENSE
-- Up-to-date: /home/ross/DroneSim_ws/install/ros_gz_example_description/share/ros_gz_example_description/models/x500_base/meshes
-- Up-to-date: /home/ross/DroneSim_ws/install/ros_gz_example_description/share/ros_gz_example_description/models/x500_base/meshes/CF.png
-- Up-to-date: /home/ross/DroneSim_ws/install/ros_gz_example_description/share/ros_gz_example_description/models/x500_base/meshes/1345_prop_cw.stl
-- Up-to-date: /home/ross/DroneSim_ws/install/ros_gz_example_description/share/ros_gz_example_description/models/x500_base/meshes/5010Bell.dae
-- Up-to-date: /home/ross/DroneSim_ws/install/ros_gz_example_description/share/ros_gz_example_description/models/x500_base/meshes/NXP-HGD-CF.dae
-- Up-to-date: /home/ross/DroneSim_ws/install/ros_gz_example_description/share/ros_gz_example_description/models/x500_base/meshes/5010Base.dae
-- Up-to-date: /home/ross/DroneSim_ws/install/ros_gz_example_description/share/ros_gz_example_description/models/x500_base/meshes/1345_prop_ccw.stl
-- Up-to-date: /home/ross/DroneSim_ws/install/ros_gz_example_description/share/ros_gz_example_description/models/x500_base/materials
-- Up-to-date: /home/ross/DroneSim_ws/install/ros_gz_example_description/share/ros_gz_example_description/models/x500_base/materials/textures
-- Up-to-date: /home/ross/DroneSim_ws/install/ros_gz_example_description/share/ros_gz_example_description/models/x500_base/materials/textures/nxp.png
-- Up-to-date: /home/ross/DroneSim_ws/install/ros_gz_example_description/share/ros_gz_example_description/models/x500_base/materials/textures/rd.png
-- Up-to-date: /home/ross/DroneSim_ws/install/ros_gz_example_description/share/ros_gz_example_description/models/x500_base/materials/textures/CF.png
-- Up-to-date: /home/ross/DroneSim_ws/install/ros_gz_example_description/share/ros_gz_example_description/models/x500_base/model.sdf
-- Up-to-date: /home/ross/DroneSim_ws/install/ros_gz_example_description/share/ros_gz_example_description/models/x500_base/thumbnails
-- Up-to-date: /home/ross/DroneSim_ws/install/ros_gz_example_description/share/ros_gz_example_description/models/x500_base/thumbnails/2.png
-- Up-to-date: /home/ross/DroneSim_ws/install/ros_gz_example_description/share/ros_gz_example_description/models/x500_base/thumbnails/3.png
-- Up-to-date: /home/ross/DroneSim_ws/install/ros_gz_example_description/share/ros_gz_example_description/models/x500_base/thumbnails/4.png
-- Up-to-date: /home/ross/DroneSim_ws/install/ros_gz_example_description/share/ros_gz_example_description/models/x500_base/thumbnails/5.png
-- Up-to-date: /home/ross/DroneSim_ws/install/ros_gz_example_description/share/ros_gz_example_description/models/x500_base/thumbnails/1.png
-- Up-to-date: /home/ross/DroneSim_ws/install/ros_gz_example_description/share/ros_gz_example_description/models/x500_mono_cam
-- Up-to-date: /home/ross/DroneSim_ws/install/ros_gz_example_description/share/ros_gz_example_description/models/x500_mono_cam/model.config
-- Up-to-date: /home/ross/DroneSim_ws/install/ros_gz_example_description/share/ros_gz_example_description/models/x500_mono_cam/model.sdf
-- Up-to-date: /home/ross/DroneSim_ws/install/ros_gz_example_description/share/ros_gz_example_description/models/x500down
-- Up-to-date: /home/ross/DroneSim_ws/install/ros_gz_example_description/share/ros_gz_example_description/models/x500down/model.config
-- Up-to-date: /home/ross/DroneSim_ws/install/ros_gz_example_description/share/ros_gz_example_description/models/x500down/LICENSE
-- Up-to-date: /home/ross/DroneSim_ws/install/ros_gz_example_description/share/ros_gz_example_description/models/x500down/model.sdf
-- Up-to-date: /home/ross/DroneSim_ws/install/ros_gz_example_description/share/ros_gz_example_description/models/x500down/thumbnails
-- Up-to-date: /home/ross/DroneSim_ws/install/ros_gz_example_description/share/ros_gz_example_description/models/x500down/thumbnails/2.png
-- Up-to-date: /home/ross/DroneSim_ws/install/ros_gz_example_description/share/ros_gz_example_description/models/x500down/thumbnails/3.png
-- Up-to-date: /home/ross/DroneSim_ws/install/ros_gz_example_description/share/ros_gz_example_description/models/x500down/thumbnails/4.png
-- Up-to-date: /home/ross/DroneSim_ws/install/ros_gz_example_description/share/ros_gz_example_description/models/x500down/thumbnails/5.png
-- Up-to-date: /home/ross/DroneSim_ws/install/ros_gz_example_description/share/ros_gz_example_description/models/x500down/thumbnails/1.png
-- Up-to-date: /home/ross/DroneSim_ws/install/ros_gz_example_description/share/ros_gz_example_description/models/x500
-- Up-to-date: /home/ross/DroneSim_ws/install/ros_gz_example_description/share/ros_gz_example_description/models/x500/model.config
-- Up-to-date: /home/ross/DroneSim_ws/install/ros_gz_example_description/share/ros_gz_example_description/models/x500/LICENSE
-- Up-to-date: /home/ross/DroneSim_ws/install/ros_gz_example_description/share/ros_gz_example_description/models/x500/model.sdf
-- Up-to-date: /home/ross/DroneSim_ws/install/ros_gz_example_description/share/ros_gz_example_description/models/x500/thumbnails
-- Up-to-date: /home/ross/DroneSim_ws/install/ros_gz_example_description/share/ros_gz_example_description/models/x500/thumbnails/2.png
-- Up-to-date: /home/ross/DroneSim_ws/install/ros_gz_example_description/share/ros_gz_example_description/models/x500/thumbnails/3.png
-- Up-to-date: /home/ross/DroneSim_ws/install/ros_gz_example_description/share/ros_gz_example_description/models/x500/thumbnails/4.png
-- Up-to-date: /home/ross/DroneSim_ws/install/ros_gz_example_description/share/ros_gz_example_description/models/x500/thumbnails/5.png
-- Up-to-date: /home/ross/DroneSim_ws/install/ros_gz_example_description/share/ros_gz_example_description/models/x500/thumbnails/1.png
-- Up-to-date: /home/ross/DroneSim_ws/install/ros_gz_example_description/share/ros_gz_example_description/models/x500_depth
-- Up-to-date: /home/ross/DroneSim_ws/install/ros_gz_example_description/share/ros_gz_example_description/models/x500_depth/model.config
-- Up-to-date: /home/ross/DroneSim_ws/install/ros_gz_example_description/share/ros_gz_example_description/models/x500_depth/LICENSE
-- Up-to-date: /home/ross/DroneSim_ws/install/ros_gz_example_description/share/ros_gz_example_description/models/x500_depth/model.sdf
-- Up-to-date: /home/ross/DroneSim_ws/install/ros_gz_example_description/share/ros_gz_example_description/models/x500_depth/thumbnails
-- Up-to-date: /home/ross/DroneSim_ws/install/ros_gz_example_description/share/ros_gz_example_description/models/x500_depth/thumbnails/2.png
-- Up-to-date: /home/ross/DroneSim_ws/install/ros_gz_example_description/share/ros_gz_example_description/models/x500_depth/thumbnails/3.png
-- Up-to-date: /home/ross/DroneSim_ws/install/ros_gz_example_description/share/ros_gz_example_description/models/x500_depth/thumbnails/4.png
-- Up-to-date: /home/ross/DroneSim_ws/install/ros_gz_example_description/share/ros_gz_example_description/models/x500_depth/thumbnails/5.png
-- Up-to-date: /home/ross/DroneSim_ws/install/ros_gz_example_description/share/ros_gz_example_description/models/x500_depth/thumbnails/1.png
-- Up-to-date: /home/ross/DroneSim_ws/install/ros_gz_example_description/share/ros_gz_example_description/models/OakD-Lite
-- Up-to-date: /home/ross/DroneSim_ws/install/ros_gz_example_description/share/ros_gz_example_description/models/OakD-Lite/model.config
-- Up-to-date: /home/ross/DroneSim_ws/install/ros_gz_example_description/share/ros_gz_example_description/models/OakD-Lite/LICENSE
-- Up-to-date: /home/ross/DroneSim_ws/install/ros_gz_example_description/share/ros_gz_example_description/models/OakD-Lite/meshes
-- Up-to-date: /home/ross/DroneSim_ws/install/ros_gz_example_description/share/ros_gz_example_description/models/OakD-Lite/meshes/OakDLite.dae
-- Up-to-date: /home/ross/DroneSim_ws/install/ros_gz_example_description/share/ros_gz_example_description/models/OakD-Lite/model.sdf
-- Up-to-date: /home/ross/DroneSim_ws/install/ros_gz_example_description/share/ros_gz_example_description/models/OakD-Lite/thumbnails
-- Up-to-date: /home/ross/DroneSim_ws/install/ros_gz_example_description/share/ros_gz_example_description/models/OakD-Lite/thumbnails/2.png
-- Up-to-date: /home/ross/DroneSim_ws/install/ros_gz_example_description/share/ros_gz_example_description/models/OakD-Lite/thumbnails/3.png
-- Up-to-date: /home/ross/DroneSim_ws/install/ros_gz_example_description/share/ros_gz_example_description/models/OakD-Lite/thumbnails/4.png
-- Up-to-date: /home/ross/DroneSim_ws/install/ros_gz_example_description/share/ros_gz_example_description/models/OakD-Lite/thumbnails/5.png
-- Up-to-date: /home/ross/DroneSim_ws/install/ros_gz_example_description/share/ros_gz_example_description/models/OakD-Lite/thumbnails/1.png
-- Up-to-date: /home/ross/DroneSim_ws/install/ros_gz_example_description/share/ros_gz_example_description/models/x500_vision
-- Up-to-date: /home/ross/DroneSim_ws/install/ros_gz_example_description/share/ros_gz_example_description/models/x500_vision/model.config
-- Up-to-date: /home/ross/DroneSim_ws/install/ros_gz_example_description/share/ros_gz_example_description/models/x500_vision/model.sdf
-- Up-to-date: /home/ross/DroneSim_ws/install/ros_gz_example_description/share/ros_gz_example_description/environment/ros_gz_example_description.dsv
-- Up-to-date: /home/ross/DroneSim_ws/install/ros_gz_example_description/share/ros_gz_example_description/environment/ros_gz_example_description.sh
-- Up-to-date: /home/ross/DroneSim_ws/install/ros_gz_example_description/share/ament_index/resource_index/package_run_dependencies/ros_gz_example_description
-- Up-to-date: /home/ross/DroneSim_ws/install/ros_gz_example_description/share/ament_index/resource_index/parent_prefix_path/ros_gz_example_description
-- Up-to-date: /home/ross/DroneSim_ws/install/ros_gz_example_description/share/ros_gz_example_description/environment/ament_prefix_path.sh
-- Up-to-date: /home/ross/DroneSim_ws/install/ros_gz_example_description/share/ros_gz_example_description/environment/ament_prefix_path.dsv
-- Up-to-date: /home/ross/DroneSim_ws/install/ros_gz_example_description/share/ros_gz_example_description/environment/path.sh
-- Up-to-date: /home/ross/DroneSim_ws/install/ros_gz_example_description/share/ros_gz_example_description/environment/path.dsv
-- Up-to-date: /home/ross/DroneSim_ws/install/ros_gz_example_description/share/ros_gz_example_description/local_setup.bash
-- Up-to-date: /home/ross/DroneSim_ws/install/ros_gz_example_description/share/ros_gz_example_description/local_setup.sh
-- Up-to-date: /home/ross/DroneSim_ws/install/ros_gz_example_description/share/ros_gz_example_description/local_setup.zsh
-- Up-to-date: /home/ross/DroneSim_ws/install/ros_gz_example_description/share/ros_gz_example_description/local_setup.dsv
-- Installing: /home/ross/DroneSim_ws/install/ros_gz_example_description/share/ros_gz_example_description/package.dsv
-- Up-to-date: /home/ross/DroneSim_ws/install/ros_gz_example_description/share/ament_index/resource_index/packages/ros_gz_example_description
-- Up-to-date: /home/ross/DroneSim_ws/install/ros_gz_example_description/share/ros_gz_example_description/cmake/ros_gz_example_descriptionConfig.cmake
-- Up-to-date: /home/ross/DroneSim_ws/install/ros_gz_example_description/share/ros_gz_example_description/cmake/ros_gz_example_descriptionConfig-version.cmake
-- Up-to-date: /home/ross/DroneSim_ws/install/ros_gz_example_description/share/ros_gz_example_description/package.xml
