[0.011s] Invoking command in '/home/ross/DroneSim_ws/build/ros_gz_example_description': CMAKE_PREFIX_PATH=/opt/ros/humble /usr/bin/cmake /home/ross/DroneSim_ws/src/ros_gz_project_template-fortress/ros_gz_example_description -DBUILD_TESTING=ON -DCMAKE_INSTALL_PREFIX=/home/ross/DroneSim_ws/install/ros_gz_example_description
[0.125s] -- The C compiler identification is GNU 11.4.0
[0.213s] -- The CXX compiler identification is GNU 11.4.0
[0.221s] -- Detecting C compiler ABI info
[0.277s] -- Detecting C compiler ABI info - done
[0.284s] -- Check for working C compiler: /usr/bin/cc - skipped
[0.285s] -- Detecting C compile features
[0.285s] -- Detecting C compile features - done
[0.288s] -- Detecting CXX compiler ABI info
[0.352s] -- Detecting CXX compiler ABI info - done
[0.359s] -- Check for working CXX compiler: /usr/bin/c++ - skipped
[0.359s] -- Detecting CXX compile features
[0.360s] -- Detecting CXX compile features - done
[0.364s] -- Found ament_cmake: 1.3.8 (/opt/ros/humble/share/ament_cmake/cmake)
[0.651s] -- Found Python3: /usr/bin/python3 (found version "3.10.12") found components: Interpreter 
[0.730s] -- Found ament_lint_auto: 0.12.10 (/opt/ros/humble/share/ament_lint_auto/cmake)
[0.786s] -- Configuring done
[0.788s] -- Generating done
[0.788s] -- Build files have been written to: /home/ross/DroneSim_ws/build/ros_gz_example_description
[0.793s] Invoked command in '/home/ross/DroneSim_ws/build/ros_gz_example_description' returned '0': CMAKE_PREFIX_PATH=/opt/ros/humble /usr/bin/cmake /home/ross/DroneSim_ws/src/ros_gz_project_template-fortress/ros_gz_example_description -DBUILD_TESTING=ON -DCMAKE_INSTALL_PREFIX=/home/ross/DroneSim_ws/install/ros_gz_example_description
[0.794s] Invoking command in '/home/ross/DroneSim_ws/build/ros_gz_example_description': CMAKE_PREFIX_PATH=/opt/ros/humble /usr/bin/cmake --build /home/ross/DroneSim_ws/build/ros_gz_example_description -- -j12 -l12
[0.821s] Invoked command in '/home/ross/DroneSim_ws/build/ros_gz_example_description' returned '0': CMAKE_PREFIX_PATH=/opt/ros/humble /usr/bin/cmake --build /home/ross/DroneSim_ws/build/ros_gz_example_description -- -j12 -l12
[0.843s] Invoking command in '/home/ross/DroneSim_ws/build/ros_gz_example_description': CMAKE_PREFIX_PATH=/opt/ros/humble /usr/bin/cmake --install /home/ross/DroneSim_ws/build/ros_gz_example_description
[0.848s] -- Install configuration: ""
[0.848s] -- Installing: /home/ross/DroneSim_ws/install/ros_gz_example_description/share/ros_gz_example_description/models
[0.849s] -- Installing: /home/ross/DroneSim_ws/install/ros_gz_example_description/share/ros_gz_example_description/models/diff_drive
[0.849s] -- Installing: /home/ross/DroneSim_ws/install/ros_gz_example_description/share/ros_gz_example_description/models/diff_drive/model.config
[0.849s] -- Installing: /home/ross/DroneSim_ws/install/ros_gz_example_description/share/ros_gz_example_description/models/diff_drive/model.sdf
[0.849s] -- Installing: /home/ross/DroneSim_ws/install/ros_gz_example_description/share/ros_gz_example_description/models/rrbot
[0.849s] -- Installing: /home/ross/DroneSim_ws/install/ros_gz_example_description/share/ros_gz_example_description/models/rrbot/model.sdf
[0.849s] -- Installing: /home/ross/DroneSim_ws/install/ros_gz_example_description/share/ros_gz_example_description/environment/ros_gz_example_description.dsv
[0.849s] -- Installing: /home/ross/DroneSim_ws/install/ros_gz_example_description/share/ros_gz_example_description/environment/ros_gz_example_description.sh
[0.850s] -- Installing: /home/ross/DroneSim_ws/install/ros_gz_example_description/share/ament_index/resource_index/package_run_dependencies/ros_gz_example_description
[0.850s] -- Installing: /home/ross/DroneSim_ws/install/ros_gz_example_description/share/ament_index/resource_index/parent_prefix_path/ros_gz_example_description
[0.850s] -- Installing: /home/ross/DroneSim_ws/install/ros_gz_example_description/share/ros_gz_example_description/environment/ament_prefix_path.sh
[0.850s] -- Installing: /home/ross/DroneSim_ws/install/ros_gz_example_description/share/ros_gz_example_description/environment/ament_prefix_path.dsv
[0.850s] -- Installing: /home/ross/DroneSim_ws/install/ros_gz_example_description/share/ros_gz_example_description/environment/path.sh
[0.851s] -- Installing: /home/ross/DroneSim_ws/install/ros_gz_example_description/share/ros_gz_example_description/environment/path.dsv
[0.851s] -- Installing: /home/ross/DroneSim_ws/install/ros_gz_example_description/share/ros_gz_example_description/local_setup.bash
[0.851s] -- Installing: /home/ross/DroneSim_ws/install/ros_gz_example_description/share/ros_gz_example_description/local_setup.sh
[0.851s] -- Installing: /home/ross/DroneSim_ws/install/ros_gz_example_description/share/ros_gz_example_description/local_setup.zsh
[0.851s] -- Installing: /home/ross/DroneSim_ws/install/ros_gz_example_description/share/ros_gz_example_description/local_setup.dsv
[0.851s] -- Installing: /home/ross/DroneSim_ws/install/ros_gz_example_description/share/ros_gz_example_description/package.dsv
[0.851s] -- Installing: /home/ross/DroneSim_ws/install/ros_gz_example_description/share/ament_index/resource_index/packages/ros_gz_example_description
[0.851s] -- Installing: /home/ross/DroneSim_ws/install/ros_gz_example_description/share/ros_gz_example_description/cmake/ros_gz_example_descriptionConfig.cmake
[0.852s] -- Installing: /home/ross/DroneSim_ws/install/ros_gz_example_description/share/ros_gz_example_description/cmake/ros_gz_example_descriptionConfig-version.cmake
[0.852s] -- Installing: /home/ross/DroneSim_ws/install/ros_gz_example_description/share/ros_gz_example_description/package.xml
[0.853s] Invoked command in '/home/ross/DroneSim_ws/build/ros_gz_example_description' returned '0': CMAKE_PREFIX_PATH=/opt/ros/humble /usr/bin/cmake --install /home/ross/DroneSim_ws/build/ros_gz_example_description
