-- Install configuration: ""
-- Up-to-date: /home/ross/DroneSim_ws/install/ros_gz_example_description/share/ros_gz_example_description/models
-- Up-to-date: /home/ross/DroneSim_ws/install/ros_gz_example_description/share/ros_gz_example_description/models/diff_drive
-- Up-to-date: /home/ross/DroneSim_ws/install/ros_gz_example_description/share/ros_gz_example_description/models/diff_drive/model.config
-- Up-to-date: /home/ross/DroneSim_ws/install/ros_gz_example_description/share/ros_gz_example_description/models/diff_drive/model.sdf
-- Installing: /home/ross/DroneSim_ws/install/ros_gz_example_description/share/ros_gz_example_description/models/x500_base
-- Installing: /home/ross/DroneSim_ws/install/ros_gz_example_description/share/ros_gz_example_description/models/x500_base/model.config
-- Installing: /home/ross/DroneSim_ws/install/ros_gz_example_description/share/ros_gz_example_description/models/x500_base/LICENSE
-- Installing: /home/ross/DroneSim_ws/install/ros_gz_example_description/share/ros_gz_example_description/models/x500_base/meshes
-- Installing: /home/ross/DroneSim_ws/install/ros_gz_example_description/share/ros_gz_example_description/models/x500_base/meshes/CF.png
-- Installing: /home/ross/DroneSim_ws/install/ros_gz_example_description/share/ros_gz_example_description/models/x500_base/meshes/1345_prop_cw.stl
-- Installing: /home/ross/DroneSim_ws/install/ros_gz_example_description/share/ros_gz_example_description/models/x500_base/meshes/5010Bell.dae
-- Installing: /home/ross/DroneSim_ws/install/ros_gz_example_description/share/ros_gz_example_description/models/x500_base/meshes/NXP-HGD-CF.dae
-- Installing: /home/ross/DroneSim_ws/install/ros_gz_example_description/share/ros_gz_example_description/models/x500_base/meshes/5010Base.dae
-- Installing: /home/ross/DroneSim_ws/install/ros_gz_example_description/share/ros_gz_example_description/models/x500_base/meshes/1345_prop_ccw.stl
-- Installing: /home/ross/DroneSim_ws/install/ros_gz_example_description/share/ros_gz_example_description/models/x500_base/materials
-- Installing: /home/ross/DroneSim_ws/install/ros_gz_example_description/share/ros_gz_example_description/models/x500_base/materials/textures
-- Installing: /home/ross/DroneSim_ws/install/ros_gz_example_description/share/ros_gz_example_description/models/x500_base/materials/textures/nxp.png
-- Installing: /home/ross/DroneSim_ws/install/ros_gz_example_description/share/ros_gz_example_description/models/x500_base/materials/textures/rd.png
-- Installing: /home/ross/DroneSim_ws/install/ros_gz_example_description/share/ros_gz_example_description/models/x500_base/materials/textures/CF.png
-- Installing: /home/ross/DroneSim_ws/install/ros_gz_example_description/share/ros_gz_example_description/models/x500_base/model.sdf
-- Installing: /home/ross/DroneSim_ws/install/ros_gz_example_description/share/ros_gz_example_description/models/x500_base/thumbnails
-- Installing: /home/ross/DroneSim_ws/install/ros_gz_example_description/share/ros_gz_example_description/models/x500_base/thumbnails/2.png
-- Installing: /home/ross/DroneSim_ws/install/ros_gz_example_description/share/ros_gz_example_description/models/x500_base/thumbnails/3.png
-- Installing: /home/ross/DroneSim_ws/install/ros_gz_example_description/share/ros_gz_example_description/models/x500_base/thumbnails/4.png
-- Installing: /home/ross/DroneSim_ws/install/ros_gz_example_description/share/ros_gz_example_description/models/x500_base/thumbnails/5.png
-- Installing: /home/ross/DroneSim_ws/install/ros_gz_example_description/share/ros_gz_example_description/models/x500_base/thumbnails/1.png
-- Installing: /home/ross/DroneSim_ws/install/ros_gz_example_description/share/ros_gz_example_description/models/x500_mono_cam
-- Installing: /home/ross/DroneSim_ws/install/ros_gz_example_description/share/ros_gz_example_description/models/x500_mono_cam/model.config
-- Installing: /home/ross/DroneSim_ws/install/ros_gz_example_description/share/ros_gz_example_description/models/x500_mono_cam/model.sdf
-- Installing: /home/ross/DroneSim_ws/install/ros_gz_example_description/share/ros_gz_example_description/models/x500down
-- Installing: /home/ross/DroneSim_ws/install/ros_gz_example_description/share/ros_gz_example_description/models/x500down/model.config
-- Installing: /home/ross/DroneSim_ws/install/ros_gz_example_description/share/ros_gz_example_description/models/x500down/LICENSE
-- Installing: /home/ross/DroneSim_ws/install/ros_gz_example_description/share/ros_gz_example_description/models/x500down/model.sdf
-- Installing: /home/ross/DroneSim_ws/install/ros_gz_example_description/share/ros_gz_example_description/models/x500down/thumbnails
-- Installing: /home/ross/DroneSim_ws/install/ros_gz_example_description/share/ros_gz_example_description/models/x500down/thumbnails/2.png
-- Installing: /home/ross/DroneSim_ws/install/ros_gz_example_description/share/ros_gz_example_description/models/x500down/thumbnails/3.png
-- Installing: /home/ross/DroneSim_ws/install/ros_gz_example_description/share/ros_gz_example_description/models/x500down/thumbnails/4.png
-- Installing: /home/ross/DroneSim_ws/install/ros_gz_example_description/share/ros_gz_example_description/models/x500down/thumbnails/5.png
-- Installing: /home/ross/DroneSim_ws/install/ros_gz_example_description/share/ros_gz_example_description/models/x500down/thumbnails/1.png
-- Installing: /home/ross/DroneSim_ws/install/ros_gz_example_description/share/ros_gz_example_description/models/x500
-- Installing: /home/ross/DroneSim_ws/install/ros_gz_example_description/share/ros_gz_example_description/models/x500/model.config
-- Installing: /home/ross/DroneSim_ws/install/ros_gz_example_description/share/ros_gz_example_description/models/x500/LICENSE
-- Installing: /home/ross/DroneSim_ws/install/ros_gz_example_description/share/ros_gz_example_description/models/x500/model.sdf
-- Installing: /home/ross/DroneSim_ws/install/ros_gz_example_description/share/ros_gz_example_description/models/x500/thumbnails
-- Installing: /home/ross/DroneSim_ws/install/ros_gz_example_description/share/ros_gz_example_description/models/x500/thumbnails/2.png
-- Installing: /home/ross/DroneSim_ws/install/ros_gz_example_description/share/ros_gz_example_description/models/x500/thumbnails/3.png
-- Installing: /home/ross/DroneSim_ws/install/ros_gz_example_description/share/ros_gz_example_description/models/x500/thumbnails/4.png
-- Installing: /home/ross/DroneSim_ws/install/ros_gz_example_description/share/ros_gz_example_description/models/x500/thumbnails/5.png
-- Installing: /home/ross/DroneSim_ws/install/ros_gz_example_description/share/ros_gz_example_description/models/x500/thumbnails/1.png
-- Installing: /home/ross/DroneSim_ws/install/ros_gz_example_description/share/ros_gz_example_description/models/x500_depth
-- Installing: /home/ross/DroneSim_ws/install/ros_gz_example_description/share/ros_gz_example_description/models/x500_depth/model.config
-- Installing: /home/ross/DroneSim_ws/install/ros_gz_example_description/share/ros_gz_example_description/models/x500_depth/LICENSE
-- Installing: /home/ross/DroneSim_ws/install/ros_gz_example_description/share/ros_gz_example_description/models/x500_depth/model.sdf
-- Installing: /home/ross/DroneSim_ws/install/ros_gz_example_description/share/ros_gz_example_description/models/x500_depth/thumbnails
-- Installing: /home/ross/DroneSim_ws/install/ros_gz_example_description/share/ros_gz_example_description/models/x500_depth/thumbnails/2.png
-- Installing: /home/ross/DroneSim_ws/install/ros_gz_example_description/share/ros_gz_example_description/models/x500_depth/thumbnails/3.png
-- Installing: /home/ross/DroneSim_ws/install/ros_gz_example_description/share/ros_gz_example_description/models/x500_depth/thumbnails/4.png
-- Installing: /home/ross/DroneSim_ws/install/ros_gz_example_description/share/ros_gz_example_description/models/x500_depth/thumbnails/5.png
-- Installing: /home/ross/DroneSim_ws/install/ros_gz_example_description/share/ros_gz_example_description/models/x500_depth/thumbnails/1.png
-- Installing: /home/ross/DroneSim_ws/install/ros_gz_example_description/share/ros_gz_example_description/models/x500_vision
-- Installing: /home/ross/DroneSim_ws/install/ros_gz_example_description/share/ros_gz_example_description/models/x500_vision/model.config
-- Installing: /home/ross/DroneSim_ws/install/ros_gz_example_description/share/ros_gz_example_description/models/x500_vision/model.sdf
-- Up-to-date: /home/ross/DroneSim_ws/install/ros_gz_example_description/share/ros_gz_example_description/models/rrbot
-- Up-to-date: /home/ross/DroneSim_ws/install/ros_gz_example_description/share/ros_gz_example_description/models/rrbot/model.sdf
-- Up-to-date: /home/ross/DroneSim_ws/install/ros_gz_example_description/share/ros_gz_example_description/environment/ros_gz_example_description.dsv
-- Up-to-date: /home/ross/DroneSim_ws/install/ros_gz_example_description/share/ros_gz_example_description/environment/ros_gz_example_description.sh
-- Up-to-date: /home/ross/DroneSim_ws/install/ros_gz_example_description/share/ament_index/resource_index/package_run_dependencies/ros_gz_example_description
-- Up-to-date: /home/ross/DroneSim_ws/install/ros_gz_example_description/share/ament_index/resource_index/parent_prefix_path/ros_gz_example_description
-- Up-to-date: /home/ross/DroneSim_ws/install/ros_gz_example_description/share/ros_gz_example_description/environment/ament_prefix_path.sh
-- Up-to-date: /home/ross/DroneSim_ws/install/ros_gz_example_description/share/ros_gz_example_description/environment/ament_prefix_path.dsv
-- Up-to-date: /home/ross/DroneSim_ws/install/ros_gz_example_description/share/ros_gz_example_description/environment/path.sh
-- Up-to-date: /home/ross/DroneSim_ws/install/ros_gz_example_description/share/ros_gz_example_description/environment/path.dsv
-- Up-to-date: /home/ross/DroneSim_ws/install/ros_gz_example_description/share/ros_gz_example_description/local_setup.bash
-- Up-to-date: /home/ross/DroneSim_ws/install/ros_gz_example_description/share/ros_gz_example_description/local_setup.sh
-- Up-to-date: /home/ross/DroneSim_ws/install/ros_gz_example_description/share/ros_gz_example_description/local_setup.zsh
-- Up-to-date: /home/ross/DroneSim_ws/install/ros_gz_example_description/share/ros_gz_example_description/local_setup.dsv
-- Installing: /home/ross/DroneSim_ws/install/ros_gz_example_description/share/ros_gz_example_description/package.dsv
-- Up-to-date: /home/ross/DroneSim_ws/install/ros_gz_example_description/share/ament_index/resource_index/packages/ros_gz_example_description
-- Up-to-date: /home/ross/DroneSim_ws/install/ros_gz_example_description/share/ros_gz_example_description/cmake/ros_gz_example_descriptionConfig.cmake
-- Up-to-date: /home/ross/DroneSim_ws/install/ros_gz_example_description/share/ros_gz_example_description/cmake/ros_gz_example_descriptionConfig-version.cmake
-- Up-to-date: /home/ross/DroneSim_ws/install/ros_gz_example_description/share/ros_gz_example_description/package.xml
