[0.007s] Invoking command in '/home/ross/DroneSim_ws/build/ros_gz_example_bringup': CMAKE_PREFIX_PATH=/home/ross/DroneSim_ws/install/ros_gz_example_gazebo:/home/ross/DroneSim_ws/install/ros_gz_example_description:/home/ross/DroneSim_ws/install/ros_gz_example_bringup:/home/ross/DroneSim_ws/install/ros_gz_example_application:/home/ross/esl2024-main/install/my_robot_description:/opt/ros/humble IGN_GAZEBO_PLUGIN_PATH=/home/ross/DroneSim_ws/install/ros_gz_example_gazebo/lib/ros_gz_example_gazebo IGN_GAZEBO_RESOURCE_PATH=/home/ross/DroneSim_ws/install/ros_gz_example_description/share/ros_gz_example_description/models:${IGN_GAZEBO_RESOURCE_PATH} /usr/bin/cmake --build /home/ross/DroneSim_ws/build/ros_gz_example_bringup -- -j12 -l12
[0.034s] Invoked command in '/home/ross/DroneSim_ws/build/ros_gz_example_bringup' returned '0': CMAKE_PREFIX_PATH=/home/ross/DroneSim_ws/install/ros_gz_example_gazebo:/home/ross/DroneSim_ws/install/ros_gz_example_description:/home/ross/DroneSim_ws/install/ros_gz_example_bringup:/home/ross/DroneSim_ws/install/ros_gz_example_application:/home/ross/esl2024-main/install/my_robot_description:/opt/ros/humble IGN_GAZEBO_PLUGIN_PATH=/home/ross/DroneSim_ws/install/ros_gz_example_gazebo/lib/ros_gz_example_gazebo IGN_GAZEBO_RESOURCE_PATH=/home/ross/DroneSim_ws/install/ros_gz_example_description/share/ros_gz_example_description/models:${IGN_GAZEBO_RESOURCE_PATH} /usr/bin/cmake --build /home/ross/DroneSim_ws/build/ros_gz_example_bringup -- -j12 -l12
[0.048s] Invoking command in '/home/ross/DroneSim_ws/build/ros_gz_example_bringup': CMAKE_PREFIX_PATH=/home/ross/DroneSim_ws/install/ros_gz_example_gazebo:/home/ross/DroneSim_ws/install/ros_gz_example_description:/home/ross/DroneSim_ws/install/ros_gz_example_bringup:/home/ross/DroneSim_ws/install/ros_gz_example_application:/home/ross/esl2024-main/install/my_robot_description:/opt/ros/humble IGN_GAZEBO_PLUGIN_PATH=/home/ross/DroneSim_ws/install/ros_gz_example_gazebo/lib/ros_gz_example_gazebo IGN_GAZEBO_RESOURCE_PATH=/home/ross/DroneSim_ws/install/ros_gz_example_description/share/ros_gz_example_description/models:${IGN_GAZEBO_RESOURCE_PATH} /usr/bin/cmake --install /home/ross/DroneSim_ws/build/ros_gz_example_bringup
[0.054s] -- Install configuration: ""
[0.054s] -- Up-to-date: /home/ross/DroneSim_ws/install/ros_gz_example_bringup/share/ros_gz_example_bringup/launch
[0.054s] -- Up-to-date: /home/ross/DroneSim_ws/install/ros_gz_example_bringup/share/ros_gz_example_bringup/launch/diff_drive.launch.py
[0.055s] -- Up-to-date: /home/ross/DroneSim_ws/install/ros_gz_example_bringup/share/ros_gz_example_bringup/launch/rrbot_setup.launch.py
[0.055s] -- Up-to-date: /home/ross/DroneSim_ws/install/ros_gz_example_bringup/share/ros_gz_example_bringup/config
[0.055s] -- Up-to-date: /home/ross/DroneSim_ws/install/ros_gz_example_bringup/share/ros_gz_example_bringup/config/diff_drive.rviz
[0.055s] -- Up-to-date: /home/ross/DroneSim_ws/install/ros_gz_example_bringup/share/ros_gz_example_bringup/config/rrbot.rviz
[0.055s] -- Up-to-date: /home/ross/DroneSim_ws/install/ros_gz_example_bringup/share/ros_gz_example_bringup/config/ros_gz_example_bridge.yaml
[0.055s] -- Up-to-date: /home/ross/DroneSim_ws/install/ros_gz_example_bringup/share/ament_index/resource_index/package_run_dependencies/ros_gz_example_bringup
[0.055s] -- Up-to-date: /home/ross/DroneSim_ws/install/ros_gz_example_bringup/share/ament_index/resource_index/parent_prefix_path/ros_gz_example_bringup
[0.055s] -- Up-to-date: /home/ross/DroneSim_ws/install/ros_gz_example_bringup/share/ros_gz_example_bringup/environment/ament_prefix_path.sh
[0.055s] -- Up-to-date: /home/ross/DroneSim_ws/install/ros_gz_example_bringup/share/ros_gz_example_bringup/environment/ament_prefix_path.dsv
[0.055s] -- Up-to-date: /home/ross/DroneSim_ws/install/ros_gz_example_bringup/share/ros_gz_example_bringup/environment/path.sh
[0.055s] -- Up-to-date: /home/ross/DroneSim_ws/install/ros_gz_example_bringup/share/ros_gz_example_bringup/environment/path.dsv
[0.055s] -- Up-to-date: /home/ross/DroneSim_ws/install/ros_gz_example_bringup/share/ros_gz_example_bringup/local_setup.bash
[0.056s] -- Up-to-date: /home/ross/DroneSim_ws/install/ros_gz_example_bringup/share/ros_gz_example_bringup/local_setup.sh
[0.056s] -- Up-to-date: /home/ross/DroneSim_ws/install/ros_gz_example_bringup/share/ros_gz_example_bringup/local_setup.zsh
[0.056s] -- Up-to-date: /home/ross/DroneSim_ws/install/ros_gz_example_bringup/share/ros_gz_example_bringup/local_setup.dsv
[0.056s] -- Installing: /home/ross/DroneSim_ws/install/ros_gz_example_bringup/share/ros_gz_example_bringup/package.dsv
[0.057s] -- Up-to-date: /home/ross/DroneSim_ws/install/ros_gz_example_bringup/share/ament_index/resource_index/packages/ros_gz_example_bringup
[0.057s] -- Up-to-date: /home/ross/DroneSim_ws/install/ros_gz_example_bringup/share/ros_gz_example_bringup/cmake/ros_gz_example_bringupConfig.cmake
[0.057s] -- Up-to-date: /home/ross/DroneSim_ws/install/ros_gz_example_bringup/share/ros_gz_example_bringup/cmake/ros_gz_example_bringupConfig-version.cmake
[0.057s] -- Up-to-date: /home/ross/DroneSim_ws/install/ros_gz_example_bringup/share/ros_gz_example_bringup/package.xml
[0.057s] Invoked command in '/home/ross/DroneSim_ws/build/ros_gz_example_bringup' returned '0': CMAKE_PREFIX_PATH=/home/ross/DroneSim_ws/install/ros_gz_example_gazebo:/home/ross/DroneSim_ws/install/ros_gz_example_description:/home/ross/DroneSim_ws/install/ros_gz_example_bringup:/home/ross/DroneSim_ws/install/ros_gz_example_application:/home/ross/esl2024-main/install/my_robot_description:/opt/ros/humble IGN_GAZEBO_PLUGIN_PATH=/home/ross/DroneSim_ws/install/ros_gz_example_gazebo/lib/ros_gz_example_gazebo IGN_GAZEBO_RESOURCE_PATH=/home/ross/DroneSim_ws/install/ros_gz_example_description/share/ros_gz_example_description/models:${IGN_GAZEBO_RESOURCE_PATH} /usr/bin/cmake --install /home/ross/DroneSim_ws/build/ros_gz_example_bringup
