[0mCMake Error: The current CMakeCache.txt directory /home/ross/Desktop/GazeboIgnitionFortressSim/DroneSim_ws/build/ros_gz_example_description/CMakeCache.txt is different than the directory /home/ross/DroneSim_ws/build/ros_gz_example_description where CMakeCache.txt was created. This may result in binaries being created in the wrong place. If you are not sure, reedit the CMakeCache.txt[0m
-- Install configuration: ""
-- Installing: /home/ross/DroneSim_ws/install/ros_gz_example_description/share/ros_gz_example_description/models
-- Installing: /home/ross/DroneSim_ws/install/ros_gz_example_description/share/ros_gz_example_description/models/x500_base
-- Installing: /home/ross/DroneSim_ws/install/ros_gz_example_description/share/ros_gz_example_description/models/x500_base/model.config
-- Installing: /home/ross/DroneSim_ws/install/ros_gz_example_description/share/ros_gz_example_description/models/x500_base/LICENSE
-- Installing: /home/ross/DroneSim_ws/install/ros_gz_example_description/share/ros_gz_example_description/models/x500_base/meshes
-- Installing: /home/ross/DroneSim_ws/install/ros_gz_example_description/share/ros_gz_example_description/models/x500_base/meshes/CF.png
-- Installing: /home/ross/DroneSim_ws/install/ros_gz_example_description/share/ros_gz_example_description/models/x500_base/meshes/1345_prop_cw.stl
-- Installing: /home/ross/DroneSim_ws/install/ros_gz_example_description/share/ros_gz_example_description/models/x500_base/meshes/5010Bell.dae
-- Installing: /home/ross/DroneSim_ws/install/ros_gz_example_description/share/ros_gz_example_description/models/x500_base/meshes/NXP-HGD-CF.dae
-- Installing: /home/ross/DroneSim_ws/install/ros_gz_example_description/share/ros_gz_example_description/models/x500_base/meshes/5010Base.dae
-- Installing: /home/ross/DroneSim_ws/install/ros_gz_example_description/share/ros_gz_example_description/models/x500_base/meshes/1345_prop_ccw.stl
-- Installing: /home/ross/DroneSim_ws/install/ros_gz_example_description/share/ros_gz_example_description/models/x500_base/materials
-- Installing: /home/ross/DroneSim_ws/install/ros_gz_example_description/share/ros_gz_example_description/models/x500_base/materials/textures
-- Installing: /home/ross/DroneSim_ws/install/ros_gz_example_description/share/ros_gz_example_description/models/x500_base/materials/textures/nxp.png
-- Installing: /home/ross/DroneSim_ws/install/ros_gz_example_description/share/ros_gz_example_description/models/x500_base/materials/textures/rd.png
-- Installing: /home/ross/DroneSim_ws/install/ros_gz_example_description/share/ros_gz_example_description/models/x500_base/materials/textures/CF.png
-- Installing: /home/ross/DroneSim_ws/install/ros_gz_example_description/share/ros_gz_example_description/models/x500_base/model.sdf
-- Installing: /home/ross/DroneSim_ws/install/ros_gz_example_description/share/ros_gz_example_description/models/x500_base/thumbnails
-- Installing: /home/ross/DroneSim_ws/install/ros_gz_example_description/share/ros_gz_example_description/models/x500_base/thumbnails/2.png
-- Installing: /home/ross/DroneSim_ws/install/ros_gz_example_description/share/ros_gz_example_description/models/x500_base/thumbnails/3.png
-- Installing: /home/ross/DroneSim_ws/install/ros_gz_example_description/share/ros_gz_example_description/models/x500_base/thumbnails/4.png
-- Installing: /home/ross/DroneSim_ws/install/ros_gz_example_description/share/ros_gz_example_description/models/x500_base/thumbnails/5.png
-- Installing: /home/ross/DroneSim_ws/install/ros_gz_example_description/share/ros_gz_example_description/models/x500_base/thumbnails/1.png
-- Installing: /home/ross/DroneSim_ws/install/ros_gz_example_description/share/ros_gz_example_description/models/x500_mono_cam
-- Installing: /home/ross/DroneSim_ws/install/ros_gz_example_description/share/ros_gz_example_description/models/x500_mono_cam/model.config
-- Installing: /home/ross/DroneSim_ws/install/ros_gz_example_description/share/ros_gz_example_description/models/x500_mono_cam/model.sdf
-- Installing: /home/ross/DroneSim_ws/install/ros_gz_example_description/share/ros_gz_example_description/models/x500down
-- Installing: /home/ross/DroneSim_ws/install/ros_gz_example_description/share/ros_gz_example_description/models/x500down/model.config
-- Installing: /home/ross/DroneSim_ws/install/ros_gz_example_description/share/ros_gz_example_description/models/x500down/LICENSE
-- Installing: /home/ross/DroneSim_ws/install/ros_gz_example_description/share/ros_gz_example_description/models/x500down/model.sdf
-- Installing: /home/ross/DroneSim_ws/install/ros_gz_example_description/share/ros_gz_example_description/models/x500down/thumbnails
-- Installing: /home/ross/DroneSim_ws/install/ros_gz_example_description/share/ros_gz_example_description/models/x500down/thumbnails/2.png
-- Installing: /home/ross/DroneSim_ws/install/ros_gz_example_description/share/ros_gz_example_description/models/x500down/thumbnails/3.png
-- Installing: /home/ross/DroneSim_ws/install/ros_gz_example_description/share/ros_gz_example_description/models/x500down/thumbnails/4.png
-- Installing: /home/ross/DroneSim_ws/install/ros_gz_example_description/share/ros_gz_example_description/models/x500down/thumbnails/5.png
-- Installing: /home/ross/DroneSim_ws/install/ros_gz_example_description/share/ros_gz_example_description/models/x500down/thumbnails/1.png
-- Installing: /home/ross/DroneSim_ws/install/ros_gz_example_description/share/ros_gz_example_description/models/x500
-- Installing: /home/ross/DroneSim_ws/install/ros_gz_example_description/share/ros_gz_example_description/models/x500/model.config
-- Installing: /home/ross/DroneSim_ws/install/ros_gz_example_description/share/ros_gz_example_description/models/x500/LICENSE
-- Installing: /home/ross/DroneSim_ws/install/ros_gz_example_description/share/ros_gz_example_description/models/x500/model.sdf
-- Installing: /home/ross/DroneSim_ws/install/ros_gz_example_description/share/ros_gz_example_description/models/x500/thumbnails
-- Installing: /home/ross/DroneSim_ws/install/ros_gz_example_description/share/ros_gz_example_description/models/x500/thumbnails/2.png
-- Installing: /home/ross/DroneSim_ws/install/ros_gz_example_description/share/ros_gz_example_description/models/x500/thumbnails/3.png
-- Installing: /home/ross/DroneSim_ws/install/ros_gz_example_description/share/ros_gz_example_description/models/x500/thumbnails/4.png
-- Installing: /home/ross/DroneSim_ws/install/ros_gz_example_description/share/ros_gz_example_description/models/x500/thumbnails/5.png
-- Installing: /home/ross/DroneSim_ws/install/ros_gz_example_description/share/ros_gz_example_description/models/x500/thumbnails/1.png
-- Installing: /home/ross/DroneSim_ws/install/ros_gz_example_description/share/ros_gz_example_description/models/x500_depth
-- Installing: /home/ross/DroneSim_ws/install/ros_gz_example_description/share/ros_gz_example_description/models/x500_depth/model.config
-- Installing: /home/ross/DroneSim_ws/install/ros_gz_example_description/share/ros_gz_example_description/models/x500_depth/LICENSE
-- Installing: /home/ross/DroneSim_ws/install/ros_gz_example_description/share/ros_gz_example_description/models/x500_depth/model.sdf
-- Installing: /home/ross/DroneSim_ws/install/ros_gz_example_description/share/ros_gz_example_description/models/x500_depth/thumbnails
-- Installing: /home/ross/DroneSim_ws/install/ros_gz_example_description/share/ros_gz_example_description/models/x500_depth/thumbnails/2.png
-- Installing: /home/ross/DroneSim_ws/install/ros_gz_example_description/share/ros_gz_example_description/models/x500_depth/thumbnails/3.png
-- Installing: /home/ross/DroneSim_ws/install/ros_gz_example_description/share/ros_gz_example_description/models/x500_depth/thumbnails/4.png
-- Installing: /home/ross/DroneSim_ws/install/ros_gz_example_description/share/ros_gz_example_description/models/x500_depth/thumbnails/5.png
-- Installing: /home/ross/DroneSim_ws/install/ros_gz_example_description/share/ros_gz_example_description/models/x500_depth/thumbnails/1.png
-- Installing: /home/ross/DroneSim_ws/install/ros_gz_example_description/share/ros_gz_example_description/models/OakD-Lite
-- Installing: /home/ross/DroneSim_ws/install/ros_gz_example_description/share/ros_gz_example_description/models/OakD-Lite/model.config
-- Installing: /home/ross/DroneSim_ws/install/ros_gz_example_description/share/ros_gz_example_description/models/OakD-Lite/LICENSE
-- Installing: /home/ross/DroneSim_ws/install/ros_gz_example_description/share/ros_gz_example_description/models/OakD-Lite/meshes
-- Installing: /home/ross/DroneSim_ws/install/ros_gz_example_description/share/ros_gz_example_description/models/OakD-Lite/meshes/OakDLite.dae
-- Installing: /home/ross/DroneSim_ws/install/ros_gz_example_description/share/ros_gz_example_description/models/OakD-Lite/model.sdf
-- Installing: /home/ross/DroneSim_ws/install/ros_gz_example_description/share/ros_gz_example_description/models/OakD-Lite/thumbnails
-- Installing: /home/ross/DroneSim_ws/install/ros_gz_example_description/share/ros_gz_example_description/models/OakD-Lite/thumbnails/2.png
-- Installing: /home/ross/DroneSim_ws/install/ros_gz_example_description/share/ros_gz_example_description/models/OakD-Lite/thumbnails/3.png
-- Installing: /home/ross/DroneSim_ws/install/ros_gz_example_description/share/ros_gz_example_description/models/OakD-Lite/thumbnails/4.png
-- Installing: /home/ross/DroneSim_ws/install/ros_gz_example_description/share/ros_gz_example_description/models/OakD-Lite/thumbnails/5.png
-- Installing: /home/ross/DroneSim_ws/install/ros_gz_example_description/share/ros_gz_example_description/models/OakD-Lite/thumbnails/1.png
-- Installing: /home/ross/DroneSim_ws/install/ros_gz_example_description/share/ros_gz_example_description/models/x500_vision
-- Installing: /home/ross/DroneSim_ws/install/ros_gz_example_description/share/ros_gz_example_description/models/x500_vision/model.config
-- Installing: /home/ross/DroneSim_ws/install/ros_gz_example_description/share/ros_gz_example_description/models/x500_vision/model.sdf
[31mCMake Error at cmake_install.cmake:50 (file):
  file INSTALL cannot find
  "/home/ross/DroneSim_ws/build/ros_gz_example_description/ament_cmake_environment_hooks/ros_gz_example_description.dsv":
  No such file or directory.

[0m
