[0.012s] Invoking command in '/home/ross/Desktop/GazeboIgnitionFortressSim/DroneSim_ws/build/ros_gz_example_description': CMAKE_PREFIX_PATH=${CMAKE_PREFIX_PATH}:/home/ross/Desktop/GazeboIgnitionFortressSim/DroneSim_ws/install/ros_gz_example_bringup:/home/ross/Desktop/GazeboIgnitionFortressSim/DroneSim_ws/install/ros_gz_example_gazebo:/home/ross/Desktop/GazeboIgnitionFortressSim/DroneSim_ws/install/ros_gz_example_application:/opt/ros/humble /usr/bin/cmake --build /home/ross/Desktop/GazeboIgnitionFortressSim/DroneSim_ws/build/ros_gz_example_description -- -j12 -l12
[0.017s] [0mCMake Error: The current CMakeCache.txt directory /home/ross/Desktop/GazeboIgnitionFortressSim/DroneSim_ws/build/ros_gz_example_description/CMakeCache.txt is different than the directory /home/ross/DroneSim_ws/build/ros_gz_example_description where CMakeCache.txt was created. This may result in binaries being created in the wrong place. If you are not sure, reedit the CMakeCache.txt[0m
[0.039s] Invoked command in '/home/ross/Desktop/GazeboIgnitionFortressSim/DroneSim_ws/build/ros_gz_example_description' returned '0': CMAKE_PREFIX_PATH=${CMAKE_PREFIX_PATH}:/home/ross/Desktop/GazeboIgnitionFortressSim/DroneSim_ws/install/ros_gz_example_bringup:/home/ross/Desktop/GazeboIgnitionFortressSim/DroneSim_ws/install/ros_gz_example_gazebo:/home/ross/Desktop/GazeboIgnitionFortressSim/DroneSim_ws/install/ros_gz_example_application:/opt/ros/humble /usr/bin/cmake --build /home/ross/Desktop/GazeboIgnitionFortressSim/DroneSim_ws/build/ros_gz_example_description -- -j12 -l12
[0.061s] Invoking command in '/home/ross/Desktop/GazeboIgnitionFortressSim/DroneSim_ws/build/ros_gz_example_description': CMAKE_PREFIX_PATH=${CMAKE_PREFIX_PATH}:/home/ross/Desktop/GazeboIgnitionFortressSim/DroneSim_ws/install/ros_gz_example_bringup:/home/ross/Desktop/GazeboIgnitionFortressSim/DroneSim_ws/install/ros_gz_example_gazebo:/home/ross/Desktop/GazeboIgnitionFortressSim/DroneSim_ws/install/ros_gz_example_application:/opt/ros/humble /usr/bin/cmake --install /home/ross/Desktop/GazeboIgnitionFortressSim/DroneSim_ws/build/ros_gz_example_description
[0.066s] -- Install configuration: ""
[0.066s] -- Installing: /home/ross/DroneSim_ws/install/ros_gz_example_description/share/ros_gz_example_description/models
[0.066s] -- Installing: /home/ross/DroneSim_ws/install/ros_gz_example_description/share/ros_gz_example_description/models/x500_base
[0.066s] -- Installing: /home/ross/DroneSim_ws/install/ros_gz_example_description/share/ros_gz_example_description/models/x500_base/model.config
[0.067s] -- Installing: /home/ross/DroneSim_ws/install/ros_gz_example_description/share/ros_gz_example_description/models/x500_base/LICENSE
[0.067s] -- Installing: /home/ross/DroneSim_ws/install/ros_gz_example_description/share/ros_gz_example_description/models/x500_base/meshes
[0.067s] -- Installing: /home/ross/DroneSim_ws/install/ros_gz_example_description/share/ros_gz_example_description/models/x500_base/meshes/CF.png
[0.068s] -- Installing: /home/ross/DroneSim_ws/install/ros_gz_example_description/share/ros_gz_example_description/models/x500_base/meshes/1345_prop_cw.stl
[0.069s] -- Installing: /home/ross/DroneSim_ws/install/ros_gz_example_description/share/ros_gz_example_description/models/x500_base/meshes/5010Bell.dae
[0.070s] -- Installing: /home/ross/DroneSim_ws/install/ros_gz_example_description/share/ros_gz_example_description/models/x500_base/meshes/NXP-HGD-CF.dae
[0.084s] -- Installing: /home/ross/DroneSim_ws/install/ros_gz_example_description/share/ros_gz_example_description/models/x500_base/meshes/5010Base.dae
[0.084s] -- Installing: /home/ross/DroneSim_ws/install/ros_gz_example_description/share/ros_gz_example_description/models/x500_base/meshes/1345_prop_ccw.stl
[0.085s] -- Installing: /home/ross/DroneSim_ws/install/ros_gz_example_description/share/ros_gz_example_description/models/x500_base/materials
[0.085s] -- Installing: /home/ross/DroneSim_ws/install/ros_gz_example_description/share/ros_gz_example_description/models/x500_base/materials/textures
[0.085s] -- Installing: /home/ross/DroneSim_ws/install/ros_gz_example_description/share/ros_gz_example_description/models/x500_base/materials/textures/nxp.png
[0.085s] -- Installing: /home/ross/DroneSim_ws/install/ros_gz_example_description/share/ros_gz_example_description/models/x500_base/materials/textures/rd.png
[0.086s] -- Installing: /home/ross/DroneSim_ws/install/ros_gz_example_description/share/ros_gz_example_description/models/x500_base/materials/textures/CF.png
[0.087s] -- Installing: /home/ross/DroneSim_ws/install/ros_gz_example_description/share/ros_gz_example_description/models/x500_base/model.sdf
[0.087s] -- Installing: /home/ross/DroneSim_ws/install/ros_gz_example_description/share/ros_gz_example_description/models/x500_base/thumbnails
[0.087s] -- Installing: /home/ross/DroneSim_ws/install/ros_gz_example_description/share/ros_gz_example_description/models/x500_base/thumbnails/2.png
[0.087s] -- Installing: /home/ross/DroneSim_ws/install/ros_gz_example_description/share/ros_gz_example_description/models/x500_base/thumbnails/3.png
[0.087s] -- Installing: /home/ross/DroneSim_ws/install/ros_gz_example_description/share/ros_gz_example_description/models/x500_base/thumbnails/4.png
[0.088s] -- Installing: /home/ross/DroneSim_ws/install/ros_gz_example_description/share/ros_gz_example_description/models/x500_base/thumbnails/5.png
[0.088s] -- Installing: /home/ross/DroneSim_ws/install/ros_gz_example_description/share/ros_gz_example_description/models/x500_base/thumbnails/1.png
[0.088s] -- Installing: /home/ross/DroneSim_ws/install/ros_gz_example_description/share/ros_gz_example_description/models/x500_mono_cam
[0.089s] -- Installing: /home/ross/DroneSim_ws/install/ros_gz_example_description/share/ros_gz_example_description/models/x500_mono_cam/model.config
[0.089s] -- Installing: /home/ross/DroneSim_ws/install/ros_gz_example_description/share/ros_gz_example_description/models/x500_mono_cam/model.sdf
[0.089s] -- Installing: /home/ross/DroneSim_ws/install/ros_gz_example_description/share/ros_gz_example_description/models/x500down
[0.089s] -- Installing: /home/ross/DroneSim_ws/install/ros_gz_example_description/share/ros_gz_example_description/models/x500down/model.config
[0.089s] -- Installing: /home/ross/DroneSim_ws/install/ros_gz_example_description/share/ros_gz_example_description/models/x500down/LICENSE
[0.090s] -- Installing: /home/ross/DroneSim_ws/install/ros_gz_example_description/share/ros_gz_example_description/models/x500down/model.sdf
[0.090s] -- Installing: /home/ross/DroneSim_ws/install/ros_gz_example_description/share/ros_gz_example_description/models/x500down/thumbnails
[0.090s] -- Installing: /home/ross/DroneSim_ws/install/ros_gz_example_description/share/ros_gz_example_description/models/x500down/thumbnails/2.png
[0.091s] -- Installing: /home/ross/DroneSim_ws/install/ros_gz_example_description/share/ros_gz_example_description/models/x500down/thumbnails/3.png
[0.091s] -- Installing: /home/ross/DroneSim_ws/install/ros_gz_example_description/share/ros_gz_example_description/models/x500down/thumbnails/4.png
[0.092s] -- Installing: /home/ross/DroneSim_ws/install/ros_gz_example_description/share/ros_gz_example_description/models/x500down/thumbnails/5.png
[0.092s] -- Installing: /home/ross/DroneSim_ws/install/ros_gz_example_description/share/ros_gz_example_description/models/x500down/thumbnails/1.png
[0.092s] -- Installing: /home/ross/DroneSim_ws/install/ros_gz_example_description/share/ros_gz_example_description/models/x500
[0.093s] -- Installing: /home/ross/DroneSim_ws/install/ros_gz_example_description/share/ros_gz_example_description/models/x500/model.config
[0.093s] -- Installing: /home/ross/DroneSim_ws/install/ros_gz_example_description/share/ros_gz_example_description/models/x500/LICENSE
[0.094s] -- Installing: /home/ross/DroneSim_ws/install/ros_gz_example_description/share/ros_gz_example_description/models/x500/model.sdf
[0.094s] -- Installing: /home/ross/DroneSim_ws/install/ros_gz_example_description/share/ros_gz_example_description/models/x500/thumbnails
[0.094s] -- Installing: /home/ross/DroneSim_ws/install/ros_gz_example_description/share/ros_gz_example_description/models/x500/thumbnails/2.png
[0.094s] -- Installing: /home/ross/DroneSim_ws/install/ros_gz_example_description/share/ros_gz_example_description/models/x500/thumbnails/3.png
[0.095s] -- Installing: /home/ross/DroneSim_ws/install/ros_gz_example_description/share/ros_gz_example_description/models/x500/thumbnails/4.png
[0.095s] -- Installing: /home/ross/DroneSim_ws/install/ros_gz_example_description/share/ros_gz_example_description/models/x500/thumbnails/5.png
[0.096s] -- Installing: /home/ross/DroneSim_ws/install/ros_gz_example_description/share/ros_gz_example_description/models/x500/thumbnails/1.png
[0.096s] -- Installing: /home/ross/DroneSim_ws/install/ros_gz_example_description/share/ros_gz_example_description/models/x500_depth
[0.096s] -- Installing: /home/ross/DroneSim_ws/install/ros_gz_example_description/share/ros_gz_example_description/models/x500_depth/model.config
[0.097s] -- Installing: /home/ross/DroneSim_ws/install/ros_gz_example_description/share/ros_gz_example_description/models/x500_depth/LICENSE
[0.097s] -- Installing: /home/ross/DroneSim_ws/install/ros_gz_example_description/share/ros_gz_example_description/models/x500_depth/model.sdf
[0.097s] -- Installing: /home/ross/DroneSim_ws/install/ros_gz_example_description/share/ros_gz_example_description/models/x500_depth/thumbnails
[0.097s] -- Installing: /home/ross/DroneSim_ws/install/ros_gz_example_description/share/ros_gz_example_description/models/x500_depth/thumbnails/2.png
[0.097s] -- Installing: /home/ross/DroneSim_ws/install/ros_gz_example_description/share/ros_gz_example_description/models/x500_depth/thumbnails/3.png
[0.097s] -- Installing: /home/ross/DroneSim_ws/install/ros_gz_example_description/share/ros_gz_example_description/models/x500_depth/thumbnails/4.png
[0.097s] -- Installing: /home/ross/DroneSim_ws/install/ros_gz_example_description/share/ros_gz_example_description/models/x500_depth/thumbnails/5.png
[0.097s] -- Installing: /home/ross/DroneSim_ws/install/ros_gz_example_description/share/ros_gz_example_description/models/x500_depth/thumbnails/1.png
[0.097s] -- Installing: /home/ross/DroneSim_ws/install/ros_gz_example_description/share/ros_gz_example_description/models/OakD-Lite
[0.098s] -- Installing: /home/ross/DroneSim_ws/install/ros_gz_example_description/share/ros_gz_example_description/models/OakD-Lite/model.config
[0.098s] -- Installing: /home/ross/DroneSim_ws/install/ros_gz_example_description/share/ros_gz_example_description/models/OakD-Lite/LICENSE
[0.098s] -- Installing: /home/ross/DroneSim_ws/install/ros_gz_example_description/share/ros_gz_example_description/models/OakD-Lite/meshes
[0.098s] -- Installing: /home/ross/DroneSim_ws/install/ros_gz_example_description/share/ros_gz_example_description/models/OakD-Lite/meshes/OakDLite.dae
[0.098s] -- Installing: /home/ross/DroneSim_ws/install/ros_gz_example_description/share/ros_gz_example_description/models/OakD-Lite/model.sdf
[0.098s] -- Installing: /home/ross/DroneSim_ws/install/ros_gz_example_description/share/ros_gz_example_description/models/OakD-Lite/thumbnails
[0.098s] -- Installing: /home/ross/DroneSim_ws/install/ros_gz_example_description/share/ros_gz_example_description/models/OakD-Lite/thumbnails/2.png
[0.098s] -- Installing: /home/ross/DroneSim_ws/install/ros_gz_example_description/share/ros_gz_example_description/models/OakD-Lite/thumbnails/3.png
[0.098s] -- Installing: /home/ross/DroneSim_ws/install/ros_gz_example_description/share/ros_gz_example_description/models/OakD-Lite/thumbnails/4.png
[0.098s] -- Installing: /home/ross/DroneSim_ws/install/ros_gz_example_description/share/ros_gz_example_description/models/OakD-Lite/thumbnails/5.png
[0.098s] -- Installing: /home/ross/DroneSim_ws/install/ros_gz_example_description/share/ros_gz_example_description/models/OakD-Lite/thumbnails/1.png
[0.098s] -- Installing: /home/ross/DroneSim_ws/install/ros_gz_example_description/share/ros_gz_example_description/models/x500_vision
[0.098s] -- Installing: /home/ross/DroneSim_ws/install/ros_gz_example_description/share/ros_gz_example_description/models/x500_vision/model.config
[0.099s] -- Installing: /home/ross/DroneSim_ws/install/ros_gz_example_description/share/ros_gz_example_description/models/x500_vision/model.sdf
[0.099s] [31mCMake Error at cmake_install.cmake:50 (file):
[0.099s]   file INSTALL cannot find
[0.099s]   "/home/ross/DroneSim_ws/build/ros_gz_example_description/ament_cmake_environment_hooks/ros_gz_example_description.dsv":
[0.099s]   No such file or directory.
[0.099s] 
[0.099s] [0m
