[0.110s] DEBUG:colcon:Command line arguments: ['/usr/bin/colcon', 'build', '--cmake-args', '-DBUILD_TESTING=ON']
[0.110s] DEBUG:colcon:Parsed command line arguments: Namespace(log_base=None, log_level=None, verb_name='build', build_base='build', install_base='install', merge_install=False, symlink_install=False, test_result_base=None, continue_on_error=False, executor='parallel', parallel_workers=12, event_handlers=None, ignore_user_meta=False, metas=['./colcon.meta'], base_paths=['.'], packages_ignore=None, packages_ignore_regex=None, paths=None, packages_up_to=None, packages_up_to_regex=None, packages_above=None, packages_above_and_dependencies=None, packages_above_depth=None, packages_select_by_dep=None, packages_skip_by_dep=None, packages_skip_up_to=None, packages_select_build_failed=False, packages_skip_build_finished=False, packages_select_test_failures=False, packages_skip_test_passed=False, packages_select=None, packages_skip=None, packages_select_regex=None, packages_skip_regex=None, packages_start=None, packages_end=None, allow_overriding=[], cmake_args=['-DBUILD_TESTING=ON'], cmake_target=None, cmake_target_skip_unavailable=False, cmake_clean_cache=False, cmake_clean_first=False, cmake_force_configure=False, ament_cmake_args=None, catkin_cmake_args=None, catkin_skip_building_tests=False, verb_parser=<colcon_defaults.argument_parser.defaults.DefaultArgumentsDecorator object at 0x7e190c70aa70>, verb_extension=<colcon_core.verb.build.BuildVerb object at 0x7e190c70a620>, main=<bound method BuildVerb.main of <colcon_core.verb.build.BuildVerb object at 0x7e190c70a620>>)
[0.143s] Level 1:colcon.colcon_core.package_discovery:discover_packages(colcon_meta) check parameters
[0.143s] Level 1:colcon.colcon_core.package_discovery:discover_packages(recursive) check parameters
[0.143s] Level 1:colcon.colcon_core.package_discovery:discover_packages(ignore) check parameters
[0.143s] Level 1:colcon.colcon_core.package_discovery:discover_packages(path) check parameters
[0.143s] Level 1:colcon.colcon_core.package_discovery:discover_packages(colcon_meta) discover
[0.143s] Level 1:colcon.colcon_core.package_discovery:discover_packages(recursive) discover
[0.143s] INFO:colcon.colcon_core.package_discovery:Crawling recursively for packages in '/home/ross/DroneSim_ws'
[0.144s] Level 1:colcon.colcon_core.package_identification:_identify(.) by extensions ['ignore', 'ignore_ament_install']
[0.144s] Level 1:colcon.colcon_core.package_identification:_identify(.) by extension 'ignore'
[0.144s] Level 1:colcon.colcon_core.package_identification:_identify(.) by extension 'ignore_ament_install'
[0.144s] Level 1:colcon.colcon_core.package_identification:_identify(.) by extensions ['colcon_pkg']
[0.144s] Level 1:colcon.colcon_core.package_identification:_identify(.) by extension 'colcon_pkg'
[0.144s] Level 1:colcon.colcon_core.package_identification:_identify(.) by extensions ['colcon_meta']
[0.144s] Level 1:colcon.colcon_core.package_identification:_identify(.) by extension 'colcon_meta'
[0.144s] Level 1:colcon.colcon_core.package_identification:_identify(.) by extensions ['ros']
[0.144s] Level 1:colcon.colcon_core.package_identification:_identify(.) by extension 'ros'
[0.157s] Level 1:colcon.colcon_core.package_identification:_identify(.) by extensions ['cmake', 'python']
[0.157s] Level 1:colcon.colcon_core.package_identification:_identify(.) by extension 'cmake'
[0.157s] Level 1:colcon.colcon_core.package_identification:_identify(.) by extension 'python'
[0.157s] Level 1:colcon.colcon_core.package_identification:_identify(.) by extensions ['python_setup_py']
[0.157s] Level 1:colcon.colcon_core.package_identification:_identify(.) by extension 'python_setup_py'
[0.157s] Level 1:colcon.colcon_core.package_identification:_identify(build) by extensions ['ignore', 'ignore_ament_install']
[0.157s] Level 1:colcon.colcon_core.package_identification:_identify(build) by extension 'ignore'
[0.157s] Level 1:colcon.colcon_core.package_identification:_identify(build) ignored
[0.157s] Level 1:colcon.colcon_core.package_identification:_identify(install) by extensions ['ignore', 'ignore_ament_install']
[0.157s] Level 1:colcon.colcon_core.package_identification:_identify(install) by extension 'ignore'
[0.157s] Level 1:colcon.colcon_core.package_identification:_identify(install) ignored
[0.157s] Level 1:colcon.colcon_core.package_identification:_identify(log) by extensions ['ignore', 'ignore_ament_install']
[0.157s] Level 1:colcon.colcon_core.package_identification:_identify(log) by extension 'ignore'
[0.157s] Level 1:colcon.colcon_core.package_identification:_identify(log) ignored
[0.158s] Level 1:colcon.colcon_core.package_identification:_identify(src) by extensions ['ignore', 'ignore_ament_install']
[0.158s] Level 1:colcon.colcon_core.package_identification:_identify(src) by extension 'ignore'
[0.158s] Level 1:colcon.colcon_core.package_identification:_identify(src) by extension 'ignore_ament_install'
[0.158s] Level 1:colcon.colcon_core.package_identification:_identify(src) by extensions ['colcon_pkg']
[0.158s] Level 1:colcon.colcon_core.package_identification:_identify(src) by extension 'colcon_pkg'
[0.158s] Level 1:colcon.colcon_core.package_identification:_identify(src) by extensions ['colcon_meta']
[0.158s] Level 1:colcon.colcon_core.package_identification:_identify(src) by extension 'colcon_meta'
[0.158s] Level 1:colcon.colcon_core.package_identification:_identify(src) by extensions ['ros']
[0.158s] Level 1:colcon.colcon_core.package_identification:_identify(src) by extension 'ros'
[0.158s] Level 1:colcon.colcon_core.package_identification:_identify(src) by extensions ['cmake', 'python']
[0.158s] Level 1:colcon.colcon_core.package_identification:_identify(src) by extension 'cmake'
[0.158s] Level 1:colcon.colcon_core.package_identification:_identify(src) by extension 'python'
[0.158s] Level 1:colcon.colcon_core.package_identification:_identify(src) by extensions ['python_setup_py']
[0.158s] Level 1:colcon.colcon_core.package_identification:_identify(src) by extension 'python_setup_py'
[0.158s] Level 1:colcon.colcon_core.package_identification:_identify(src/ros_gz_project_template-fortress) by extensions ['ignore', 'ignore_ament_install']
[0.158s] Level 1:colcon.colcon_core.package_identification:_identify(src/ros_gz_project_template-fortress) by extension 'ignore'
[0.158s] Level 1:colcon.colcon_core.package_identification:_identify(src/ros_gz_project_template-fortress) by extension 'ignore_ament_install'
[0.158s] Level 1:colcon.colcon_core.package_identification:_identify(src/ros_gz_project_template-fortress) by extensions ['colcon_pkg']
[0.158s] Level 1:colcon.colcon_core.package_identification:_identify(src/ros_gz_project_template-fortress) by extension 'colcon_pkg'
[0.158s] Level 1:colcon.colcon_core.package_identification:_identify(src/ros_gz_project_template-fortress) by extensions ['colcon_meta']
[0.159s] Level 1:colcon.colcon_core.package_identification:_identify(src/ros_gz_project_template-fortress) by extension 'colcon_meta'
[0.159s] Level 1:colcon.colcon_core.package_identification:_identify(src/ros_gz_project_template-fortress) by extensions ['ros']
[0.159s] Level 1:colcon.colcon_core.package_identification:_identify(src/ros_gz_project_template-fortress) by extension 'ros'
[0.159s] Level 1:colcon.colcon_core.package_identification:_identify(src/ros_gz_project_template-fortress) by extensions ['cmake', 'python']
[0.159s] Level 1:colcon.colcon_core.package_identification:_identify(src/ros_gz_project_template-fortress) by extension 'cmake'
[0.159s] Level 1:colcon.colcon_core.package_identification:_identify(src/ros_gz_project_template-fortress) by extension 'python'
[0.159s] Level 1:colcon.colcon_core.package_identification:_identify(src/ros_gz_project_template-fortress) by extensions ['python_setup_py']
[0.159s] Level 1:colcon.colcon_core.package_identification:_identify(src/ros_gz_project_template-fortress) by extension 'python_setup_py'
[0.159s] Level 1:colcon.colcon_core.package_identification:_identify(src/ros_gz_project_template-fortress/ros_gz_example_application) by extensions ['ignore', 'ignore_ament_install']
[0.159s] Level 1:colcon.colcon_core.package_identification:_identify(src/ros_gz_project_template-fortress/ros_gz_example_application) by extension 'ignore'
[0.159s] Level 1:colcon.colcon_core.package_identification:_identify(src/ros_gz_project_template-fortress/ros_gz_example_application) by extension 'ignore_ament_install'
[0.159s] Level 1:colcon.colcon_core.package_identification:_identify(src/ros_gz_project_template-fortress/ros_gz_example_application) by extensions ['colcon_pkg']
[0.159s] Level 1:colcon.colcon_core.package_identification:_identify(src/ros_gz_project_template-fortress/ros_gz_example_application) by extension 'colcon_pkg'
[0.159s] Level 1:colcon.colcon_core.package_identification:_identify(src/ros_gz_project_template-fortress/ros_gz_example_application) by extensions ['colcon_meta']
[0.159s] Level 1:colcon.colcon_core.package_identification:_identify(src/ros_gz_project_template-fortress/ros_gz_example_application) by extension 'colcon_meta'
[0.159s] Level 1:colcon.colcon_core.package_identification:_identify(src/ros_gz_project_template-fortress/ros_gz_example_application) by extensions ['ros']
[0.159s] Level 1:colcon.colcon_core.package_identification:_identify(src/ros_gz_project_template-fortress/ros_gz_example_application) by extension 'ros'
[0.162s] DEBUG:colcon.colcon_core.package_identification:Package 'src/ros_gz_project_template-fortress/ros_gz_example_application' with type 'ros.ament_cmake' and name 'ros_gz_example_application'
[0.162s] Level 1:colcon.colcon_core.package_identification:_identify(src/ros_gz_project_template-fortress/ros_gz_example_bringup) by extensions ['ignore', 'ignore_ament_install']
[0.162s] Level 1:colcon.colcon_core.package_identification:_identify(src/ros_gz_project_template-fortress/ros_gz_example_bringup) by extension 'ignore'
[0.162s] Level 1:colcon.colcon_core.package_identification:_identify(src/ros_gz_project_template-fortress/ros_gz_example_bringup) by extension 'ignore_ament_install'
[0.162s] Level 1:colcon.colcon_core.package_identification:_identify(src/ros_gz_project_template-fortress/ros_gz_example_bringup) by extensions ['colcon_pkg']
[0.162s] Level 1:colcon.colcon_core.package_identification:_identify(src/ros_gz_project_template-fortress/ros_gz_example_bringup) by extension 'colcon_pkg'
[0.162s] Level 1:colcon.colcon_core.package_identification:_identify(src/ros_gz_project_template-fortress/ros_gz_example_bringup) by extensions ['colcon_meta']
[0.162s] Level 1:colcon.colcon_core.package_identification:_identify(src/ros_gz_project_template-fortress/ros_gz_example_bringup) by extension 'colcon_meta'
[0.162s] Level 1:colcon.colcon_core.package_identification:_identify(src/ros_gz_project_template-fortress/ros_gz_example_bringup) by extensions ['ros']
[0.162s] Level 1:colcon.colcon_core.package_identification:_identify(src/ros_gz_project_template-fortress/ros_gz_example_bringup) by extension 'ros'
[0.163s] DEBUG:colcon.colcon_core.package_identification:Package 'src/ros_gz_project_template-fortress/ros_gz_example_bringup' with type 'ros.ament_cmake' and name 'ros_gz_example_bringup'
[0.163s] Level 1:colcon.colcon_core.package_identification:_identify(src/ros_gz_project_template-fortress/ros_gz_example_description) by extensions ['ignore', 'ignore_ament_install']
[0.163s] Level 1:colcon.colcon_core.package_identification:_identify(src/ros_gz_project_template-fortress/ros_gz_example_description) by extension 'ignore'
[0.163s] Level 1:colcon.colcon_core.package_identification:_identify(src/ros_gz_project_template-fortress/ros_gz_example_description) by extension 'ignore_ament_install'
[0.163s] Level 1:colcon.colcon_core.package_identification:_identify(src/ros_gz_project_template-fortress/ros_gz_example_description) by extensions ['colcon_pkg']
[0.163s] Level 1:colcon.colcon_core.package_identification:_identify(src/ros_gz_project_template-fortress/ros_gz_example_description) by extension 'colcon_pkg'
[0.163s] Level 1:colcon.colcon_core.package_identification:_identify(src/ros_gz_project_template-fortress/ros_gz_example_description) by extensions ['colcon_meta']
[0.163s] Level 1:colcon.colcon_core.package_identification:_identify(src/ros_gz_project_template-fortress/ros_gz_example_description) by extension 'colcon_meta'
[0.163s] Level 1:colcon.colcon_core.package_identification:_identify(src/ros_gz_project_template-fortress/ros_gz_example_description) by extensions ['ros']
[0.163s] Level 1:colcon.colcon_core.package_identification:_identify(src/ros_gz_project_template-fortress/ros_gz_example_description) by extension 'ros'
[0.164s] DEBUG:colcon.colcon_core.package_identification:Package 'src/ros_gz_project_template-fortress/ros_gz_example_description' with type 'ros.ament_cmake' and name 'ros_gz_example_description'
[0.164s] Level 1:colcon.colcon_core.package_identification:_identify(src/ros_gz_project_template-fortress/ros_gz_example_gazebo) by extensions ['ignore', 'ignore_ament_install']
[0.164s] Level 1:colcon.colcon_core.package_identification:_identify(src/ros_gz_project_template-fortress/ros_gz_example_gazebo) by extension 'ignore'
[0.164s] Level 1:colcon.colcon_core.package_identification:_identify(src/ros_gz_project_template-fortress/ros_gz_example_gazebo) by extension 'ignore_ament_install'
[0.164s] Level 1:colcon.colcon_core.package_identification:_identify(src/ros_gz_project_template-fortress/ros_gz_example_gazebo) by extensions ['colcon_pkg']
[0.164s] Level 1:colcon.colcon_core.package_identification:_identify(src/ros_gz_project_template-fortress/ros_gz_example_gazebo) by extension 'colcon_pkg'
[0.164s] Level 1:colcon.colcon_core.package_identification:_identify(src/ros_gz_project_template-fortress/ros_gz_example_gazebo) by extensions ['colcon_meta']
[0.164s] Level 1:colcon.colcon_core.package_identification:_identify(src/ros_gz_project_template-fortress/ros_gz_example_gazebo) by extension 'colcon_meta'
[0.164s] Level 1:colcon.colcon_core.package_identification:_identify(src/ros_gz_project_template-fortress/ros_gz_example_gazebo) by extensions ['ros']
[0.164s] Level 1:colcon.colcon_core.package_identification:_identify(src/ros_gz_project_template-fortress/ros_gz_example_gazebo) by extension 'ros'
[0.165s] DEBUG:colcon.colcon_core.package_identification:Package 'src/ros_gz_project_template-fortress/ros_gz_example_gazebo' with type 'ros.ament_cmake' and name 'ros_gz_example_gazebo'
[0.165s] Level 1:colcon.colcon_core.package_discovery:discover_packages(recursive) using defaults
[0.165s] Level 1:colcon.colcon_core.package_discovery:discover_packages(ignore) discover
[0.165s] Level 1:colcon.colcon_core.package_discovery:discover_packages(ignore) using defaults
[0.165s] Level 1:colcon.colcon_core.package_discovery:discover_packages(path) discover
[0.165s] Level 1:colcon.colcon_core.package_discovery:discover_packages(path) using defaults
[0.185s] Level 1:colcon.colcon_core.package_discovery:discover_packages(prefix_path) check parameters
[0.185s] Level 1:colcon.colcon_core.package_discovery:discover_packages(prefix_path) discover
[0.189s] DEBUG:colcon.colcon_installed_package_information.package_discovery:Found 22 installed packages in /home/ross/aerostack2_ws/install
[0.190s] DEBUG:colcon.colcon_installed_package_information.package_discovery:Found 4 installed packages in /home/ross/DroneSim_ws/install
[0.190s] DEBUG:colcon.colcon_installed_package_information.package_discovery:Found 1 installed packages in /home/ross/esl2024-main/install
[0.191s] DEBUG:colcon.colcon_installed_package_information.package_discovery:Found 352 installed packages in /opt/ros/humble
[0.194s] Level 1:colcon.colcon_core.package_discovery:discover_packages(prefix_path) using defaults
[0.240s] Level 5:colcon.colcon_core.verb:set package 'ros_gz_example_application' build argument 'cmake_args' from command line to '['-DBUILD_TESTING=ON']'
[0.240s] Level 5:colcon.colcon_core.verb:set package 'ros_gz_example_application' build argument 'cmake_target' from command line to 'None'
[0.240s] Level 5:colcon.colcon_core.verb:set package 'ros_gz_example_application' build argument 'cmake_target_skip_unavailable' from command line to 'False'
[0.240s] Level 5:colcon.colcon_core.verb:set package 'ros_gz_example_application' build argument 'cmake_clean_cache' from command line to 'False'
[0.240s] Level 5:colcon.colcon_core.verb:set package 'ros_gz_example_application' build argument 'cmake_clean_first' from command line to 'False'
[0.240s] Level 5:colcon.colcon_core.verb:set package 'ros_gz_example_application' build argument 'cmake_force_configure' from command line to 'False'
[0.240s] Level 5:colcon.colcon_core.verb:set package 'ros_gz_example_application' build argument 'ament_cmake_args' from command line to 'None'
[0.240s] Level 5:colcon.colcon_core.verb:set package 'ros_gz_example_application' build argument 'catkin_cmake_args' from command line to 'None'
[0.240s] Level 5:colcon.colcon_core.verb:set package 'ros_gz_example_application' build argument 'catkin_skip_building_tests' from command line to 'False'
[0.240s] DEBUG:colcon.colcon_core.verb:Building package 'ros_gz_example_application' with the following arguments: {'ament_cmake_args': None, 'build_base': '/home/ross/DroneSim_ws/build/ros_gz_example_application', 'catkin_cmake_args': None, 'catkin_skip_building_tests': False, 'cmake_args': ['-DBUILD_TESTING=ON'], 'cmake_clean_cache': False, 'cmake_clean_first': False, 'cmake_force_configure': False, 'cmake_target': None, 'cmake_target_skip_unavailable': False, 'install_base': '/home/ross/DroneSim_ws/install/ros_gz_example_application', 'merge_install': False, 'path': '/home/ross/DroneSim_ws/src/ros_gz_project_template-fortress/ros_gz_example_application', 'symlink_install': False, 'test_result_base': None}
[0.241s] Level 5:colcon.colcon_core.verb:set package 'ros_gz_example_description' build argument 'cmake_args' from command line to '['-DBUILD_TESTING=ON']'
[0.241s] Level 5:colcon.colcon_core.verb:set package 'ros_gz_example_description' build argument 'cmake_target' from command line to 'None'
[0.241s] Level 5:colcon.colcon_core.verb:set package 'ros_gz_example_description' build argument 'cmake_target_skip_unavailable' from command line to 'False'
[0.241s] Level 5:colcon.colcon_core.verb:set package 'ros_gz_example_description' build argument 'cmake_clean_cache' from command line to 'False'
[0.241s] Level 5:colcon.colcon_core.verb:set package 'ros_gz_example_description' build argument 'cmake_clean_first' from command line to 'False'
[0.241s] Level 5:colcon.colcon_core.verb:set package 'ros_gz_example_description' build argument 'cmake_force_configure' from command line to 'False'
[0.241s] Level 5:colcon.colcon_core.verb:set package 'ros_gz_example_description' build argument 'ament_cmake_args' from command line to 'None'
[0.241s] Level 5:colcon.colcon_core.verb:set package 'ros_gz_example_description' build argument 'catkin_cmake_args' from command line to 'None'
[0.241s] Level 5:colcon.colcon_core.verb:set package 'ros_gz_example_description' build argument 'catkin_skip_building_tests' from command line to 'False'
[0.241s] DEBUG:colcon.colcon_core.verb:Building package 'ros_gz_example_description' with the following arguments: {'ament_cmake_args': None, 'build_base': '/home/ross/DroneSim_ws/build/ros_gz_example_description', 'catkin_cmake_args': None, 'catkin_skip_building_tests': False, 'cmake_args': ['-DBUILD_TESTING=ON'], 'cmake_clean_cache': False, 'cmake_clean_first': False, 'cmake_force_configure': False, 'cmake_target': None, 'cmake_target_skip_unavailable': False, 'install_base': '/home/ross/DroneSim_ws/install/ros_gz_example_description', 'merge_install': False, 'path': '/home/ross/DroneSim_ws/src/ros_gz_project_template-fortress/ros_gz_example_description', 'symlink_install': False, 'test_result_base': None}
[0.241s] Level 5:colcon.colcon_core.verb:set package 'ros_gz_example_gazebo' build argument 'cmake_args' from command line to '['-DBUILD_TESTING=ON']'
[0.241s] Level 5:colcon.colcon_core.verb:set package 'ros_gz_example_gazebo' build argument 'cmake_target' from command line to 'None'
[0.241s] Level 5:colcon.colcon_core.verb:set package 'ros_gz_example_gazebo' build argument 'cmake_target_skip_unavailable' from command line to 'False'
[0.241s] Level 5:colcon.colcon_core.verb:set package 'ros_gz_example_gazebo' build argument 'cmake_clean_cache' from command line to 'False'
[0.241s] Level 5:colcon.colcon_core.verb:set package 'ros_gz_example_gazebo' build argument 'cmake_clean_first' from command line to 'False'
[0.241s] Level 5:colcon.colcon_core.verb:set package 'ros_gz_example_gazebo' build argument 'cmake_force_configure' from command line to 'False'
[0.241s] Level 5:colcon.colcon_core.verb:set package 'ros_gz_example_gazebo' build argument 'ament_cmake_args' from command line to 'None'
[0.241s] Level 5:colcon.colcon_core.verb:set package 'ros_gz_example_gazebo' build argument 'catkin_cmake_args' from command line to 'None'
[0.241s] Level 5:colcon.colcon_core.verb:set package 'ros_gz_example_gazebo' build argument 'catkin_skip_building_tests' from command line to 'False'
[0.241s] DEBUG:colcon.colcon_core.verb:Building package 'ros_gz_example_gazebo' with the following arguments: {'ament_cmake_args': None, 'build_base': '/home/ross/DroneSim_ws/build/ros_gz_example_gazebo', 'catkin_cmake_args': None, 'catkin_skip_building_tests': False, 'cmake_args': ['-DBUILD_TESTING=ON'], 'cmake_clean_cache': False, 'cmake_clean_first': False, 'cmake_force_configure': False, 'cmake_target': None, 'cmake_target_skip_unavailable': False, 'install_base': '/home/ross/DroneSim_ws/install/ros_gz_example_gazebo', 'merge_install': False, 'path': '/home/ross/DroneSim_ws/src/ros_gz_project_template-fortress/ros_gz_example_gazebo', 'symlink_install': False, 'test_result_base': None}
[0.242s] Level 5:colcon.colcon_core.verb:set package 'ros_gz_example_bringup' build argument 'cmake_args' from command line to '['-DBUILD_TESTING=ON']'
[0.242s] Level 5:colcon.colcon_core.verb:set package 'ros_gz_example_bringup' build argument 'cmake_target' from command line to 'None'
[0.242s] Level 5:colcon.colcon_core.verb:set package 'ros_gz_example_bringup' build argument 'cmake_target_skip_unavailable' from command line to 'False'
[0.242s] Level 5:colcon.colcon_core.verb:set package 'ros_gz_example_bringup' build argument 'cmake_clean_cache' from command line to 'False'
[0.242s] Level 5:colcon.colcon_core.verb:set package 'ros_gz_example_bringup' build argument 'cmake_clean_first' from command line to 'False'
[0.242s] Level 5:colcon.colcon_core.verb:set package 'ros_gz_example_bringup' build argument 'cmake_force_configure' from command line to 'False'
[0.242s] Level 5:colcon.colcon_core.verb:set package 'ros_gz_example_bringup' build argument 'ament_cmake_args' from command line to 'None'
[0.242s] Level 5:colcon.colcon_core.verb:set package 'ros_gz_example_bringup' build argument 'catkin_cmake_args' from command line to 'None'
[0.242s] Level 5:colcon.colcon_core.verb:set package 'ros_gz_example_bringup' build argument 'catkin_skip_building_tests' from command line to 'False'
[0.242s] DEBUG:colcon.colcon_core.verb:Building package 'ros_gz_example_bringup' with the following arguments: {'ament_cmake_args': None, 'build_base': '/home/ross/DroneSim_ws/build/ros_gz_example_bringup', 'catkin_cmake_args': None, 'catkin_skip_building_tests': False, 'cmake_args': ['-DBUILD_TESTING=ON'], 'cmake_clean_cache': False, 'cmake_clean_first': False, 'cmake_force_configure': False, 'cmake_target': None, 'cmake_target_skip_unavailable': False, 'install_base': '/home/ross/DroneSim_ws/install/ros_gz_example_bringup', 'merge_install': False, 'path': '/home/ross/DroneSim_ws/src/ros_gz_project_template-fortress/ros_gz_example_bringup', 'symlink_install': False, 'test_result_base': None}
[0.242s] INFO:colcon.colcon_core.executor:Executing jobs using 'parallel' executor
[0.243s] DEBUG:colcon.colcon_parallel_executor.executor.parallel:run_until_complete
[0.243s] INFO:colcon.colcon_ros.task.ament_cmake.build:Building ROS package in '/home/ross/DroneSim_ws/src/ros_gz_project_template-fortress/ros_gz_example_description' with build type 'ament_cmake'
[0.243s] INFO:colcon.colcon_cmake.task.cmake.build:Building CMake package in '/home/ross/DroneSim_ws/src/ros_gz_project_template-fortress/ros_gz_example_description'
[0.246s] INFO:colcon.colcon_core.plugin_system:Skipping extension 'colcon_core.shell.bat': Not used on non-Windows systems
[0.246s] INFO:colcon.colcon_core.shell:Skip shell extension 'powershell' for command environment: Not usable outside of PowerShell
[0.246s] DEBUG:colcon.colcon_core.shell:Skip shell extension 'dsv' for command environment
[0.250s] INFO:colcon.colcon_ros.task.ament_cmake.build:Building ROS package in '/home/ross/DroneSim_ws/src/ros_gz_project_template-fortress/ros_gz_example_application' with build type 'ament_cmake'
[0.251s] INFO:colcon.colcon_cmake.task.cmake.build:Building CMake package in '/home/ross/DroneSim_ws/src/ros_gz_project_template-fortress/ros_gz_example_application'
[0.251s] INFO:colcon.colcon_core.shell:Skip shell extension 'powershell' for command environment: Not usable outside of PowerShell
[0.251s] DEBUG:colcon.colcon_core.shell:Skip shell extension 'dsv' for command environment
[0.260s] DEBUG:colcon.colcon_core.event_handler.log_command:Invoking command in '/home/ross/DroneSim_ws/build/ros_gz_example_description': CMAKE_PREFIX_PATH=${CMAKE_PREFIX_PATH}:/home/ross/aerostack2_ws/install/as2_keyboard_teleoperation:/home/ross/aerostack2_ws/install/as2_python_api:/opt/ros/humble /usr/bin/cmake --build /home/ross/DroneSim_ws/build/ros_gz_example_description -- -j12 -l12
[0.266s] DEBUG:colcon.colcon_core.event_handler.log_command:Invoking command in '/home/ross/DroneSim_ws/build/ros_gz_example_application': CMAKE_PREFIX_PATH=${CMAKE_PREFIX_PATH}:/home/ross/aerostack2_ws/install/as2_keyboard_teleoperation:/home/ross/aerostack2_ws/install/as2_python_api:/opt/ros/humble /usr/bin/cmake --build /home/ross/DroneSim_ws/build/ros_gz_example_application -- -j12 -l12
[0.297s] DEBUG:colcon.colcon_core.event_handler.log_command:Invoked command in '/home/ross/DroneSim_ws/build/ros_gz_example_application' returned '0': CMAKE_PREFIX_PATH=${CMAKE_PREFIX_PATH}:/home/ross/aerostack2_ws/install/as2_keyboard_teleoperation:/home/ross/aerostack2_ws/install/as2_python_api:/opt/ros/humble /usr/bin/cmake --build /home/ross/DroneSim_ws/build/ros_gz_example_application -- -j12 -l12
[0.298s] DEBUG:colcon.colcon_core.event_handler.log_command:Invoked command in '/home/ross/DroneSim_ws/build/ros_gz_example_description' returned '0': CMAKE_PREFIX_PATH=${CMAKE_PREFIX_PATH}:/home/ross/aerostack2_ws/install/as2_keyboard_teleoperation:/home/ross/aerostack2_ws/install/as2_python_api:/opt/ros/humble /usr/bin/cmake --build /home/ross/DroneSim_ws/build/ros_gz_example_description -- -j12 -l12
[0.325s] DEBUG:colcon.colcon_core.event_handler.log_command:Invoking command in '/home/ross/DroneSim_ws/build/ros_gz_example_application': CMAKE_PREFIX_PATH=${CMAKE_PREFIX_PATH}:/home/ross/aerostack2_ws/install/as2_keyboard_teleoperation:/home/ross/aerostack2_ws/install/as2_python_api:/opt/ros/humble /usr/bin/cmake --install /home/ross/DroneSim_ws/build/ros_gz_example_application
[0.326s] DEBUG:colcon.colcon_core.event_handler.log_command:Invoking command in '/home/ross/DroneSim_ws/build/ros_gz_example_description': CMAKE_PREFIX_PATH=${CMAKE_PREFIX_PATH}:/home/ross/aerostack2_ws/install/as2_keyboard_teleoperation:/home/ross/aerostack2_ws/install/as2_python_api:/opt/ros/humble /usr/bin/cmake --install /home/ross/DroneSim_ws/build/ros_gz_example_description
[0.333s] Level 1:colcon.colcon_core.environment:create_environment_scripts_only(ros_gz_example_application)
[0.334s] DEBUG:colcon.colcon_core.event_handler.log_command:Invoked command in '/home/ross/DroneSim_ws/build/ros_gz_example_application' returned '0': CMAKE_PREFIX_PATH=${CMAKE_PREFIX_PATH}:/home/ross/aerostack2_ws/install/as2_keyboard_teleoperation:/home/ross/aerostack2_ws/install/as2_python_api:/opt/ros/humble /usr/bin/cmake --install /home/ross/DroneSim_ws/build/ros_gz_example_application
[0.339s] Level 1:colcon.colcon_core.environment:checking '/home/ross/DroneSim_ws/install/ros_gz_example_application' for CMake module files
[0.340s] Level 1:colcon.colcon_core.environment:checking '/home/ross/DroneSim_ws/install/ros_gz_example_application' for CMake config files
[0.340s] Level 1:colcon.colcon_core.shell:create_environment_hook('ros_gz_example_application', 'cmake_prefix_path')
[0.340s] INFO:colcon.colcon_core.shell:Creating environment hook '/home/ross/DroneSim_ws/install/ros_gz_example_application/share/ros_gz_example_application/hook/cmake_prefix_path.ps1'
[0.341s] INFO:colcon.colcon_core.shell:Creating environment descriptor '/home/ross/DroneSim_ws/install/ros_gz_example_application/share/ros_gz_example_application/hook/cmake_prefix_path.dsv'
[0.342s] INFO:colcon.colcon_core.shell:Creating environment hook '/home/ross/DroneSim_ws/install/ros_gz_example_application/share/ros_gz_example_application/hook/cmake_prefix_path.sh'
[0.343s] Level 1:colcon.colcon_core.environment:checking '/home/ross/DroneSim_ws/install/ros_gz_example_application/bin'
[0.343s] Level 1:colcon.colcon_core.environment:checking '/home/ross/DroneSim_ws/install/ros_gz_example_application/lib/pkgconfig/ros_gz_example_application.pc'
[0.343s] Level 1:colcon.colcon_core.environment:checking '/home/ross/DroneSim_ws/install/ros_gz_example_application/lib/python3.10/site-packages'
[0.344s] Level 1:colcon.colcon_core.environment:checking '/home/ross/DroneSim_ws/install/ros_gz_example_application/bin'
[0.344s] INFO:colcon.colcon_core.shell:Creating package script '/home/ross/DroneSim_ws/install/ros_gz_example_application/share/ros_gz_example_application/package.ps1'
[0.345s] INFO:colcon.colcon_core.shell:Creating package descriptor '/home/ross/DroneSim_ws/install/ros_gz_example_application/share/ros_gz_example_application/package.dsv'
[0.345s] INFO:colcon.colcon_core.shell:Creating package script '/home/ross/DroneSim_ws/install/ros_gz_example_application/share/ros_gz_example_application/package.sh'
[0.346s] INFO:colcon.colcon_core.shell:Creating package script '/home/ross/DroneSim_ws/install/ros_gz_example_application/share/ros_gz_example_application/package.bash'
[0.347s] INFO:colcon.colcon_core.shell:Creating package script '/home/ross/DroneSim_ws/install/ros_gz_example_application/share/ros_gz_example_application/package.zsh'
[0.348s] Level 1:colcon.colcon_core.environment:create_file_with_runtime_dependencies(/home/ross/DroneSim_ws/install/ros_gz_example_application/share/colcon-core/packages/ros_gz_example_application)
[0.349s] Level 1:colcon.colcon_core.environment:create_environment_scripts_only(ros_gz_example_description)
[0.350s] Level 1:colcon.colcon_core.environment:checking '/home/ross/DroneSim_ws/install/ros_gz_example_description' for CMake module files
[0.350s] Level 1:colcon.colcon_core.environment:checking '/home/ross/DroneSim_ws/install/ros_gz_example_description' for CMake config files
[0.352s] DEBUG:colcon.colcon_core.event_handler.log_command:Invoked command in '/home/ross/DroneSim_ws/build/ros_gz_example_description' returned '0': CMAKE_PREFIX_PATH=${CMAKE_PREFIX_PATH}:/home/ross/aerostack2_ws/install/as2_keyboard_teleoperation:/home/ross/aerostack2_ws/install/as2_python_api:/opt/ros/humble /usr/bin/cmake --install /home/ross/DroneSim_ws/build/ros_gz_example_description
[0.352s] Level 1:colcon.colcon_core.shell:create_environment_hook('ros_gz_example_description', 'cmake_prefix_path')
[0.352s] INFO:colcon.colcon_core.shell:Creating environment hook '/home/ross/DroneSim_ws/install/ros_gz_example_description/share/ros_gz_example_description/hook/cmake_prefix_path.ps1'
[0.352s] INFO:colcon.colcon_core.shell:Creating environment descriptor '/home/ross/DroneSim_ws/install/ros_gz_example_description/share/ros_gz_example_description/hook/cmake_prefix_path.dsv'
[0.353s] INFO:colcon.colcon_core.shell:Creating environment hook '/home/ross/DroneSim_ws/install/ros_gz_example_description/share/ros_gz_example_description/hook/cmake_prefix_path.sh'
[0.353s] Level 1:colcon.colcon_core.environment:checking '/home/ross/DroneSim_ws/install/ros_gz_example_description/bin'
[0.353s] Level 1:colcon.colcon_core.environment:checking '/home/ross/DroneSim_ws/install/ros_gz_example_description/lib/pkgconfig/ros_gz_example_description.pc'
[0.353s] Level 1:colcon.colcon_core.environment:checking '/home/ross/DroneSim_ws/install/ros_gz_example_description/lib/python3.10/site-packages'
[0.353s] Level 1:colcon.colcon_core.environment:checking '/home/ross/DroneSim_ws/install/ros_gz_example_description/bin'
[0.354s] INFO:colcon.colcon_core.shell:Creating package script '/home/ross/DroneSim_ws/install/ros_gz_example_description/share/ros_gz_example_description/package.ps1'
[0.354s] INFO:colcon.colcon_core.shell:Creating package descriptor '/home/ross/DroneSim_ws/install/ros_gz_example_description/share/ros_gz_example_description/package.dsv'
[0.354s] INFO:colcon.colcon_core.shell:Creating package script '/home/ross/DroneSim_ws/install/ros_gz_example_description/share/ros_gz_example_description/package.sh'
[0.355s] INFO:colcon.colcon_core.shell:Creating package script '/home/ross/DroneSim_ws/install/ros_gz_example_description/share/ros_gz_example_description/package.bash'
[0.355s] INFO:colcon.colcon_core.shell:Creating package script '/home/ross/DroneSim_ws/install/ros_gz_example_description/share/ros_gz_example_description/package.zsh'
[0.355s] Level 1:colcon.colcon_core.environment:create_file_with_runtime_dependencies(/home/ross/DroneSim_ws/install/ros_gz_example_description/share/colcon-core/packages/ros_gz_example_description)
[0.368s] Level 1:colcon.colcon_core.environment:create_environment_scripts_only(ros_gz_example_application)
[0.369s] Level 1:colcon.colcon_core.environment:checking '/home/ross/DroneSim_ws/install/ros_gz_example_application' for CMake module files
[0.369s] Level 1:colcon.colcon_core.environment:checking '/home/ross/DroneSim_ws/install/ros_gz_example_application' for CMake config files
[0.369s] Level 1:colcon.colcon_core.shell:create_environment_hook('ros_gz_example_application', 'cmake_prefix_path')
[0.369s] INFO:colcon.colcon_core.shell:Creating environment hook '/home/ross/DroneSim_ws/install/ros_gz_example_application/share/ros_gz_example_application/hook/cmake_prefix_path.ps1'
[0.370s] INFO:colcon.colcon_core.shell:Creating environment descriptor '/home/ross/DroneSim_ws/install/ros_gz_example_application/share/ros_gz_example_application/hook/cmake_prefix_path.dsv'
[0.370s] INFO:colcon.colcon_core.shell:Creating environment hook '/home/ross/DroneSim_ws/install/ros_gz_example_application/share/ros_gz_example_application/hook/cmake_prefix_path.sh'
[0.370s] Level 1:colcon.colcon_core.environment:checking '/home/ross/DroneSim_ws/install/ros_gz_example_application/bin'
[0.370s] Level 1:colcon.colcon_core.environment:checking '/home/ross/DroneSim_ws/install/ros_gz_example_application/lib/pkgconfig/ros_gz_example_application.pc'
[0.371s] Level 1:colcon.colcon_core.environment:checking '/home/ross/DroneSim_ws/install/ros_gz_example_application/lib/python3.10/site-packages'
[0.371s] Level 1:colcon.colcon_core.environment:checking '/home/ross/DroneSim_ws/install/ros_gz_example_application/bin'
[0.371s] INFO:colcon.colcon_core.shell:Creating package script '/home/ross/DroneSim_ws/install/ros_gz_example_application/share/ros_gz_example_application/package.ps1'
[0.372s] INFO:colcon.colcon_core.shell:Creating package descriptor '/home/ross/DroneSim_ws/install/ros_gz_example_application/share/ros_gz_example_application/package.dsv'
[0.372s] INFO:colcon.colcon_core.shell:Creating package script '/home/ross/DroneSim_ws/install/ros_gz_example_application/share/ros_gz_example_application/package.sh'
[0.372s] INFO:colcon.colcon_core.shell:Creating package script '/home/ross/DroneSim_ws/install/ros_gz_example_application/share/ros_gz_example_application/package.bash'
[0.373s] INFO:colcon.colcon_core.shell:Creating package script '/home/ross/DroneSim_ws/install/ros_gz_example_application/share/ros_gz_example_application/package.zsh'
[0.373s] Level 1:colcon.colcon_core.environment:create_file_with_runtime_dependencies(/home/ross/DroneSim_ws/install/ros_gz_example_application/share/colcon-core/packages/ros_gz_example_application)
[0.375s] Level 1:colcon.colcon_core.environment:create_environment_scripts_only(ros_gz_example_description)
[0.375s] Level 1:colcon.colcon_core.environment:checking '/home/ross/DroneSim_ws/install/ros_gz_example_description' for CMake module files
[0.376s] Level 1:colcon.colcon_core.environment:checking '/home/ross/DroneSim_ws/install/ros_gz_example_description' for CMake config files
[0.376s] Level 1:colcon.colcon_core.shell:create_environment_hook('ros_gz_example_description', 'cmake_prefix_path')
[0.376s] INFO:colcon.colcon_core.shell:Creating environment hook '/home/ross/DroneSim_ws/install/ros_gz_example_description/share/ros_gz_example_description/hook/cmake_prefix_path.ps1'
[0.377s] INFO:colcon.colcon_core.shell:Creating environment descriptor '/home/ross/DroneSim_ws/install/ros_gz_example_description/share/ros_gz_example_description/hook/cmake_prefix_path.dsv'
[0.377s] INFO:colcon.colcon_core.shell:Creating environment hook '/home/ross/DroneSim_ws/install/ros_gz_example_description/share/ros_gz_example_description/hook/cmake_prefix_path.sh'
[0.377s] Level 1:colcon.colcon_core.environment:checking '/home/ross/DroneSim_ws/install/ros_gz_example_description/bin'
[0.377s] Level 1:colcon.colcon_core.environment:checking '/home/ross/DroneSim_ws/install/ros_gz_example_description/lib/pkgconfig/ros_gz_example_description.pc'
[0.377s] Level 1:colcon.colcon_core.environment:checking '/home/ross/DroneSim_ws/install/ros_gz_example_description/lib/python3.10/site-packages'
[0.378s] Level 1:colcon.colcon_core.environment:checking '/home/ross/DroneSim_ws/install/ros_gz_example_description/bin'
[0.378s] INFO:colcon.colcon_core.shell:Creating package script '/home/ross/DroneSim_ws/install/ros_gz_example_description/share/ros_gz_example_description/package.ps1'
[0.378s] INFO:colcon.colcon_core.shell:Creating package descriptor '/home/ross/DroneSim_ws/install/ros_gz_example_description/share/ros_gz_example_description/package.dsv'
[0.379s] INFO:colcon.colcon_core.shell:Creating package script '/home/ross/DroneSim_ws/install/ros_gz_example_description/share/ros_gz_example_description/package.sh'
[0.379s] INFO:colcon.colcon_core.shell:Creating package script '/home/ross/DroneSim_ws/install/ros_gz_example_description/share/ros_gz_example_description/package.bash'
[0.379s] INFO:colcon.colcon_core.shell:Creating package script '/home/ross/DroneSim_ws/install/ros_gz_example_description/share/ros_gz_example_description/package.zsh'
[0.380s] Level 1:colcon.colcon_core.environment:create_file_with_runtime_dependencies(/home/ross/DroneSim_ws/install/ros_gz_example_description/share/colcon-core/packages/ros_gz_example_description)
[0.380s] INFO:colcon.colcon_ros.task.ament_cmake.build:Building ROS package in '/home/ross/DroneSim_ws/src/ros_gz_project_template-fortress/ros_gz_example_gazebo' with build type 'ament_cmake'
[0.380s] INFO:colcon.colcon_cmake.task.cmake.build:Building CMake package in '/home/ross/DroneSim_ws/src/ros_gz_project_template-fortress/ros_gz_example_gazebo'
[0.380s] INFO:colcon.colcon_core.shell:Skip shell extension 'powershell' for command environment: Not usable outside of PowerShell
[0.380s] DEBUG:colcon.colcon_core.shell:Skip shell extension 'dsv' for command environment
[0.390s] DEBUG:colcon.colcon_core.event_handler.log_command:Invoking command in '/home/ross/DroneSim_ws/build/ros_gz_example_gazebo': CMAKE_PREFIX_PATH=/home/ross/DroneSim_ws/install/ros_gz_example_description:/home/ross/DroneSim_ws/install/ros_gz_example_bringup:/home/ross/DroneSim_ws/install/ros_gz_example_gazebo:/home/ross/DroneSim_ws/install/ros_gz_example_application:/home/ross/aerostack2_ws/install/aerostack2:/home/ross/aerostack2_ws/install/as2_usb_camera_interface:/home/ross/aerostack2_ws/install/as2_state_estimator:/home/ross/aerostack2_ws/install/as2_realsense_interface:/home/ross/aerostack2_ws/install/as2_platform_multirotor_simulator:/home/ross/aerostack2_ws/install/as2_platform_gazebo:/home/ross/aerostack2_ws/install/as2_motion_controller:/home/ross/aerostack2_ws/install/as2_behaviors_trajectory_generation:/home/ross/aerostack2_ws/install/as2_behaviors_motion:/home/ross/aerostack2_ws/install/as2_motion_reference_handlers:/home/ross/aerostack2_ws/install/as2_gazebo_assets:/home/ross/aerostack2_ws/install/as2_behaviors_platform:/home/ross/aerostack2_ws/install/as2_behaviors_perception:/home/ross/aerostack2_ws/install/as2_behavior_tree:/home/ross/aerostack2_ws/install/as2_behavior:/home/ross/aerostack2_ws/install/as2_alphanumeric_viewer:/home/ross/aerostack2_ws/install/as2_core:/home/ross/aerostack2_ws/install/as2_msgs:/home/ross/aerostack2_ws/install/as2_gazebo_classic_assets:/home/ross/aerostack2_ws/install/as2_cli:/home/ross/esl2024-main/install/my_robot_description:/home/ross/aerostack2_ws/install/as2_keyboard_teleoperation:/home/ross/aerostack2_ws/install/as2_python_api:/opt/ros/humble IGN_GAZEBO_RESOURCE_PATH=/home/ross/DroneSim_ws/install/ros_gz_example_description/share/ros_gz_example_description/models:${IGN_GAZEBO_RESOURCE_PATH} /usr/bin/cmake --build /home/ross/DroneSim_ws/build/ros_gz_example_gazebo -- -j12 -l12
[0.454s] DEBUG:colcon.colcon_core.event_handler.log_command:Invoked command in '/home/ross/DroneSim_ws/build/ros_gz_example_gazebo' returned '0': CMAKE_PREFIX_PATH=/home/ross/DroneSim_ws/install/ros_gz_example_description:/home/ross/DroneSim_ws/install/ros_gz_example_bringup:/home/ross/DroneSim_ws/install/ros_gz_example_gazebo:/home/ross/DroneSim_ws/install/ros_gz_example_application:/home/ross/aerostack2_ws/install/aerostack2:/home/ross/aerostack2_ws/install/as2_usb_camera_interface:/home/ross/aerostack2_ws/install/as2_state_estimator:/home/ross/aerostack2_ws/install/as2_realsense_interface:/home/ross/aerostack2_ws/install/as2_platform_multirotor_simulator:/home/ross/aerostack2_ws/install/as2_platform_gazebo:/home/ross/aerostack2_ws/install/as2_motion_controller:/home/ross/aerostack2_ws/install/as2_behaviors_trajectory_generation:/home/ross/aerostack2_ws/install/as2_behaviors_motion:/home/ross/aerostack2_ws/install/as2_motion_reference_handlers:/home/ross/aerostack2_ws/install/as2_gazebo_assets:/home/ross/aerostack2_ws/install/as2_behaviors_platform:/home/ross/aerostack2_ws/install/as2_behaviors_perception:/home/ross/aerostack2_ws/install/as2_behavior_tree:/home/ross/aerostack2_ws/install/as2_behavior:/home/ross/aerostack2_ws/install/as2_alphanumeric_viewer:/home/ross/aerostack2_ws/install/as2_core:/home/ross/aerostack2_ws/install/as2_msgs:/home/ross/aerostack2_ws/install/as2_gazebo_classic_assets:/home/ross/aerostack2_ws/install/as2_cli:/home/ross/esl2024-main/install/my_robot_description:/home/ross/aerostack2_ws/install/as2_keyboard_teleoperation:/home/ross/aerostack2_ws/install/as2_python_api:/opt/ros/humble IGN_GAZEBO_RESOURCE_PATH=/home/ross/DroneSim_ws/install/ros_gz_example_description/share/ros_gz_example_description/models:${IGN_GAZEBO_RESOURCE_PATH} /usr/bin/cmake --build /home/ross/DroneSim_ws/build/ros_gz_example_gazebo -- -j12 -l12
[0.481s] DEBUG:colcon.colcon_core.event_handler.log_command:Invoking command in '/home/ross/DroneSim_ws/build/ros_gz_example_gazebo': CMAKE_PREFIX_PATH=/home/ross/DroneSim_ws/install/ros_gz_example_description:/home/ross/DroneSim_ws/install/ros_gz_example_bringup:/home/ross/DroneSim_ws/install/ros_gz_example_gazebo:/home/ross/DroneSim_ws/install/ros_gz_example_application:/home/ross/aerostack2_ws/install/aerostack2:/home/ross/aerostack2_ws/install/as2_usb_camera_interface:/home/ross/aerostack2_ws/install/as2_state_estimator:/home/ross/aerostack2_ws/install/as2_realsense_interface:/home/ross/aerostack2_ws/install/as2_platform_multirotor_simulator:/home/ross/aerostack2_ws/install/as2_platform_gazebo:/home/ross/aerostack2_ws/install/as2_motion_controller:/home/ross/aerostack2_ws/install/as2_behaviors_trajectory_generation:/home/ross/aerostack2_ws/install/as2_behaviors_motion:/home/ross/aerostack2_ws/install/as2_motion_reference_handlers:/home/ross/aerostack2_ws/install/as2_gazebo_assets:/home/ross/aerostack2_ws/install/as2_behaviors_platform:/home/ross/aerostack2_ws/install/as2_behaviors_perception:/home/ross/aerostack2_ws/install/as2_behavior_tree:/home/ross/aerostack2_ws/install/as2_behavior:/home/ross/aerostack2_ws/install/as2_alphanumeric_viewer:/home/ross/aerostack2_ws/install/as2_core:/home/ross/aerostack2_ws/install/as2_msgs:/home/ross/aerostack2_ws/install/as2_gazebo_classic_assets:/home/ross/aerostack2_ws/install/as2_cli:/home/ross/esl2024-main/install/my_robot_description:/home/ross/aerostack2_ws/install/as2_keyboard_teleoperation:/home/ross/aerostack2_ws/install/as2_python_api:/opt/ros/humble IGN_GAZEBO_RESOURCE_PATH=/home/ross/DroneSim_ws/install/ros_gz_example_description/share/ros_gz_example_description/models:${IGN_GAZEBO_RESOURCE_PATH} /usr/bin/cmake --install /home/ross/DroneSim_ws/build/ros_gz_example_gazebo
[0.489s] Level 1:colcon.colcon_core.environment:create_environment_scripts_only(ros_gz_example_gazebo)
[0.490s] Level 1:colcon.colcon_core.environment:checking '/home/ross/DroneSim_ws/install/ros_gz_example_gazebo' for CMake module files
[0.490s] DEBUG:colcon.colcon_core.event_handler.log_command:Invoked command in '/home/ross/DroneSim_ws/build/ros_gz_example_gazebo' returned '0': CMAKE_PREFIX_PATH=/home/ross/DroneSim_ws/install/ros_gz_example_description:/home/ross/DroneSim_ws/install/ros_gz_example_bringup:/home/ross/DroneSim_ws/install/ros_gz_example_gazebo:/home/ross/DroneSim_ws/install/ros_gz_example_application:/home/ross/aerostack2_ws/install/aerostack2:/home/ross/aerostack2_ws/install/as2_usb_camera_interface:/home/ross/aerostack2_ws/install/as2_state_estimator:/home/ross/aerostack2_ws/install/as2_realsense_interface:/home/ross/aerostack2_ws/install/as2_platform_multirotor_simulator:/home/ross/aerostack2_ws/install/as2_platform_gazebo:/home/ross/aerostack2_ws/install/as2_motion_controller:/home/ross/aerostack2_ws/install/as2_behaviors_trajectory_generation:/home/ross/aerostack2_ws/install/as2_behaviors_motion:/home/ross/aerostack2_ws/install/as2_motion_reference_handlers:/home/ross/aerostack2_ws/install/as2_gazebo_assets:/home/ross/aerostack2_ws/install/as2_behaviors_platform:/home/ross/aerostack2_ws/install/as2_behaviors_perception:/home/ross/aerostack2_ws/install/as2_behavior_tree:/home/ross/aerostack2_ws/install/as2_behavior:/home/ross/aerostack2_ws/install/as2_alphanumeric_viewer:/home/ross/aerostack2_ws/install/as2_core:/home/ross/aerostack2_ws/install/as2_msgs:/home/ross/aerostack2_ws/install/as2_gazebo_classic_assets:/home/ross/aerostack2_ws/install/as2_cli:/home/ross/esl2024-main/install/my_robot_description:/home/ross/aerostack2_ws/install/as2_keyboard_teleoperation:/home/ross/aerostack2_ws/install/as2_python_api:/opt/ros/humble IGN_GAZEBO_RESOURCE_PATH=/home/ross/DroneSim_ws/install/ros_gz_example_description/share/ros_gz_example_description/models:${IGN_GAZEBO_RESOURCE_PATH} /usr/bin/cmake --install /home/ross/DroneSim_ws/build/ros_gz_example_gazebo
[0.490s] Level 1:colcon.colcon_core.environment:checking '/home/ross/DroneSim_ws/install/ros_gz_example_gazebo' for CMake config files
[0.491s] Level 1:colcon.colcon_core.shell:create_environment_hook('ros_gz_example_gazebo', 'cmake_prefix_path')
[0.491s] INFO:colcon.colcon_core.shell:Creating environment hook '/home/ross/DroneSim_ws/install/ros_gz_example_gazebo/share/ros_gz_example_gazebo/hook/cmake_prefix_path.ps1'
[0.491s] INFO:colcon.colcon_core.shell:Creating environment descriptor '/home/ross/DroneSim_ws/install/ros_gz_example_gazebo/share/ros_gz_example_gazebo/hook/cmake_prefix_path.dsv'
[0.491s] INFO:colcon.colcon_core.shell:Creating environment hook '/home/ross/DroneSim_ws/install/ros_gz_example_gazebo/share/ros_gz_example_gazebo/hook/cmake_prefix_path.sh'
[0.492s] Level 1:colcon.colcon_core.environment:checking '/home/ross/DroneSim_ws/install/ros_gz_example_gazebo/lib'
[0.492s] Level 1:colcon.colcon_core.environment:checking '/home/ross/DroneSim_ws/install/ros_gz_example_gazebo/bin'
[0.492s] Level 1:colcon.colcon_core.environment:checking '/home/ross/DroneSim_ws/install/ros_gz_example_gazebo/lib/pkgconfig/ros_gz_example_gazebo.pc'
[0.492s] Level 1:colcon.colcon_core.environment:checking '/home/ross/DroneSim_ws/install/ros_gz_example_gazebo/lib/python3.10/site-packages'
[0.492s] Level 1:colcon.colcon_core.environment:checking '/home/ross/DroneSim_ws/install/ros_gz_example_gazebo/bin'
[0.493s] INFO:colcon.colcon_core.shell:Creating package script '/home/ross/DroneSim_ws/install/ros_gz_example_gazebo/share/ros_gz_example_gazebo/package.ps1'
[0.493s] INFO:colcon.colcon_core.shell:Creating package descriptor '/home/ross/DroneSim_ws/install/ros_gz_example_gazebo/share/ros_gz_example_gazebo/package.dsv'
[0.493s] INFO:colcon.colcon_core.shell:Creating package script '/home/ross/DroneSim_ws/install/ros_gz_example_gazebo/share/ros_gz_example_gazebo/package.sh'
[0.494s] INFO:colcon.colcon_core.shell:Creating package script '/home/ross/DroneSim_ws/install/ros_gz_example_gazebo/share/ros_gz_example_gazebo/package.bash'
[0.494s] INFO:colcon.colcon_core.shell:Creating package script '/home/ross/DroneSim_ws/install/ros_gz_example_gazebo/share/ros_gz_example_gazebo/package.zsh'
[0.494s] Level 1:colcon.colcon_core.environment:create_file_with_runtime_dependencies(/home/ross/DroneSim_ws/install/ros_gz_example_gazebo/share/colcon-core/packages/ros_gz_example_gazebo)
[0.520s] Level 1:colcon.colcon_core.environment:create_environment_scripts_only(ros_gz_example_gazebo)
[0.520s] Level 1:colcon.colcon_core.environment:checking '/home/ross/DroneSim_ws/install/ros_gz_example_gazebo' for CMake module files
[0.520s] Level 1:colcon.colcon_core.environment:checking '/home/ross/DroneSim_ws/install/ros_gz_example_gazebo' for CMake config files
[0.520s] Level 1:colcon.colcon_core.shell:create_environment_hook('ros_gz_example_gazebo', 'cmake_prefix_path')
[0.521s] INFO:colcon.colcon_core.shell:Creating environment hook '/home/ross/DroneSim_ws/install/ros_gz_example_gazebo/share/ros_gz_example_gazebo/hook/cmake_prefix_path.ps1'
[0.521s] INFO:colcon.colcon_core.shell:Creating environment descriptor '/home/ross/DroneSim_ws/install/ros_gz_example_gazebo/share/ros_gz_example_gazebo/hook/cmake_prefix_path.dsv'
[0.521s] INFO:colcon.colcon_core.shell:Creating environment hook '/home/ross/DroneSim_ws/install/ros_gz_example_gazebo/share/ros_gz_example_gazebo/hook/cmake_prefix_path.sh'
[0.522s] Level 1:colcon.colcon_core.environment:checking '/home/ross/DroneSim_ws/install/ros_gz_example_gazebo/lib'
[0.522s] Level 1:colcon.colcon_core.environment:checking '/home/ross/DroneSim_ws/install/ros_gz_example_gazebo/bin'
[0.522s] Level 1:colcon.colcon_core.environment:checking '/home/ross/DroneSim_ws/install/ros_gz_example_gazebo/lib/pkgconfig/ros_gz_example_gazebo.pc'
[0.522s] Level 1:colcon.colcon_core.environment:checking '/home/ross/DroneSim_ws/install/ros_gz_example_gazebo/lib/python3.10/site-packages'
[0.522s] Level 1:colcon.colcon_core.environment:checking '/home/ross/DroneSim_ws/install/ros_gz_example_gazebo/bin'
[0.522s] INFO:colcon.colcon_core.shell:Creating package script '/home/ross/DroneSim_ws/install/ros_gz_example_gazebo/share/ros_gz_example_gazebo/package.ps1'
[0.523s] INFO:colcon.colcon_core.shell:Creating package descriptor '/home/ross/DroneSim_ws/install/ros_gz_example_gazebo/share/ros_gz_example_gazebo/package.dsv'
[0.523s] INFO:colcon.colcon_core.shell:Creating package script '/home/ross/DroneSim_ws/install/ros_gz_example_gazebo/share/ros_gz_example_gazebo/package.sh'
[0.523s] INFO:colcon.colcon_core.shell:Creating package script '/home/ross/DroneSim_ws/install/ros_gz_example_gazebo/share/ros_gz_example_gazebo/package.bash'
[0.524s] INFO:colcon.colcon_core.shell:Creating package script '/home/ross/DroneSim_ws/install/ros_gz_example_gazebo/share/ros_gz_example_gazebo/package.zsh'
[0.524s] Level 1:colcon.colcon_core.environment:create_file_with_runtime_dependencies(/home/ross/DroneSim_ws/install/ros_gz_example_gazebo/share/colcon-core/packages/ros_gz_example_gazebo)
[0.524s] INFO:colcon.colcon_ros.task.ament_cmake.build:Building ROS package in '/home/ross/DroneSim_ws/src/ros_gz_project_template-fortress/ros_gz_example_bringup' with build type 'ament_cmake'
[0.524s] INFO:colcon.colcon_cmake.task.cmake.build:Building CMake package in '/home/ross/DroneSim_ws/src/ros_gz_project_template-fortress/ros_gz_example_bringup'
[0.525s] INFO:colcon.colcon_core.shell:Skip shell extension 'powershell' for command environment: Not usable outside of PowerShell
[0.525s] DEBUG:colcon.colcon_core.shell:Skip shell extension 'dsv' for command environment
[0.535s] DEBUG:colcon.colcon_core.event_handler.log_command:Invoking command in '/home/ross/DroneSim_ws/build/ros_gz_example_bringup': CMAKE_PREFIX_PATH=/home/ross/DroneSim_ws/install/ros_gz_example_gazebo:/home/ross/DroneSim_ws/install/ros_gz_example_description:/home/ross/DroneSim_ws/install/ros_gz_example_bringup:/home/ross/DroneSim_ws/install/ros_gz_example_application:/home/ross/aerostack2_ws/install/aerostack2:/home/ross/aerostack2_ws/install/as2_usb_camera_interface:/home/ross/aerostack2_ws/install/as2_state_estimator:/home/ross/aerostack2_ws/install/as2_realsense_interface:/home/ross/aerostack2_ws/install/as2_platform_multirotor_simulator:/home/ross/aerostack2_ws/install/as2_platform_gazebo:/home/ross/aerostack2_ws/install/as2_motion_controller:/home/ross/aerostack2_ws/install/as2_behaviors_trajectory_generation:/home/ross/aerostack2_ws/install/as2_behaviors_motion:/home/ross/aerostack2_ws/install/as2_motion_reference_handlers:/home/ross/aerostack2_ws/install/as2_gazebo_assets:/home/ross/aerostack2_ws/install/as2_behaviors_platform:/home/ross/aerostack2_ws/install/as2_behaviors_perception:/home/ross/aerostack2_ws/install/as2_behavior_tree:/home/ross/aerostack2_ws/install/as2_behavior:/home/ross/aerostack2_ws/install/as2_alphanumeric_viewer:/home/ross/aerostack2_ws/install/as2_core:/home/ross/aerostack2_ws/install/as2_msgs:/home/ross/aerostack2_ws/install/as2_gazebo_classic_assets:/home/ross/aerostack2_ws/install/as2_cli:/home/ross/esl2024-main/install/my_robot_description:/home/ross/aerostack2_ws/install/as2_keyboard_teleoperation:/home/ross/aerostack2_ws/install/as2_python_api:/opt/ros/humble IGN_GAZEBO_PLUGIN_PATH=/home/ross/DroneSim_ws/install/ros_gz_example_gazebo/lib/ros_gz_example_gazebo IGN_GAZEBO_RESOURCE_PATH=/home/ross/DroneSim_ws/install/ros_gz_example_description/share/ros_gz_example_description/models:${IGN_GAZEBO_RESOURCE_PATH} /usr/bin/cmake --build /home/ross/DroneSim_ws/build/ros_gz_example_bringup -- -j12 -l12
[0.569s] DEBUG:colcon.colcon_core.event_handler.log_command:Invoked command in '/home/ross/DroneSim_ws/build/ros_gz_example_bringup' returned '0': CMAKE_PREFIX_PATH=/home/ross/DroneSim_ws/install/ros_gz_example_gazebo:/home/ross/DroneSim_ws/install/ros_gz_example_description:/home/ross/DroneSim_ws/install/ros_gz_example_bringup:/home/ross/DroneSim_ws/install/ros_gz_example_application:/home/ross/aerostack2_ws/install/aerostack2:/home/ross/aerostack2_ws/install/as2_usb_camera_interface:/home/ross/aerostack2_ws/install/as2_state_estimator:/home/ross/aerostack2_ws/install/as2_realsense_interface:/home/ross/aerostack2_ws/install/as2_platform_multirotor_simulator:/home/ross/aerostack2_ws/install/as2_platform_gazebo:/home/ross/aerostack2_ws/install/as2_motion_controller:/home/ross/aerostack2_ws/install/as2_behaviors_trajectory_generation:/home/ross/aerostack2_ws/install/as2_behaviors_motion:/home/ross/aerostack2_ws/install/as2_motion_reference_handlers:/home/ross/aerostack2_ws/install/as2_gazebo_assets:/home/ross/aerostack2_ws/install/as2_behaviors_platform:/home/ross/aerostack2_ws/install/as2_behaviors_perception:/home/ross/aerostack2_ws/install/as2_behavior_tree:/home/ross/aerostack2_ws/install/as2_behavior:/home/ross/aerostack2_ws/install/as2_alphanumeric_viewer:/home/ross/aerostack2_ws/install/as2_core:/home/ross/aerostack2_ws/install/as2_msgs:/home/ross/aerostack2_ws/install/as2_gazebo_classic_assets:/home/ross/aerostack2_ws/install/as2_cli:/home/ross/esl2024-main/install/my_robot_description:/home/ross/aerostack2_ws/install/as2_keyboard_teleoperation:/home/ross/aerostack2_ws/install/as2_python_api:/opt/ros/humble IGN_GAZEBO_PLUGIN_PATH=/home/ross/DroneSim_ws/install/ros_gz_example_gazebo/lib/ros_gz_example_gazebo IGN_GAZEBO_RESOURCE_PATH=/home/ross/DroneSim_ws/install/ros_gz_example_description/share/ros_gz_example_description/models:${IGN_GAZEBO_RESOURCE_PATH} /usr/bin/cmake --build /home/ross/DroneSim_ws/build/ros_gz_example_bringup -- -j12 -l12
[0.589s] DEBUG:colcon.colcon_core.event_handler.log_command:Invoking command in '/home/ross/DroneSim_ws/build/ros_gz_example_bringup': CMAKE_PREFIX_PATH=/home/ross/DroneSim_ws/install/ros_gz_example_gazebo:/home/ross/DroneSim_ws/install/ros_gz_example_description:/home/ross/DroneSim_ws/install/ros_gz_example_bringup:/home/ross/DroneSim_ws/install/ros_gz_example_application:/home/ross/aerostack2_ws/install/aerostack2:/home/ross/aerostack2_ws/install/as2_usb_camera_interface:/home/ross/aerostack2_ws/install/as2_state_estimator:/home/ross/aerostack2_ws/install/as2_realsense_interface:/home/ross/aerostack2_ws/install/as2_platform_multirotor_simulator:/home/ross/aerostack2_ws/install/as2_platform_gazebo:/home/ross/aerostack2_ws/install/as2_motion_controller:/home/ross/aerostack2_ws/install/as2_behaviors_trajectory_generation:/home/ross/aerostack2_ws/install/as2_behaviors_motion:/home/ross/aerostack2_ws/install/as2_motion_reference_handlers:/home/ross/aerostack2_ws/install/as2_gazebo_assets:/home/ross/aerostack2_ws/install/as2_behaviors_platform:/home/ross/aerostack2_ws/install/as2_behaviors_perception:/home/ross/aerostack2_ws/install/as2_behavior_tree:/home/ross/aerostack2_ws/install/as2_behavior:/home/ross/aerostack2_ws/install/as2_alphanumeric_viewer:/home/ross/aerostack2_ws/install/as2_core:/home/ross/aerostack2_ws/install/as2_msgs:/home/ross/aerostack2_ws/install/as2_gazebo_classic_assets:/home/ross/aerostack2_ws/install/as2_cli:/home/ross/esl2024-main/install/my_robot_description:/home/ross/aerostack2_ws/install/as2_keyboard_teleoperation:/home/ross/aerostack2_ws/install/as2_python_api:/opt/ros/humble IGN_GAZEBO_PLUGIN_PATH=/home/ross/DroneSim_ws/install/ros_gz_example_gazebo/lib/ros_gz_example_gazebo IGN_GAZEBO_RESOURCE_PATH=/home/ross/DroneSim_ws/install/ros_gz_example_description/share/ros_gz_example_description/models:${IGN_GAZEBO_RESOURCE_PATH} /usr/bin/cmake --install /home/ross/DroneSim_ws/build/ros_gz_example_bringup
[0.597s] Level 1:colcon.colcon_core.environment:create_environment_scripts_only(ros_gz_example_bringup)
[0.597s] Level 1:colcon.colcon_core.environment:checking '/home/ross/DroneSim_ws/install/ros_gz_example_bringup' for CMake module files
[0.598s] DEBUG:colcon.colcon_core.event_handler.log_command:Invoked command in '/home/ross/DroneSim_ws/build/ros_gz_example_bringup' returned '0': CMAKE_PREFIX_PATH=/home/ross/DroneSim_ws/install/ros_gz_example_gazebo:/home/ross/DroneSim_ws/install/ros_gz_example_description:/home/ross/DroneSim_ws/install/ros_gz_example_bringup:/home/ross/DroneSim_ws/install/ros_gz_example_application:/home/ross/aerostack2_ws/install/aerostack2:/home/ross/aerostack2_ws/install/as2_usb_camera_interface:/home/ross/aerostack2_ws/install/as2_state_estimator:/home/ross/aerostack2_ws/install/as2_realsense_interface:/home/ross/aerostack2_ws/install/as2_platform_multirotor_simulator:/home/ross/aerostack2_ws/install/as2_platform_gazebo:/home/ross/aerostack2_ws/install/as2_motion_controller:/home/ross/aerostack2_ws/install/as2_behaviors_trajectory_generation:/home/ross/aerostack2_ws/install/as2_behaviors_motion:/home/ross/aerostack2_ws/install/as2_motion_reference_handlers:/home/ross/aerostack2_ws/install/as2_gazebo_assets:/home/ross/aerostack2_ws/install/as2_behaviors_platform:/home/ross/aerostack2_ws/install/as2_behaviors_perception:/home/ross/aerostack2_ws/install/as2_behavior_tree:/home/ross/aerostack2_ws/install/as2_behavior:/home/ross/aerostack2_ws/install/as2_alphanumeric_viewer:/home/ross/aerostack2_ws/install/as2_core:/home/ross/aerostack2_ws/install/as2_msgs:/home/ross/aerostack2_ws/install/as2_gazebo_classic_assets:/home/ross/aerostack2_ws/install/as2_cli:/home/ross/esl2024-main/install/my_robot_description:/home/ross/aerostack2_ws/install/as2_keyboard_teleoperation:/home/ross/aerostack2_ws/install/as2_python_api:/opt/ros/humble IGN_GAZEBO_PLUGIN_PATH=/home/ross/DroneSim_ws/install/ros_gz_example_gazebo/lib/ros_gz_example_gazebo IGN_GAZEBO_RESOURCE_PATH=/home/ross/DroneSim_ws/install/ros_gz_example_description/share/ros_gz_example_description/models:${IGN_GAZEBO_RESOURCE_PATH} /usr/bin/cmake --install /home/ross/DroneSim_ws/build/ros_gz_example_bringup
[0.599s] Level 1:colcon.colcon_core.environment:checking '/home/ross/DroneSim_ws/install/ros_gz_example_bringup' for CMake config files
[0.599s] Level 1:colcon.colcon_core.shell:create_environment_hook('ros_gz_example_bringup', 'cmake_prefix_path')
[0.599s] INFO:colcon.colcon_core.shell:Creating environment hook '/home/ross/DroneSim_ws/install/ros_gz_example_bringup/share/ros_gz_example_bringup/hook/cmake_prefix_path.ps1'
[0.599s] INFO:colcon.colcon_core.shell:Creating environment descriptor '/home/ross/DroneSim_ws/install/ros_gz_example_bringup/share/ros_gz_example_bringup/hook/cmake_prefix_path.dsv'
[0.599s] INFO:colcon.colcon_core.shell:Creating environment hook '/home/ross/DroneSim_ws/install/ros_gz_example_bringup/share/ros_gz_example_bringup/hook/cmake_prefix_path.sh'
[0.600s] Level 1:colcon.colcon_core.environment:checking '/home/ross/DroneSim_ws/install/ros_gz_example_bringup/bin'
[0.600s] Level 1:colcon.colcon_core.environment:checking '/home/ross/DroneSim_ws/install/ros_gz_example_bringup/lib/pkgconfig/ros_gz_example_bringup.pc'
[0.600s] Level 1:colcon.colcon_core.environment:checking '/home/ross/DroneSim_ws/install/ros_gz_example_bringup/lib/python3.10/site-packages'
[0.600s] Level 1:colcon.colcon_core.environment:checking '/home/ross/DroneSim_ws/install/ros_gz_example_bringup/bin'
[0.601s] INFO:colcon.colcon_core.shell:Creating package script '/home/ross/DroneSim_ws/install/ros_gz_example_bringup/share/ros_gz_example_bringup/package.ps1'
[0.601s] INFO:colcon.colcon_core.shell:Creating package descriptor '/home/ross/DroneSim_ws/install/ros_gz_example_bringup/share/ros_gz_example_bringup/package.dsv'
[0.601s] INFO:colcon.colcon_core.shell:Creating package script '/home/ross/DroneSim_ws/install/ros_gz_example_bringup/share/ros_gz_example_bringup/package.sh'
[0.601s] INFO:colcon.colcon_core.shell:Creating package script '/home/ross/DroneSim_ws/install/ros_gz_example_bringup/share/ros_gz_example_bringup/package.bash'
[0.602s] INFO:colcon.colcon_core.shell:Creating package script '/home/ross/DroneSim_ws/install/ros_gz_example_bringup/share/ros_gz_example_bringup/package.zsh'
[0.602s] Level 1:colcon.colcon_core.environment:create_file_with_runtime_dependencies(/home/ross/DroneSim_ws/install/ros_gz_example_bringup/share/colcon-core/packages/ros_gz_example_bringup)
[0.621s] Level 1:colcon.colcon_core.environment:create_environment_scripts_only(ros_gz_example_bringup)
[0.621s] Level 1:colcon.colcon_core.environment:checking '/home/ross/DroneSim_ws/install/ros_gz_example_bringup' for CMake module files
[0.622s] Level 1:colcon.colcon_core.environment:checking '/home/ross/DroneSim_ws/install/ros_gz_example_bringup' for CMake config files
[0.622s] Level 1:colcon.colcon_core.shell:create_environment_hook('ros_gz_example_bringup', 'cmake_prefix_path')
[0.622s] INFO:colcon.colcon_core.shell:Creating environment hook '/home/ross/DroneSim_ws/install/ros_gz_example_bringup/share/ros_gz_example_bringup/hook/cmake_prefix_path.ps1'
[0.622s] INFO:colcon.colcon_core.shell:Creating environment descriptor '/home/ross/DroneSim_ws/install/ros_gz_example_bringup/share/ros_gz_example_bringup/hook/cmake_prefix_path.dsv'
[0.623s] INFO:colcon.colcon_core.shell:Creating environment hook '/home/ross/DroneSim_ws/install/ros_gz_example_bringup/share/ros_gz_example_bringup/hook/cmake_prefix_path.sh'
[0.623s] Level 1:colcon.colcon_core.environment:checking '/home/ross/DroneSim_ws/install/ros_gz_example_bringup/bin'
[0.623s] Level 1:colcon.colcon_core.environment:checking '/home/ross/DroneSim_ws/install/ros_gz_example_bringup/lib/pkgconfig/ros_gz_example_bringup.pc'
[0.623s] Level 1:colcon.colcon_core.environment:checking '/home/ross/DroneSim_ws/install/ros_gz_example_bringup/lib/python3.10/site-packages'
[0.624s] Level 1:colcon.colcon_core.environment:checking '/home/ross/DroneSim_ws/install/ros_gz_example_bringup/bin'
[0.624s] INFO:colcon.colcon_core.shell:Creating package script '/home/ross/DroneSim_ws/install/ros_gz_example_bringup/share/ros_gz_example_bringup/package.ps1'
[0.624s] INFO:colcon.colcon_core.shell:Creating package descriptor '/home/ross/DroneSim_ws/install/ros_gz_example_bringup/share/ros_gz_example_bringup/package.dsv'
[0.624s] INFO:colcon.colcon_core.shell:Creating package script '/home/ross/DroneSim_ws/install/ros_gz_example_bringup/share/ros_gz_example_bringup/package.sh'
[0.625s] INFO:colcon.colcon_core.shell:Creating package script '/home/ross/DroneSim_ws/install/ros_gz_example_bringup/share/ros_gz_example_bringup/package.bash'
[0.625s] INFO:colcon.colcon_core.shell:Creating package script '/home/ross/DroneSim_ws/install/ros_gz_example_bringup/share/ros_gz_example_bringup/package.zsh'
[0.625s] Level 1:colcon.colcon_core.environment:create_file_with_runtime_dependencies(/home/ross/DroneSim_ws/install/ros_gz_example_bringup/share/colcon-core/packages/ros_gz_example_bringup)
[0.626s] DEBUG:colcon.colcon_parallel_executor.executor.parallel:closing loop
[0.626s] DEBUG:colcon.colcon_parallel_executor.executor.parallel:loop closed
[0.626s] DEBUG:colcon.colcon_parallel_executor.executor.parallel:run_until_complete finished with '0'
[0.626s] DEBUG:colcon.colcon_core.event_reactor:joining thread
[0.632s] INFO:colcon.colcon_core.plugin_system:Skipping extension 'colcon_notification.desktop_notification.terminal_notifier': Not used on non-Darwin systems
[0.632s] INFO:colcon.colcon_core.plugin_system:Skipping extension 'colcon_notification.desktop_notification.win32': Not used on non-Windows systems
[0.632s] INFO:colcon.colcon_notification.desktop_notification:Sending desktop notification using 'notify2'
[0.643s] DEBUG:colcon.colcon_core.event_reactor:joined thread
[0.643s] INFO:colcon.colcon_core.shell:Creating prefix script '/home/ross/DroneSim_ws/install/local_setup.ps1'
[0.644s] INFO:colcon.colcon_core.shell:Creating prefix util module '/home/ross/DroneSim_ws/install/_local_setup_util_ps1.py'
[0.646s] INFO:colcon.colcon_core.shell:Creating prefix chain script '/home/ross/DroneSim_ws/install/setup.ps1'
[0.648s] INFO:colcon.colcon_core.shell:Creating prefix script '/home/ross/DroneSim_ws/install/local_setup.sh'
[0.650s] INFO:colcon.colcon_core.shell:Creating prefix util module '/home/ross/DroneSim_ws/install/_local_setup_util_sh.py'
[0.650s] INFO:colcon.colcon_core.shell:Creating prefix chain script '/home/ross/DroneSim_ws/install/setup.sh'
[0.652s] INFO:colcon.colcon_core.shell:Creating prefix script '/home/ross/DroneSim_ws/install/local_setup.bash'
[0.653s] INFO:colcon.colcon_core.shell:Creating prefix chain script '/home/ross/DroneSim_ws/install/setup.bash'
[0.655s] INFO:colcon.colcon_core.shell:Creating prefix script '/home/ross/DroneSim_ws/install/local_setup.zsh'
[0.656s] INFO:colcon.colcon_core.shell:Creating prefix chain script '/home/ross/DroneSim_ws/install/setup.zsh'
