[0.137s] DEBUG:colcon:Command line arguments: ['/usr/bin/colcon', 'build', '--cmake-args', '-DBUILD_TESTING=ON']
[0.137s] DEBUG:colcon:Parsed command line arguments: Namespace(log_base=None, log_level=None, verb_name='build', build_base='build', install_base='install', merge_install=False, symlink_install=False, test_result_base=None, continue_on_error=False, executor='parallel', parallel_workers=12, event_handlers=None, ignore_user_meta=False, metas=['./colcon.meta'], base_paths=['.'], packages_ignore=None, packages_ignore_regex=None, paths=None, packages_up_to=None, packages_up_to_regex=None, packages_above=None, packages_above_and_dependencies=None, packages_above_depth=None, packages_select_by_dep=None, packages_skip_by_dep=None, packages_skip_up_to=None, packages_select_build_failed=False, packages_skip_build_finished=False, packages_select_test_failures=False, packages_skip_test_passed=False, packages_select=None, packages_skip=None, packages_select_regex=None, packages_skip_regex=None, packages_start=None, packages_end=None, allow_overriding=[], cmake_args=['-DBUILD_TESTING=ON'], cmake_target=None, cmake_target_skip_unavailable=False, cmake_clean_cache=False, cmake_clean_first=False, cmake_force_configure=False, ament_cmake_args=None, catkin_cmake_args=None, catkin_skip_building_tests=False, verb_parser=<colcon_defaults.argument_parser.defaults.DefaultArgumentsDecorator object at 0x7b2365d32a70>, verb_extension=<colcon_core.verb.build.BuildVerb object at 0x7b2365d32620>, main=<bound method BuildVerb.main of <colcon_core.verb.build.BuildVerb object at 0x7b2365d32620>>)
[0.168s] Level 1:colcon.colcon_core.package_discovery:discover_packages(colcon_meta) check parameters
[0.168s] Level 1:colcon.colcon_core.package_discovery:discover_packages(recursive) check parameters
[0.168s] Level 1:colcon.colcon_core.package_discovery:discover_packages(ignore) check parameters
[0.168s] Level 1:colcon.colcon_core.package_discovery:discover_packages(path) check parameters
[0.168s] Level 1:colcon.colcon_core.package_discovery:discover_packages(colcon_meta) discover
[0.168s] Level 1:colcon.colcon_core.package_discovery:discover_packages(recursive) discover
[0.168s] INFO:colcon.colcon_core.package_discovery:Crawling recursively for packages in '/home/ross/DroneSim_ws'
[0.168s] Level 1:colcon.colcon_core.package_identification:_identify(.) by extensions ['ignore', 'ignore_ament_install']
[0.168s] Level 1:colcon.colcon_core.package_identification:_identify(.) by extension 'ignore'
[0.168s] Level 1:colcon.colcon_core.package_identification:_identify(.) by extension 'ignore_ament_install'
[0.168s] Level 1:colcon.colcon_core.package_identification:_identify(.) by extensions ['colcon_pkg']
[0.168s] Level 1:colcon.colcon_core.package_identification:_identify(.) by extension 'colcon_pkg'
[0.168s] Level 1:colcon.colcon_core.package_identification:_identify(.) by extensions ['colcon_meta']
[0.168s] Level 1:colcon.colcon_core.package_identification:_identify(.) by extension 'colcon_meta'
[0.168s] Level 1:colcon.colcon_core.package_identification:_identify(.) by extensions ['ros']
[0.169s] Level 1:colcon.colcon_core.package_identification:_identify(.) by extension 'ros'
[0.180s] Level 1:colcon.colcon_core.package_identification:_identify(.) by extensions ['cmake', 'python']
[0.180s] Level 1:colcon.colcon_core.package_identification:_identify(.) by extension 'cmake'
[0.180s] Level 1:colcon.colcon_core.package_identification:_identify(.) by extension 'python'
[0.180s] Level 1:colcon.colcon_core.package_identification:_identify(.) by extensions ['python_setup_py']
[0.180s] Level 1:colcon.colcon_core.package_identification:_identify(.) by extension 'python_setup_py'
[0.180s] Level 1:colcon.colcon_core.package_identification:_identify(build) by extensions ['ignore', 'ignore_ament_install']
[0.181s] Level 1:colcon.colcon_core.package_identification:_identify(build) by extension 'ignore'
[0.181s] Level 1:colcon.colcon_core.package_identification:_identify(build) ignored
[0.181s] Level 1:colcon.colcon_core.package_identification:_identify(install) by extensions ['ignore', 'ignore_ament_install']
[0.181s] Level 1:colcon.colcon_core.package_identification:_identify(install) by extension 'ignore'
[0.181s] Level 1:colcon.colcon_core.package_identification:_identify(install) ignored
[0.181s] Level 1:colcon.colcon_core.package_identification:_identify(log) by extensions ['ignore', 'ignore_ament_install']
[0.181s] Level 1:colcon.colcon_core.package_identification:_identify(log) by extension 'ignore'
[0.181s] Level 1:colcon.colcon_core.package_identification:_identify(log) ignored
[0.181s] Level 1:colcon.colcon_core.package_identification:_identify(src) by extensions ['ignore', 'ignore_ament_install']
[0.181s] Level 1:colcon.colcon_core.package_identification:_identify(src) by extension 'ignore'
[0.181s] Level 1:colcon.colcon_core.package_identification:_identify(src) by extension 'ignore_ament_install'
[0.182s] Level 1:colcon.colcon_core.package_identification:_identify(src) by extensions ['colcon_pkg']
[0.182s] Level 1:colcon.colcon_core.package_identification:_identify(src) by extension 'colcon_pkg'
[0.182s] Level 1:colcon.colcon_core.package_identification:_identify(src) by extensions ['colcon_meta']
[0.182s] Level 1:colcon.colcon_core.package_identification:_identify(src) by extension 'colcon_meta'
[0.182s] Level 1:colcon.colcon_core.package_identification:_identify(src) by extensions ['ros']
[0.182s] Level 1:colcon.colcon_core.package_identification:_identify(src) by extension 'ros'
[0.182s] Level 1:colcon.colcon_core.package_identification:_identify(src) by extensions ['cmake', 'python']
[0.182s] Level 1:colcon.colcon_core.package_identification:_identify(src) by extension 'cmake'
[0.182s] Level 1:colcon.colcon_core.package_identification:_identify(src) by extension 'python'
[0.182s] Level 1:colcon.colcon_core.package_identification:_identify(src) by extensions ['python_setup_py']
[0.182s] Level 1:colcon.colcon_core.package_identification:_identify(src) by extension 'python_setup_py'
[0.182s] Level 1:colcon.colcon_core.package_identification:_identify(src/ros_gz_project_template-fortress) by extensions ['ignore', 'ignore_ament_install']
[0.182s] Level 1:colcon.colcon_core.package_identification:_identify(src/ros_gz_project_template-fortress) by extension 'ignore'
[0.182s] Level 1:colcon.colcon_core.package_identification:_identify(src/ros_gz_project_template-fortress) by extension 'ignore_ament_install'
[0.182s] Level 1:colcon.colcon_core.package_identification:_identify(src/ros_gz_project_template-fortress) by extensions ['colcon_pkg']
[0.182s] Level 1:colcon.colcon_core.package_identification:_identify(src/ros_gz_project_template-fortress) by extension 'colcon_pkg'
[0.183s] Level 1:colcon.colcon_core.package_identification:_identify(src/ros_gz_project_template-fortress) by extensions ['colcon_meta']
[0.183s] Level 1:colcon.colcon_core.package_identification:_identify(src/ros_gz_project_template-fortress) by extension 'colcon_meta'
[0.183s] Level 1:colcon.colcon_core.package_identification:_identify(src/ros_gz_project_template-fortress) by extensions ['ros']
[0.183s] Level 1:colcon.colcon_core.package_identification:_identify(src/ros_gz_project_template-fortress) by extension 'ros'
[0.183s] Level 1:colcon.colcon_core.package_identification:_identify(src/ros_gz_project_template-fortress) by extensions ['cmake', 'python']
[0.183s] Level 1:colcon.colcon_core.package_identification:_identify(src/ros_gz_project_template-fortress) by extension 'cmake'
[0.183s] Level 1:colcon.colcon_core.package_identification:_identify(src/ros_gz_project_template-fortress) by extension 'python'
[0.183s] Level 1:colcon.colcon_core.package_identification:_identify(src/ros_gz_project_template-fortress) by extensions ['python_setup_py']
[0.183s] Level 1:colcon.colcon_core.package_identification:_identify(src/ros_gz_project_template-fortress) by extension 'python_setup_py'
[0.183s] Level 1:colcon.colcon_core.package_identification:_identify(src/ros_gz_project_template-fortress/ros_gz_example_application) by extensions ['ignore', 'ignore_ament_install']
[0.183s] Level 1:colcon.colcon_core.package_identification:_identify(src/ros_gz_project_template-fortress/ros_gz_example_application) by extension 'ignore'
[0.183s] Level 1:colcon.colcon_core.package_identification:_identify(src/ros_gz_project_template-fortress/ros_gz_example_application) by extension 'ignore_ament_install'
[0.183s] Level 1:colcon.colcon_core.package_identification:_identify(src/ros_gz_project_template-fortress/ros_gz_example_application) by extensions ['colcon_pkg']
[0.183s] Level 1:colcon.colcon_core.package_identification:_identify(src/ros_gz_project_template-fortress/ros_gz_example_application) by extension 'colcon_pkg'
[0.183s] Level 1:colcon.colcon_core.package_identification:_identify(src/ros_gz_project_template-fortress/ros_gz_example_application) by extensions ['colcon_meta']
[0.183s] Level 1:colcon.colcon_core.package_identification:_identify(src/ros_gz_project_template-fortress/ros_gz_example_application) by extension 'colcon_meta'
[0.184s] Level 1:colcon.colcon_core.package_identification:_identify(src/ros_gz_project_template-fortress/ros_gz_example_application) by extensions ['ros']
[0.184s] Level 1:colcon.colcon_core.package_identification:_identify(src/ros_gz_project_template-fortress/ros_gz_example_application) by extension 'ros'
[0.186s] DEBUG:colcon.colcon_core.package_identification:Package 'src/ros_gz_project_template-fortress/ros_gz_example_application' with type 'ros.ament_cmake' and name 'ros_gz_example_application'
[0.186s] Level 1:colcon.colcon_core.package_identification:_identify(src/ros_gz_project_template-fortress/ros_gz_example_bringup) by extensions ['ignore', 'ignore_ament_install']
[0.186s] Level 1:colcon.colcon_core.package_identification:_identify(src/ros_gz_project_template-fortress/ros_gz_example_bringup) by extension 'ignore'
[0.186s] Level 1:colcon.colcon_core.package_identification:_identify(src/ros_gz_project_template-fortress/ros_gz_example_bringup) by extension 'ignore_ament_install'
[0.187s] Level 1:colcon.colcon_core.package_identification:_identify(src/ros_gz_project_template-fortress/ros_gz_example_bringup) by extensions ['colcon_pkg']
[0.187s] Level 1:colcon.colcon_core.package_identification:_identify(src/ros_gz_project_template-fortress/ros_gz_example_bringup) by extension 'colcon_pkg'
[0.187s] Level 1:colcon.colcon_core.package_identification:_identify(src/ros_gz_project_template-fortress/ros_gz_example_bringup) by extensions ['colcon_meta']
[0.187s] Level 1:colcon.colcon_core.package_identification:_identify(src/ros_gz_project_template-fortress/ros_gz_example_bringup) by extension 'colcon_meta'
[0.187s] Level 1:colcon.colcon_core.package_identification:_identify(src/ros_gz_project_template-fortress/ros_gz_example_bringup) by extensions ['ros']
[0.187s] Level 1:colcon.colcon_core.package_identification:_identify(src/ros_gz_project_template-fortress/ros_gz_example_bringup) by extension 'ros'
[0.188s] DEBUG:colcon.colcon_core.package_identification:Package 'src/ros_gz_project_template-fortress/ros_gz_example_bringup' with type 'ros.ament_cmake' and name 'ros_gz_example_bringup'
[0.188s] Level 1:colcon.colcon_core.package_identification:_identify(src/ros_gz_project_template-fortress/ros_gz_example_description) by extensions ['ignore', 'ignore_ament_install']
[0.188s] Level 1:colcon.colcon_core.package_identification:_identify(src/ros_gz_project_template-fortress/ros_gz_example_description) by extension 'ignore'
[0.188s] Level 1:colcon.colcon_core.package_identification:_identify(src/ros_gz_project_template-fortress/ros_gz_example_description) by extension 'ignore_ament_install'
[0.188s] Level 1:colcon.colcon_core.package_identification:_identify(src/ros_gz_project_template-fortress/ros_gz_example_description) by extensions ['colcon_pkg']
[0.188s] Level 1:colcon.colcon_core.package_identification:_identify(src/ros_gz_project_template-fortress/ros_gz_example_description) by extension 'colcon_pkg'
[0.188s] Level 1:colcon.colcon_core.package_identification:_identify(src/ros_gz_project_template-fortress/ros_gz_example_description) by extensions ['colcon_meta']
[0.188s] Level 1:colcon.colcon_core.package_identification:_identify(src/ros_gz_project_template-fortress/ros_gz_example_description) by extension 'colcon_meta'
[0.188s] Level 1:colcon.colcon_core.package_identification:_identify(src/ros_gz_project_template-fortress/ros_gz_example_description) by extensions ['ros']
[0.188s] Level 1:colcon.colcon_core.package_identification:_identify(src/ros_gz_project_template-fortress/ros_gz_example_description) by extension 'ros'
[0.189s] DEBUG:colcon.colcon_core.package_identification:Package 'src/ros_gz_project_template-fortress/ros_gz_example_description' with type 'ros.ament_cmake' and name 'ros_gz_example_description'
[0.189s] Level 1:colcon.colcon_core.package_identification:_identify(src/ros_gz_project_template-fortress/ros_gz_example_gazebo) by extensions ['ignore', 'ignore_ament_install']
[0.189s] Level 1:colcon.colcon_core.package_identification:_identify(src/ros_gz_project_template-fortress/ros_gz_example_gazebo) by extension 'ignore'
[0.189s] Level 1:colcon.colcon_core.package_identification:_identify(src/ros_gz_project_template-fortress/ros_gz_example_gazebo) by extension 'ignore_ament_install'
[0.189s] Level 1:colcon.colcon_core.package_identification:_identify(src/ros_gz_project_template-fortress/ros_gz_example_gazebo) by extensions ['colcon_pkg']
[0.189s] Level 1:colcon.colcon_core.package_identification:_identify(src/ros_gz_project_template-fortress/ros_gz_example_gazebo) by extension 'colcon_pkg'
[0.189s] Level 1:colcon.colcon_core.package_identification:_identify(src/ros_gz_project_template-fortress/ros_gz_example_gazebo) by extensions ['colcon_meta']
[0.189s] Level 1:colcon.colcon_core.package_identification:_identify(src/ros_gz_project_template-fortress/ros_gz_example_gazebo) by extension 'colcon_meta'
[0.189s] Level 1:colcon.colcon_core.package_identification:_identify(src/ros_gz_project_template-fortress/ros_gz_example_gazebo) by extensions ['ros']
[0.189s] Level 1:colcon.colcon_core.package_identification:_identify(src/ros_gz_project_template-fortress/ros_gz_example_gazebo) by extension 'ros'
[0.190s] DEBUG:colcon.colcon_core.package_identification:Package 'src/ros_gz_project_template-fortress/ros_gz_example_gazebo' with type 'ros.ament_cmake' and name 'ros_gz_example_gazebo'
[0.190s] Level 1:colcon.colcon_core.package_discovery:discover_packages(recursive) using defaults
[0.190s] Level 1:colcon.colcon_core.package_discovery:discover_packages(ignore) discover
[0.190s] Level 1:colcon.colcon_core.package_discovery:discover_packages(ignore) using defaults
[0.190s] Level 1:colcon.colcon_core.package_discovery:discover_packages(path) discover
[0.190s] Level 1:colcon.colcon_core.package_discovery:discover_packages(path) using defaults
[0.210s] Level 1:colcon.colcon_core.package_discovery:discover_packages(prefix_path) check parameters
[0.210s] Level 1:colcon.colcon_core.package_discovery:discover_packages(prefix_path) discover
[0.213s] DEBUG:colcon.colcon_installed_package_information.package_discovery:Found 4 installed packages in /home/ross/DroneSim_ws/install
[0.214s] DEBUG:colcon.colcon_installed_package_information.package_discovery:Found 22 installed packages in /home/ross/aerostack2_ws/install
[0.215s] DEBUG:colcon.colcon_installed_package_information.package_discovery:Found 1 installed packages in /home/ross/esl2024-main/install
[0.216s] DEBUG:colcon.colcon_installed_package_information.package_discovery:Found 352 installed packages in /opt/ros/humble
[0.219s] Level 1:colcon.colcon_core.package_discovery:discover_packages(prefix_path) using defaults
[0.260s] Level 5:colcon.colcon_core.verb:set package 'ros_gz_example_application' build argument 'cmake_args' from command line to '['-DBUILD_TESTING=ON']'
[0.260s] Level 5:colcon.colcon_core.verb:set package 'ros_gz_example_application' build argument 'cmake_target' from command line to 'None'
[0.260s] Level 5:colcon.colcon_core.verb:set package 'ros_gz_example_application' build argument 'cmake_target_skip_unavailable' from command line to 'False'
[0.260s] Level 5:colcon.colcon_core.verb:set package 'ros_gz_example_application' build argument 'cmake_clean_cache' from command line to 'False'
[0.260s] Level 5:colcon.colcon_core.verb:set package 'ros_gz_example_application' build argument 'cmake_clean_first' from command line to 'False'
[0.260s] Level 5:colcon.colcon_core.verb:set package 'ros_gz_example_application' build argument 'cmake_force_configure' from command line to 'False'
[0.260s] Level 5:colcon.colcon_core.verb:set package 'ros_gz_example_application' build argument 'ament_cmake_args' from command line to 'None'
[0.260s] Level 5:colcon.colcon_core.verb:set package 'ros_gz_example_application' build argument 'catkin_cmake_args' from command line to 'None'
[0.260s] Level 5:colcon.colcon_core.verb:set package 'ros_gz_example_application' build argument 'catkin_skip_building_tests' from command line to 'False'
[0.260s] DEBUG:colcon.colcon_core.verb:Building package 'ros_gz_example_application' with the following arguments: {'ament_cmake_args': None, 'build_base': '/home/ross/DroneSim_ws/build/ros_gz_example_application', 'catkin_cmake_args': None, 'catkin_skip_building_tests': False, 'cmake_args': ['-DBUILD_TESTING=ON'], 'cmake_clean_cache': False, 'cmake_clean_first': False, 'cmake_force_configure': False, 'cmake_target': None, 'cmake_target_skip_unavailable': False, 'install_base': '/home/ross/DroneSim_ws/install/ros_gz_example_application', 'merge_install': False, 'path': '/home/ross/DroneSim_ws/src/ros_gz_project_template-fortress/ros_gz_example_application', 'symlink_install': False, 'test_result_base': None}
[0.261s] Level 5:colcon.colcon_core.verb:set package 'ros_gz_example_description' build argument 'cmake_args' from command line to '['-DBUILD_TESTING=ON']'
[0.261s] Level 5:colcon.colcon_core.verb:set package 'ros_gz_example_description' build argument 'cmake_target' from command line to 'None'
[0.261s] Level 5:colcon.colcon_core.verb:set package 'ros_gz_example_description' build argument 'cmake_target_skip_unavailable' from command line to 'False'
[0.261s] Level 5:colcon.colcon_core.verb:set package 'ros_gz_example_description' build argument 'cmake_clean_cache' from command line to 'False'
[0.261s] Level 5:colcon.colcon_core.verb:set package 'ros_gz_example_description' build argument 'cmake_clean_first' from command line to 'False'
[0.261s] Level 5:colcon.colcon_core.verb:set package 'ros_gz_example_description' build argument 'cmake_force_configure' from command line to 'False'
[0.261s] Level 5:colcon.colcon_core.verb:set package 'ros_gz_example_description' build argument 'ament_cmake_args' from command line to 'None'
[0.261s] Level 5:colcon.colcon_core.verb:set package 'ros_gz_example_description' build argument 'catkin_cmake_args' from command line to 'None'
[0.261s] Level 5:colcon.colcon_core.verb:set package 'ros_gz_example_description' build argument 'catkin_skip_building_tests' from command line to 'False'
[0.261s] DEBUG:colcon.colcon_core.verb:Building package 'ros_gz_example_description' with the following arguments: {'ament_cmake_args': None, 'build_base': '/home/ross/DroneSim_ws/build/ros_gz_example_description', 'catkin_cmake_args': None, 'catkin_skip_building_tests': False, 'cmake_args': ['-DBUILD_TESTING=ON'], 'cmake_clean_cache': False, 'cmake_clean_first': False, 'cmake_force_configure': False, 'cmake_target': None, 'cmake_target_skip_unavailable': False, 'install_base': '/home/ross/DroneSim_ws/install/ros_gz_example_description', 'merge_install': False, 'path': '/home/ross/DroneSim_ws/src/ros_gz_project_template-fortress/ros_gz_example_description', 'symlink_install': False, 'test_result_base': None}
[0.262s] Level 5:colcon.colcon_core.verb:set package 'ros_gz_example_gazebo' build argument 'cmake_args' from command line to '['-DBUILD_TESTING=ON']'
[0.262s] Level 5:colcon.colcon_core.verb:set package 'ros_gz_example_gazebo' build argument 'cmake_target' from command line to 'None'
[0.262s] Level 5:colcon.colcon_core.verb:set package 'ros_gz_example_gazebo' build argument 'cmake_target_skip_unavailable' from command line to 'False'
[0.262s] Level 5:colcon.colcon_core.verb:set package 'ros_gz_example_gazebo' build argument 'cmake_clean_cache' from command line to 'False'
[0.262s] Level 5:colcon.colcon_core.verb:set package 'ros_gz_example_gazebo' build argument 'cmake_clean_first' from command line to 'False'
[0.262s] Level 5:colcon.colcon_core.verb:set package 'ros_gz_example_gazebo' build argument 'cmake_force_configure' from command line to 'False'
[0.262s] Level 5:colcon.colcon_core.verb:set package 'ros_gz_example_gazebo' build argument 'ament_cmake_args' from command line to 'None'
[0.262s] Level 5:colcon.colcon_core.verb:set package 'ros_gz_example_gazebo' build argument 'catkin_cmake_args' from command line to 'None'
[0.262s] Level 5:colcon.colcon_core.verb:set package 'ros_gz_example_gazebo' build argument 'catkin_skip_building_tests' from command line to 'False'
[0.262s] DEBUG:colcon.colcon_core.verb:Building package 'ros_gz_example_gazebo' with the following arguments: {'ament_cmake_args': None, 'build_base': '/home/ross/DroneSim_ws/build/ros_gz_example_gazebo', 'catkin_cmake_args': None, 'catkin_skip_building_tests': False, 'cmake_args': ['-DBUILD_TESTING=ON'], 'cmake_clean_cache': False, 'cmake_clean_first': False, 'cmake_force_configure': False, 'cmake_target': None, 'cmake_target_skip_unavailable': False, 'install_base': '/home/ross/DroneSim_ws/install/ros_gz_example_gazebo', 'merge_install': False, 'path': '/home/ross/DroneSim_ws/src/ros_gz_project_template-fortress/ros_gz_example_gazebo', 'symlink_install': False, 'test_result_base': None}
[0.262s] Level 5:colcon.colcon_core.verb:set package 'ros_gz_example_bringup' build argument 'cmake_args' from command line to '['-DBUILD_TESTING=ON']'
[0.262s] Level 5:colcon.colcon_core.verb:set package 'ros_gz_example_bringup' build argument 'cmake_target' from command line to 'None'
[0.262s] Level 5:colcon.colcon_core.verb:set package 'ros_gz_example_bringup' build argument 'cmake_target_skip_unavailable' from command line to 'False'
[0.262s] Level 5:colcon.colcon_core.verb:set package 'ros_gz_example_bringup' build argument 'cmake_clean_cache' from command line to 'False'
[0.262s] Level 5:colcon.colcon_core.verb:set package 'ros_gz_example_bringup' build argument 'cmake_clean_first' from command line to 'False'
[0.262s] Level 5:colcon.colcon_core.verb:set package 'ros_gz_example_bringup' build argument 'cmake_force_configure' from command line to 'False'
[0.262s] Level 5:colcon.colcon_core.verb:set package 'ros_gz_example_bringup' build argument 'ament_cmake_args' from command line to 'None'
[0.262s] Level 5:colcon.colcon_core.verb:set package 'ros_gz_example_bringup' build argument 'catkin_cmake_args' from command line to 'None'
[0.262s] Level 5:colcon.colcon_core.verb:set package 'ros_gz_example_bringup' build argument 'catkin_skip_building_tests' from command line to 'False'
[0.263s] DEBUG:colcon.colcon_core.verb:Building package 'ros_gz_example_bringup' with the following arguments: {'ament_cmake_args': None, 'build_base': '/home/ross/DroneSim_ws/build/ros_gz_example_bringup', 'catkin_cmake_args': None, 'catkin_skip_building_tests': False, 'cmake_args': ['-DBUILD_TESTING=ON'], 'cmake_clean_cache': False, 'cmake_clean_first': False, 'cmake_force_configure': False, 'cmake_target': None, 'cmake_target_skip_unavailable': False, 'install_base': '/home/ross/DroneSim_ws/install/ros_gz_example_bringup', 'merge_install': False, 'path': '/home/ross/DroneSim_ws/src/ros_gz_project_template-fortress/ros_gz_example_bringup', 'symlink_install': False, 'test_result_base': None}
[0.263s] INFO:colcon.colcon_core.executor:Executing jobs using 'parallel' executor
[0.263s] DEBUG:colcon.colcon_parallel_executor.executor.parallel:run_until_complete
[0.264s] INFO:colcon.colcon_ros.task.ament_cmake.build:Building ROS package in '/home/ross/DroneSim_ws/src/ros_gz_project_template-fortress/ros_gz_example_description' with build type 'ament_cmake'
[0.264s] INFO:colcon.colcon_cmake.task.cmake.build:Building CMake package in '/home/ross/DroneSim_ws/src/ros_gz_project_template-fortress/ros_gz_example_description'
[0.267s] INFO:colcon.colcon_core.plugin_system:Skipping extension 'colcon_core.shell.bat': Not used on non-Windows systems
[0.267s] INFO:colcon.colcon_core.shell:Skip shell extension 'powershell' for command environment: Not usable outside of PowerShell
[0.267s] DEBUG:colcon.colcon_core.shell:Skip shell extension 'dsv' for command environment
[0.272s] INFO:colcon.colcon_ros.task.ament_cmake.build:Building ROS package in '/home/ross/DroneSim_ws/src/ros_gz_project_template-fortress/ros_gz_example_application' with build type 'ament_cmake'
[0.272s] INFO:colcon.colcon_cmake.task.cmake.build:Building CMake package in '/home/ross/DroneSim_ws/src/ros_gz_project_template-fortress/ros_gz_example_application'
[0.272s] INFO:colcon.colcon_core.shell:Skip shell extension 'powershell' for command environment: Not usable outside of PowerShell
[0.272s] DEBUG:colcon.colcon_core.shell:Skip shell extension 'dsv' for command environment
[0.281s] DEBUG:colcon.colcon_core.event_handler.log_command:Invoking command in '/home/ross/DroneSim_ws/build/ros_gz_example_description': CMAKE_PREFIX_PATH=${CMAKE_PREFIX_PATH}:/home/ross/aerostack2_ws/install/as2_keyboard_teleoperation:/home/ross/aerostack2_ws/install/as2_python_api:/opt/ros/humble /usr/bin/cmake --build /home/ross/DroneSim_ws/build/ros_gz_example_description -- -j12 -l12
[0.286s] DEBUG:colcon.colcon_core.event_handler.log_command:Invoking command in '/home/ross/DroneSim_ws/build/ros_gz_example_application': CMAKE_PREFIX_PATH=${CMAKE_PREFIX_PATH}:/home/ross/aerostack2_ws/install/as2_keyboard_teleoperation:/home/ross/aerostack2_ws/install/as2_python_api:/opt/ros/humble /usr/bin/cmake --build /home/ross/DroneSim_ws/build/ros_gz_example_application -- -j12 -l12
[0.317s] DEBUG:colcon.colcon_core.event_handler.log_command:Invoked command in '/home/ross/DroneSim_ws/build/ros_gz_example_application' returned '0': CMAKE_PREFIX_PATH=${CMAKE_PREFIX_PATH}:/home/ross/aerostack2_ws/install/as2_keyboard_teleoperation:/home/ross/aerostack2_ws/install/as2_python_api:/opt/ros/humble /usr/bin/cmake --build /home/ross/DroneSim_ws/build/ros_gz_example_application -- -j12 -l12
[0.319s] DEBUG:colcon.colcon_core.event_handler.log_command:Invoked command in '/home/ross/DroneSim_ws/build/ros_gz_example_description' returned '0': CMAKE_PREFIX_PATH=${CMAKE_PREFIX_PATH}:/home/ross/aerostack2_ws/install/as2_keyboard_teleoperation:/home/ross/aerostack2_ws/install/as2_python_api:/opt/ros/humble /usr/bin/cmake --build /home/ross/DroneSim_ws/build/ros_gz_example_description -- -j12 -l12
[0.344s] DEBUG:colcon.colcon_core.event_handler.log_command:Invoking command in '/home/ross/DroneSim_ws/build/ros_gz_example_application': CMAKE_PREFIX_PATH=${CMAKE_PREFIX_PATH}:/home/ross/aerostack2_ws/install/as2_keyboard_teleoperation:/home/ross/aerostack2_ws/install/as2_python_api:/opt/ros/humble /usr/bin/cmake --install /home/ross/DroneSim_ws/build/ros_gz_example_application
[0.345s] DEBUG:colcon.colcon_core.event_handler.log_command:Invoking command in '/home/ross/DroneSim_ws/build/ros_gz_example_description': CMAKE_PREFIX_PATH=${CMAKE_PREFIX_PATH}:/home/ross/aerostack2_ws/install/as2_keyboard_teleoperation:/home/ross/aerostack2_ws/install/as2_python_api:/opt/ros/humble /usr/bin/cmake --install /home/ross/DroneSim_ws/build/ros_gz_example_description
[0.352s] Level 1:colcon.colcon_core.environment:create_environment_scripts_only(ros_gz_example_application)
[0.356s] DEBUG:colcon.colcon_core.event_handler.log_command:Invoked command in '/home/ross/DroneSim_ws/build/ros_gz_example_application' returned '0': CMAKE_PREFIX_PATH=${CMAKE_PREFIX_PATH}:/home/ross/aerostack2_ws/install/as2_keyboard_teleoperation:/home/ross/aerostack2_ws/install/as2_python_api:/opt/ros/humble /usr/bin/cmake --install /home/ross/DroneSim_ws/build/ros_gz_example_application
[0.363s] Level 1:colcon.colcon_core.environment:checking '/home/ross/DroneSim_ws/install/ros_gz_example_application' for CMake module files
[0.364s] Level 1:colcon.colcon_core.environment:checking '/home/ross/DroneSim_ws/install/ros_gz_example_application' for CMake config files
[0.364s] Level 1:colcon.colcon_core.shell:create_environment_hook('ros_gz_example_application', 'cmake_prefix_path')
[0.364s] INFO:colcon.colcon_core.shell:Creating environment hook '/home/ross/DroneSim_ws/install/ros_gz_example_application/share/ros_gz_example_application/hook/cmake_prefix_path.ps1'
[0.365s] INFO:colcon.colcon_core.shell:Creating environment descriptor '/home/ross/DroneSim_ws/install/ros_gz_example_application/share/ros_gz_example_application/hook/cmake_prefix_path.dsv'
[0.366s] INFO:colcon.colcon_core.shell:Creating environment hook '/home/ross/DroneSim_ws/install/ros_gz_example_application/share/ros_gz_example_application/hook/cmake_prefix_path.sh'
[0.367s] Level 1:colcon.colcon_core.environment:checking '/home/ross/DroneSim_ws/install/ros_gz_example_application/bin'
[0.367s] Level 1:colcon.colcon_core.environment:checking '/home/ross/DroneSim_ws/install/ros_gz_example_application/lib/pkgconfig/ros_gz_example_application.pc'
[0.368s] Level 1:colcon.colcon_core.environment:checking '/home/ross/DroneSim_ws/install/ros_gz_example_application/lib/python3.10/site-packages'
[0.368s] Level 1:colcon.colcon_core.environment:checking '/home/ross/DroneSim_ws/install/ros_gz_example_application/bin'
[0.368s] INFO:colcon.colcon_core.shell:Creating package script '/home/ross/DroneSim_ws/install/ros_gz_example_application/share/ros_gz_example_application/package.ps1'
[0.370s] INFO:colcon.colcon_core.shell:Creating package descriptor '/home/ross/DroneSim_ws/install/ros_gz_example_application/share/ros_gz_example_application/package.dsv'
[0.371s] INFO:colcon.colcon_core.shell:Creating package script '/home/ross/DroneSim_ws/install/ros_gz_example_application/share/ros_gz_example_application/package.sh'
[0.373s] INFO:colcon.colcon_core.shell:Creating package script '/home/ross/DroneSim_ws/install/ros_gz_example_application/share/ros_gz_example_application/package.bash'
[0.374s] INFO:colcon.colcon_core.shell:Creating package script '/home/ross/DroneSim_ws/install/ros_gz_example_application/share/ros_gz_example_application/package.zsh'
[0.375s] Level 1:colcon.colcon_core.environment:create_file_with_runtime_dependencies(/home/ross/DroneSim_ws/install/ros_gz_example_application/share/colcon-core/packages/ros_gz_example_application)
[0.377s] Level 1:colcon.colcon_core.environment:create_environment_scripts_only(ros_gz_example_description)
[0.377s] Level 1:colcon.colcon_core.environment:checking '/home/ross/DroneSim_ws/install/ros_gz_example_description' for CMake module files
[0.378s] DEBUG:colcon.colcon_core.event_handler.log_command:Invoked command in '/home/ross/DroneSim_ws/build/ros_gz_example_description' returned '0': CMAKE_PREFIX_PATH=${CMAKE_PREFIX_PATH}:/home/ross/aerostack2_ws/install/as2_keyboard_teleoperation:/home/ross/aerostack2_ws/install/as2_python_api:/opt/ros/humble /usr/bin/cmake --install /home/ross/DroneSim_ws/build/ros_gz_example_description
[0.378s] Level 1:colcon.colcon_core.environment:checking '/home/ross/DroneSim_ws/install/ros_gz_example_description' for CMake config files
[0.378s] Level 1:colcon.colcon_core.shell:create_environment_hook('ros_gz_example_description', 'cmake_prefix_path')
[0.378s] INFO:colcon.colcon_core.shell:Creating environment hook '/home/ross/DroneSim_ws/install/ros_gz_example_description/share/ros_gz_example_description/hook/cmake_prefix_path.ps1'
[0.379s] INFO:colcon.colcon_core.shell:Creating environment descriptor '/home/ross/DroneSim_ws/install/ros_gz_example_description/share/ros_gz_example_description/hook/cmake_prefix_path.dsv'
[0.379s] INFO:colcon.colcon_core.shell:Creating environment hook '/home/ross/DroneSim_ws/install/ros_gz_example_description/share/ros_gz_example_description/hook/cmake_prefix_path.sh'
[0.379s] Level 1:colcon.colcon_core.environment:checking '/home/ross/DroneSim_ws/install/ros_gz_example_description/bin'
[0.380s] Level 1:colcon.colcon_core.environment:checking '/home/ross/DroneSim_ws/install/ros_gz_example_description/lib/pkgconfig/ros_gz_example_description.pc'
[0.380s] Level 1:colcon.colcon_core.environment:checking '/home/ross/DroneSim_ws/install/ros_gz_example_description/lib/python3.10/site-packages'
[0.380s] Level 1:colcon.colcon_core.environment:checking '/home/ross/DroneSim_ws/install/ros_gz_example_description/bin'
[0.380s] INFO:colcon.colcon_core.shell:Creating package script '/home/ross/DroneSim_ws/install/ros_gz_example_description/share/ros_gz_example_description/package.ps1'
[0.381s] INFO:colcon.colcon_core.shell:Creating package descriptor '/home/ross/DroneSim_ws/install/ros_gz_example_description/share/ros_gz_example_description/package.dsv'
[0.381s] INFO:colcon.colcon_core.shell:Creating package script '/home/ross/DroneSim_ws/install/ros_gz_example_description/share/ros_gz_example_description/package.sh'
[0.381s] INFO:colcon.colcon_core.shell:Creating package script '/home/ross/DroneSim_ws/install/ros_gz_example_description/share/ros_gz_example_description/package.bash'
[0.381s] INFO:colcon.colcon_core.shell:Creating package script '/home/ross/DroneSim_ws/install/ros_gz_example_description/share/ros_gz_example_description/package.zsh'
[0.382s] Level 1:colcon.colcon_core.environment:create_file_with_runtime_dependencies(/home/ross/DroneSim_ws/install/ros_gz_example_description/share/colcon-core/packages/ros_gz_example_description)
[0.396s] Level 1:colcon.colcon_core.environment:create_environment_scripts_only(ros_gz_example_application)
[0.396s] Level 1:colcon.colcon_core.environment:checking '/home/ross/DroneSim_ws/install/ros_gz_example_application' for CMake module files
[0.396s] Level 1:colcon.colcon_core.environment:checking '/home/ross/DroneSim_ws/install/ros_gz_example_application' for CMake config files
[0.397s] Level 1:colcon.colcon_core.shell:create_environment_hook('ros_gz_example_application', 'cmake_prefix_path')
[0.397s] INFO:colcon.colcon_core.shell:Creating environment hook '/home/ross/DroneSim_ws/install/ros_gz_example_application/share/ros_gz_example_application/hook/cmake_prefix_path.ps1'
[0.397s] INFO:colcon.colcon_core.shell:Creating environment descriptor '/home/ross/DroneSim_ws/install/ros_gz_example_application/share/ros_gz_example_application/hook/cmake_prefix_path.dsv'
[0.398s] INFO:colcon.colcon_core.shell:Creating environment hook '/home/ross/DroneSim_ws/install/ros_gz_example_application/share/ros_gz_example_application/hook/cmake_prefix_path.sh'
[0.398s] Level 1:colcon.colcon_core.environment:checking '/home/ross/DroneSim_ws/install/ros_gz_example_application/bin'
[0.398s] Level 1:colcon.colcon_core.environment:checking '/home/ross/DroneSim_ws/install/ros_gz_example_application/lib/pkgconfig/ros_gz_example_application.pc'
[0.399s] Level 1:colcon.colcon_core.environment:checking '/home/ross/DroneSim_ws/install/ros_gz_example_application/lib/python3.10/site-packages'
[0.399s] Level 1:colcon.colcon_core.environment:checking '/home/ross/DroneSim_ws/install/ros_gz_example_application/bin'
[0.399s] INFO:colcon.colcon_core.shell:Creating package script '/home/ross/DroneSim_ws/install/ros_gz_example_application/share/ros_gz_example_application/package.ps1'
[0.400s] INFO:colcon.colcon_core.shell:Creating package descriptor '/home/ross/DroneSim_ws/install/ros_gz_example_application/share/ros_gz_example_application/package.dsv'
[0.400s] INFO:colcon.colcon_core.shell:Creating package script '/home/ross/DroneSim_ws/install/ros_gz_example_application/share/ros_gz_example_application/package.sh'
[0.401s] INFO:colcon.colcon_core.shell:Creating package script '/home/ross/DroneSim_ws/install/ros_gz_example_application/share/ros_gz_example_application/package.bash'
[0.401s] INFO:colcon.colcon_core.shell:Creating package script '/home/ross/DroneSim_ws/install/ros_gz_example_application/share/ros_gz_example_application/package.zsh'
[0.402s] Level 1:colcon.colcon_core.environment:create_file_with_runtime_dependencies(/home/ross/DroneSim_ws/install/ros_gz_example_application/share/colcon-core/packages/ros_gz_example_application)
[0.403s] Level 1:colcon.colcon_core.environment:create_environment_scripts_only(ros_gz_example_description)
[0.403s] Level 1:colcon.colcon_core.environment:checking '/home/ross/DroneSim_ws/install/ros_gz_example_description' for CMake module files
[0.404s] Level 1:colcon.colcon_core.environment:checking '/home/ross/DroneSim_ws/install/ros_gz_example_description' for CMake config files
[0.404s] Level 1:colcon.colcon_core.shell:create_environment_hook('ros_gz_example_description', 'cmake_prefix_path')
[0.405s] INFO:colcon.colcon_core.shell:Creating environment hook '/home/ross/DroneSim_ws/install/ros_gz_example_description/share/ros_gz_example_description/hook/cmake_prefix_path.ps1'
[0.405s] INFO:colcon.colcon_core.shell:Creating environment descriptor '/home/ross/DroneSim_ws/install/ros_gz_example_description/share/ros_gz_example_description/hook/cmake_prefix_path.dsv'
[0.405s] INFO:colcon.colcon_core.shell:Creating environment hook '/home/ross/DroneSim_ws/install/ros_gz_example_description/share/ros_gz_example_description/hook/cmake_prefix_path.sh'
[0.406s] Level 1:colcon.colcon_core.environment:checking '/home/ross/DroneSim_ws/install/ros_gz_example_description/bin'
[0.406s] Level 1:colcon.colcon_core.environment:checking '/home/ross/DroneSim_ws/install/ros_gz_example_description/lib/pkgconfig/ros_gz_example_description.pc'
[0.406s] Level 1:colcon.colcon_core.environment:checking '/home/ross/DroneSim_ws/install/ros_gz_example_description/lib/python3.10/site-packages'
[0.406s] Level 1:colcon.colcon_core.environment:checking '/home/ross/DroneSim_ws/install/ros_gz_example_description/bin'
[0.407s] INFO:colcon.colcon_core.shell:Creating package script '/home/ross/DroneSim_ws/install/ros_gz_example_description/share/ros_gz_example_description/package.ps1'
[0.407s] INFO:colcon.colcon_core.shell:Creating package descriptor '/home/ross/DroneSim_ws/install/ros_gz_example_description/share/ros_gz_example_description/package.dsv'
[0.408s] INFO:colcon.colcon_core.shell:Creating package script '/home/ross/DroneSim_ws/install/ros_gz_example_description/share/ros_gz_example_description/package.sh'
[0.408s] INFO:colcon.colcon_core.shell:Creating package script '/home/ross/DroneSim_ws/install/ros_gz_example_description/share/ros_gz_example_description/package.bash'
[0.409s] INFO:colcon.colcon_core.shell:Creating package script '/home/ross/DroneSim_ws/install/ros_gz_example_description/share/ros_gz_example_description/package.zsh'
[0.409s] Level 1:colcon.colcon_core.environment:create_file_with_runtime_dependencies(/home/ross/DroneSim_ws/install/ros_gz_example_description/share/colcon-core/packages/ros_gz_example_description)
[0.409s] INFO:colcon.colcon_ros.task.ament_cmake.build:Building ROS package in '/home/ross/DroneSim_ws/src/ros_gz_project_template-fortress/ros_gz_example_gazebo' with build type 'ament_cmake'
[0.410s] INFO:colcon.colcon_cmake.task.cmake.build:Building CMake package in '/home/ross/DroneSim_ws/src/ros_gz_project_template-fortress/ros_gz_example_gazebo'
[0.410s] INFO:colcon.colcon_core.shell:Skip shell extension 'powershell' for command environment: Not usable outside of PowerShell
[0.410s] DEBUG:colcon.colcon_core.shell:Skip shell extension 'dsv' for command environment
[0.424s] DEBUG:colcon.colcon_core.event_handler.log_command:Invoking command in '/home/ross/DroneSim_ws/build/ros_gz_example_gazebo': CMAKE_PREFIX_PATH=/home/ross/DroneSim_ws/install/ros_gz_example_description:/home/ross/DroneSim_ws/install/ros_gz_example_bringup:/home/ross/DroneSim_ws/install/ros_gz_example_gazebo:/home/ross/DroneSim_ws/install/ros_gz_example_application:/home/ross/aerostack2_ws/install/aerostack2:/home/ross/aerostack2_ws/install/as2_usb_camera_interface:/home/ross/aerostack2_ws/install/as2_state_estimator:/home/ross/aerostack2_ws/install/as2_realsense_interface:/home/ross/aerostack2_ws/install/as2_platform_multirotor_simulator:/home/ross/aerostack2_ws/install/as2_platform_gazebo:/home/ross/aerostack2_ws/install/as2_motion_controller:/home/ross/aerostack2_ws/install/as2_behaviors_trajectory_generation:/home/ross/aerostack2_ws/install/as2_behaviors_motion:/home/ross/aerostack2_ws/install/as2_motion_reference_handlers:/home/ross/aerostack2_ws/install/as2_gazebo_assets:/home/ross/aerostack2_ws/install/as2_behaviors_platform:/home/ross/aerostack2_ws/install/as2_behaviors_perception:/home/ross/aerostack2_ws/install/as2_behavior_tree:/home/ross/aerostack2_ws/install/as2_behavior:/home/ross/aerostack2_ws/install/as2_alphanumeric_viewer:/home/ross/aerostack2_ws/install/as2_core:/home/ross/aerostack2_ws/install/as2_msgs:/home/ross/aerostack2_ws/install/as2_gazebo_classic_assets:/home/ross/aerostack2_ws/install/as2_cli:/home/ross/esl2024-main/install/my_robot_description:/home/ross/aerostack2_ws/install/as2_keyboard_teleoperation:/home/ross/aerostack2_ws/install/as2_python_api:/opt/ros/humble IGN_GAZEBO_RESOURCE_PATH=/home/ross/DroneSim_ws/install/ros_gz_example_description/share/ros_gz_example_description/models:${IGN_GAZEBO_RESOURCE_PATH} /usr/bin/cmake --build /home/ross/DroneSim_ws/build/ros_gz_example_gazebo -- -j12 -l12
[0.489s] DEBUG:colcon.colcon_core.event_handler.log_command:Invoked command in '/home/ross/DroneSim_ws/build/ros_gz_example_gazebo' returned '0': CMAKE_PREFIX_PATH=/home/ross/DroneSim_ws/install/ros_gz_example_description:/home/ross/DroneSim_ws/install/ros_gz_example_bringup:/home/ross/DroneSim_ws/install/ros_gz_example_gazebo:/home/ross/DroneSim_ws/install/ros_gz_example_application:/home/ross/aerostack2_ws/install/aerostack2:/home/ross/aerostack2_ws/install/as2_usb_camera_interface:/home/ross/aerostack2_ws/install/as2_state_estimator:/home/ross/aerostack2_ws/install/as2_realsense_interface:/home/ross/aerostack2_ws/install/as2_platform_multirotor_simulator:/home/ross/aerostack2_ws/install/as2_platform_gazebo:/home/ross/aerostack2_ws/install/as2_motion_controller:/home/ross/aerostack2_ws/install/as2_behaviors_trajectory_generation:/home/ross/aerostack2_ws/install/as2_behaviors_motion:/home/ross/aerostack2_ws/install/as2_motion_reference_handlers:/home/ross/aerostack2_ws/install/as2_gazebo_assets:/home/ross/aerostack2_ws/install/as2_behaviors_platform:/home/ross/aerostack2_ws/install/as2_behaviors_perception:/home/ross/aerostack2_ws/install/as2_behavior_tree:/home/ross/aerostack2_ws/install/as2_behavior:/home/ross/aerostack2_ws/install/as2_alphanumeric_viewer:/home/ross/aerostack2_ws/install/as2_core:/home/ross/aerostack2_ws/install/as2_msgs:/home/ross/aerostack2_ws/install/as2_gazebo_classic_assets:/home/ross/aerostack2_ws/install/as2_cli:/home/ross/esl2024-main/install/my_robot_description:/home/ross/aerostack2_ws/install/as2_keyboard_teleoperation:/home/ross/aerostack2_ws/install/as2_python_api:/opt/ros/humble IGN_GAZEBO_RESOURCE_PATH=/home/ross/DroneSim_ws/install/ros_gz_example_description/share/ros_gz_example_description/models:${IGN_GAZEBO_RESOURCE_PATH} /usr/bin/cmake --build /home/ross/DroneSim_ws/build/ros_gz_example_gazebo -- -j12 -l12
[0.515s] DEBUG:colcon.colcon_core.event_handler.log_command:Invoking command in '/home/ross/DroneSim_ws/build/ros_gz_example_gazebo': CMAKE_PREFIX_PATH=/home/ross/DroneSim_ws/install/ros_gz_example_description:/home/ross/DroneSim_ws/install/ros_gz_example_bringup:/home/ross/DroneSim_ws/install/ros_gz_example_gazebo:/home/ross/DroneSim_ws/install/ros_gz_example_application:/home/ross/aerostack2_ws/install/aerostack2:/home/ross/aerostack2_ws/install/as2_usb_camera_interface:/home/ross/aerostack2_ws/install/as2_state_estimator:/home/ross/aerostack2_ws/install/as2_realsense_interface:/home/ross/aerostack2_ws/install/as2_platform_multirotor_simulator:/home/ross/aerostack2_ws/install/as2_platform_gazebo:/home/ross/aerostack2_ws/install/as2_motion_controller:/home/ross/aerostack2_ws/install/as2_behaviors_trajectory_generation:/home/ross/aerostack2_ws/install/as2_behaviors_motion:/home/ross/aerostack2_ws/install/as2_motion_reference_handlers:/home/ross/aerostack2_ws/install/as2_gazebo_assets:/home/ross/aerostack2_ws/install/as2_behaviors_platform:/home/ross/aerostack2_ws/install/as2_behaviors_perception:/home/ross/aerostack2_ws/install/as2_behavior_tree:/home/ross/aerostack2_ws/install/as2_behavior:/home/ross/aerostack2_ws/install/as2_alphanumeric_viewer:/home/ross/aerostack2_ws/install/as2_core:/home/ross/aerostack2_ws/install/as2_msgs:/home/ross/aerostack2_ws/install/as2_gazebo_classic_assets:/home/ross/aerostack2_ws/install/as2_cli:/home/ross/esl2024-main/install/my_robot_description:/home/ross/aerostack2_ws/install/as2_keyboard_teleoperation:/home/ross/aerostack2_ws/install/as2_python_api:/opt/ros/humble IGN_GAZEBO_RESOURCE_PATH=/home/ross/DroneSim_ws/install/ros_gz_example_description/share/ros_gz_example_description/models:${IGN_GAZEBO_RESOURCE_PATH} /usr/bin/cmake --install /home/ross/DroneSim_ws/build/ros_gz_example_gazebo
[0.524s] Level 1:colcon.colcon_core.environment:create_environment_scripts_only(ros_gz_example_gazebo)
[0.525s] Level 1:colcon.colcon_core.environment:checking '/home/ross/DroneSim_ws/install/ros_gz_example_gazebo' for CMake module files
[0.525s] DEBUG:colcon.colcon_core.event_handler.log_command:Invoked command in '/home/ross/DroneSim_ws/build/ros_gz_example_gazebo' returned '0': CMAKE_PREFIX_PATH=/home/ross/DroneSim_ws/install/ros_gz_example_description:/home/ross/DroneSim_ws/install/ros_gz_example_bringup:/home/ross/DroneSim_ws/install/ros_gz_example_gazebo:/home/ross/DroneSim_ws/install/ros_gz_example_application:/home/ross/aerostack2_ws/install/aerostack2:/home/ross/aerostack2_ws/install/as2_usb_camera_interface:/home/ross/aerostack2_ws/install/as2_state_estimator:/home/ross/aerostack2_ws/install/as2_realsense_interface:/home/ross/aerostack2_ws/install/as2_platform_multirotor_simulator:/home/ross/aerostack2_ws/install/as2_platform_gazebo:/home/ross/aerostack2_ws/install/as2_motion_controller:/home/ross/aerostack2_ws/install/as2_behaviors_trajectory_generation:/home/ross/aerostack2_ws/install/as2_behaviors_motion:/home/ross/aerostack2_ws/install/as2_motion_reference_handlers:/home/ross/aerostack2_ws/install/as2_gazebo_assets:/home/ross/aerostack2_ws/install/as2_behaviors_platform:/home/ross/aerostack2_ws/install/as2_behaviors_perception:/home/ross/aerostack2_ws/install/as2_behavior_tree:/home/ross/aerostack2_ws/install/as2_behavior:/home/ross/aerostack2_ws/install/as2_alphanumeric_viewer:/home/ross/aerostack2_ws/install/as2_core:/home/ross/aerostack2_ws/install/as2_msgs:/home/ross/aerostack2_ws/install/as2_gazebo_classic_assets:/home/ross/aerostack2_ws/install/as2_cli:/home/ross/esl2024-main/install/my_robot_description:/home/ross/aerostack2_ws/install/as2_keyboard_teleoperation:/home/ross/aerostack2_ws/install/as2_python_api:/opt/ros/humble IGN_GAZEBO_RESOURCE_PATH=/home/ross/DroneSim_ws/install/ros_gz_example_description/share/ros_gz_example_description/models:${IGN_GAZEBO_RESOURCE_PATH} /usr/bin/cmake --install /home/ross/DroneSim_ws/build/ros_gz_example_gazebo
[0.526s] Level 1:colcon.colcon_core.environment:checking '/home/ross/DroneSim_ws/install/ros_gz_example_gazebo' for CMake config files
[0.526s] Level 1:colcon.colcon_core.shell:create_environment_hook('ros_gz_example_gazebo', 'cmake_prefix_path')
[0.526s] INFO:colcon.colcon_core.shell:Creating environment hook '/home/ross/DroneSim_ws/install/ros_gz_example_gazebo/share/ros_gz_example_gazebo/hook/cmake_prefix_path.ps1'
[0.527s] INFO:colcon.colcon_core.shell:Creating environment descriptor '/home/ross/DroneSim_ws/install/ros_gz_example_gazebo/share/ros_gz_example_gazebo/hook/cmake_prefix_path.dsv'
[0.527s] INFO:colcon.colcon_core.shell:Creating environment hook '/home/ross/DroneSim_ws/install/ros_gz_example_gazebo/share/ros_gz_example_gazebo/hook/cmake_prefix_path.sh'
[0.527s] Level 1:colcon.colcon_core.environment:checking '/home/ross/DroneSim_ws/install/ros_gz_example_gazebo/lib'
[0.528s] Level 1:colcon.colcon_core.environment:checking '/home/ross/DroneSim_ws/install/ros_gz_example_gazebo/bin'
[0.528s] Level 1:colcon.colcon_core.environment:checking '/home/ross/DroneSim_ws/install/ros_gz_example_gazebo/lib/pkgconfig/ros_gz_example_gazebo.pc'
[0.528s] Level 1:colcon.colcon_core.environment:checking '/home/ross/DroneSim_ws/install/ros_gz_example_gazebo/lib/python3.10/site-packages'
[0.528s] Level 1:colcon.colcon_core.environment:checking '/home/ross/DroneSim_ws/install/ros_gz_example_gazebo/bin'
[0.529s] INFO:colcon.colcon_core.shell:Creating package script '/home/ross/DroneSim_ws/install/ros_gz_example_gazebo/share/ros_gz_example_gazebo/package.ps1'
[0.529s] INFO:colcon.colcon_core.shell:Creating package descriptor '/home/ross/DroneSim_ws/install/ros_gz_example_gazebo/share/ros_gz_example_gazebo/package.dsv'
[0.530s] INFO:colcon.colcon_core.shell:Creating package script '/home/ross/DroneSim_ws/install/ros_gz_example_gazebo/share/ros_gz_example_gazebo/package.sh'
[0.530s] INFO:colcon.colcon_core.shell:Creating package script '/home/ross/DroneSim_ws/install/ros_gz_example_gazebo/share/ros_gz_example_gazebo/package.bash'
[0.530s] INFO:colcon.colcon_core.shell:Creating package script '/home/ross/DroneSim_ws/install/ros_gz_example_gazebo/share/ros_gz_example_gazebo/package.zsh'
[0.531s] Level 1:colcon.colcon_core.environment:create_file_with_runtime_dependencies(/home/ross/DroneSim_ws/install/ros_gz_example_gazebo/share/colcon-core/packages/ros_gz_example_gazebo)
[0.557s] Level 1:colcon.colcon_core.environment:create_environment_scripts_only(ros_gz_example_gazebo)
[0.557s] Level 1:colcon.colcon_core.environment:checking '/home/ross/DroneSim_ws/install/ros_gz_example_gazebo' for CMake module files
[0.557s] Level 1:colcon.colcon_core.environment:checking '/home/ross/DroneSim_ws/install/ros_gz_example_gazebo' for CMake config files
[0.558s] Level 1:colcon.colcon_core.shell:create_environment_hook('ros_gz_example_gazebo', 'cmake_prefix_path')
[0.558s] INFO:colcon.colcon_core.shell:Creating environment hook '/home/ross/DroneSim_ws/install/ros_gz_example_gazebo/share/ros_gz_example_gazebo/hook/cmake_prefix_path.ps1'
[0.558s] INFO:colcon.colcon_core.shell:Creating environment descriptor '/home/ross/DroneSim_ws/install/ros_gz_example_gazebo/share/ros_gz_example_gazebo/hook/cmake_prefix_path.dsv'
[0.558s] INFO:colcon.colcon_core.shell:Creating environment hook '/home/ross/DroneSim_ws/install/ros_gz_example_gazebo/share/ros_gz_example_gazebo/hook/cmake_prefix_path.sh'
[0.559s] Level 1:colcon.colcon_core.environment:checking '/home/ross/DroneSim_ws/install/ros_gz_example_gazebo/lib'
[0.559s] Level 1:colcon.colcon_core.environment:checking '/home/ross/DroneSim_ws/install/ros_gz_example_gazebo/bin'
[0.559s] Level 1:colcon.colcon_core.environment:checking '/home/ross/DroneSim_ws/install/ros_gz_example_gazebo/lib/pkgconfig/ros_gz_example_gazebo.pc'
[0.559s] Level 1:colcon.colcon_core.environment:checking '/home/ross/DroneSim_ws/install/ros_gz_example_gazebo/lib/python3.10/site-packages'
[0.560s] Level 1:colcon.colcon_core.environment:checking '/home/ross/DroneSim_ws/install/ros_gz_example_gazebo/bin'
[0.560s] INFO:colcon.colcon_core.shell:Creating package script '/home/ross/DroneSim_ws/install/ros_gz_example_gazebo/share/ros_gz_example_gazebo/package.ps1'
[0.560s] INFO:colcon.colcon_core.shell:Creating package descriptor '/home/ross/DroneSim_ws/install/ros_gz_example_gazebo/share/ros_gz_example_gazebo/package.dsv'
[0.561s] INFO:colcon.colcon_core.shell:Creating package script '/home/ross/DroneSim_ws/install/ros_gz_example_gazebo/share/ros_gz_example_gazebo/package.sh'
[0.561s] INFO:colcon.colcon_core.shell:Creating package script '/home/ross/DroneSim_ws/install/ros_gz_example_gazebo/share/ros_gz_example_gazebo/package.bash'
[0.562s] INFO:colcon.colcon_core.shell:Creating package script '/home/ross/DroneSim_ws/install/ros_gz_example_gazebo/share/ros_gz_example_gazebo/package.zsh'
[0.562s] Level 1:colcon.colcon_core.environment:create_file_with_runtime_dependencies(/home/ross/DroneSim_ws/install/ros_gz_example_gazebo/share/colcon-core/packages/ros_gz_example_gazebo)
[0.562s] INFO:colcon.colcon_ros.task.ament_cmake.build:Building ROS package in '/home/ross/DroneSim_ws/src/ros_gz_project_template-fortress/ros_gz_example_bringup' with build type 'ament_cmake'
[0.563s] INFO:colcon.colcon_cmake.task.cmake.build:Building CMake package in '/home/ross/DroneSim_ws/src/ros_gz_project_template-fortress/ros_gz_example_bringup'
[0.563s] INFO:colcon.colcon_core.shell:Skip shell extension 'powershell' for command environment: Not usable outside of PowerShell
[0.563s] DEBUG:colcon.colcon_core.shell:Skip shell extension 'dsv' for command environment
[0.575s] DEBUG:colcon.colcon_core.event_handler.log_command:Invoking command in '/home/ross/DroneSim_ws/build/ros_gz_example_bringup': CMAKE_PREFIX_PATH=/home/ross/DroneSim_ws/install/ros_gz_example_gazebo:/home/ross/DroneSim_ws/install/ros_gz_example_description:/home/ross/DroneSim_ws/install/ros_gz_example_bringup:/home/ross/DroneSim_ws/install/ros_gz_example_application:/home/ross/aerostack2_ws/install/aerostack2:/home/ross/aerostack2_ws/install/as2_usb_camera_interface:/home/ross/aerostack2_ws/install/as2_state_estimator:/home/ross/aerostack2_ws/install/as2_realsense_interface:/home/ross/aerostack2_ws/install/as2_platform_multirotor_simulator:/home/ross/aerostack2_ws/install/as2_platform_gazebo:/home/ross/aerostack2_ws/install/as2_motion_controller:/home/ross/aerostack2_ws/install/as2_behaviors_trajectory_generation:/home/ross/aerostack2_ws/install/as2_behaviors_motion:/home/ross/aerostack2_ws/install/as2_motion_reference_handlers:/home/ross/aerostack2_ws/install/as2_gazebo_assets:/home/ross/aerostack2_ws/install/as2_behaviors_platform:/home/ross/aerostack2_ws/install/as2_behaviors_perception:/home/ross/aerostack2_ws/install/as2_behavior_tree:/home/ross/aerostack2_ws/install/as2_behavior:/home/ross/aerostack2_ws/install/as2_alphanumeric_viewer:/home/ross/aerostack2_ws/install/as2_core:/home/ross/aerostack2_ws/install/as2_msgs:/home/ross/aerostack2_ws/install/as2_gazebo_classic_assets:/home/ross/aerostack2_ws/install/as2_cli:/home/ross/esl2024-main/install/my_robot_description:/home/ross/aerostack2_ws/install/as2_keyboard_teleoperation:/home/ross/aerostack2_ws/install/as2_python_api:/opt/ros/humble IGN_GAZEBO_PLUGIN_PATH=/home/ross/DroneSim_ws/install/ros_gz_example_gazebo/lib/ros_gz_example_gazebo IGN_GAZEBO_RESOURCE_PATH=/home/ross/DroneSim_ws/install/ros_gz_example_description/share/ros_gz_example_description/models:${IGN_GAZEBO_RESOURCE_PATH} /usr/bin/cmake --build /home/ross/DroneSim_ws/build/ros_gz_example_bringup -- -j12 -l12
[0.607s] DEBUG:colcon.colcon_core.event_handler.log_command:Invoked command in '/home/ross/DroneSim_ws/build/ros_gz_example_bringup' returned '0': CMAKE_PREFIX_PATH=/home/ross/DroneSim_ws/install/ros_gz_example_gazebo:/home/ross/DroneSim_ws/install/ros_gz_example_description:/home/ross/DroneSim_ws/install/ros_gz_example_bringup:/home/ross/DroneSim_ws/install/ros_gz_example_application:/home/ross/aerostack2_ws/install/aerostack2:/home/ross/aerostack2_ws/install/as2_usb_camera_interface:/home/ross/aerostack2_ws/install/as2_state_estimator:/home/ross/aerostack2_ws/install/as2_realsense_interface:/home/ross/aerostack2_ws/install/as2_platform_multirotor_simulator:/home/ross/aerostack2_ws/install/as2_platform_gazebo:/home/ross/aerostack2_ws/install/as2_motion_controller:/home/ross/aerostack2_ws/install/as2_behaviors_trajectory_generation:/home/ross/aerostack2_ws/install/as2_behaviors_motion:/home/ross/aerostack2_ws/install/as2_motion_reference_handlers:/home/ross/aerostack2_ws/install/as2_gazebo_assets:/home/ross/aerostack2_ws/install/as2_behaviors_platform:/home/ross/aerostack2_ws/install/as2_behaviors_perception:/home/ross/aerostack2_ws/install/as2_behavior_tree:/home/ross/aerostack2_ws/install/as2_behavior:/home/ross/aerostack2_ws/install/as2_alphanumeric_viewer:/home/ross/aerostack2_ws/install/as2_core:/home/ross/aerostack2_ws/install/as2_msgs:/home/ross/aerostack2_ws/install/as2_gazebo_classic_assets:/home/ross/aerostack2_ws/install/as2_cli:/home/ross/esl2024-main/install/my_robot_description:/home/ross/aerostack2_ws/install/as2_keyboard_teleoperation:/home/ross/aerostack2_ws/install/as2_python_api:/opt/ros/humble IGN_GAZEBO_PLUGIN_PATH=/home/ross/DroneSim_ws/install/ros_gz_example_gazebo/lib/ros_gz_example_gazebo IGN_GAZEBO_RESOURCE_PATH=/home/ross/DroneSim_ws/install/ros_gz_example_description/share/ros_gz_example_description/models:${IGN_GAZEBO_RESOURCE_PATH} /usr/bin/cmake --build /home/ross/DroneSim_ws/build/ros_gz_example_bringup -- -j12 -l12
[0.626s] DEBUG:colcon.colcon_core.event_handler.log_command:Invoking command in '/home/ross/DroneSim_ws/build/ros_gz_example_bringup': CMAKE_PREFIX_PATH=/home/ross/DroneSim_ws/install/ros_gz_example_gazebo:/home/ross/DroneSim_ws/install/ros_gz_example_description:/home/ross/DroneSim_ws/install/ros_gz_example_bringup:/home/ross/DroneSim_ws/install/ros_gz_example_application:/home/ross/aerostack2_ws/install/aerostack2:/home/ross/aerostack2_ws/install/as2_usb_camera_interface:/home/ross/aerostack2_ws/install/as2_state_estimator:/home/ross/aerostack2_ws/install/as2_realsense_interface:/home/ross/aerostack2_ws/install/as2_platform_multirotor_simulator:/home/ross/aerostack2_ws/install/as2_platform_gazebo:/home/ross/aerostack2_ws/install/as2_motion_controller:/home/ross/aerostack2_ws/install/as2_behaviors_trajectory_generation:/home/ross/aerostack2_ws/install/as2_behaviors_motion:/home/ross/aerostack2_ws/install/as2_motion_reference_handlers:/home/ross/aerostack2_ws/install/as2_gazebo_assets:/home/ross/aerostack2_ws/install/as2_behaviors_platform:/home/ross/aerostack2_ws/install/as2_behaviors_perception:/home/ross/aerostack2_ws/install/as2_behavior_tree:/home/ross/aerostack2_ws/install/as2_behavior:/home/ross/aerostack2_ws/install/as2_alphanumeric_viewer:/home/ross/aerostack2_ws/install/as2_core:/home/ross/aerostack2_ws/install/as2_msgs:/home/ross/aerostack2_ws/install/as2_gazebo_classic_assets:/home/ross/aerostack2_ws/install/as2_cli:/home/ross/esl2024-main/install/my_robot_description:/home/ross/aerostack2_ws/install/as2_keyboard_teleoperation:/home/ross/aerostack2_ws/install/as2_python_api:/opt/ros/humble IGN_GAZEBO_PLUGIN_PATH=/home/ross/DroneSim_ws/install/ros_gz_example_gazebo/lib/ros_gz_example_gazebo IGN_GAZEBO_RESOURCE_PATH=/home/ross/DroneSim_ws/install/ros_gz_example_description/share/ros_gz_example_description/models:${IGN_GAZEBO_RESOURCE_PATH} /usr/bin/cmake --install /home/ross/DroneSim_ws/build/ros_gz_example_bringup
[0.635s] Level 1:colcon.colcon_core.environment:create_environment_scripts_only(ros_gz_example_bringup)
[0.635s] Level 1:colcon.colcon_core.environment:checking '/home/ross/DroneSim_ws/install/ros_gz_example_bringup' for CMake module files
[0.635s] DEBUG:colcon.colcon_core.event_handler.log_command:Invoked command in '/home/ross/DroneSim_ws/build/ros_gz_example_bringup' returned '0': CMAKE_PREFIX_PATH=/home/ross/DroneSim_ws/install/ros_gz_example_gazebo:/home/ross/DroneSim_ws/install/ros_gz_example_description:/home/ross/DroneSim_ws/install/ros_gz_example_bringup:/home/ross/DroneSim_ws/install/ros_gz_example_application:/home/ross/aerostack2_ws/install/aerostack2:/home/ross/aerostack2_ws/install/as2_usb_camera_interface:/home/ross/aerostack2_ws/install/as2_state_estimator:/home/ross/aerostack2_ws/install/as2_realsense_interface:/home/ross/aerostack2_ws/install/as2_platform_multirotor_simulator:/home/ross/aerostack2_ws/install/as2_platform_gazebo:/home/ross/aerostack2_ws/install/as2_motion_controller:/home/ross/aerostack2_ws/install/as2_behaviors_trajectory_generation:/home/ross/aerostack2_ws/install/as2_behaviors_motion:/home/ross/aerostack2_ws/install/as2_motion_reference_handlers:/home/ross/aerostack2_ws/install/as2_gazebo_assets:/home/ross/aerostack2_ws/install/as2_behaviors_platform:/home/ross/aerostack2_ws/install/as2_behaviors_perception:/home/ross/aerostack2_ws/install/as2_behavior_tree:/home/ross/aerostack2_ws/install/as2_behavior:/home/ross/aerostack2_ws/install/as2_alphanumeric_viewer:/home/ross/aerostack2_ws/install/as2_core:/home/ross/aerostack2_ws/install/as2_msgs:/home/ross/aerostack2_ws/install/as2_gazebo_classic_assets:/home/ross/aerostack2_ws/install/as2_cli:/home/ross/esl2024-main/install/my_robot_description:/home/ross/aerostack2_ws/install/as2_keyboard_teleoperation:/home/ross/aerostack2_ws/install/as2_python_api:/opt/ros/humble IGN_GAZEBO_PLUGIN_PATH=/home/ross/DroneSim_ws/install/ros_gz_example_gazebo/lib/ros_gz_example_gazebo IGN_GAZEBO_RESOURCE_PATH=/home/ross/DroneSim_ws/install/ros_gz_example_description/share/ros_gz_example_description/models:${IGN_GAZEBO_RESOURCE_PATH} /usr/bin/cmake --install /home/ross/DroneSim_ws/build/ros_gz_example_bringup
[0.636s] Level 1:colcon.colcon_core.environment:checking '/home/ross/DroneSim_ws/install/ros_gz_example_bringup' for CMake config files
[0.636s] Level 1:colcon.colcon_core.shell:create_environment_hook('ros_gz_example_bringup', 'cmake_prefix_path')
[0.636s] INFO:colcon.colcon_core.shell:Creating environment hook '/home/ross/DroneSim_ws/install/ros_gz_example_bringup/share/ros_gz_example_bringup/hook/cmake_prefix_path.ps1'
[0.636s] INFO:colcon.colcon_core.shell:Creating environment descriptor '/home/ross/DroneSim_ws/install/ros_gz_example_bringup/share/ros_gz_example_bringup/hook/cmake_prefix_path.dsv'
[0.637s] INFO:colcon.colcon_core.shell:Creating environment hook '/home/ross/DroneSim_ws/install/ros_gz_example_bringup/share/ros_gz_example_bringup/hook/cmake_prefix_path.sh'
[0.637s] Level 1:colcon.colcon_core.environment:checking '/home/ross/DroneSim_ws/install/ros_gz_example_bringup/bin'
[0.637s] Level 1:colcon.colcon_core.environment:checking '/home/ross/DroneSim_ws/install/ros_gz_example_bringup/lib/pkgconfig/ros_gz_example_bringup.pc'
[0.637s] Level 1:colcon.colcon_core.environment:checking '/home/ross/DroneSim_ws/install/ros_gz_example_bringup/lib/python3.10/site-packages'
[0.638s] Level 1:colcon.colcon_core.environment:checking '/home/ross/DroneSim_ws/install/ros_gz_example_bringup/bin'
[0.638s] INFO:colcon.colcon_core.shell:Creating package script '/home/ross/DroneSim_ws/install/ros_gz_example_bringup/share/ros_gz_example_bringup/package.ps1'
[0.638s] INFO:colcon.colcon_core.shell:Creating package descriptor '/home/ross/DroneSim_ws/install/ros_gz_example_bringup/share/ros_gz_example_bringup/package.dsv'
[0.638s] INFO:colcon.colcon_core.shell:Creating package script '/home/ross/DroneSim_ws/install/ros_gz_example_bringup/share/ros_gz_example_bringup/package.sh'
[0.639s] INFO:colcon.colcon_core.shell:Creating package script '/home/ross/DroneSim_ws/install/ros_gz_example_bringup/share/ros_gz_example_bringup/package.bash'
[0.639s] INFO:colcon.colcon_core.shell:Creating package script '/home/ross/DroneSim_ws/install/ros_gz_example_bringup/share/ros_gz_example_bringup/package.zsh'
[0.639s] Level 1:colcon.colcon_core.environment:create_file_with_runtime_dependencies(/home/ross/DroneSim_ws/install/ros_gz_example_bringup/share/colcon-core/packages/ros_gz_example_bringup)
[0.658s] Level 1:colcon.colcon_core.environment:create_environment_scripts_only(ros_gz_example_bringup)
[0.658s] Level 1:colcon.colcon_core.environment:checking '/home/ross/DroneSim_ws/install/ros_gz_example_bringup' for CMake module files
[0.659s] Level 1:colcon.colcon_core.environment:checking '/home/ross/DroneSim_ws/install/ros_gz_example_bringup' for CMake config files
[0.659s] Level 1:colcon.colcon_core.shell:create_environment_hook('ros_gz_example_bringup', 'cmake_prefix_path')
[0.659s] INFO:colcon.colcon_core.shell:Creating environment hook '/home/ross/DroneSim_ws/install/ros_gz_example_bringup/share/ros_gz_example_bringup/hook/cmake_prefix_path.ps1'
[0.660s] INFO:colcon.colcon_core.shell:Creating environment descriptor '/home/ross/DroneSim_ws/install/ros_gz_example_bringup/share/ros_gz_example_bringup/hook/cmake_prefix_path.dsv'
[0.660s] INFO:colcon.colcon_core.shell:Creating environment hook '/home/ross/DroneSim_ws/install/ros_gz_example_bringup/share/ros_gz_example_bringup/hook/cmake_prefix_path.sh'
[0.661s] Level 1:colcon.colcon_core.environment:checking '/home/ross/DroneSim_ws/install/ros_gz_example_bringup/bin'
[0.661s] Level 1:colcon.colcon_core.environment:checking '/home/ross/DroneSim_ws/install/ros_gz_example_bringup/lib/pkgconfig/ros_gz_example_bringup.pc'
[0.661s] Level 1:colcon.colcon_core.environment:checking '/home/ross/DroneSim_ws/install/ros_gz_example_bringup/lib/python3.10/site-packages'
[0.661s] Level 1:colcon.colcon_core.environment:checking '/home/ross/DroneSim_ws/install/ros_gz_example_bringup/bin'
[0.661s] INFO:colcon.colcon_core.shell:Creating package script '/home/ross/DroneSim_ws/install/ros_gz_example_bringup/share/ros_gz_example_bringup/package.ps1'
[0.662s] INFO:colcon.colcon_core.shell:Creating package descriptor '/home/ross/DroneSim_ws/install/ros_gz_example_bringup/share/ros_gz_example_bringup/package.dsv'
[0.662s] INFO:colcon.colcon_core.shell:Creating package script '/home/ross/DroneSim_ws/install/ros_gz_example_bringup/share/ros_gz_example_bringup/package.sh'
[0.663s] INFO:colcon.colcon_core.shell:Creating package script '/home/ross/DroneSim_ws/install/ros_gz_example_bringup/share/ros_gz_example_bringup/package.bash'
[0.663s] INFO:colcon.colcon_core.shell:Creating package script '/home/ross/DroneSim_ws/install/ros_gz_example_bringup/share/ros_gz_example_bringup/package.zsh'
[0.664s] Level 1:colcon.colcon_core.environment:create_file_with_runtime_dependencies(/home/ross/DroneSim_ws/install/ros_gz_example_bringup/share/colcon-core/packages/ros_gz_example_bringup)
[0.664s] DEBUG:colcon.colcon_parallel_executor.executor.parallel:closing loop
[0.664s] DEBUG:colcon.colcon_parallel_executor.executor.parallel:loop closed
[0.664s] DEBUG:colcon.colcon_parallel_executor.executor.parallel:run_until_complete finished with '0'
[0.664s] DEBUG:colcon.colcon_core.event_reactor:joining thread
[0.670s] INFO:colcon.colcon_core.plugin_system:Skipping extension 'colcon_notification.desktop_notification.terminal_notifier': Not used on non-Darwin systems
[0.670s] INFO:colcon.colcon_core.plugin_system:Skipping extension 'colcon_notification.desktop_notification.win32': Not used on non-Windows systems
[0.670s] INFO:colcon.colcon_notification.desktop_notification:Sending desktop notification using 'notify2'
[0.679s] DEBUG:colcon.colcon_core.event_reactor:joined thread
[0.679s] INFO:colcon.colcon_core.shell:Creating prefix script '/home/ross/DroneSim_ws/install/local_setup.ps1'
[0.680s] INFO:colcon.colcon_core.shell:Creating prefix util module '/home/ross/DroneSim_ws/install/_local_setup_util_ps1.py'
[0.682s] INFO:colcon.colcon_core.shell:Creating prefix chain script '/home/ross/DroneSim_ws/install/setup.ps1'
[0.684s] INFO:colcon.colcon_core.shell:Creating prefix script '/home/ross/DroneSim_ws/install/local_setup.sh'
[0.685s] INFO:colcon.colcon_core.shell:Creating prefix util module '/home/ross/DroneSim_ws/install/_local_setup_util_sh.py'
[0.686s] INFO:colcon.colcon_core.shell:Creating prefix chain script '/home/ross/DroneSim_ws/install/setup.sh'
[0.688s] INFO:colcon.colcon_core.shell:Creating prefix script '/home/ross/DroneSim_ws/install/local_setup.bash'
[0.689s] INFO:colcon.colcon_core.shell:Creating prefix chain script '/home/ross/DroneSim_ws/install/setup.bash'
[0.691s] INFO:colcon.colcon_core.shell:Creating prefix script '/home/ross/DroneSim_ws/install/local_setup.zsh'
[0.692s] INFO:colcon.colcon_core.shell:Creating prefix chain script '/home/ross/DroneSim_ws/install/setup.zsh'
