[0.009s] Invoking command in '/home/ross/DroneSim_ws/build/ros_gz_example_application': CMAKE_PREFIX_PATH=/opt/ros/humble /usr/bin/cmake /home/ross/DroneSim_ws/src/ros_gz_project_template-fortress/ros_gz_example_application -DBUILD_TESTING=ON -DCMAKE_INSTALL_PREFIX=/home/ross/DroneSim_ws/install/ros_gz_example_application
[0.120s] -- The C compiler identification is GNU 11.4.0
[0.208s] -- The CXX compiler identification is GNU 11.4.0
[0.216s] -- Detecting C compiler ABI info
[0.272s] -- Detecting C compiler ABI info - done
[0.279s] -- Check for working C compiler: /usr/bin/cc - skipped
[0.280s] -- Detecting C compile features
[0.280s] -- Detecting C compile features - done
[0.283s] -- Detecting CXX compiler ABI info
[0.347s] -- Detecting CXX compiler ABI info - done
[0.354s] -- Check for working CXX compiler: /usr/bin/c++ - skipped
[0.354s] -- Detecting CXX compile features
[0.354s] -- Detecting CXX compile features - done
[0.359s] -- Found ament_cmake: 1.3.8 (/opt/ros/humble/share/ament_cmake/cmake)
[0.646s] -- Found Python3: /usr/bin/python3 (found version "3.10.12") found components: Interpreter 
[0.781s] -- Configuring done
[0.783s] -- Generating done
[0.783s] -- Build files have been written to: /home/ross/DroneSim_ws/build/ros_gz_example_application
[0.786s] Invoked command in '/home/ross/DroneSim_ws/build/ros_gz_example_application' returned '0': CMAKE_PREFIX_PATH=/opt/ros/humble /usr/bin/cmake /home/ross/DroneSim_ws/src/ros_gz_project_template-fortress/ros_gz_example_application -DBUILD_TESTING=ON -DCMAKE_INSTALL_PREFIX=/home/ross/DroneSim_ws/install/ros_gz_example_application
[0.788s] Invoking command in '/home/ross/DroneSim_ws/build/ros_gz_example_application': CMAKE_PREFIX_PATH=/opt/ros/humble /usr/bin/cmake --build /home/ross/DroneSim_ws/build/ros_gz_example_application -- -j12 -l12
[0.817s] Invoked command in '/home/ross/DroneSim_ws/build/ros_gz_example_application' returned '0': CMAKE_PREFIX_PATH=/opt/ros/humble /usr/bin/cmake --build /home/ross/DroneSim_ws/build/ros_gz_example_application -- -j12 -l12
[0.839s] Invoking command in '/home/ross/DroneSim_ws/build/ros_gz_example_application': CMAKE_PREFIX_PATH=/opt/ros/humble /usr/bin/cmake --install /home/ross/DroneSim_ws/build/ros_gz_example_application
[0.844s] -- Install configuration: ""
[0.845s] -- Installing: /home/ross/DroneSim_ws/install/ros_gz_example_application/share/ament_index/resource_index/package_run_dependencies/ros_gz_example_application
[0.845s] -- Installing: /home/ross/DroneSim_ws/install/ros_gz_example_application/share/ament_index/resource_index/parent_prefix_path/ros_gz_example_application
[0.845s] -- Installing: /home/ross/DroneSim_ws/install/ros_gz_example_application/share/ros_gz_example_application/environment/ament_prefix_path.sh
[0.845s] -- Installing: /home/ross/DroneSim_ws/install/ros_gz_example_application/share/ros_gz_example_application/environment/ament_prefix_path.dsv
[0.846s] -- Installing: /home/ross/DroneSim_ws/install/ros_gz_example_application/share/ros_gz_example_application/environment/path.sh
[0.846s] -- Installing: /home/ross/DroneSim_ws/install/ros_gz_example_application/share/ros_gz_example_application/environment/path.dsv
[0.846s] -- Installing: /home/ross/DroneSim_ws/install/ros_gz_example_application/share/ros_gz_example_application/local_setup.bash
[0.846s] -- Installing: /home/ross/DroneSim_ws/install/ros_gz_example_application/share/ros_gz_example_application/local_setup.sh
[0.847s] -- Installing: /home/ross/DroneSim_ws/install/ros_gz_example_application/share/ros_gz_example_application/local_setup.zsh
[0.847s] -- Installing: /home/ross/DroneSim_ws/install/ros_gz_example_application/share/ros_gz_example_application/local_setup.dsv
[0.847s] -- Installing: /home/ross/DroneSim_ws/install/ros_gz_example_application/share/ros_gz_example_application/package.dsv
[0.847s] -- Installing: /home/ross/DroneSim_ws/install/ros_gz_example_application/share/ament_index/resource_index/packages/ros_gz_example_application
[0.847s] -- Installing: /home/ross/DroneSim_ws/install/ros_gz_example_application/share/ros_gz_example_application/cmake/ros_gz_example_applicationConfig.cmake
[0.847s] -- Installing: /home/ross/DroneSim_ws/install/ros_gz_example_application/share/ros_gz_example_application/cmake/ros_gz_example_applicationConfig-version.cmake
[0.847s] -- Installing: /home/ross/DroneSim_ws/install/ros_gz_example_application/share/ros_gz_example_application/package.xml
[0.859s] Invoked command in '/home/ross/DroneSim_ws/build/ros_gz_example_application' returned '0': CMAKE_PREFIX_PATH=/opt/ros/humble /usr/bin/cmake --install /home/ross/DroneSim_ws/build/ros_gz_example_application
