[0.013s] Invoking command in '/home/ross/Desktop/GazeboIgnitionFortressSim/DroneSim_ws/build/ros_gz_example_application': CMAKE_PREFIX_PATH=${CMAKE_PREFIX_PATH}:/home/ross/DroneSim_ws/install/ros_gz_example_bringup:/home/ross/DroneSim_ws/install/ros_gz_example_gazebo:/home/ross/DroneSim_ws/install/ros_gz_example_description:/home/ross/DroneSim_ws/install/ros_gz_example_application:/home/ross/aerostack2_ws/install/as2_keyboard_teleoperation:/home/ross/aerostack2_ws/install/as2_python_api:/opt/ros/humble /usr/bin/cmake --build /home/ross/Desktop/GazeboIgnitionFortressSim/DroneSim_ws/build/ros_gz_example_application -- -j12 -l12
[0.018s] [0mCMake Error: The current CMakeCache.txt directory /home/ross/Desktop/GazeboIgnitionFortressSim/DroneSim_ws/build/ros_gz_example_application/CMakeCache.txt is different than the directory /home/ross/DroneSim_ws/build/ros_gz_example_application where CMakeCache.txt was created. This may result in binaries being created in the wrong place. If you are not sure, reedit the CMakeCache.txt[0m
[0.043s] Invoked command in '/home/ross/Desktop/GazeboIgnitionFortressSim/DroneSim_ws/build/ros_gz_example_application' returned '0': CMAKE_PREFIX_PATH=${CMAKE_PREFIX_PATH}:/home/ross/DroneSim_ws/install/ros_gz_example_bringup:/home/ross/DroneSim_ws/install/ros_gz_example_gazebo:/home/ross/DroneSim_ws/install/ros_gz_example_description:/home/ross/DroneSim_ws/install/ros_gz_example_application:/home/ross/aerostack2_ws/install/as2_keyboard_teleoperation:/home/ross/aerostack2_ws/install/as2_python_api:/opt/ros/humble /usr/bin/cmake --build /home/ross/Desktop/GazeboIgnitionFortressSim/DroneSim_ws/build/ros_gz_example_application -- -j12 -l12
[0.069s] Invoking command in '/home/ross/Desktop/GazeboIgnitionFortressSim/DroneSim_ws/build/ros_gz_example_application': CMAKE_PREFIX_PATH=${CMAKE_PREFIX_PATH}:/home/ross/DroneSim_ws/install/ros_gz_example_bringup:/home/ross/DroneSim_ws/install/ros_gz_example_gazebo:/home/ross/DroneSim_ws/install/ros_gz_example_description:/home/ross/DroneSim_ws/install/ros_gz_example_application:/home/ross/aerostack2_ws/install/as2_keyboard_teleoperation:/home/ross/aerostack2_ws/install/as2_python_api:/opt/ros/humble /usr/bin/cmake --install /home/ross/Desktop/GazeboIgnitionFortressSim/DroneSim_ws/build/ros_gz_example_application
[0.088s] -- Install configuration: ""
[0.088s] -- Up-to-date: /home/ross/DroneSim_ws/install/ros_gz_example_application/share/ament_index/resource_index/package_run_dependencies/ros_gz_example_application
[0.088s] -- Up-to-date: /home/ross/DroneSim_ws/install/ros_gz_example_application/share/ament_index/resource_index/parent_prefix_path/ros_gz_example_application
[0.088s] -- Up-to-date: /home/ross/DroneSim_ws/install/ros_gz_example_application/share/ros_gz_example_application/environment/ament_prefix_path.sh
[0.089s] -- Up-to-date: /home/ross/DroneSim_ws/install/ros_gz_example_application/share/ros_gz_example_application/environment/ament_prefix_path.dsv
[0.089s] -- Up-to-date: /home/ross/DroneSim_ws/install/ros_gz_example_application/share/ros_gz_example_application/environment/path.sh
[0.089s] -- Up-to-date: /home/ross/DroneSim_ws/install/ros_gz_example_application/share/ros_gz_example_application/environment/path.dsv
[0.089s] -- Up-to-date: /home/ross/DroneSim_ws/install/ros_gz_example_application/share/ros_gz_example_application/local_setup.bash
[0.090s] -- Up-to-date: /home/ross/DroneSim_ws/install/ros_gz_example_application/share/ros_gz_example_application/local_setup.sh
[0.090s] -- Up-to-date: /home/ross/DroneSim_ws/install/ros_gz_example_application/share/ros_gz_example_application/local_setup.zsh
[0.090s] -- Up-to-date: /home/ross/DroneSim_ws/install/ros_gz_example_application/share/ros_gz_example_application/local_setup.dsv
[0.091s] -- Up-to-date: /home/ross/DroneSim_ws/install/ros_gz_example_application/share/ros_gz_example_application/package.dsv
[0.091s] -- Up-to-date: /home/ross/DroneSim_ws/install/ros_gz_example_application/share/ament_index/resource_index/packages/ros_gz_example_application
[0.091s] -- Up-to-date: /home/ross/DroneSim_ws/install/ros_gz_example_application/share/ros_gz_example_application/cmake/ros_gz_example_applicationConfig.cmake
[0.091s] -- Up-to-date: /home/ross/DroneSim_ws/install/ros_gz_example_application/share/ros_gz_example_application/cmake/ros_gz_example_applicationConfig-version.cmake
[0.091s] -- Up-to-date: /home/ross/DroneSim_ws/install/ros_gz_example_application/share/ros_gz_example_application/package.xml
[0.091s] Invoked command in '/home/ross/Desktop/GazeboIgnitionFortressSim/DroneSim_ws/build/ros_gz_example_application' returned '0': CMAKE_PREFIX_PATH=${CMAKE_PREFIX_PATH}:/home/ross/DroneSim_ws/install/ros_gz_example_bringup:/home/ross/DroneSim_ws/install/ros_gz_example_gazebo:/home/ross/DroneSim_ws/install/ros_gz_example_description:/home/ross/DroneSim_ws/install/ros_gz_example_application:/home/ross/aerostack2_ws/install/as2_keyboard_teleoperation:/home/ross/aerostack2_ws/install/as2_python_api:/opt/ros/humble /usr/bin/cmake --install /home/ross/Desktop/GazeboIgnitionFortressSim/DroneSim_ws/build/ros_gz_example_application
