[0.005s] Invoking command in '/home/ross/DroneSim_ws/build/ros_gz_example_bringup': AMENT_PREFIX_PATH=/home/ross/DroneSim_ws/install/ros_gz_example_gazebo:/home/ross/DroneSim_ws/install/ros_gz_example_description:${AMENT_PREFIX_PATH} CMAKE_PREFIX_PATH=/home/ross/DroneSim_ws/install/ros_gz_example_gazebo:/home/ross/DroneSim_ws/install/ros_gz_example_description:/opt/ros/humble IGN_GAZEBO_PLUGIN_PATH=/home/ross/DroneSim_ws/install/ros_gz_example_gazebo/lib/ros_gz_example_gazebo IGN_GAZEBO_RESOURCE_PATH=/home/ross/DroneSim_ws/install/ros_gz_example_gazebo/share/ros_gz_example_gazebo/worlds:/home/ross/DroneSim_ws/install/ros_gz_example_description/share/ros_gz_example_description/models /usr/bin/cmake /home/ross/DroneSim_ws/src/ros_gz_project_template-fortress/ros_gz_example_bringup -DBUILD_TESTING=ON -DCMAKE_INSTALL_PREFIX=/home/ross/DroneSim_ws/install/ros_gz_example_bringup
[0.046s] -- The C compiler identification is GNU 11.4.0
[0.088s] -- The CXX compiler identification is GNU 11.4.0
[0.094s] -- Detecting C compiler ABI info
[0.145s] -- Detecting C compiler ABI info - done
[0.152s] -- Check for working C compiler: /usr/bin/cc - skipped
[0.152s] -- Detecting C compile features
[0.152s] -- Detecting C compile features - done
[0.155s] -- Detecting CXX compiler ABI info
[0.216s] -- Detecting CXX compiler ABI info - done
[0.223s] -- Check for working CXX compiler: /usr/bin/c++ - skipped
[0.223s] -- Detecting CXX compile features
[0.223s] -- Detecting CXX compile features - done
[0.226s] -- Found ament_cmake: 1.3.8 (/opt/ros/humble/share/ament_cmake/cmake)
[0.495s] -- Found Python3: /usr/bin/python3 (found version "3.10.12") found components: Interpreter 
[0.561s] -- Found ros_gz_example_description: 0.0.0 (/home/ross/DroneSim_ws/install/ros_gz_example_description/share/ros_gz_example_description/cmake)
[0.561s] -- Found ros_gz_example_gazebo: 0.0.0 (/home/ross/DroneSim_ws/install/ros_gz_example_gazebo/share/ros_gz_example_gazebo/cmake)
[0.562s] -- Found ament_lint_auto: 0.12.10 (/opt/ros/humble/share/ament_lint_auto/cmake)
[0.615s] -- Configuring done
[0.617s] -- Generating done
[0.618s] -- Build files have been written to: /home/ross/DroneSim_ws/build/ros_gz_example_bringup
[0.621s] Invoked command in '/home/ross/DroneSim_ws/build/ros_gz_example_bringup' returned '0': AMENT_PREFIX_PATH=/home/ross/DroneSim_ws/install/ros_gz_example_gazebo:/home/ross/DroneSim_ws/install/ros_gz_example_description:${AMENT_PREFIX_PATH} CMAKE_PREFIX_PATH=/home/ross/DroneSim_ws/install/ros_gz_example_gazebo:/home/ross/DroneSim_ws/install/ros_gz_example_description:/opt/ros/humble IGN_GAZEBO_PLUGIN_PATH=/home/ross/DroneSim_ws/install/ros_gz_example_gazebo/lib/ros_gz_example_gazebo IGN_GAZEBO_RESOURCE_PATH=/home/ross/DroneSim_ws/install/ros_gz_example_gazebo/share/ros_gz_example_gazebo/worlds:/home/ross/DroneSim_ws/install/ros_gz_example_description/share/ros_gz_example_description/models /usr/bin/cmake /home/ross/DroneSim_ws/src/ros_gz_project_template-fortress/ros_gz_example_bringup -DBUILD_TESTING=ON -DCMAKE_INSTALL_PREFIX=/home/ross/DroneSim_ws/install/ros_gz_example_bringup
[0.622s] Invoking command in '/home/ross/DroneSim_ws/build/ros_gz_example_bringup': AMENT_PREFIX_PATH=/home/ross/DroneSim_ws/install/ros_gz_example_gazebo:/home/ross/DroneSim_ws/install/ros_gz_example_description:${AMENT_PREFIX_PATH} CMAKE_PREFIX_PATH=/home/ross/DroneSim_ws/install/ros_gz_example_gazebo:/home/ross/DroneSim_ws/install/ros_gz_example_description:/opt/ros/humble IGN_GAZEBO_PLUGIN_PATH=/home/ross/DroneSim_ws/install/ros_gz_example_gazebo/lib/ros_gz_example_gazebo IGN_GAZEBO_RESOURCE_PATH=/home/ross/DroneSim_ws/install/ros_gz_example_gazebo/share/ros_gz_example_gazebo/worlds:/home/ross/DroneSim_ws/install/ros_gz_example_description/share/ros_gz_example_description/models /usr/bin/cmake --build /home/ross/DroneSim_ws/build/ros_gz_example_bringup -- -j12 -l12
[0.648s] Invoked command in '/home/ross/DroneSim_ws/build/ros_gz_example_bringup' returned '0': AMENT_PREFIX_PATH=/home/ross/DroneSim_ws/install/ros_gz_example_gazebo:/home/ross/DroneSim_ws/install/ros_gz_example_description:${AMENT_PREFIX_PATH} CMAKE_PREFIX_PATH=/home/ross/DroneSim_ws/install/ros_gz_example_gazebo:/home/ross/DroneSim_ws/install/ros_gz_example_description:/opt/ros/humble IGN_GAZEBO_PLUGIN_PATH=/home/ross/DroneSim_ws/install/ros_gz_example_gazebo/lib/ros_gz_example_gazebo IGN_GAZEBO_RESOURCE_PATH=/home/ross/DroneSim_ws/install/ros_gz_example_gazebo/share/ros_gz_example_gazebo/worlds:/home/ross/DroneSim_ws/install/ros_gz_example_description/share/ros_gz_example_description/models /usr/bin/cmake --build /home/ross/DroneSim_ws/build/ros_gz_example_bringup -- -j12 -l12
[0.662s] Invoking command in '/home/ross/DroneSim_ws/build/ros_gz_example_bringup': AMENT_PREFIX_PATH=/home/ross/DroneSim_ws/install/ros_gz_example_gazebo:/home/ross/DroneSim_ws/install/ros_gz_example_description:${AMENT_PREFIX_PATH} CMAKE_PREFIX_PATH=/home/ross/DroneSim_ws/install/ros_gz_example_gazebo:/home/ross/DroneSim_ws/install/ros_gz_example_description:/opt/ros/humble IGN_GAZEBO_PLUGIN_PATH=/home/ross/DroneSim_ws/install/ros_gz_example_gazebo/lib/ros_gz_example_gazebo IGN_GAZEBO_RESOURCE_PATH=/home/ross/DroneSim_ws/install/ros_gz_example_gazebo/share/ros_gz_example_gazebo/worlds:/home/ross/DroneSim_ws/install/ros_gz_example_description/share/ros_gz_example_description/models /usr/bin/cmake --install /home/ross/DroneSim_ws/build/ros_gz_example_bringup
[0.669s] -- Install configuration: ""
[0.669s] -- Installing: /home/ross/DroneSim_ws/install/ros_gz_example_bringup/share/ros_gz_example_bringup/launch
[0.669s] -- Installing: /home/ross/DroneSim_ws/install/ros_gz_example_bringup/share/ros_gz_example_bringup/launch/diff_drive.launch.py
[0.669s] -- Installing: /home/ross/DroneSim_ws/install/ros_gz_example_bringup/share/ros_gz_example_bringup/launch/rrbot_setup.launch.py
[0.669s] -- Installing: /home/ross/DroneSim_ws/install/ros_gz_example_bringup/share/ros_gz_example_bringup/config
[0.669s] -- Installing: /home/ross/DroneSim_ws/install/ros_gz_example_bringup/share/ros_gz_example_bringup/config/diff_drive.rviz
[0.669s] -- Installing: /home/ross/DroneSim_ws/install/ros_gz_example_bringup/share/ros_gz_example_bringup/config/rrbot.rviz
[0.669s] -- Installing: /home/ross/DroneSim_ws/install/ros_gz_example_bringup/share/ros_gz_example_bringup/config/ros_gz_example_bridge.yaml
[0.669s] -- Installing: /home/ross/DroneSim_ws/install/ros_gz_example_bringup/share/ament_index/resource_index/package_run_dependencies/ros_gz_example_bringup
[0.670s] -- Installing: /home/ross/DroneSim_ws/install/ros_gz_example_bringup/share/ament_index/resource_index/parent_prefix_path/ros_gz_example_bringup
[0.670s] -- Installing: /home/ross/DroneSim_ws/install/ros_gz_example_bringup/share/ros_gz_example_bringup/environment/ament_prefix_path.sh
[0.670s] -- Installing: /home/ross/DroneSim_ws/install/ros_gz_example_bringup/share/ros_gz_example_bringup/environment/ament_prefix_path.dsv
[0.670s] -- Installing: /home/ross/DroneSim_ws/install/ros_gz_example_bringup/share/ros_gz_example_bringup/environment/path.sh
[0.670s] -- Installing: /home/ross/DroneSim_ws/install/ros_gz_example_bringup/share/ros_gz_example_bringup/environment/path.dsv
[0.670s] -- Installing: /home/ross/DroneSim_ws/install/ros_gz_example_bringup/share/ros_gz_example_bringup/local_setup.bash
[0.670s] -- Installing: /home/ross/DroneSim_ws/install/ros_gz_example_bringup/share/ros_gz_example_bringup/local_setup.sh
[0.670s] -- Installing: /home/ross/DroneSim_ws/install/ros_gz_example_bringup/share/ros_gz_example_bringup/local_setup.zsh
[0.670s] -- Installing: /home/ross/DroneSim_ws/install/ros_gz_example_bringup/share/ros_gz_example_bringup/local_setup.dsv
[0.670s] -- Installing: /home/ross/DroneSim_ws/install/ros_gz_example_bringup/share/ros_gz_example_bringup/package.dsv
[0.670s] -- Installing: /home/ross/DroneSim_ws/install/ros_gz_example_bringup/share/ament_index/resource_index/packages/ros_gz_example_bringup
[0.671s] -- Installing: /home/ross/DroneSim_ws/install/ros_gz_example_bringup/share/ros_gz_example_bringup/cmake/ros_gz_example_bringupConfig.cmake
[0.671s] -- Installing: /home/ross/DroneSim_ws/install/ros_gz_example_bringup/share/ros_gz_example_bringup/cmake/ros_gz_example_bringupConfig-version.cmake
[0.671s] -- Installing: /home/ross/DroneSim_ws/install/ros_gz_example_bringup/share/ros_gz_example_bringup/package.xml
[0.672s] Invoked command in '/home/ross/DroneSim_ws/build/ros_gz_example_bringup' returned '0': AMENT_PREFIX_PATH=/home/ross/DroneSim_ws/install/ros_gz_example_gazebo:/home/ross/DroneSim_ws/install/ros_gz_example_description:${AMENT_PREFIX_PATH} CMAKE_PREFIX_PATH=/home/ross/DroneSim_ws/install/ros_gz_example_gazebo:/home/ross/DroneSim_ws/install/ros_gz_example_description:/opt/ros/humble IGN_GAZEBO_PLUGIN_PATH=/home/ross/DroneSim_ws/install/ros_gz_example_gazebo/lib/ros_gz_example_gazebo IGN_GAZEBO_RESOURCE_PATH=/home/ross/DroneSim_ws/install/ros_gz_example_gazebo/share/ros_gz_example_gazebo/worlds:/home/ross/DroneSim_ws/install/ros_gz_example_description/share/ros_gz_example_description/models /usr/bin/cmake --install /home/ross/DroneSim_ws/build/ros_gz_example_bringup
