[0.008s] Invoking command in '/home/ross/DroneSim_ws/build/ros_gz_example_gazebo': AMENT_PREFIX_PATH=/home/ross/DroneSim_ws/install/ros_gz_example_description:${AMENT_PREFIX_PATH} CMAKE_PREFIX_PATH=/home/ross/DroneSim_ws/install/ros_gz_example_description:/opt/ros/humble IGN_GAZEBO_RESOURCE_PATH=/home/ross/DroneSim_ws/install/ros_gz_example_description/share/ros_gz_example_description/models /usr/bin/cmake /home/ross/DroneSim_ws/src/ros_gz_project_template-fortress/ros_gz_example_gazebo -DBUILD_TESTING=ON -DCMAKE_INSTALL_PREFIX=/home/ross/DroneSim_ws/install/ros_gz_example_gazebo
[0.049s] -- The C compiler identification is GNU 11.4.0
[0.091s] -- The CXX compiler identification is GNU 11.4.0
[0.097s] -- Detecting C compiler ABI info
[0.149s] -- Detecting C compiler ABI info - done
[0.155s] -- Check for working C compiler: /usr/bin/cc - skipped
[0.156s] -- Detecting C compile features
[0.156s] -- Detecting C compile features - done
[0.158s] -- Detecting CXX compiler ABI info
[0.216s] -- Detecting CXX compiler ABI info - done
[0.223s] -- Check for working CXX compiler: /usr/bin/c++ - skipped
[0.223s] -- Detecting CXX compile features
[0.224s] -- Detecting CXX compile features - done
[0.225s] -- Found ament_cmake: 1.3.8 (/opt/ros/humble/share/ament_cmake/cmake)
[0.494s] -- Found Python3: /usr/bin/python3 (found version "3.10.12") found components: Interpreter 
[0.560s] -- Found ros_gz_example_description: 0.0.0 (/home/ross/DroneSim_ws/install/ros_gz_example_description/share/ros_gz_example_description/cmake)
[0.569s] -- Looking for ignition-plugin1 -- found version 1.4.0
[0.570s] -- Searching for dependencies of ignition-plugin1
[0.570s] -- Searching for <ignition-plugin1> component [register]
[0.572s] -- Looking for ignition-plugin1-register -- found version 1.4.0
[0.572s] -- Searching for dependencies of ignition-plugin1-register
[0.575s] -- Looking for ignition-common4 -- found version 4.7.0
[0.575s] -- Searching for dependencies of ignition-common4
[0.575s] -- Looking for dlfcn.h - found
[0.581s] -- Looking for libdl - found
[0.582s] -- Found DL: TRUE  
[0.587s] -- Checking for module 'uuid'
[0.594s] --   Found uuid, version 2.37.2
[0.614s] -- Found UUID: TRUE  
[0.614s] -- Searching for <ignition-common4> component [profiler]
[0.616s] -- Looking for ignition-common4-profiler -- found version 4.7.0
[0.617s] -- Searching for dependencies of ignition-common4-profiler
[0.619s] -- Looking for ignition-gazebo6 -- found version 6.16.0
[0.620s] -- Searching for dependencies of ignition-gazebo6
[0.621s] -- Looking for sdformat12 -- found version 12.7.2
[0.622s] -- Searching for dependencies of sdformat12
[0.625s] -- Checking for module 'tinyxml2'
[0.633s] --   Found tinyxml2, version 9.0.0
[0.654s] -- Looking for ignition-math6 -- found version 6.15.1
[0.655s] -- Searching for dependencies of ignition-math6
[0.657s] -- Looking for ignition-utils1 -- found version 1.5.1
[0.658s] -- Searching for dependencies of ignition-utils1
[0.659s] -- Looking for ignition-plugin1 -- found version 1.4.0
[0.659s] -- Searching for dependencies of ignition-plugin1
[0.660s] -- Searching for <ignition-plugin1> component [loader]
[0.661s] -- Looking for ignition-plugin1-loader -- found version 1.4.0
[0.662s] -- Searching for dependencies of ignition-plugin1-loader
[0.662s] -- Searching for <ignition-plugin1> component [register]
[0.664s] -- Looking for ignition-transport11 -- found version 11.4.1
[0.665s] -- Searching for dependencies of ignition-transport11
[0.804s] -- Found Protobuf: /usr/lib/x86_64-linux-gnu/libprotobuf.so (found version "3.12.4") 
[0.812s] -- Config-file not installed for ZeroMQ -- checking for pkg-config
[0.816s] -- Checking for module 'libzmq >= 4'
[0.825s] --   Found libzmq , version 4.3.4
[0.849s] -- Found ZeroMQ: TRUE (Required is at least version "4") 
[0.858s] -- Looking for ignition-utils1 -- found version 1.5.1
[0.858s] -- Searching for dependencies of ignition-utils1
[0.859s] -- Searching for <ignition-utils1> component [cli]
[0.860s] -- Looking for ignition-utils1-cli -- found version 1.5.1
[0.861s] -- Searching for dependencies of ignition-utils1-cli
[0.863s] -- Looking for ignition-msgs8 -- found version 8.7.0
[0.863s] -- Searching for dependencies of ignition-msgs8
[0.877s] -- Found Protobuf: /usr/lib/x86_64-linux-gnu/libprotobuf.so (found suitable version "3.12.4", minimum required is "3") 
[0.877s] -- Looking for ignition-math6 -- found version 6.15.1
[0.884s] -- Searching for <ignition-transport11> component [log]
[0.885s] -- Looking for ignition-transport11-log -- found version 11.4.1
[0.886s] -- Searching for dependencies of ignition-transport11-log
[0.886s] -- Searching for <ignition-transport11> component [parameters]
[0.888s] -- Looking for ignition-transport11-parameters -- found version 11.4.1
[0.888s] -- Searching for dependencies of ignition-transport11-parameters
[0.889s] -- Looking for ignition-msgs8 -- found version 8.7.0
[0.889s] -- Looking for ignition-common4 -- found version 4.7.0
[0.890s] -- Searching for dependencies of ignition-common4
[0.890s] -- Looking for dlfcn.h - found
[0.890s] -- Looking for libdl - found
[0.896s] -- Searching for <ignition-common4> component [profiler]
[0.897s] -- Searching for <ignition-common4> component [events]
[0.898s] -- Looking for ignition-common4-events -- found version 4.7.0
[0.899s] -- Searching for dependencies of ignition-common4-events
[0.899s] -- Looking for ignition-math6 -- found version 6.15.1
[0.900s] -- Searching for <ignition-common4> component [av]
[0.901s] -- Looking for ignition-common4-av -- found version 4.7.0
[0.902s] -- Searching for dependencies of ignition-common4-av
[0.905s] -- Checking for module 'libswscale'
[0.913s] --   Found libswscale, version 5.9.100
[0.935s] -- Found SWSCALE: TRUE  
[0.938s] -- Checking for module 'libavdevice >= 56.4.100'
[0.948s] --   Found libavdevice , version 58.13.100
[0.971s] -- Found AVDEVICE: TRUE (Required is at least version "56.4.100") 
[0.975s] -- Checking for module 'libavformat'
[0.983s] --   Found libavformat, version 58.76.100
[1.005s] -- Found AVFORMAT: TRUE  
[1.008s] -- Checking for module 'libavcodec'
[1.016s] --   Found libavcodec, version 58.134.100
[1.038s] -- Found AVCODEC: TRUE  
[1.042s] -- Checking for module 'libavutil'
[1.050s] --   Found libavutil, version 56.70.100
[1.071s] -- Found AVUTIL: TRUE  
[1.073s] -- Looking for ignition-fuel_tools7 -- found version 7.3.0
[1.074s] -- Searching for dependencies of ignition-fuel_tools7
[1.124s] -- Found CURL: /usr/lib/x86_64-linux-gnu/libcurl.so (found version "7.81.0")  
[1.131s] -- Checking for module 'jsoncpp'
[1.140s] --   Found jsoncpp, version 1.9.5
[1.162s] -- Found JSONCPP: TRUE  
[1.167s] -- Checking for module 'libzip'
[1.175s] --   Found libzip, version 1.7.3
[1.195s] -- Found ZIP: TRUE  
[1.195s] -- Looking for ignition-common4 -- found version 4.7.0
[1.195s] -- Looking for ignition-math6 -- found version 6.15.1
[1.196s] -- Looking for ignition-msgs8 -- found version 8.7.0
[1.198s] -- Looking for ignition-gui6 -- found version 6.8.0
[1.199s] -- Searching for dependencies of ignition-gui6
[1.218s] -- Looking for ignition-math6 -- found version 6.15.1
[1.218s] -- Looking for ignition-common4 -- found version 4.7.0
[1.219s] -- Looking for ignition-plugin1 -- found version 1.4.0
[1.219s] -- Looking for ignition-transport11 -- found version 11.4.1
[1.221s] -- Looking for ignition-rendering6 -- found version 6.6.3
[1.222s] -- Searching for dependencies of ignition-rendering6
[1.222s] -- Looking for ignition-math6 -- found version 6.15.1
[1.222s] -- Searching for dependencies of ignition-math6
[1.222s] -- Searching for <ignition-math6> component [eigen3]
[1.224s] -- Looking for ignition-math6-eigen3 -- found version 6.15.1
[1.224s] -- Searching for dependencies of ignition-math6-eigen3
[1.231s] -- Looking for ignition-common4 -- found version 4.7.0
[1.231s] -- Searching for dependencies of ignition-common4
[1.231s] -- Looking for dlfcn.h - found
[1.231s] -- Looking for libdl - found
[1.239s] -- Searching for <ignition-common4> component [graphics]
[1.241s] -- Looking for ignition-common4-graphics -- found version 4.7.0
[1.241s] -- Searching for dependencies of ignition-common4-graphics
[1.241s] -- Looking for ignition-math6 -- found version 6.15.1
[1.242s] -- Looking for ignition-utils1 -- found version 1.5.1
[1.242s] -- Searching for <ignition-common4> component [events]
[1.243s] -- Looking for ignition-plugin1 -- found version 1.4.0
[1.243s] -- Searching for dependencies of ignition-plugin1
[1.243s] -- Searching for <ignition-plugin1> component [all]
[1.245s] -- Looking for all libraries of ignition-plugin1 -- found version 1.4.0
[1.246s] -- Looking for ignition-plugin1 -- found version 1.4.0
[1.248s] -- Looking for ignition-msgs8 -- found version 8.7.0
[1.277s] -- Looking for ignition-physics5 -- found version 5.3.2
[1.277s] -- Searching for dependencies of ignition-physics5
[1.277s] -- Looking for ignition-math6 -- found version 6.15.1
[1.278s] -- Looking for ignition-plugin1 -- found version 1.4.0
[1.278s] -- Looking for ignition-utils1 -- found version 1.5.1
[1.279s] -- Searching for <ignition-physics5> component [heightmap]
[1.281s] -- Looking for ignition-physics5-heightmap -- found version 5.3.2
[1.281s] -- Searching for dependencies of ignition-physics5-heightmap
[1.282s] -- Looking for ignition-common4 -- found version 4.7.0
[1.282s] -- Searching for <ignition-physics5> component [mesh]
[1.284s] -- Looking for ignition-physics5-mesh -- found version 5.3.2
[1.284s] -- Searching for dependencies of ignition-physics5-mesh
[1.284s] -- Looking for ignition-common4 -- found version 4.7.0
[1.285s] -- Searching for <ignition-physics5> component [sdf]
[1.287s] -- Looking for ignition-physics5-sdf -- found version 5.3.2
[1.287s] -- Searching for dependencies of ignition-physics5-sdf
[1.287s] -- Looking for sdformat12 -- found version 12.7.2
[1.289s] -- Looking for ignition-sensors6 -- found version 6.8.0
[1.290s] -- Searching for dependencies of ignition-sensors6
[1.303s] -- Found Protobuf: /usr/lib/x86_64-linux-gnu/libprotobuf.so (found version "3.12.4") 
[1.304s] -- Looking for ignition-math6 -- found version 6.15.1
[1.304s] -- Looking for ignition-common4 -- found version 4.7.0
[1.305s] -- Looking for ignition-transport11 -- found version 11.4.1
[1.305s] -- Looking for ignition-rendering6 -- found version 6.6.3
[1.305s] -- Looking for ignition-msgs8 -- found version 8.7.0
[1.306s] -- Looking for sdformat12 -- found version 12.7.2
[1.306s] -- Searching for <ignition-sensors6> component [air_pressure]
[1.308s] -- Looking for ignition-sensors6-air_pressure -- found version 6.8.0
[1.309s] -- Searching for dependencies of ignition-sensors6-air_pressure
[1.309s] -- Searching for <ignition-sensors6> component [altimeter]
[1.311s] -- Looking for ignition-sensors6-altimeter -- found version 6.8.0
[1.311s] -- Searching for dependencies of ignition-sensors6-altimeter
[1.312s] -- Searching for <ignition-sensors6> component [imu]
[1.314s] -- Looking for ignition-sensors6-imu -- found version 6.8.0
[1.314s] -- Searching for dependencies of ignition-sensors6-imu
[1.315s] -- Searching for <ignition-sensors6> component [force_torque]
[1.316s] -- Looking for ignition-sensors6-force_torque -- found version 6.8.0
[1.317s] -- Searching for dependencies of ignition-sensors6-force_torque
[1.317s] -- Searching for <ignition-sensors6> component [logical_camera]
[1.319s] -- Looking for ignition-sensors6-logical_camera -- found version 6.8.0
[1.319s] -- Searching for dependencies of ignition-sensors6-logical_camera
[1.320s] -- Searching for <ignition-sensors6> component [magnetometer]
[1.322s] -- Looking for ignition-sensors6-magnetometer -- found version 6.8.0
[1.322s] -- Searching for dependencies of ignition-sensors6-magnetometer
[1.322s] -- Searching for <ignition-sensors6> component [navsat]
[1.324s] -- Looking for ignition-sensors6-navsat -- found version 6.8.0
[1.325s] -- Searching for dependencies of ignition-sensors6-navsat
[1.325s] -- Searching for <ignition-sensors6> component [rendering]
[1.327s] -- Looking for ignition-sensors6-rendering -- found version 6.8.0
[1.327s] -- Searching for dependencies of ignition-sensors6-rendering
[1.328s] -- Searching for <ignition-sensors6> component [lidar]
[1.329s] -- Looking for ignition-sensors6-lidar -- found version 6.8.0
[1.330s] -- Searching for dependencies of ignition-sensors6-lidar
[1.330s] -- Looking for ignition-sensors6 -- found version 6.8.0
[1.331s] -- Searching for <ignition-sensors6> component [gpu_lidar]
[1.332s] -- Looking for ignition-sensors6-gpu_lidar -- found version 6.8.0
[1.333s] -- Searching for dependencies of ignition-sensors6-gpu_lidar
[1.333s] -- Looking for ignition-sensors6 -- found version 6.8.0
[1.334s] -- Searching for <ignition-sensors6> component [camera]
[1.336s] -- Looking for ignition-sensors6-camera -- found version 6.8.0
[1.336s] -- Searching for dependencies of ignition-sensors6-camera
[1.337s] -- Looking for ignition-sensors6 -- found version 6.8.0
[1.337s] -- Searching for <ignition-sensors6> component [boundingbox_camera]
[1.339s] -- Looking for ignition-sensors6-boundingbox_camera -- found version 6.8.0
[1.340s] -- Searching for dependencies of ignition-sensors6-boundingbox_camera
[1.340s] -- Searching for <ignition-sensors6> component [segmentation_camera]
[1.342s] -- Looking for ignition-sensors6-segmentation_camera -- found version 6.8.0
[1.342s] -- Searching for dependencies of ignition-sensors6-segmentation_camera
[1.343s] -- Searching for <ignition-sensors6> component [depth_camera]
[1.345s] -- Looking for ignition-sensors6-depth_camera -- found version 6.8.0
[1.345s] -- Searching for dependencies of ignition-sensors6-depth_camera
[1.345s] -- Looking for ignition-sensors6 -- found version 6.8.0
[1.346s] -- Searching for <ignition-sensors6> component [rgbd_camera]
[1.348s] -- Looking for ignition-sensors6-rgbd_camera -- found version 6.8.0
[1.348s] -- Searching for dependencies of ignition-sensors6-rgbd_camera
[1.349s] -- Looking for ignition-sensors6 -- found version 6.8.0
[1.349s] -- Searching for <ignition-sensors6> component [thermal_camera]
[1.351s] -- Looking for ignition-sensors6-thermal_camera -- found version 6.8.0
[1.351s] -- Searching for dependencies of ignition-sensors6-thermal_camera
[1.352s] -- Looking for ignition-sensors6 -- found version 6.8.0
[1.353s] -- Looking for ignition-rendering6 -- found version 6.6.3
[1.353s] -- Looking for ignition-math6 -- found version 6.15.1
[1.355s] -- Looking for ignition-utils1 -- found version 1.5.1
[1.371s] -- Found ament_lint_auto: 0.12.10 (/opt/ros/humble/share/ament_lint_auto/cmake)
[1.423s] -- Configuring done
[1.436s] -- Generating done
[1.437s] -- Build files have been written to: /home/ross/DroneSim_ws/build/ros_gz_example_gazebo
[1.445s] Invoked command in '/home/ross/DroneSim_ws/build/ros_gz_example_gazebo' returned '0': AMENT_PREFIX_PATH=/home/ross/DroneSim_ws/install/ros_gz_example_description:${AMENT_PREFIX_PATH} CMAKE_PREFIX_PATH=/home/ross/DroneSim_ws/install/ros_gz_example_description:/opt/ros/humble IGN_GAZEBO_RESOURCE_PATH=/home/ross/DroneSim_ws/install/ros_gz_example_description/share/ros_gz_example_description/models /usr/bin/cmake /home/ross/DroneSim_ws/src/ros_gz_project_template-fortress/ros_gz_example_gazebo -DBUILD_TESTING=ON -DCMAKE_INSTALL_PREFIX=/home/ross/DroneSim_ws/install/ros_gz_example_gazebo
[1.447s] Invoking command in '/home/ross/DroneSim_ws/build/ros_gz_example_gazebo': AMENT_PREFIX_PATH=/home/ross/DroneSim_ws/install/ros_gz_example_description:${AMENT_PREFIX_PATH} CMAKE_PREFIX_PATH=/home/ross/DroneSim_ws/install/ros_gz_example_description:/opt/ros/humble IGN_GAZEBO_RESOURCE_PATH=/home/ross/DroneSim_ws/install/ros_gz_example_description/share/ros_gz_example_description/models /usr/bin/cmake --build /home/ross/DroneSim_ws/build/ros_gz_example_gazebo -- -j12 -l12
[1.482s] [ 50%] [32mBuilding CXX object CMakeFiles/FullSystem.dir/src/FullSystem.cc.o[0m
[1.483s] [ 50%] [32mBuilding CXX object CMakeFiles/BasicSystem.dir/src/BasicSystem.cc.o[0m
[4.720s] [ 75%] [32m[1mLinking CXX shared library libBasicSystem.so[0m
[4.798s] [100%] [32m[1mLinking CXX shared library libFullSystem.so[0m
[4.904s] [100%] Built target BasicSystem
[4.981s] [100%] Built target FullSystem
[4.989s] Invoked command in '/home/ross/DroneSim_ws/build/ros_gz_example_gazebo' returned '0': AMENT_PREFIX_PATH=/home/ross/DroneSim_ws/install/ros_gz_example_description:${AMENT_PREFIX_PATH} CMAKE_PREFIX_PATH=/home/ross/DroneSim_ws/install/ros_gz_example_description:/opt/ros/humble IGN_GAZEBO_RESOURCE_PATH=/home/ross/DroneSim_ws/install/ros_gz_example_description/share/ros_gz_example_description/models /usr/bin/cmake --build /home/ross/DroneSim_ws/build/ros_gz_example_gazebo -- -j12 -l12
[5.008s] Invoking command in '/home/ross/DroneSim_ws/build/ros_gz_example_gazebo': AMENT_PREFIX_PATH=/home/ross/DroneSim_ws/install/ros_gz_example_description:${AMENT_PREFIX_PATH} CMAKE_PREFIX_PATH=/home/ross/DroneSim_ws/install/ros_gz_example_description:/opt/ros/humble IGN_GAZEBO_RESOURCE_PATH=/home/ross/DroneSim_ws/install/ros_gz_example_description/share/ros_gz_example_description/models /usr/bin/cmake --install /home/ross/DroneSim_ws/build/ros_gz_example_gazebo
[5.014s] -- Install configuration: ""
[5.014s] -- Installing: /home/ross/DroneSim_ws/install/ros_gz_example_gazebo/lib/ros_gz_example_gazebo/libBasicSystem.so
[5.015s] -- Installing: /home/ross/DroneSim_ws/install/ros_gz_example_gazebo/lib/ros_gz_example_gazebo/libFullSystem.so
[5.016s] -- Installing: /home/ross/DroneSim_ws/install/ros_gz_example_gazebo/share/ros_gz_example_gazebo/worlds
[5.016s] -- Installing: /home/ross/DroneSim_ws/install/ros_gz_example_gazebo/share/ros_gz_example_gazebo/worlds/diff_drive.sdf
[5.016s] -- Installing: /home/ross/DroneSim_ws/install/ros_gz_example_gazebo/share/ros_gz_example_gazebo/environment/ros_gz_example_gazebo.dsv
[5.016s] -- Installing: /home/ross/DroneSim_ws/install/ros_gz_example_gazebo/share/ros_gz_example_gazebo/environment/ros_gz_example_gazebo.sh
[5.017s] -- Installing: /home/ross/DroneSim_ws/install/ros_gz_example_gazebo/share/ament_index/resource_index/package_run_dependencies/ros_gz_example_gazebo
[5.017s] -- Installing: /home/ross/DroneSim_ws/install/ros_gz_example_gazebo/share/ament_index/resource_index/parent_prefix_path/ros_gz_example_gazebo
[5.017s] -- Installing: /home/ross/DroneSim_ws/install/ros_gz_example_gazebo/share/ros_gz_example_gazebo/environment/ament_prefix_path.sh
[5.017s] -- Installing: /home/ross/DroneSim_ws/install/ros_gz_example_gazebo/share/ros_gz_example_gazebo/environment/ament_prefix_path.dsv
[5.017s] -- Installing: /home/ross/DroneSim_ws/install/ros_gz_example_gazebo/share/ros_gz_example_gazebo/environment/path.sh
[5.017s] -- Installing: /home/ross/DroneSim_ws/install/ros_gz_example_gazebo/share/ros_gz_example_gazebo/environment/path.dsv
[5.017s] -- Installing: /home/ross/DroneSim_ws/install/ros_gz_example_gazebo/share/ros_gz_example_gazebo/local_setup.bash
[5.017s] -- Installing: /home/ross/DroneSim_ws/install/ros_gz_example_gazebo/share/ros_gz_example_gazebo/local_setup.sh
[5.017s] -- Installing: /home/ross/DroneSim_ws/install/ros_gz_example_gazebo/share/ros_gz_example_gazebo/local_setup.zsh
[5.017s] -- Installing: /home/ross/DroneSim_ws/install/ros_gz_example_gazebo/share/ros_gz_example_gazebo/local_setup.dsv
[5.017s] -- Installing: /home/ross/DroneSim_ws/install/ros_gz_example_gazebo/share/ros_gz_example_gazebo/package.dsv
[5.018s] -- Installing: /home/ross/DroneSim_ws/install/ros_gz_example_gazebo/share/ament_index/resource_index/packages/ros_gz_example_gazebo
[5.018s] -- Installing: /home/ross/DroneSim_ws/install/ros_gz_example_gazebo/share/ros_gz_example_gazebo/cmake/ros_gz_example_gazeboConfig.cmake
[5.018s] -- Installing: /home/ross/DroneSim_ws/install/ros_gz_example_gazebo/share/ros_gz_example_gazebo/cmake/ros_gz_example_gazeboConfig-version.cmake
[5.018s] -- Installing: /home/ross/DroneSim_ws/install/ros_gz_example_gazebo/share/ros_gz_example_gazebo/package.xml
[5.020s] Invoked command in '/home/ross/DroneSim_ws/build/ros_gz_example_gazebo' returned '0': AMENT_PREFIX_PATH=/home/ross/DroneSim_ws/install/ros_gz_example_description:${AMENT_PREFIX_PATH} CMAKE_PREFIX_PATH=/home/ross/DroneSim_ws/install/ros_gz_example_description:/opt/ros/humble IGN_GAZEBO_RESOURCE_PATH=/home/ross/DroneSim_ws/install/ros_gz_example_description/share/ros_gz_example_description/models /usr/bin/cmake --install /home/ross/DroneSim_ws/build/ros_gz_example_gazebo
