[0.015s] Invoking command in '/home/ross/DroneSim_ws/build/ros_gz_example_description': CMAKE_PREFIX_PATH=${CMAKE_PREFIX_PATH}:/home/ross/aerostack2_ws/install/as2_keyboard_teleoperation:/home/ross/aerostack2_ws/install/as2_python_api:/opt/ros/humble /usr/bin/cmake --build /home/ross/DroneSim_ws/build/ros_gz_example_description -- -j12 -l12
[0.047s] Invoked command in '/home/ross/DroneSim_ws/build/ros_gz_example_description' returned '0': CMAKE_PREFIX_PATH=${CMAKE_PREFIX_PATH}:/home/ross/aerostack2_ws/install/as2_keyboard_teleoperation:/home/ross/aerostack2_ws/install/as2_python_api:/opt/ros/humble /usr/bin/cmake --build /home/ross/DroneSim_ws/build/ros_gz_example_description -- -j12 -l12
[0.073s] Invoking command in '/home/ross/DroneSim_ws/build/ros_gz_example_description': CMAKE_PREFIX_PATH=${CMAKE_PREFIX_PATH}:/home/ross/aerostack2_ws/install/as2_keyboard_teleoperation:/home/ross/aerostack2_ws/install/as2_python_api:/opt/ros/humble /usr/bin/cmake --install /home/ross/DroneSim_ws/build/ros_gz_example_description
[0.080s] -- Install configuration: ""
[0.080s] -- Up-to-date: /home/ross/DroneSim_ws/install/ros_gz_example_description/share/ros_gz_example_description/models
[0.080s] -- Up-to-date: /home/ross/DroneSim_ws/install/ros_gz_example_description/share/ros_gz_example_description/models/diff_drive
[0.081s] -- Up-to-date: /home/ross/DroneSim_ws/install/ros_gz_example_description/share/ros_gz_example_description/models/diff_drive/model.config
[0.081s] -- Up-to-date: /home/ross/DroneSim_ws/install/ros_gz_example_description/share/ros_gz_example_description/models/diff_drive/model.sdf
[0.081s] -- Up-to-date: /home/ross/DroneSim_ws/install/ros_gz_example_description/share/ros_gz_example_description/models/x500_base
[0.081s] -- Up-to-date: /home/ross/DroneSim_ws/install/ros_gz_example_description/share/ros_gz_example_description/models/x500_base/model.config
[0.081s] -- Up-to-date: /home/ross/DroneSim_ws/install/ros_gz_example_description/share/ros_gz_example_description/models/x500_base/LICENSE
[0.081s] -- Up-to-date: /home/ross/DroneSim_ws/install/ros_gz_example_description/share/ros_gz_example_description/models/x500_base/meshes
[0.081s] -- Up-to-date: /home/ross/DroneSim_ws/install/ros_gz_example_description/share/ros_gz_example_description/models/x500_base/meshes/CF.png
[0.081s] -- Up-to-date: /home/ross/DroneSim_ws/install/ros_gz_example_description/share/ros_gz_example_description/models/x500_base/meshes/1345_prop_cw.stl
[0.082s] -- Up-to-date: /home/ross/DroneSim_ws/install/ros_gz_example_description/share/ros_gz_example_description/models/x500_base/meshes/5010Bell.dae
[0.082s] -- Up-to-date: /home/ross/DroneSim_ws/install/ros_gz_example_description/share/ros_gz_example_description/models/x500_base/meshes/NXP-HGD-CF.dae
[0.082s] -- Up-to-date: /home/ross/DroneSim_ws/install/ros_gz_example_description/share/ros_gz_example_description/models/x500_base/meshes/5010Base.dae
[0.082s] -- Up-to-date: /home/ross/DroneSim_ws/install/ros_gz_example_description/share/ros_gz_example_description/models/x500_base/meshes/1345_prop_ccw.stl
[0.082s] -- Up-to-date: /home/ross/DroneSim_ws/install/ros_gz_example_description/share/ros_gz_example_description/models/x500_base/materials
[0.082s] -- Up-to-date: /home/ross/DroneSim_ws/install/ros_gz_example_description/share/ros_gz_example_description/models/x500_base/materials/textures
[0.082s] -- Up-to-date: /home/ross/DroneSim_ws/install/ros_gz_example_description/share/ros_gz_example_description/models/x500_base/materials/textures/nxp.png
[0.082s] -- Up-to-date: /home/ross/DroneSim_ws/install/ros_gz_example_description/share/ros_gz_example_description/models/x500_base/materials/textures/rd.png
[0.082s] -- Up-to-date: /home/ross/DroneSim_ws/install/ros_gz_example_description/share/ros_gz_example_description/models/x500_base/materials/textures/CF.png
[0.082s] -- Up-to-date: /home/ross/DroneSim_ws/install/ros_gz_example_description/share/ros_gz_example_description/models/x500_base/model.sdf
[0.082s] -- Up-to-date: /home/ross/DroneSim_ws/install/ros_gz_example_description/share/ros_gz_example_description/models/x500_base/thumbnails
[0.082s] -- Up-to-date: /home/ross/DroneSim_ws/install/ros_gz_example_description/share/ros_gz_example_description/models/x500_base/thumbnails/2.png
[0.082s] -- Up-to-date: /home/ross/DroneSim_ws/install/ros_gz_example_description/share/ros_gz_example_description/models/x500_base/thumbnails/3.png
[0.083s] -- Up-to-date: /home/ross/DroneSim_ws/install/ros_gz_example_description/share/ros_gz_example_description/models/x500_base/thumbnails/4.png
[0.083s] -- Up-to-date: /home/ross/DroneSim_ws/install/ros_gz_example_description/share/ros_gz_example_description/models/x500_base/thumbnails/5.png
[0.084s] -- Up-to-date: /home/ross/DroneSim_ws/install/ros_gz_example_description/share/ros_gz_example_description/models/x500_base/thumbnails/1.png
[0.084s] -- Up-to-date: /home/ross/DroneSim_ws/install/ros_gz_example_description/share/ros_gz_example_description/models/x500_mono_cam
[0.084s] -- Up-to-date: /home/ross/DroneSim_ws/install/ros_gz_example_description/share/ros_gz_example_description/models/x500_mono_cam/model.config
[0.084s] -- Up-to-date: /home/ross/DroneSim_ws/install/ros_gz_example_description/share/ros_gz_example_description/models/x500_mono_cam/model.sdf
[0.084s] -- Up-to-date: /home/ross/DroneSim_ws/install/ros_gz_example_description/share/ros_gz_example_description/models/x500down
[0.084s] -- Up-to-date: /home/ross/DroneSim_ws/install/ros_gz_example_description/share/ros_gz_example_description/models/x500down/model.config
[0.084s] -- Up-to-date: /home/ross/DroneSim_ws/install/ros_gz_example_description/share/ros_gz_example_description/models/x500down/LICENSE
[0.084s] -- Up-to-date: /home/ross/DroneSim_ws/install/ros_gz_example_description/share/ros_gz_example_description/models/x500down/model.sdf
[0.084s] -- Up-to-date: /home/ross/DroneSim_ws/install/ros_gz_example_description/share/ros_gz_example_description/models/x500down/thumbnails
[0.084s] -- Up-to-date: /home/ross/DroneSim_ws/install/ros_gz_example_description/share/ros_gz_example_description/models/x500down/thumbnails/2.png
[0.084s] -- Up-to-date: /home/ross/DroneSim_ws/install/ros_gz_example_description/share/ros_gz_example_description/models/x500down/thumbnails/3.png
[0.084s] -- Up-to-date: /home/ross/DroneSim_ws/install/ros_gz_example_description/share/ros_gz_example_description/models/x500down/thumbnails/4.png
[0.084s] -- Up-to-date: /home/ross/DroneSim_ws/install/ros_gz_example_description/share/ros_gz_example_description/models/x500down/thumbnails/5.png
[0.085s] -- Up-to-date: /home/ross/DroneSim_ws/install/ros_gz_example_description/share/ros_gz_example_description/models/x500down/thumbnails/1.png
[0.085s] -- Up-to-date: /home/ross/DroneSim_ws/install/ros_gz_example_description/share/ros_gz_example_description/models/x500
[0.085s] -- Up-to-date: /home/ross/DroneSim_ws/install/ros_gz_example_description/share/ros_gz_example_description/models/x500/model.config
[0.085s] -- Up-to-date: /home/ross/DroneSim_ws/install/ros_gz_example_description/share/ros_gz_example_description/models/x500/LICENSE
[0.085s] -- Up-to-date: /home/ross/DroneSim_ws/install/ros_gz_example_description/share/ros_gz_example_description/models/x500/model.sdf
[0.085s] -- Up-to-date: /home/ross/DroneSim_ws/install/ros_gz_example_description/share/ros_gz_example_description/models/x500/thumbnails
[0.086s] -- Up-to-date: /home/ross/DroneSim_ws/install/ros_gz_example_description/share/ros_gz_example_description/models/x500/thumbnails/2.png
[0.086s] -- Up-to-date: /home/ross/DroneSim_ws/install/ros_gz_example_description/share/ros_gz_example_description/models/x500/thumbnails/3.png
[0.086s] -- Up-to-date: /home/ross/DroneSim_ws/install/ros_gz_example_description/share/ros_gz_example_description/models/x500/thumbnails/4.png
[0.086s] -- Up-to-date: /home/ross/DroneSim_ws/install/ros_gz_example_description/share/ros_gz_example_description/models/x500/thumbnails/5.png
[0.086s] -- Up-to-date: /home/ross/DroneSim_ws/install/ros_gz_example_description/share/ros_gz_example_description/models/x500/thumbnails/1.png
[0.086s] -- Up-to-date: /home/ross/DroneSim_ws/install/ros_gz_example_description/share/ros_gz_example_description/models/x500_depth
[0.086s] -- Up-to-date: /home/ross/DroneSim_ws/install/ros_gz_example_description/share/ros_gz_example_description/models/x500_depth/model.config
[0.087s] -- Up-to-date: /home/ross/DroneSim_ws/install/ros_gz_example_description/share/ros_gz_example_description/models/x500_depth/LICENSE
[0.087s] -- Up-to-date: /home/ross/DroneSim_ws/install/ros_gz_example_description/share/ros_gz_example_description/models/x500_depth/model.sdf
[0.087s] -- Up-to-date: /home/ross/DroneSim_ws/install/ros_gz_example_description/share/ros_gz_example_description/models/x500_depth/thumbnails
[0.087s] -- Up-to-date: /home/ross/DroneSim_ws/install/ros_gz_example_description/share/ros_gz_example_description/models/x500_depth/thumbnails/2.png
[0.087s] -- Up-to-date: /home/ross/DroneSim_ws/install/ros_gz_example_description/share/ros_gz_example_description/models/x500_depth/thumbnails/3.png
[0.087s] -- Up-to-date: /home/ross/DroneSim_ws/install/ros_gz_example_description/share/ros_gz_example_description/models/x500_depth/thumbnails/4.png
[0.088s] -- Up-to-date: /home/ross/DroneSim_ws/install/ros_gz_example_description/share/ros_gz_example_description/models/x500_depth/thumbnails/5.png
[0.088s] -- Up-to-date: /home/ross/DroneSim_ws/install/ros_gz_example_description/share/ros_gz_example_description/models/x500_depth/thumbnails/1.png
[0.088s] -- Up-to-date: /home/ross/DroneSim_ws/install/ros_gz_example_description/share/ros_gz_example_description/models/OakD-Lite
[0.088s] -- Up-to-date: /home/ross/DroneSim_ws/install/ros_gz_example_description/share/ros_gz_example_description/models/OakD-Lite/model.config
[0.088s] -- Up-to-date: /home/ross/DroneSim_ws/install/ros_gz_example_description/share/ros_gz_example_description/models/OakD-Lite/LICENSE
[0.088s] -- Up-to-date: /home/ross/DroneSim_ws/install/ros_gz_example_description/share/ros_gz_example_description/models/OakD-Lite/meshes
[0.089s] -- Up-to-date: /home/ross/DroneSim_ws/install/ros_gz_example_description/share/ros_gz_example_description/models/OakD-Lite/meshes/OakDLite.dae
[0.089s] -- Up-to-date: /home/ross/DroneSim_ws/install/ros_gz_example_description/share/ros_gz_example_description/models/OakD-Lite/model.sdf
[0.089s] -- Up-to-date: /home/ross/DroneSim_ws/install/ros_gz_example_description/share/ros_gz_example_description/models/OakD-Lite/thumbnails
[0.089s] -- Up-to-date: /home/ross/DroneSim_ws/install/ros_gz_example_description/share/ros_gz_example_description/models/OakD-Lite/thumbnails/2.png
[0.089s] -- Up-to-date: /home/ross/DroneSim_ws/install/ros_gz_example_description/share/ros_gz_example_description/models/OakD-Lite/thumbnails/3.png
[0.089s] -- Up-to-date: /home/ross/DroneSim_ws/install/ros_gz_example_description/share/ros_gz_example_description/models/OakD-Lite/thumbnails/4.png
[0.089s] -- Up-to-date: /home/ross/DroneSim_ws/install/ros_gz_example_description/share/ros_gz_example_description/models/OakD-Lite/thumbnails/5.png
[0.089s] -- Up-to-date: /home/ross/DroneSim_ws/install/ros_gz_example_description/share/ros_gz_example_description/models/OakD-Lite/thumbnails/1.png
[0.089s] -- Up-to-date: /home/ross/DroneSim_ws/install/ros_gz_example_description/share/ros_gz_example_description/models/x500_vision
[0.089s] -- Up-to-date: /home/ross/DroneSim_ws/install/ros_gz_example_description/share/ros_gz_example_description/models/x500_vision/model.config
[0.089s] -- Up-to-date: /home/ross/DroneSim_ws/install/ros_gz_example_description/share/ros_gz_example_description/models/x500_vision/model.sdf
[0.089s] -- Up-to-date: /home/ross/DroneSim_ws/install/ros_gz_example_description/share/ros_gz_example_description/models/rrbot
[0.090s] -- Up-to-date: /home/ross/DroneSim_ws/install/ros_gz_example_description/share/ros_gz_example_description/models/rrbot/model.sdf
[0.090s] -- Up-to-date: /home/ross/DroneSim_ws/install/ros_gz_example_description/share/ros_gz_example_description/environment/ros_gz_example_description.dsv
[0.090s] -- Up-to-date: /home/ross/DroneSim_ws/install/ros_gz_example_description/share/ros_gz_example_description/environment/ros_gz_example_description.sh
[0.090s] -- Up-to-date: /home/ross/DroneSim_ws/install/ros_gz_example_description/share/ament_index/resource_index/package_run_dependencies/ros_gz_example_description
[0.090s] -- Up-to-date: /home/ross/DroneSim_ws/install/ros_gz_example_description/share/ament_index/resource_index/parent_prefix_path/ros_gz_example_description
[0.090s] -- Up-to-date: /home/ross/DroneSim_ws/install/ros_gz_example_description/share/ros_gz_example_description/environment/ament_prefix_path.sh
[0.091s] -- Up-to-date: /home/ross/DroneSim_ws/install/ros_gz_example_description/share/ros_gz_example_description/environment/ament_prefix_path.dsv
[0.091s] -- Up-to-date: /home/ross/DroneSim_ws/install/ros_gz_example_description/share/ros_gz_example_description/environment/path.sh
[0.091s] -- Up-to-date: /home/ross/DroneSim_ws/install/ros_gz_example_description/share/ros_gz_example_description/environment/path.dsv
[0.091s] -- Up-to-date: /home/ross/DroneSim_ws/install/ros_gz_example_description/share/ros_gz_example_description/local_setup.bash
[0.091s] -- Up-to-date: /home/ross/DroneSim_ws/install/ros_gz_example_description/share/ros_gz_example_description/local_setup.sh
[0.091s] -- Up-to-date: /home/ross/DroneSim_ws/install/ros_gz_example_description/share/ros_gz_example_description/local_setup.zsh
[0.091s] -- Up-to-date: /home/ross/DroneSim_ws/install/ros_gz_example_description/share/ros_gz_example_description/local_setup.dsv
[0.092s] -- Installing: /home/ross/DroneSim_ws/install/ros_gz_example_description/share/ros_gz_example_description/package.dsv
[0.093s] -- Up-to-date: /home/ross/DroneSim_ws/install/ros_gz_example_description/share/ament_index/resource_index/packages/ros_gz_example_description
[0.094s] -- Up-to-date: /home/ross/DroneSim_ws/install/ros_gz_example_description/share/ros_gz_example_description/cmake/ros_gz_example_descriptionConfig.cmake
[0.094s] -- Up-to-date: /home/ross/DroneSim_ws/install/ros_gz_example_description/share/ros_gz_example_description/cmake/ros_gz_example_descriptionConfig-version.cmake
[0.095s] -- Up-to-date: /home/ross/DroneSim_ws/install/ros_gz_example_description/share/ros_gz_example_description/package.xml
[0.097s] Invoked command in '/home/ross/DroneSim_ws/build/ros_gz_example_description' returned '0': CMAKE_PREFIX_PATH=${CMAKE_PREFIX_PATH}:/home/ross/aerostack2_ws/install/as2_keyboard_teleoperation:/home/ross/aerostack2_ws/install/as2_python_api:/opt/ros/humble /usr/bin/cmake --install /home/ross/DroneSim_ws/build/ros_gz_example_description
